2021-04-23 19:11:30,249 INFO    : --------------------------------------------------[种群初始化]--------------------------------------------------

2021-04-23 19:12:00,418 INFO    : 个体0101的适应度NTK为：6.372
2021-04-23 19:12:15,531 INFO    : 个体0102的适应度NTK为：6.996
2021-04-23 19:12:30,305 INFO    : 个体0103的适应度NTK为：19.925
2021-04-23 19:12:44,271 INFO    : 个体0104的适应度NTK为：10.558
2021-04-23 19:13:03,974 INFO    : 个体0105的适应度NTK为：7.867
2021-04-23 19:13:16,836 INFO    : 个体0106的适应度NTK为：7.313
2021-04-23 19:13:25,784 INFO    : 个体0107的适应度NTK为：39.371
2021-04-23 19:13:43,874 INFO    : 个体0108的适应度NTK为：21.476
2021-04-23 19:13:54,358 INFO    : 个体0109的适应度NTK为：16.6
2021-04-23 19:14:06,058 INFO    : 个体0110的适应度NTK为：5.372
2021-04-23 19:14:22,408 INFO    : 个体0111的适应度NTK为：9.881
2021-04-23 19:14:34,534 INFO    : 个体0112的适应度NTK为：8.259
2021-04-23 19:14:44,600 INFO    : 个体0113的适应度NTK为：17.967
2021-04-23 19:14:59,102 INFO    : 个体0114的适应度NTK为：5.812
2021-04-23 19:15:14,456 INFO    : 个体0115的适应度NTK为：11.07
2021-04-23 19:15:30,345 INFO    : 个体0116的适应度NTK为：12.013
2021-04-23 19:15:47,422 INFO    : 个体0117的适应度NTK为：5.937
2021-04-23 19:16:11,514 INFO    : 个体0118的适应度NTK为：7.444
2021-04-23 19:16:23,237 INFO    : 个体0119的适应度NTK为：32.878
2021-04-23 19:16:52,896 INFO    : 个体0120的适应度NTK为：4.146
2021-04-23 19:17:04,815 INFO    : 个体0121的适应度NTK为：8.875
2021-04-23 19:17:32,516 INFO    : 个体0122的适应度NTK为：5.335
2021-04-23 19:18:05,146 INFO    : 个体0123的适应度NTK为：8.054
2021-04-23 19:18:31,977 INFO    : 个体0124的适应度NTK为：6.014
2021-04-23 19:18:44,134 INFO    : 个体0125的适应度NTK为：11.011
2021-04-23 19:18:56,499 INFO    : 个体0126的适应度NTK为：6.907
2021-04-23 19:19:05,388 INFO    : 个体0127的适应度NTK为：13.514
2021-04-23 19:19:17,969 INFO    : 个体0128的适应度NTK为：6.178
2021-04-23 19:19:31,733 INFO    : 个体0129的适应度NTK为：6.758
2021-04-23 19:20:03,986 INFO    : 个体0130的适应度NTK为：10.569
2021-04-23 19:20:14,791 INFO    : 个体0131的适应度NTK为：18.937
2021-04-23 19:20:38,775 INFO    : 个体0132的适应度NTK为：3.966
2021-04-23 19:20:52,954 INFO    : 个体0133的适应度NTK为：12.707
2021-04-23 19:21:05,048 INFO    : 个体0134的适应度NTK为：16.631
2021-04-23 19:21:17,510 INFO    : 个体0135的适应度NTK为：13.482
2021-04-23 19:21:37,869 INFO    : 个体0136的适应度NTK为：6.818
2021-04-23 19:21:53,281 INFO    : 个体0137的适应度NTK为：8.856
2021-04-23 19:22:12,306 INFO    : 个体0138的适应度NTK为：6.351
2021-04-23 19:22:26,445 INFO    : 个体0139的适应度NTK为：5.599
2021-04-23 19:22:41,459 INFO    : 个体0140的适应度NTK为：5.252
2021-04-23 19:22:41,460 INFO    : --------------------------------------------------[种群开始进化]--------------------------------------------------

2021-04-23 19:22:41,460 INFO    : ******************************当前种群位于第1代进化******************************
2021-04-23 19:22:43,378 INFO    : 个体off_spring_0132开始变异
2021-04-23 19:22:43,379 INFO    : 进行alter变异:
2021-04-23 19:22:43,379 INFO    :     修改第2个unit的1个位置上的block，block参数：cardinality:8，group_width:64，hasSENet:True
2021-04-23 19:22:43,379 INFO    : 个体off_spring_0120开始变异
2021-04-23 19:22:43,379 INFO    : 进行remove变异:
2021-04-23 19:22:43,379 INFO    :     删除第2个unit的1个位置上的block，block参数：cardinality:16，group_width:8，hasSENet:True
2021-04-23 19:22:43,379 INFO    : 个体off_spring_0128开始变异
2021-04-23 19:22:43,379 INFO    : 进行add变异:
2021-04-23 19:22:43,379 INFO    :     在第2个unit的4个位置添加一个block，block参数：cardinality:64，group_width:4，hasSENet:True
2021-04-23 19:22:43,379 INFO    :     添加到最后一个位置，修改out_channel:512
2021-04-23 19:22:43,379 INFO    :     修改下一个unit的in_channel:512
2021-04-23 19:23:14,903 INFO    : 个体off_spring_0132的适应度NTK为：4.474
2021-04-23 19:23:39,726 INFO    : 个体off_spring_0120的适应度NTK为：5.558
2021-04-23 19:23:54,178 INFO    : 个体off_spring_0128的适应度NTK为：7.174
2021-04-23 19:23:54,182 INFO    : ******************************当前种群位于第2代进化******************************
2021-04-23 19:23:56,096 INFO    : 个体off_spring_0211开始变异
2021-04-23 19:23:56,097 INFO    : 进行add变异:
2021-04-23 19:23:56,097 INFO    :     在第4个unit的1个位置添加一个block，block参数：cardinality:16，group_width:16，hasSENet:False
2021-04-23 19:23:56,097 INFO    : 个体off_spring_0212开始变异
2021-04-23 19:23:56,097 INFO    : 进行add变异:
2021-04-23 19:23:56,097 INFO    :     在第2个unit的3个位置添加一个block，block参数：cardinality:16，group_width:8，hasSENet:False
2021-04-23 19:23:56,097 INFO    : 个体off_spring_0216开始变异
2021-04-23 19:23:56,097 INFO    : 进行remove变异:
2021-04-23 19:23:56,097 INFO    :     删除第3个unit的4个位置上的block，block参数：cardinality:8，group_width:8，hasSENet:False
2021-04-23 19:23:56,097 INFO    :     删除最后一个位置，修改out_channel:128
2021-04-23 19:23:56,097 INFO    :     修改下一个unit的in_channel:128
2021-04-23 19:24:23,653 INFO    : 个体off_spring_0211的适应度NTK为：6.477
2021-04-23 19:24:36,974 INFO    : 个体off_spring_0212的适应度NTK为：5.947
2021-04-23 19:24:57,061 INFO    : 个体off_spring_0216的适应度NTK为：5.638
2021-04-23 19:24:57,064 INFO    : ******************************当前种群位于第3代进化******************************
2021-04-23 19:24:58,925 INFO    : 个体off_spring_0302开始变异
2021-04-23 19:24:58,925 INFO    : 进行alter变异:
2021-04-23 19:24:58,925 INFO    :     修改第4个unit的1个位置上的block，block参数：cardinality:32，group_width:32，hasSENet:True
2021-04-23 19:24:58,925 INFO    : 个体off_spring_0320开始变异
2021-04-23 19:24:58,925 INFO    : 进行alter变异:
2021-04-23 19:24:58,925 INFO    :     修改第2个unit的1个位置上的block，block参数：cardinality:32，group_width:4，hasSENet:False
2021-04-23 19:24:58,925 INFO    : 个体off_spring_0323开始变异
2021-04-23 19:24:58,925 INFO    : 进行add变异:
2021-04-23 19:24:58,926 INFO    :     在第3个unit的3个位置添加一个block，block参数：cardinality:64，group_width:8，hasSENet:True
2021-04-23 19:25:35,142 INFO    : 个体off_spring_0302的适应度NTK为：4.747
2021-04-23 19:25:49,331 INFO    : 个体off_spring_0320的适应度NTK为：6.733
2021-04-23 19:26:05,957 INFO    : 个体off_spring_0323的适应度NTK为：5.637
2021-04-23 19:26:05,959 INFO    : ******************************当前种群位于第4代进化******************************
2021-04-23 19:26:07,781 INFO    : 个体off_spring_0409开始变异
2021-04-23 19:26:07,781 INFO    : 进行alter变异:
2021-04-23 19:26:07,781 INFO    :     修改第2个unit的4个位置上的block，block参数：cardinality:64，group_width:8，hasSENet:False
2021-04-23 19:26:07,781 INFO    :     修改最后一个位置，修改out_channel:1024
2021-04-23 19:26:07,781 INFO    :     修改下一个unit的in_channel:1024
2021-04-23 19:26:07,781 INFO    : 个体off_spring_0410开始变异
2021-04-23 19:26:07,781 INFO    : 进行alter变异:
2021-04-23 19:26:07,781 INFO    :     修改第3个unit的3个位置上的block，block参数：cardinality:4，group_width:16，hasSENet:True
2021-04-23 19:26:07,781 INFO    : 个体off_spring_0412开始变异
2021-04-23 19:26:07,781 INFO    : 进行alter变异:
2021-04-23 19:26:07,781 INFO    :     修改第3个unit的2个位置上的block，block参数：cardinality:32，group_width:2，hasSENet:False
2021-04-23 19:26:24,693 INFO    : 个体off_spring_0409的适应度NTK为：6.805
2021-04-23 19:26:38,354 INFO    : 个体off_spring_0410的适应度NTK为：15.249
2021-04-23 19:26:52,886 INFO    : 个体off_spring_0412的适应度NTK为：4.924
2021-04-23 19:26:52,888 INFO    : ******************************当前种群位于第5代进化******************************
2021-04-23 19:26:54,714 INFO    : 个体off_spring_0507开始变异
2021-04-23 19:26:54,714 INFO    : 进行alter变异:
2021-04-23 19:26:54,714 INFO    :     修改第3个unit的2个位置上的block，block参数：cardinality:32，group_width:2，hasSENet:False
2021-04-23 19:26:54,714 INFO    : 个体off_spring_0509开始变异
2021-04-23 19:26:54,714 INFO    : 进行add变异:
2021-04-23 19:26:54,714 INFO    :     在第2个unit的2个位置添加一个block，block参数：cardinality:16，group_width:4，hasSENet:False
2021-04-23 19:26:54,714 INFO    : 个体off_spring_0516开始变异
2021-04-23 19:26:54,714 INFO    : 进行alter变异:
2021-04-23 19:26:54,715 INFO    :     修改第3个unit的1个位置上的block，block参数：cardinality:2，group_width:64，hasSENet:False
2021-04-23 19:27:19,861 INFO    : 个体off_spring_0507的适应度NTK为：5.306
2021-04-23 19:27:47,749 INFO    : 个体off_spring_0509的适应度NTK为：4.535
2021-04-23 19:28:14,263 INFO    : 个体off_spring_0516的适应度NTK为：6.653
2021-04-23 19:28:14,265 INFO    : ******************************当前种群位于第6代进化******************************
2021-04-23 19:28:16,129 INFO    : 个体off_spring_0605开始变异
2021-04-23 19:28:16,129 INFO    : 进行alter变异:
2021-04-23 19:28:16,130 INFO    :     修改第5个unit的2个位置上的block，block参数：cardinality:64，group_width:2，hasSENet:True
2021-04-23 19:28:16,130 INFO    : 个体off_spring_0608开始变异
2021-04-23 19:28:16,130 INFO    : 进行remove变异:
2021-04-23 19:28:16,130 INFO    :     删除第3个unit的4个位置上的block，block参数：cardinality:8，group_width:8，hasSENet:True
2021-04-23 19:28:16,130 INFO    :     删除最后一个位置，修改out_channel:128
2021-04-23 19:28:16,130 INFO    :     修改下一个unit的in_channel:128
2021-04-23 19:28:16,130 INFO    : 个体off_spring_0628开始变异
2021-04-23 19:28:16,130 INFO    : 进行remove变异:
2021-04-23 19:28:16,130 INFO    :     删除第2个unit的2个位置上的block，block参数：cardinality:16，group_width:16，hasSENet:False
2021-04-23 19:28:52,985 INFO    : 个体off_spring_0605的适应度NTK为：6.54
2021-04-23 19:29:17,877 INFO    : 个体off_spring_0608的适应度NTK为：4.989
2021-04-23 19:29:28,977 INFO    : 个体off_spring_0628的适应度NTK为：16.935
2021-04-23 19:29:28,979 INFO    : ******************************当前种群位于第7代进化******************************
2021-04-23 19:29:30,941 INFO    : 个体off_spring_0714开始变异
2021-04-23 19:29:30,942 INFO    : 进行remove变异:
2021-04-23 19:29:30,942 INFO    :     删除第2个unit的4个位置上的block，block参数：cardinality:4，group_width:16，hasSENet:True
2021-04-23 19:29:30,942 INFO    :     删除最后一个位置，修改out_channel:512
2021-04-23 19:29:30,942 INFO    :     修改下一个unit的in_channel:512
2021-04-23 19:29:30,942 INFO    : 个体off_spring_0715开始变异
2021-04-23 19:29:30,942 INFO    : 进行add变异:
2021-04-23 19:29:30,942 INFO    :     在第4个unit的2个位置添加一个block，block参数：cardinality:8，group_width:32，hasSENet:False
2021-04-23 19:29:30,942 INFO    : 个体off_spring_0718开始变异
2021-04-23 19:29:30,942 INFO    : 进行alter变异:
2021-04-23 19:29:30,942 INFO    :     修改第5个unit的4个位置上的block，block参数：cardinality:16，group_width:32，hasSENet:False
2021-04-23 19:29:30,942 INFO    :     修改最后一个位置，修改out_channel:1024
2021-04-23 19:29:47,073 INFO    : 个体off_spring_0714的适应度NTK为：4.75
2021-04-23 19:30:08,079 INFO    : 个体off_spring_0715的适应度NTK为：6.685
2021-04-23 19:30:22,037 INFO    : 个体off_spring_0718的适应度NTK为：6.158
2021-04-23 19:30:22,040 INFO    : ******************************当前种群位于第8代进化******************************
2021-04-23 19:30:23,903 INFO    : 个体off_spring_0810开始变异
2021-04-23 19:30:23,903 INFO    : 进行add变异:
2021-04-23 19:30:23,903 INFO    :     在第4个unit的4个位置添加一个block，block参数：cardinality:8，group_width:8，hasSENet:True
2021-04-23 19:30:23,903 INFO    :     添加到最后一个位置，修改out_channel:128
2021-04-23 19:30:23,903 INFO    : 个体off_spring_0818开始变异
2021-04-23 19:30:23,903 INFO    : 进行alter变异:
2021-04-23 19:30:23,903 INFO    :     修改第5个unit的3个位置上的block，block参数：cardinality:16，group_width:64，hasSENet:False
2021-04-23 19:30:23,903 INFO    :     修改最后一个位置，修改out_channel:2048
2021-04-23 19:30:23,903 INFO    : 个体off_spring_0830开始变异
2021-04-23 19:30:23,903 INFO    : 进行remove变异:
2021-04-23 19:30:23,903 INFO    :     删除第5个unit的1个位置上的block，block参数：cardinality:16，group_width:16，hasSENet:False
2021-04-23 19:30:49,737 INFO    : 个体off_spring_0810的适应度NTK为：5.014
2021-04-23 19:31:08,933 INFO    : 个体off_spring_0818的适应度NTK为：20.432
2021-04-23 19:31:22,581 INFO    : 个体off_spring_0830的适应度NTK为：7.155
2021-04-23 19:31:22,585 INFO    : ******************************当前种群位于第9代进化******************************
2021-04-23 19:31:24,416 INFO    : 个体off_spring_0906开始变异
2021-04-23 19:31:24,416 INFO    : 进行add变异:
2021-04-23 19:31:24,416 INFO    :     在第2个unit的1个位置添加一个block，block参数：cardinality:32，group_width:2，hasSENet:True
2021-04-23 19:31:24,417 INFO    : 个体off_spring_0926开始变异
2021-04-23 19:31:24,417 INFO    : 进行remove变异:
2021-04-23 19:31:24,417 INFO    :     删除第4个unit的4个位置上的block，block参数：cardinality:8，group_width:8，hasSENet:True
2021-04-23 19:31:24,417 INFO    :     删除最后一个位置，修改out_channel:128
2021-04-23 19:31:24,417 INFO    :     修改下一个unit的in_channel:128
2021-04-23 19:31:24,417 INFO    : 个体off_spring_0934开始变异
2021-04-23 19:31:24,417 INFO    : 进行remove变异:
2021-04-23 19:31:24,417 INFO    :     删除第3个unit的4个位置上的block，block参数：cardinality:8，group_width:8，hasSENet:True
2021-04-23 19:31:24,417 INFO    :     删除最后一个位置，修改out_channel:128
2021-04-23 19:31:41,737 INFO    : 个体off_spring_0906的适应度NTK为：7.103
2021-04-23 19:32:09,562 INFO    : 个体off_spring_0926的适应度NTK为：6.469
2021-04-23 19:32:21,903 INFO    : 个体off_spring_0934的适应度NTK为：6.496
2021-04-23 19:32:21,905 INFO    : ******************************当前种群位于第10代进化******************************
2021-04-23 19:32:23,704 INFO    : 个体off_spring_1005开始变异
2021-04-23 19:32:23,704 INFO    : 进行remove变异:
2021-04-23 19:32:23,704 INFO    :     删除第2个unit的3个位置上的block，block参数：cardinality:16，group_width:4，hasSENet:False
2021-04-23 19:32:23,704 INFO    : 个体off_spring_1022开始变异
2021-04-23 19:32:23,704 INFO    : 进行add变异:
2021-04-23 19:32:23,704 INFO    :     在第4个unit的1个位置添加一个block，block参数：cardinality:2，group_width:64，hasSENet:True
2021-04-23 19:32:23,704 INFO    : 个体off_spring_1024开始变异
2021-04-23 19:32:23,704 INFO    : 进行alter变异:
2021-04-23 19:32:23,705 INFO    :     修改第2个unit的3个位置上的block，block参数：cardinality:8，group_width:64，hasSENet:False
2021-04-23 19:32:57,382 INFO    : 个体off_spring_1005的适应度NTK为：5.801
2021-04-23 19:33:12,185 INFO    : 个体off_spring_1022的适应度NTK为：5.869
2021-04-23 19:33:34,538 INFO    : 个体off_spring_1024的适应度NTK为：6.44
2021-04-23 19:33:34,540 INFO    : ******************************当前种群位于第11代进化******************************
2021-04-23 19:33:36,359 INFO    : 个体off_spring_1104开始变异
2021-04-23 19:33:36,360 INFO    : 进行remove变异:
2021-04-23 19:33:36,360 INFO    :     删除第2个unit的4个位置上的block，block参数：cardinality:16，group_width:16，hasSENet:False
2021-04-23 19:33:36,360 INFO    :     删除最后一个位置，修改out_channel:128
2021-04-23 19:33:36,360 INFO    :     修改下一个unit的in_channel:128
2021-04-23 19:33:36,360 INFO    : 个体off_spring_1106开始变异
2021-04-23 19:33:36,360 INFO    : 进行alter变异:
2021-04-23 19:33:36,360 INFO    :     修改第3个unit的2个位置上的block，block参数：cardinality:4，group_width:16，hasSENet:False
2021-04-23 19:33:36,360 INFO    : 个体off_spring_1111开始变异
2021-04-23 19:33:36,360 INFO    : 进行alter变异:
2021-04-23 19:33:36,360 INFO    :     修改第4个unit的3个位置上的block，block参数：cardinality:8，group_width:32，hasSENet:False
2021-04-23 19:33:36,360 INFO    :     修改最后一个位置，修改out_channel:512
2021-04-23 19:33:55,397 INFO    : 个体off_spring_1104的适应度NTK为：6.436
2021-04-23 19:34:10,811 INFO    : 个体off_spring_1106的适应度NTK为：7.046
2021-04-23 19:34:35,105 INFO    : 个体off_spring_1111的适应度NTK为：4.714
2021-04-23 19:34:35,107 INFO    : ******************************当前种群位于第12代进化******************************
2021-04-23 19:34:37,019 INFO    : 个体off_spring_1202开始变异
2021-04-23 19:34:37,019 INFO    : 进行remove变异:
2021-04-23 19:34:37,019 INFO    :     删除第2个unit的4个位置上的block，block参数：cardinality:16，group_width:16，hasSENet:False
2021-04-23 19:34:37,019 INFO    :     删除最后一个位置，修改out_channel:128
2021-04-23 19:34:37,019 INFO    :     修改下一个unit的in_channel:128
2021-04-23 19:34:37,020 INFO    : 个体off_spring_1206开始变异
2021-04-23 19:34:37,020 INFO    : 进行add变异:
2021-04-23 19:34:37,020 INFO    :     在第4个unit的1个位置添加一个block，block参数：cardinality:32，group_width:4，hasSENet:True
2021-04-23 19:34:37,020 INFO    : 个体off_spring_1212开始变异
2021-04-23 19:34:37,020 INFO    : 进行remove变异:
2021-04-23 19:34:37,020 INFO    :     删除第3个unit的3个位置上的block，block参数：cardinality:16，group_width:4，hasSENet:True
2021-04-23 19:35:00,559 INFO    : 个体off_spring_1202的适应度NTK为：5.272
2021-04-23 19:35:34,883 INFO    : 个体off_spring_1206的适应度NTK为：7.587
2021-04-23 19:35:59,529 INFO    : 个体off_spring_1212的适应度NTK为：5.444
2021-04-23 19:35:59,532 INFO    : ******************************当前种群位于第13代进化******************************
2021-04-23 19:36:01,424 INFO    : 个体off_spring_1307开始变异
2021-04-23 19:36:01,424 INFO    : 进行alter变异:
2021-04-23 19:36:01,424 INFO    :     修改第3个unit的3个位置上的block，block参数：cardinality:16，group_width:8，hasSENet:True
2021-04-23 19:36:01,424 INFO    : 个体off_spring_1311开始变异
2021-04-23 19:36:01,424 INFO    : 进行remove变异:
2021-04-23 19:36:01,424 INFO    :     删除第4个unit的1个位置上的block，block参数：cardinality:16，group_width:4，hasSENet:False
2021-04-23 19:36:01,424 INFO    : 个体off_spring_1320开始变异
2021-04-23 19:36:01,425 INFO    : 进行alter变异:
2021-04-23 19:36:01,425 INFO    :     修改第4个unit的1个位置上的block，block参数：cardinality:8，group_width:8，hasSENet:False
2021-04-23 19:36:15,032 INFO    : 个体off_spring_1307的适应度NTK为：32.887
2021-04-23 19:36:29,428 INFO    : 个体off_spring_1311的适应度NTK为：6.335
2021-04-23 19:36:49,235 INFO    : 个体off_spring_1320的适应度NTK为：5.122
2021-04-23 19:36:49,237 INFO    : ******************************当前种群位于第14代进化******************************
2021-04-23 19:36:51,093 INFO    : 个体off_spring_1402开始变异
2021-04-23 19:36:51,093 INFO    : 进行alter变异:
2021-04-23 19:36:51,093 INFO    :     修改第3个unit的3个位置上的block，block参数：cardinality:8，group_width:32，hasSENet:False
2021-04-23 19:36:51,093 INFO    :     修改最后一个位置，修改out_channel:512
2021-04-23 19:36:51,093 INFO    :     修改下一个unit的in_channel:512
2021-04-23 19:36:51,094 INFO    : 个体off_spring_1404开始变异
2021-04-23 19:36:51,094 INFO    : 进行add变异:
2021-04-23 19:36:51,094 INFO    :     在第3个unit的1个位置添加一个block，block参数：cardinality:2，group_width:32，hasSENet:True
2021-04-23 19:36:51,094 INFO    : 个体off_spring_1417开始变异
2021-04-23 19:36:51,094 INFO    : 进行add变异:
2021-04-23 19:36:51,094 INFO    :     在第4个unit的3个位置添加一个block，block参数：cardinality:16，group_width:4，hasSENet:True
2021-04-23 19:37:22,018 INFO    : 个体off_spring_1402的适应度NTK为：6.008
2021-04-23 19:37:49,769 INFO    : 个体off_spring_1404的适应度NTK为：5.591
2021-04-23 19:38:15,137 INFO    : 个体off_spring_1417的适应度NTK为：7.32
2021-04-23 19:38:15,139 INFO    : ******************************当前种群位于第15代进化******************************
2021-04-23 19:38:16,966 INFO    : 个体off_spring_1506开始变异
2021-04-23 19:38:16,966 INFO    : 进行alter变异:
2021-04-23 19:38:16,966 INFO    :     修改第2个unit的1个位置上的block，block参数：cardinality:16，group_width:32，hasSENet:True
2021-04-23 19:38:16,966 INFO    : 个体off_spring_1510开始变异
2021-04-23 19:38:16,966 INFO    : 进行remove变异:
2021-04-23 19:38:16,966 INFO    :     删除第3个unit的3个位置上的block，block参数：cardinality:16，group_width:4，hasSENet:True
2021-04-23 19:38:16,966 INFO    : 个体off_spring_1514开始变异
2021-04-23 19:38:16,966 INFO    : 进行alter变异:
2021-04-23 19:38:16,966 INFO    :     修改第4个unit的1个位置上的block，block参数：cardinality:8，group_width:32，hasSENet:True
2021-04-23 19:39:03,686 INFO    : 个体off_spring_1506的适应度NTK为：6.529
2021-04-23 19:39:29,365 INFO    : 个体off_spring_1510的适应度NTK为：8.408
2021-04-23 19:39:55,961 INFO    : 个体off_spring_1514的适应度NTK为：4.331
2021-04-23 19:39:55,963 INFO    : ******************************当前种群位于第16代进化******************************
2021-04-23 19:39:57,728 INFO    : 个体off_spring_1605开始变异
2021-04-23 19:39:57,728 INFO    : 进行add变异:
2021-04-23 19:39:57,728 INFO    :     在第5个unit的3个位置添加一个block，block参数：cardinality:4，group_width:16，hasSENet:True
2021-04-23 19:40:25,659 INFO    : 个体off_spring_1605的适应度NTK为：5.451
2021-04-23 19:40:25,663 INFO    : ******************************当前种群位于第17代进化******************************
2021-04-23 19:40:27,456 INFO    : 个体off_spring_1733开始变异
2021-04-23 19:40:27,456 INFO    : 进行alter变异:
2021-04-23 19:40:27,457 INFO    :     修改第3个unit的3个位置上的block，block参数：cardinality:2，group_width:32，hasSENet:False
2021-04-23 19:40:55,537 INFO    : 个体off_spring_1733的适应度NTK为：4.451
2021-04-23 19:40:55,540 INFO    : ******************************当前种群位于第18代进化******************************
2021-04-23 19:40:57,375 INFO    : 个体off_spring_1821开始变异
2021-04-23 19:40:57,376 INFO    : 进行add变异:
2021-04-23 19:40:57,376 INFO    :     在第3个unit的1个位置添加一个block，block参数：cardinality:2，group_width:32，hasSENet:True
2021-04-23 19:41:24,831 INFO    : 个体off_spring_1821的适应度NTK为：6.742
2021-04-23 19:41:24,833 INFO    : ******************************当前种群位于第19代进化******************************
2021-04-23 19:41:26,636 INFO    : 个体off_spring_1904开始变异
2021-04-23 19:41:26,636 INFO    : 进行remove变异:
2021-04-23 19:41:26,636 INFO    :     删除第2个unit的3个位置上的block，block参数：cardinality:16，group_width:16，hasSENet:False
2021-04-23 19:41:45,065 INFO    : 个体off_spring_1904的适应度NTK为：4.753
2021-04-23 19:41:45,067 INFO    : ******************************当前种群位于第20代进化******************************
2021-04-23 19:41:46,910 INFO    : 个体off_spring_2023开始变异
2021-04-23 19:41:46,910 INFO    : 进行add变异:
2021-04-23 19:41:46,910 INFO    :     在第5个unit的1个位置添加一个block，block参数：cardinality:32，group_width:32，hasSENet:True
2021-04-23 19:42:18,333 INFO    : 个体off_spring_2023的适应度NTK为：6.198
2021-04-23 19:42:18,336 INFO    : ******************************当前种群位于第21代进化******************************
2021-04-23 19:42:20,153 INFO    : 个体off_spring_2135开始变异
2021-04-23 19:42:20,154 INFO    : 进行alter变异:
2021-04-23 19:42:20,154 INFO    :     修改第2个unit的3个位置上的block，block参数：cardinality:4，group_width:16，hasSENet:False
2021-04-23 19:42:45,146 INFO    : 个体off_spring_2135的适应度NTK为：5.598
2021-04-23 19:42:45,148 INFO    : ******************************当前种群位于第22代进化******************************
2021-04-23 19:42:46,937 INFO    : 个体off_spring_2205开始变异
2021-04-23 19:42:46,938 INFO    : 进行remove变异:
2021-04-23 19:42:46,940 INFO    :     删除第2个unit的3个位置上的block，block参数：cardinality:16，group_width:16，hasSENet:False
2021-04-23 19:43:07,079 INFO    : 个体off_spring_2205的适应度NTK为：6.541
2021-04-23 19:43:07,081 INFO    : ******************************当前种群位于第23代进化******************************
2021-04-23 19:43:08,886 INFO    : 个体off_spring_2329开始变异
2021-04-23 19:43:08,886 INFO    : 进行remove变异:
2021-04-23 19:43:08,886 INFO    :     删除第2个unit的2个位置上的block，block参数：cardinality:16，group_width:16，hasSENet:True
2021-04-23 19:43:38,991 INFO    : 个体off_spring_2329的适应度NTK为：6.106
2021-04-23 19:43:38,994 INFO    : ******************************当前种群位于第24代进化******************************
2021-04-23 19:43:40,836 INFO    : 个体off_spring_2437开始变异
2021-04-23 19:43:40,836 INFO    : 进行alter变异:
2021-04-23 19:43:40,836 INFO    :     修改第4个unit的2个位置上的block，block参数：cardinality:64，group_width:16，hasSENet:True
2021-04-23 19:44:07,814 INFO    : 个体off_spring_2437的适应度NTK为：4.748
2021-04-23 19:44:07,816 INFO    : ******************************当前种群位于第25代进化******************************
2021-04-23 19:44:09,611 INFO    : 个体off_spring_2531开始变异
2021-04-23 19:44:09,611 INFO    : 进行remove变异:
2021-04-23 19:44:09,611 INFO    :     删除第2个unit的1个位置上的block，block参数：cardinality:16，group_width:8，hasSENet:True
2021-04-23 19:44:41,101 INFO    : 个体off_spring_2531的适应度NTK为：7.335
2021-04-23 19:44:41,104 INFO    : ******************************当前种群位于第26代进化******************************
2021-04-23 19:44:42,931 INFO    : 个体off_spring_2611开始变异
2021-04-23 19:44:42,932 INFO    : 进行add变异:
2021-04-23 19:44:42,932 INFO    :     在第4个unit的4个位置添加一个block，block参数：cardinality:4，group_width:16，hasSENet:False
2021-04-23 19:44:42,932 INFO    :     添加到最后一个位置，修改out_channel:128
2021-04-23 19:45:05,504 INFO    : 个体off_spring_2611的适应度NTK为：5.361
2021-04-23 19:45:05,506 INFO    : ******************************当前种群位于第27代进化******************************
2021-04-23 19:45:07,317 INFO    : 个体off_spring_2708开始变异
2021-04-23 19:45:07,318 INFO    : 进行remove变异:
2021-04-23 19:45:07,318 INFO    :     删除第3个unit的2个位置上的block，block参数：cardinality:32，group_width:2，hasSENet:False
2021-04-23 19:45:25,732 INFO    : 个体off_spring_2708的适应度NTK为：12.928
2021-04-23 19:45:25,734 INFO    : ******************************当前种群位于第28代进化******************************
2021-04-23 19:45:27,599 INFO    : 个体off_spring_2811开始变异
2021-04-23 19:45:27,599 INFO    : 进行add变异:
2021-04-23 19:45:27,600 INFO    :     在第4个unit的2个位置添加一个block，block参数：cardinality:4，group_width:64，hasSENet:True
2021-04-23 19:45:56,141 INFO    : 个体off_spring_2811的适应度NTK为：5.221
2021-04-23 19:45:56,143 INFO    : ******************************当前种群位于第29代进化******************************
2021-04-23 19:45:57,957 INFO    : 个体off_spring_2935开始变异
2021-04-23 19:45:57,958 INFO    : 进行remove变异:
2021-04-23 19:45:57,958 INFO    :     删除第2个unit的4个位置上的block，block参数：cardinality:16，group_width:16，hasSENet:False
2021-04-23 19:45:57,958 INFO    :     删除最后一个位置，修改out_channel:128
2021-04-23 19:45:57,958 INFO    :     修改下一个unit的in_channel:128
2021-04-23 19:46:28,011 INFO    : 个体off_spring_2935的适应度NTK为：4.968
2021-04-23 19:46:28,014 INFO    : ******************************当前种群位于第30代进化******************************
2021-04-23 19:46:29,839 INFO    : 个体off_spring_3022开始变异
2021-04-23 19:46:29,839 INFO    : 进行alter变异:
2021-04-23 19:46:29,842 INFO    :     修改第4个unit的3个位置上的block，block参数：cardinality:16，group_width:4，hasSENet:True
2021-04-23 19:46:29,842 INFO    :     修改最后一个位置，修改out_channel:128
2021-04-23 19:46:56,089 INFO    : 个体off_spring_3022的适应度NTK为：5.778
2021-04-23 19:46:56,091 INFO    : ******************************当前种群位于第31代进化******************************
2021-04-23 19:46:57,958 INFO    : 个体off_spring_3107开始变异
2021-04-23 19:46:57,958 INFO    : 进行remove变异:
2021-04-23 19:46:57,961 INFO    :     删除第2个unit的2个位置上的block，block参数：cardinality:4，group_width:16，hasSENet:False
2021-04-23 19:46:57,961 INFO    : 个体off_spring_3117开始变异
2021-04-23 19:46:57,961 INFO    : 进行remove变异:
2021-04-23 19:46:57,961 INFO    :     删除第2个unit的1个位置上的block，block参数：cardinality:16，group_width:16，hasSENet:True
2021-04-23 19:46:57,961 INFO    : 个体off_spring_3138开始变异
2021-04-23 19:46:57,961 INFO    : 进行remove变异:
2021-04-23 19:46:57,961 INFO    :     删除第3个unit的2个位置上的block，block参数：cardinality:8，group_width:8，hasSENet:False
2021-04-23 19:47:23,339 INFO    : 个体off_spring_3107的适应度NTK为：4.67
2021-04-23 19:47:44,790 INFO    : 个体off_spring_3117的适应度NTK为：7.196
2021-04-23 19:48:01,034 INFO    : 个体off_spring_3138的适应度NTK为：6.057
2021-04-23 19:48:01,038 INFO    : ******************************当前种群位于第32代进化******************************
2021-04-23 19:48:02,868 INFO    : 个体off_spring_3207开始变异
2021-04-23 19:48:02,869 INFO    : 进行remove变异:
2021-04-23 19:48:02,869 INFO    :     删除第4个unit的4个位置上的block，block参数：cardinality:16，group_width:16，hasSENet:False
2021-04-23 19:48:02,869 INFO    :     删除最后一个位置，修改out_channel:128
2021-04-23 19:48:02,869 INFO    : 个体off_spring_3211开始变异
2021-04-23 19:48:02,869 INFO    : 进行add变异:
2021-04-23 19:48:02,869 INFO    :     在第4个unit的3个位置添加一个block，block参数：cardinality:4，group_width:32，hasSENet:True
2021-04-23 19:48:02,869 INFO    : 个体off_spring_3228开始变异
2021-04-23 19:48:02,869 INFO    : 进行add变异:
2021-04-23 19:48:02,869 INFO    :     在第3个unit的1个位置添加一个block，block参数：cardinality:16，group_width:4，hasSENet:False
2021-04-23 19:48:30,267 INFO    : 个体off_spring_3207的适应度NTK为：5.753
2021-04-23 19:49:00,972 INFO    : 个体off_spring_3211的适应度NTK为：4.321
2021-04-23 19:49:14,741 INFO    : 个体off_spring_3228的适应度NTK为：8.408
2021-04-23 19:49:14,744 INFO    : ******************************当前种群位于第33代进化******************************
2021-04-23 19:49:16,523 INFO    : 个体off_spring_3305开始变异
2021-04-23 19:49:16,523 INFO    : 进行alter变异:
2021-04-23 19:49:16,523 INFO    :     修改第3个unit的4个位置上的block，block参数：cardinality:4，group_width:32，hasSENet:True
2021-04-23 19:49:16,524 INFO    :     修改最后一个位置，修改out_channel:256
2021-04-23 19:49:16,524 INFO    :     修改下一个unit的in_channel:256
2021-04-23 19:49:16,524 INFO    : 个体off_spring_3312开始变异
2021-04-23 19:49:16,524 INFO    : 进行add变异:
2021-04-23 19:49:16,524 INFO    :     在第3个unit的1个位置添加一个block，block参数：cardinality:16，group_width:16，hasSENet:True
2021-04-23 19:49:16,524 INFO    : 个体off_spring_3316开始变异
2021-04-23 19:49:16,524 INFO    : 进行alter变异:
2021-04-23 19:49:16,524 INFO    :     修改第3个unit的1个位置上的block，block参数：cardinality:32，group_width:32，hasSENet:False
2021-04-23 19:49:43,034 INFO    : 个体off_spring_3305的适应度NTK为：8.324
2021-04-23 19:50:16,504 INFO    : 个体off_spring_3312的适应度NTK为：7.348
2021-04-23 19:51:04,838 INFO    : 个体off_spring_3316的适应度NTK为：5.973
2021-04-23 19:51:04,840 INFO    : ******************************当前种群位于第34代进化******************************
2021-04-23 19:51:06,642 INFO    : 个体off_spring_3402开始变异
2021-04-23 19:51:06,642 INFO    : 进行alter变异:
2021-04-23 19:51:06,643 INFO    :     修改第4个unit的2个位置上的block，block参数：cardinality:16，group_width:16，hasSENet:False
2021-04-23 19:51:06,643 INFO    : 个体off_spring_3403开始变异
2021-04-23 19:51:06,643 INFO    : 进行remove变异:
2021-04-23 19:51:06,643 INFO    :     删除第3个unit的2个位置上的block，block参数：cardinality:16，group_width:16，hasSENet:True
2021-04-23 19:51:06,643 INFO    : 个体off_spring_3409开始变异
2021-04-23 19:51:06,643 INFO    : 进行alter变异:
2021-04-23 19:51:06,643 INFO    :     修改第3个unit的2个位置上的block，block参数：cardinality:16，group_width:4，hasSENet:False
2021-04-23 19:51:33,391 INFO    : 个体off_spring_3402的适应度NTK为：4.065
2021-04-23 19:51:58,017 INFO    : 个体off_spring_3403的适应度NTK为：5.284
2021-04-23 19:52:14,188 INFO    : 个体off_spring_3409的适应度NTK为：5.301
2021-04-23 19:52:14,192 INFO    : ******************************当前种群位于第35代进化******************************
2021-04-23 19:52:16,042 INFO    : 个体off_spring_3501开始变异
2021-04-23 19:52:16,042 INFO    : 进行add变异:
2021-04-23 19:52:16,042 INFO    :     在第4个unit的4个位置添加一个block，block参数：cardinality:8，group_width:16，hasSENet:True
2021-04-23 19:52:16,042 INFO    :     添加到最后一个位置，修改out_channel:256
2021-04-23 19:52:16,042 INFO    : 个体off_spring_3516开始变异
2021-04-23 19:52:16,042 INFO    : 进行alter变异:
2021-04-23 19:52:16,042 INFO    :     修改第3个unit的1个位置上的block，block参数：cardinality:2，group_width:32，hasSENet:True
2021-04-23 19:52:16,042 INFO    : 个体off_spring_3526开始变异
2021-04-23 19:52:16,042 INFO    : 进行alter变异:
2021-04-23 19:52:16,042 INFO    :     修改第4个unit的2个位置上的block，block参数：cardinality:32，group_width:16，hasSENet:False
2021-04-23 19:52:43,436 INFO    : 个体off_spring_3501的适应度NTK为：7.711
2021-04-23 19:53:03,483 INFO    : 个体off_spring_3516的适应度NTK为：6.748
2021-04-23 19:53:34,628 INFO    : 个体off_spring_3526的适应度NTK为：7.136
2021-04-23 19:53:34,630 INFO    : ******************************当前种群位于第36代进化******************************
2021-04-23 19:53:36,479 INFO    : 个体off_spring_3609开始变异
2021-04-23 19:53:36,480 INFO    : 进行remove变异:
2021-04-23 19:53:36,480 INFO    :     删除第4个unit的1个位置上的block，block参数：cardinality:4，group_width:16，hasSENet:False
2021-04-23 19:53:36,480 INFO    : 个体off_spring_3611开始变异
2021-04-23 19:53:36,480 INFO    : 进行remove变异:
2021-04-23 19:53:36,480 INFO    :     删除第3个unit的4个位置上的block，block参数：cardinality:8，group_width:8，hasSENet:True
2021-04-23 19:53:36,480 INFO    :     删除最后一个位置，修改out_channel:128
2021-04-23 19:53:36,480 INFO    :     修改下一个unit的in_channel:128
2021-04-23 19:53:36,480 INFO    : 个体off_spring_3613开始变异
2021-04-23 19:53:36,480 INFO    : 进行add变异:
2021-04-23 19:53:36,480 INFO    :     在第2个unit的1个位置添加一个block，block参数：cardinality:4，group_width:32，hasSENet:False
2021-04-23 19:54:07,445 INFO    : 个体off_spring_3609的适应度NTK为：6.624
2021-04-23 19:54:25,740 INFO    : 个体off_spring_3611的适应度NTK为：9.419
2021-04-23 19:54:59,234 INFO    : 个体off_spring_3613的适应度NTK为：3.377
2021-04-23 19:54:59,236 INFO    : ******************************当前种群位于第37代进化******************************
2021-04-23 19:55:01,003 INFO    : 个体off_spring_3705开始变异
2021-04-23 19:55:01,003 INFO    : 进行add变异:
2021-04-23 19:55:01,003 INFO    :     在第4个unit的4个位置添加一个block，block参数：cardinality:32，group_width:32，hasSENet:True
2021-04-23 19:55:01,003 INFO    :     添加到最后一个位置，修改out_channel:2048
2021-04-23 19:55:01,003 INFO    : 个体off_spring_3713开始变异
2021-04-23 19:55:01,003 INFO    : 进行alter变异:
2021-04-23 19:55:01,004 INFO    :     修改第2个unit的4个位置上的block，block参数：cardinality:8，group_width:32，hasSENet:True
2021-04-23 19:55:01,004 INFO    :     修改最后一个位置，修改out_channel:512
2021-04-23 19:55:01,004 INFO    :     修改下一个unit的in_channel:512
2021-04-23 19:55:01,004 INFO    : 个体off_spring_3714开始变异
2021-04-23 19:55:01,004 INFO    : 进行alter变异:
2021-04-23 19:55:01,004 INFO    :     修改第3个unit的3个位置上的block，block参数：cardinality:64，group_width:8，hasSENet:True
2021-04-23 19:55:01,004 INFO    :     修改最后一个位置，修改out_channel:1024
2021-04-23 19:55:01,004 INFO    :     修改下一个unit的in_channel:1024
2021-04-23 19:55:31,461 INFO    : 个体off_spring_3705的适应度NTK为：5.561
2021-04-23 19:55:46,548 INFO    : 个体off_spring_3713的适应度NTK为：4.614
2021-04-23 19:56:19,450 INFO    : 个体off_spring_3714的适应度NTK为：4.019
2021-04-23 19:56:19,454 INFO    : ******************************当前种群位于第38代进化******************************
2021-04-23 19:56:21,321 INFO    : 个体off_spring_3801开始变异
2021-04-23 19:56:21,322 INFO    : 进行remove变异:
2021-04-23 19:56:21,322 INFO    :     删除第2个unit的4个位置上的block，block参数：cardinality:16，group_width:4，hasSENet:False
2021-04-23 19:56:21,322 INFO    :     删除最后一个位置，修改out_channel:512
2021-04-23 19:56:21,322 INFO    :     修改下一个unit的in_channel:512
2021-04-23 19:56:21,322 INFO    : 个体off_spring_3805开始变异
2021-04-23 19:56:21,322 INFO    : 进行remove变异:
2021-04-23 19:56:21,322 INFO    :     删除第2个unit的4个位置上的block，block参数：cardinality:8，group_width:16，hasSENet:True
2021-04-23 19:56:21,322 INFO    :     删除最后一个位置，修改out_channel:512
2021-04-23 19:56:21,322 INFO    :     修改下一个unit的in_channel:512
2021-04-23 19:56:21,322 INFO    : 个体off_spring_3820开始变异
2021-04-23 19:56:21,322 INFO    : 进行remove变异:
2021-04-23 19:56:21,322 INFO    :     删除第3个unit的2个位置上的block，block参数：cardinality:16，group_width:16，hasSENet:True
2021-04-23 19:56:52,473 INFO    : 个体off_spring_3801的适应度NTK为：4.636
2021-04-23 19:57:15,175 INFO    : 个体off_spring_3805的适应度NTK为：5.825
2021-04-23 19:57:40,819 INFO    : 个体off_spring_3820的适应度NTK为：6.31
2021-04-23 19:57:40,821 INFO    : ******************************当前种群位于第39代进化******************************
2021-04-23 19:57:42,596 INFO    : 个体off_spring_3901开始变异
2021-04-23 19:57:42,596 INFO    : 进行add变异:
2021-04-23 19:57:42,597 INFO    :     在第3个unit的1个位置添加一个block，block参数：cardinality:2，group_width:32，hasSENet:False
2021-04-23 19:57:42,597 INFO    : 个体off_spring_3910开始变异
2021-04-23 19:57:42,597 INFO    : 进行add变异:
2021-04-23 19:57:42,597 INFO    :     在第2个unit的3个位置添加一个block，block参数：cardinality:8，group_width:8，hasSENet:False
2021-04-23 19:57:42,597 INFO    : 个体off_spring_3911开始变异
2021-04-23 19:57:42,597 INFO    : 进行alter变异:
2021-04-23 19:57:42,597 INFO    :     修改第2个unit的4个位置上的block，block参数：cardinality:8，group_width:32，hasSENet:True
2021-04-23 19:57:42,597 INFO    :     修改最后一个位置，修改out_channel:512
2021-04-23 19:57:42,597 INFO    :     修改下一个unit的in_channel:512
2021-04-23 19:58:15,788 INFO    : 个体off_spring_3901的适应度NTK为：5.015
2021-04-23 19:58:44,386 INFO    : 个体off_spring_3910的适应度NTK为：6.777
2021-04-23 19:59:12,474 INFO    : 个体off_spring_3911的适应度NTK为：7.489
2021-04-23 19:59:12,476 INFO    : ******************************当前种群位于第40代进化******************************
2021-04-23 19:59:14,283 INFO    : 个体off_spring_4008开始变异
2021-04-23 19:59:14,283 INFO    : 进行alter变异:
2021-04-23 19:59:14,283 INFO    :     修改第3个unit的1个位置上的block，block参数：cardinality:32，group_width:32，hasSENet:False
2021-04-23 19:59:14,283 INFO    : 个体off_spring_4018开始变异
2021-04-23 19:59:14,283 INFO    : 进行add变异:
2021-04-23 19:59:14,283 INFO    :     在第4个unit的4个位置添加一个block，block参数：cardinality:32，group_width:4，hasSENet:True
2021-04-23 19:59:14,283 INFO    :     添加到最后一个位置，修改out_channel:256
2021-04-23 19:59:14,284 INFO    : 个体off_spring_4028开始变异
2021-04-23 19:59:14,284 INFO    : 进行remove变异:
2021-04-23 19:59:14,284 INFO    :     删除第2个unit的4个位置上的block，block参数：cardinality:8，group_width:16，hasSENet:True
2021-04-23 19:59:14,284 INFO    :     删除最后一个位置，修改out_channel:512
2021-04-23 19:59:14,284 INFO    :     修改下一个unit的in_channel:512
2021-04-23 19:59:34,011 INFO    : 个体off_spring_4008的适应度NTK为：6.364
2021-04-23 19:59:56,157 INFO    : 个体off_spring_4018的适应度NTK为：6.553
2021-04-23 20:00:13,707 INFO    : 个体off_spring_4028的适应度NTK为：7.959
2021-04-23 20:00:13,709 INFO    : ******************************当前种群位于第41代进化******************************
2021-04-23 20:00:15,607 INFO    : 个体off_spring_4110开始变异
2021-04-23 20:00:15,607 INFO    : 进行alter变异:
2021-04-23 20:00:15,608 INFO    :     修改第3个unit的2个位置上的block，block参数：cardinality:64，group_width:16，hasSENet:False
2021-04-23 20:00:15,608 INFO    : 个体off_spring_4115开始变异
2021-04-23 20:00:15,608 INFO    : 进行add变异:
2021-04-23 20:00:15,608 INFO    :     在第2个unit的2个位置添加一个block，block参数：cardinality:8，group_width:32，hasSENet:True
2021-04-23 20:00:15,608 INFO    : 个体off_spring_4136开始变异
2021-04-23 20:00:15,608 INFO    : 进行remove变异:
2021-04-23 20:00:15,608 INFO    :     删除第3个unit的3个位置上的block，block参数：cardinality:16，group_width:4，hasSENet:True
2021-04-23 20:00:49,164 INFO    : 个体off_spring_4110的适应度NTK为：8.473
2021-04-23 20:01:16,048 INFO    : 个体off_spring_4115的适应度NTK为：4.11
2021-04-23 20:01:41,444 INFO    : 个体off_spring_4136的适应度NTK为：7.37
2021-04-23 20:01:41,446 INFO    : ******************************当前种群位于第42代进化******************************
2021-04-23 20:01:43,275 INFO    : 个体off_spring_4202开始变异
2021-04-23 20:01:43,275 INFO    : 进行alter变异:
2021-04-23 20:01:43,275 INFO    :     修改第4个unit的2个位置上的block，block参数：cardinality:32，group_width:16，hasSENet:False
2021-04-23 20:01:43,275 INFO    : 个体off_spring_4207开始变异
2021-04-23 20:01:43,275 INFO    : 进行add变异:
2021-04-23 20:01:43,276 INFO    :     在第4个unit的2个位置添加一个block，block参数：cardinality:16，group_width:4，hasSENet:True
2021-04-23 20:01:43,276 INFO    : 个体off_spring_4210开始变异
2021-04-23 20:01:43,276 INFO    : 进行add变异:
2021-04-23 20:01:43,276 INFO    :     在第2个unit的3个位置添加一个block，block参数：cardinality:4，group_width:64，hasSENet:True
2021-04-23 20:02:22,671 INFO    : 个体off_spring_4202的适应度NTK为：6.804
2021-04-23 20:02:51,114 INFO    : 个体off_spring_4207的适应度NTK为：5.158
2021-04-23 20:03:26,762 INFO    : 个体off_spring_4210的适应度NTK为：3.758
2021-04-23 20:03:26,765 INFO    : ******************************当前种群位于第43代进化******************************
2021-04-23 20:03:28,561 INFO    : 个体off_spring_4320开始变异
2021-04-23 20:03:28,562 INFO    : 进行add变异:
2021-04-23 20:03:28,562 INFO    :     在第3个unit的2个位置添加一个block，block参数：cardinality:16，group_width:64，hasSENet:False
2021-04-23 20:03:28,562 INFO    : 个体off_spring_4323开始变异
2021-04-23 20:03:28,562 INFO    : 进行remove变异:
2021-04-23 20:03:28,562 INFO    :     删除第2个unit的2个位置上的block，block参数：cardinality:16，group_width:4，hasSENet:True
2021-04-23 20:03:28,562 INFO    : 个体off_spring_4328开始变异
2021-04-23 20:03:28,562 INFO    : 进行alter变异:
2021-04-23 20:03:28,562 INFO    :     修改第2个unit的2个位置上的block，block参数：cardinality:32，group_width:2，hasSENet:True
2021-04-23 20:04:00,005 INFO    : 个体off_spring_4320的适应度NTK为：6.915
2021-04-23 20:04:18,007 INFO    : 个体off_spring_4323的适应度NTK为：5.729
2021-04-23 20:04:34,337 INFO    : 个体off_spring_4328的适应度NTK为：3.958
2021-04-23 20:04:34,340 INFO    : ******************************当前种群位于第44代进化******************************
2021-04-23 20:04:36,268 INFO    : 个体off_spring_4406开始变异
2021-04-23 20:04:36,268 INFO    : 进行add变异:
2021-04-23 20:04:36,268 INFO    :     在第4个unit的3个位置添加一个block，block参数：cardinality:8，group_width:32，hasSENet:False
2021-04-23 20:04:36,268 INFO    : 个体off_spring_4408开始变异
2021-04-23 20:04:36,268 INFO    : 进行remove变异:
2021-04-23 20:04:36,268 INFO    :     删除第3个unit的1个位置上的block，block参数：cardinality:4，group_width:16，hasSENet:True
2021-04-23 20:04:36,268 INFO    : 个体off_spring_4423开始变异
2021-04-23 20:04:36,268 INFO    : 进行remove变异:
2021-04-23 20:04:36,268 INFO    :     删除第3个unit的4个位置上的block，block参数：cardinality:8，group_width:8，hasSENet:True
2021-04-23 20:04:36,268 INFO    :     删除最后一个位置，修改out_channel:128
2021-04-23 20:04:36,268 INFO    :     修改下一个unit的in_channel:128
2021-04-23 20:05:03,443 INFO    : 个体off_spring_4406的适应度NTK为：6.182
2021-04-23 20:05:29,655 INFO    : 个体off_spring_4408的适应度NTK为：5.672
2021-04-23 20:06:01,200 INFO    : 个体off_spring_4423的适应度NTK为：6.382
2021-04-23 20:06:01,203 INFO    : ******************************当前种群位于第45代进化******************************
2021-04-23 20:06:03,007 INFO    : 个体off_spring_4505开始变异
2021-04-23 20:06:03,008 INFO    : 进行add变异:
2021-04-23 20:06:03,008 INFO    :     在第4个unit的2个位置添加一个block，block参数：cardinality:32，group_width:8，hasSENet:True
2021-04-23 20:06:03,008 INFO    : 个体off_spring_4508开始变异
2021-04-23 20:06:03,008 INFO    : 进行add变异:
2021-04-23 20:06:03,008 INFO    :     在第4个unit的1个位置添加一个block，block参数：cardinality:64，group_width:2，hasSENet:False
2021-04-23 20:06:03,008 INFO    : 个体off_spring_4526开始变异
2021-04-23 20:06:03,008 INFO    : 进行remove变异:
2021-04-23 20:06:03,008 INFO    :     删除第2个unit的1个位置上的block，block参数：cardinality:8，group_width:8，hasSENet:True
2021-04-23 20:06:30,016 INFO    : 个体off_spring_4505的适应度NTK为：4.41
2021-04-23 20:06:57,335 INFO    : 个体off_spring_4508的适应度NTK为：6.814
2021-04-23 20:07:23,985 INFO    : 个体off_spring_4526的适应度NTK为：4.465
2021-04-23 20:07:23,988 INFO    : ******************************当前种群位于第46代进化******************************
2021-04-23 20:07:25,879 INFO    : 个体off_spring_4606开始变异
2021-04-23 20:07:25,879 INFO    : 进行remove变异:
2021-04-23 20:07:25,880 INFO    :     删除第2个unit的1个位置上的block，block参数：cardinality:8，group_width:8，hasSENet:True
2021-04-23 20:07:25,880 INFO    : 个体off_spring_4608开始变异
2021-04-23 20:07:25,880 INFO    : 进行alter变异:
2021-04-23 20:07:25,880 INFO    :     修改第2个unit的2个位置上的block，block参数：cardinality:32，group_width:2，hasSENet:True
2021-04-23 20:07:25,880 INFO    : 个体off_spring_4614开始变异
2021-04-23 20:07:25,880 INFO    : 进行alter变异:
2021-04-23 20:07:25,880 INFO    :     修改第2个unit的2个位置上的block，block参数：cardinality:16，group_width:4，hasSENet:True
2021-04-23 20:07:49,543 INFO    : 个体off_spring_4606的适应度NTK为：5.179
2021-04-23 20:08:15,373 INFO    : 个体off_spring_4608的适应度NTK为：5.676
2021-04-23 20:08:42,442 INFO    : 个体off_spring_4614的适应度NTK为：3.885
2021-04-23 20:08:42,444 INFO    : ******************************当前种群位于第47代进化******************************
2021-04-23 20:08:44,274 INFO    : 个体off_spring_4709开始变异
2021-04-23 20:08:44,274 INFO    : 进行add变异:
2021-04-23 20:08:44,274 INFO    :     在第4个unit的1个位置添加一个block，block参数：cardinality:32，group_width:2，hasSENet:True
2021-04-23 20:08:44,274 INFO    : 个体off_spring_4718开始变异
2021-04-23 20:08:44,274 INFO    : 进行add变异:
2021-04-23 20:08:44,274 INFO    :     在第3个unit的1个位置添加一个block，block参数：cardinality:8，group_width:16，hasSENet:False
2021-04-23 20:08:44,274 INFO    : 个体off_spring_4722开始变异
2021-04-23 20:08:44,274 INFO    : 进行remove变异:
2021-04-23 20:08:44,274 INFO    :     删除第3个unit的1个位置上的block，block参数：cardinality:4，group_width:16，hasSENet:True
2021-04-23 20:09:11,241 INFO    : 个体off_spring_4709的适应度NTK为：4.668
2021-04-23 20:09:48,092 INFO    : 个体off_spring_4718的适应度NTK为：6.733
2021-04-23 20:10:02,596 INFO    : 个体off_spring_4722的适应度NTK为：6.225
2021-04-23 20:10:02,598 INFO    : ******************************当前种群位于第48代进化******************************
2021-04-23 20:10:04,411 INFO    : 个体off_spring_4811开始变异
2021-04-23 20:10:04,411 INFO    : 进行alter变异:
2021-04-23 20:10:04,411 INFO    :     修改第4个unit的2个位置上的block，block参数：cardinality:64，group_width:4，hasSENet:False
2021-04-23 20:10:04,411 INFO    : 个体off_spring_4821开始变异
2021-04-23 20:10:04,411 INFO    : 进行alter变异:
2021-04-23 20:10:04,412 INFO    :     修改第4个unit的4个位置上的block，block参数：cardinality:32，group_width:8，hasSENet:True
2021-04-23 20:10:04,412 INFO    :     修改最后一个位置，修改out_channel:512
2021-04-23 20:10:04,412 INFO    : 个体off_spring_4834开始变异
2021-04-23 20:10:04,412 INFO    : 进行add变异:
2021-04-23 20:10:04,412 INFO    :     在第2个unit的4个位置添加一个block，block参数：cardinality:32，group_width:16，hasSENet:False
2021-04-23 20:10:04,412 INFO    :     添加到最后一个位置，修改out_channel:1024
2021-04-23 20:10:04,412 INFO    :     修改下一个unit的in_channel:1024
2021-04-23 20:10:32,034 INFO    : 个体off_spring_4811的适应度NTK为：8.69
2021-04-23 20:10:49,079 INFO    : 个体off_spring_4821的适应度NTK为：8.945
2021-04-23 20:11:08,855 INFO    : 个体off_spring_4834的适应度NTK为：7.051
2021-04-23 20:11:08,857 INFO    : ******************************当前种群位于第49代进化******************************
2021-04-23 20:11:10,682 INFO    : 个体off_spring_4905开始变异
2021-04-23 20:11:10,683 INFO    : 进行alter变异:
2021-04-23 20:11:10,683 INFO    :     修改第5个unit的3个位置上的block，block参数：cardinality:16，group_width:32，hasSENet:False
2021-04-23 20:11:10,683 INFO    :     修改最后一个位置，修改out_channel:1024
2021-04-23 20:11:10,683 INFO    : 个体off_spring_4919开始变异
2021-04-23 20:11:10,683 INFO    : 进行add变异:
2021-04-23 20:11:10,683 INFO    :     在第5个unit的1个位置添加一个block，block参数：cardinality:32，group_width:2，hasSENet:False
2021-04-23 20:11:10,683 INFO    : 个体off_spring_4920开始变异
2021-04-23 20:11:10,683 INFO    : 进行remove变异:
2021-04-23 20:11:10,683 INFO    :     删除第3个unit的3个位置上的block，block参数：cardinality:8，group_width:16，hasSENet:False
2021-04-23 20:11:45,222 INFO    : 个体off_spring_4905的适应度NTK为：7.194
2021-04-23 20:12:20,437 INFO    : 个体off_spring_4919的适应度NTK为：6.176
2021-04-23 20:12:46,736 INFO    : 个体off_spring_4920的适应度NTK为：4.453
2021-04-23 20:12:46,738 INFO    : ******************************当前种群位于第50代进化******************************
2021-04-23 20:12:48,617 INFO    : 个体off_spring_5005开始变异
2021-04-23 20:12:48,618 INFO    : 进行add变异:
2021-04-23 20:12:48,618 INFO    :     在第2个unit的3个位置添加一个block，block参数：cardinality:16，group_width:4，hasSENet:False
2021-04-23 20:12:48,618 INFO    : 个体off_spring_5021开始变异
2021-04-23 20:12:48,618 INFO    : 进行remove变异:
2021-04-23 20:12:48,618 INFO    :     删除第4个unit的2个位置上的block，block参数：cardinality:64，group_width:16，hasSENet:True
2021-04-23 20:12:48,618 INFO    : 个体off_spring_5027开始变异
2021-04-23 20:12:48,618 INFO    : 进行remove变异:
2021-04-23 20:12:48,618 INFO    :     删除第2个unit的2个位置上的block，block参数：cardinality:8，group_width:16，hasSENet:False
2021-04-23 20:13:26,428 INFO    : 个体off_spring_5005的适应度NTK为：5.06
2021-04-23 20:13:49,911 INFO    : 个体off_spring_5021的适应度NTK为：6.161
2021-04-23 20:14:12,732 INFO    : 个体off_spring_5027的适应度NTK为：6.408
2021-04-23 20:14:12,734 INFO    : --------------------------------------------------[种群进化结束]--------------------------------------------------

2021-04-23 20:14:12,734 INFO    : 最后一代个体：
2021-04-23 20:14:12,734 INFO    : [id:5001,unit_amount:5,conv_length:40,senet_amount:8,spantime:14,ntk:3.377,acc:-1.0,params:4600994.0,FLOPs:928488280.0]
2021-04-23 20:14:12,735 INFO    : [id:5002,unit_amount:5,conv_length:40,senet_amount:9,spantime:8,ntk:3.758,acc:-1.0,params:5010114.0,FLOPs:1275600248.0]
2021-04-23 20:14:12,735 INFO    : [id:5003,unit_amount:5,conv_length:37,senet_amount:8,spantime:4,ntk:3.885,acc:-1.0,params:4445210.0,FLOPs:737641168.0]
2021-04-23 20:14:12,735 INFO    : [id:5004,unit_amount:4,conv_length:34,senet_amount:3,spantime:7,ntk:3.958,acc:-1.0,params:1773338.0,FLOPs:383883856.0]
2021-04-23 20:14:12,735 INFO    : [id:5005,unit_amount:5,conv_length:37,senet_amount:8,spantime:13,ntk:4.019,acc:-1.0,params:8122458.0,FLOPs:1365088016.0]
2021-04-23 20:14:12,735 INFO    : [id:5006,unit_amount:4,conv_length:34,senet_amount:6,spantime:16,ntk:4.065,acc:-1.0,params:1642010.0,FLOPs:860326480.0]
2021-04-23 20:14:12,735 INFO    : [id:5007,unit_amount:4,conv_length:34,senet_amount:7,spantime:9,ntk:4.11,acc:-1.0,params:1317434.0,FLOPs:762252400.0]
2021-04-23 20:14:12,735 INFO    : [id:5008,unit_amount:5,conv_length:40,senet_amount:9,spantime:18,ntk:4.321,acc:-1.0,params:4667570.0,FLOPs:832928872.0]
2021-04-23 20:14:12,735 INFO    : [id:5009,unit_amount:4,conv_length:34,senet_amount:6,spantime:35,ntk:4.331,acc:-1.0,params:1362458.0,FLOPs:842435152.0]
2021-04-23 20:14:12,735 INFO    : [id:5010,unit_amount:4,conv_length:37,senet_amount:7,spantime:5,ntk:4.41,acc:-1.0,params:1957946.0,FLOPs:878447728.0]
2021-04-23 20:14:12,735 INFO    : [id:5011,unit_amount:4,conv_length:34,senet_amount:5,spantime:33,ntk:4.451,acc:-1.0,params:1359634.0,FLOPs:906289608.0]
2021-04-23 20:14:12,735 INFO    : [id:5012,unit_amount:4,conv_length:34,senet_amount:3,spantime:1,ntk:4.453,acc:-1.0,params:4404082.0,FLOPs:636684072.0]
2021-04-23 20:14:12,735 INFO    : [id:5013,unit_amount:4,conv_length:34,senet_amount:5,spantime:5,ntk:4.465,acc:-1.0,params:1810602.0,FLOPs:884775776.0]
2021-04-23 20:14:12,735 INFO    : [id:5014,unit_amount:5,conv_length:40,senet_amount:6,spantime:45,ntk:4.535,acc:-1.0,params:964626.0,FLOPs:709284296.0]
2021-04-23 20:14:12,735 INFO    : [id:5015,unit_amount:3,conv_length:25,senet_amount:3,spantime:13,ntk:4.614,acc:-1.0,params:975506.0,FLOPs:203314888.0]
2021-04-23 20:14:12,735 INFO    : [id:5016,unit_amount:5,conv_length:37,senet_amount:8,spantime:12,ntk:4.636,acc:-1.0,params:4565154.0,FLOPs:854039384.0]
2021-04-23 20:14:12,735 INFO    : [id:5017,unit_amount:4,conv_length:37,senet_amount:7,spantime:3,ntk:4.668,acc:-1.0,params:1399330.0,FLOPs:839865048.0]
2021-04-23 20:14:12,735 INFO    : [id:5018,unit_amount:4,conv_length:34,senet_amount:3,spantime:19,ntk:4.67,acc:-1.0,params:4521074.0,FLOPs:646580008.0]
2021-04-23 20:14:12,735 INFO    : [id:5019,unit_amount:4,conv_length:34,senet_amount:5,spantime:39,ntk:4.714,acc:-1.0,params:1259258.0,FLOPs:832894768.0]
2021-04-23 20:14:12,735 INFO    : [id:5020,unit_amount:5,conv_length:40,senet_amount:8,spantime:47,ntk:4.747,acc:-1.0,params:4840610.0,FLOPs:1136106328.0]
2021-04-23 20:14:12,735 INFO    : [id:5021,unit_amount:4,conv_length:37,senet_amount:3,spantime:26,ntk:4.748,acc:-1.0,params:4547186.0,FLOPs:673318696.0]
2021-04-23 20:14:12,735 INFO    : [id:5022,unit_amount:4,conv_length:34,senet_amount:3,spantime:43,ntk:4.75,acc:-1.0,params:1776794.0,FLOPs:384768592.0]
2021-04-23 20:14:12,735 INFO    : [id:5023,unit_amount:4,conv_length:31,senet_amount:6,spantime:31,ntk:4.753,acc:-1.0,params:830490.0,FLOPs:297699920.0]
2021-04-23 20:14:12,736 INFO    : [id:5024,unit_amount:3,conv_length:25,senet_amount:3,spantime:46,ntk:4.924,acc:-1.0,params:697218.0,FLOPs:144700856.0]
2021-04-23 20:14:12,736 INFO    : [id:5025,unit_amount:5,conv_length:37,senet_amount:8,spantime:21,ntk:4.968,acc:-1.0,params:4497570.0,FLOPs:822582104.0]
2021-04-23 20:14:12,736 INFO    : [id:5026,unit_amount:4,conv_length:31,senet_amount:4,spantime:44,ntk:4.989,acc:-1.0,params:947058.0,FLOPs:809164712.0]
2021-04-23 20:14:12,736 INFO    : [id:5027,unit_amount:4,conv_length:37,senet_amount:6,spantime:42,ntk:5.014,acc:-1.0,params:994434.0,FLOPs:816050360.0]
2021-04-23 20:14:12,736 INFO    : [id:5028,unit_amount:5,conv_length:43,senet_amount:8,spantime:11,ntk:5.015,acc:-1.0,params:4636322.0,FLOPs:937532248.0]
2021-04-23 20:14:12,736 INFO    : [id:5041,unit_amount:5,conv_length:40,senet_amount:8,spantime:0,ntk:5.06,acc:-1.0,params:8141658.0,FLOPs:1384748816.0]
2021-04-23 20:14:12,736 INFO    : [id:5029,unit_amount:5,conv_length:40,senet_amount:7,spantime:37,ntk:5.122,acc:-1.0,params:612370.0,FLOPs:281874888.0]
2021-04-23 20:14:12,736 INFO    : [id:5030,unit_amount:4,conv_length:37,senet_amount:6,spantime:8,ntk:5.158,acc:-1.0,params:1381018.0,FLOPs:907520592.0]
2021-04-23 20:14:12,736 INFO    : [id:5031,unit_amount:4,conv_length:31,senet_amount:6,spantime:4,ntk:5.179,acc:-1.0,params:1240242.0,FLOPs:685442024.0]
2021-04-23 20:14:12,736 INFO    : [id:5032,unit_amount:4,conv_length:37,senet_amount:6,spantime:22,ntk:5.221,acc:-1.0,params:1863218.0,FLOPs:936420328.0]
2021-04-23 20:14:12,736 INFO    : [id:5033,unit_amount:5,conv_length:37,senet_amount:7,spantime:38,ntk:5.272,acc:-1.0,params:826402.0,FLOPs:596832984.0]
2021-04-23 20:14:12,736 INFO    : [id:5034,unit_amount:4,conv_length:31,senet_amount:4,spantime:16,ntk:5.284,acc:-1.0,params:966642.0,FLOPs:814178216.0]
2021-04-23 20:14:12,736 INFO    : [id:5035,unit_amount:4,conv_length:34,senet_amount:3,spantime:16,ntk:5.301,acc:-1.0,params:1774490.0,FLOPs:384178768.0]
2021-04-23 20:14:12,736 INFO    : [id:5036,unit_amount:4,conv_length:34,senet_amount:5,spantime:45,ntk:5.306,acc:-1.0,params:970746.0,FLOPs:814671920.0]
2021-04-23 20:14:12,736 INFO    : [id:5037,unit_amount:4,conv_length:37,senet_amount:6,spantime:24,ntk:5.361,acc:-1.0,params:1388570.0,FLOPs:844106320.0]
2021-04-23 20:14:12,736 INFO    : [id:5038,unit_amount:4,conv_length:31,senet_amount:4,spantime:38,ntk:5.444,acc:-1.0,params:949362.0,FLOPs:809754536.0]
2021-04-23 20:14:12,736 INFO    : [id:5039,unit_amount:5,conv_length:43,senet_amount:7,spantime:34,ntk:5.451,acc:-1.0,params:992922.0,FLOPs:710957648.0]
2021-04-23 20:14:12,739 INFO    : --------------------------------------------------[训练前10个体]--------------------------------------------------

2021-04-23 20:14:13,906 INFO    : 个体5001开始训练
2021-04-23 22:01:44,492 INFO    : Early Stopping with best_acc:90.26 and val_acc for this epoch:73
2021-04-23 22:01:44,493 INFO    : 个体5001的适应度为acc：90.260%
2021-04-23 22:01:44,499 INFO    : [id:5001,unit_amount:5,conv_length:40,senet_amount:8,spantime:14,ntk:3.377,acc:90.26,params:4600994.0,FLOPs:928488280.0]
2021-04-23 22:01:45,668 INFO    : 个体5002开始训练
2021-04-24 03:35:45,507 INFO    : Early Stopping with best_acc:95.14 and val_acc for this epoch:203
2021-04-24 03:35:45,508 INFO    : 个体5002的适应度为acc：95.140%
2021-04-24 03:35:45,514 INFO    : [id:5002,unit_amount:5,conv_length:40,senet_amount:9,spantime:8,ntk:3.758,acc:95.14,params:5010114.0,FLOPs:1275600248.0]
2021-04-24 03:35:46,588 INFO    : 个体5003开始训练
2021-04-24 05:31:49,715 INFO    : Early Stopping with best_acc:93.7 and val_acc for this epoch:117
2021-04-24 05:31:49,716 INFO    : 个体5003的适应度为acc：93.700%
2021-04-24 05:31:49,722 INFO    : [id:5003,unit_amount:5,conv_length:37,senet_amount:8,spantime:4,ntk:3.885,acc:93.7,params:4445210.0,FLOPs:737641168.0]
2021-04-24 05:31:50,743 INFO    : 个体5004开始训练
2021-04-24 07:02:08,895 INFO    : Early Stopping with best_acc:94.53 and val_acc for this epoch:187
2021-04-24 07:02:08,896 INFO    : 个体5004的适应度为acc：94.530%
2021-04-24 07:02:08,900 INFO    : [id:5004,unit_amount:4,conv_length:34,senet_amount:3,spantime:7,ntk:3.958,acc:94.53,params:1773338.0,FLOPs:383883856.0]
2021-04-24 07:02:10,095 INFO    : 个体5005开始训练
2021-04-24 08:13:00,889 INFO    : Early Stopping with best_acc:89.88 and val_acc for this epoch:57
2021-04-24 08:13:00,890 INFO    : 个体5005的适应度为acc：89.880%
2021-04-24 08:13:00,893 INFO    : [id:5005,unit_amount:5,conv_length:37,senet_amount:8,spantime:13,ntk:4.019,acc:89.88,params:8122458.0,FLOPs:1365088016.0]
2021-04-24 08:13:01,964 INFO    : 个体5006开始训练
2021-04-24 10:56:53,141 INFO    : Early Stopping with best_acc:95.18 and val_acc for this epoch:191
2021-04-24 10:56:53,142 INFO    : 个体5006的适应度为acc：95.180%
2021-04-24 10:56:53,146 INFO    : [id:5006,unit_amount:4,conv_length:34,senet_amount:6,spantime:16,ntk:4.065,acc:95.18,params:1642010.0,FLOPs:860326480.0]
2021-04-24 10:56:54,130 INFO    : 个体5007开始训练
2021-04-24 12:42:18,910 INFO    : Early Stopping with best_acc:92.44 and val_acc for this epoch:107
2021-04-24 12:42:18,910 INFO    : 个体5007的适应度为acc：92.440%
2021-04-24 12:42:18,915 INFO    : [id:5007,unit_amount:4,conv_length:34,senet_amount:7,spantime:9,ntk:4.11,acc:92.44,params:1317434.0,FLOPs:762252400.0]
2021-04-24 12:42:19,974 INFO    : 个体5008开始训练
2021-04-24 13:51:12,933 INFO    : Early Stopping with best_acc:89.6 and val_acc for this epoch:69
2021-04-24 13:51:12,934 INFO    : 个体5008的适应度为acc：89.600%
2021-04-24 13:51:12,940 INFO    : [id:5008,unit_amount:5,conv_length:40,senet_amount:9,spantime:18,ntk:4.321,acc:89.6,params:40.066757,FLOPs:832928872.0]
2021-04-24 13:51:13,978 INFO    : 个体5009开始训练
2021-04-24 15:21:49,809 INFO    : Early Stopping with best_acc:92.53 and val_acc for this epoch:107
2021-04-24 15:21:49,810 INFO    : 个体5009的适应度为acc：92.530%
2021-04-24 15:21:49,813 INFO    : [id:5009,unit_amount:4,conv_length:34,senet_amount:6,spantime:35,ntk:4.331,acc:92.53,params:1362458.0,FLOPs:842435152.0]
2021-04-24 15:21:50,855 INFO    : 个体5010开始训练
2021-04-24 18:18:53,599 INFO    : Early Stopping with best_acc:95.51 and val_acc for this epoch:201
2021-04-24 18:18:53,600 INFO    : 个体5010的适应度为acc：95.510%
2021-04-24 18:18:53,608 INFO    : [id:5010,unit_amount:4,conv_length:37,senet_amount:7,spantime:5,ntk:4.41,acc:95.51,params:1957946.0,FLOPs:878447728.0]
2021-04-24 18:18:53,609 INFO    : --------------------------------------------------[个体训练结束]--------------------------------------------------
2021-04-26 09:58:40,860 INFO    : 个体5001开始训练
2021-04-26 10:00:21,541 INFO    : 个体5001开始训练
2021-04-26 10:02:02,103 INFO    : 个体3001开始训练
2021-04-26 10:08:11,597 INFO    : 个体5001开始训练
2021-04-26 10:10:58,379 INFO    : 个体5001开始训练
2021-04-26 10:13:27,177 INFO    : 个体5001开始训练
2021-04-26 10:14:03,353 INFO    : 个体5001开始训练
2021-04-26 15:20:55,158 INFO    : Early Stopping with best_acc:95.08 and val_acc for this epoch:273
2021-04-26 15:20:55,159 INFO    : 个体5001的适应度为acc：95.080%
2021-04-26 15:20:56,185 INFO    : 个体5002开始训练
2021-04-26 15:49:00,337 INFO    : Early Stopping with best_acc:95.57 and val_acc for this epoch:299
2021-04-26 15:49:00,338 INFO    : 个体5001的适应度为acc：95.570%
2021-04-26 15:49:01,311 INFO    : 个体5002开始训练
2021-04-26 21:30:47,669 INFO    : Early Stopping with best_acc:95.14 and val_acc for this epoch:255
2021-04-26 21:30:47,670 INFO    : 个体5002的适应度为acc：95.140%
2021-04-26 21:30:48,651 INFO    : 个体5003开始训练
2021-04-26 23:02:24,337 INFO    : 个体5002的适应度为acc：95.370%
2021-04-26 23:02:25,361 INFO    : 个体5003开始训练
2021-04-27 03:00:24,551 INFO    : Early Stopping with best_acc:95.37 and val_acc for this epoch:255
2021-04-27 03:00:24,552 INFO    : 个体5003的适应度为acc：95.370%
2021-04-27 03:00:25,565 INFO    : 个体5004开始训练
2021-04-27 03:56:47,180 INFO    : 个体5003的适应度为acc：95.160%
2021-04-27 03:56:48,181 INFO    : 个体5004开始训练
2021-04-27 05:02:46,873 INFO    : Early Stopping with best_acc:94.28 and val_acc for this epoch:255
2021-04-27 05:02:46,874 INFO    : 个体5004的适应度为acc：94.280%
2021-04-27 05:02:47,966 INFO    : 个体5005开始训练
2021-04-27 06:20:10,178 INFO    : 个体5004的适应度为acc：94.680%
2021-04-27 06:20:11,185 INFO    : 个体5005开始训练
2021-04-27 10:14:07,296 INFO    : Early Stopping with best_acc:95.26 and val_acc for this epoch:255
2021-04-27 10:14:07,296 INFO    : 个体5005的适应度为acc：95.260%
2021-04-27 10:14:08,229 INFO    : 个体5006开始训练
2021-04-27 12:25:00,743 INFO    : 个体5005的适应度为acc：95.500%
2021-04-27 12:25:01,655 INFO    : 个体5006开始训练
2021-04-27 13:51:47,648 INFO    : Early Stopping with best_acc:95.38 and val_acc for this epoch:255
2021-04-27 13:51:47,648 INFO    : 个体5006的适应度为acc：95.380%
2021-04-27 13:51:48,573 INFO    : 个体5007开始训练
2021-04-27 16:30:16,942 INFO    : Early Stopping with best_acc:95.45 and val_acc for this epoch:287
2021-04-27 16:30:16,943 INFO    : 个体5006的适应度为acc：95.450%
2021-04-27 16:30:17,915 INFO    : 个体5007开始训练
2021-04-27 18:12:44,704 INFO    : Early Stopping with best_acc:94.58 and val_acc for this epoch:267
2021-04-27 18:12:44,705 INFO    : 个体5007的适应度为acc：94.580%
2021-04-27 18:12:45,699 INFO    : 个体5008开始训练
2021-04-27 21:22:35,287 INFO    : 个体5007的适应度为acc：95.230%
2021-04-27 21:22:36,326 INFO    : 个体5008开始训练
2021-04-27 23:07:05,115 INFO    : Early Stopping with best_acc:95.17 and val_acc for this epoch:255
2021-04-27 23:07:05,116 INFO    : 个体5008的适应度为acc：95.170%
2021-04-27 23:07:06,106 INFO    : 个体5009开始训练
2021-04-28 02:16:39,252 INFO    : 个体5008的适应度为acc：95.220%
2021-04-28 02:16:40,206 INFO    : 个体5009开始训练
2021-04-28 03:42:56,719 INFO    : Early Stopping with best_acc:95.02 and val_acc for this epoch:255
2021-04-28 03:42:56,720 INFO    : 个体5009的适应度为acc：95.020%
2021-04-28 03:42:57,635 INFO    : 个体5010开始训练
2021-04-28 06:18:28,440 INFO    : Early Stopping with best_acc:95.17 and val_acc for this epoch:287
2021-04-28 06:18:28,441 INFO    : 个体5009的适应度为acc：95.170%
2021-04-28 06:18:29,391 INFO    : 个体5010开始训练
2021-04-28 07:27:17,226 INFO    : Early Stopping with best_acc:95.55 and val_acc for this epoch:255
2021-04-28 07:27:17,226 INFO    : 个体5010的适应度为acc：95.550%
2021-04-28 10:31:37,505 INFO    : Early Stopping with best_acc:95.63 and val_acc for this epoch:287
2021-04-28 10:31:37,506 INFO    : 个体5010的适应度为acc：95.630%
2021-04-28 10:31:38,422 INFO    : 个体5011开始训练
