2021-04-22 21:43:21,791 INFO    : --------------------------------------------------[种群初始化]--------------------------------------------------

2021-04-22 21:43:43,280 INFO    : 个体0101的适应度NTK为：4.652
2021-04-22 21:43:53,423 INFO    : 个体0102的适应度NTK为：21.994
2021-04-22 21:44:07,483 INFO    : 个体0103的适应度NTK为：6.165
2021-04-22 21:44:24,622 INFO    : 个体0104的适应度NTK为：7.046
2021-04-22 21:44:38,840 INFO    : 个体0105的适应度NTK为：7.814
2021-04-22 21:45:01,023 INFO    : 个体0106的适应度NTK为：11.267
2021-04-22 21:45:19,125 INFO    : 个体0107的适应度NTK为：4.988
2021-04-22 21:45:31,732 INFO    : 个体0108的适应度NTK为：4.472
2021-04-22 21:45:46,552 INFO    : 个体0109的适应度NTK为：3.534
2021-04-22 21:46:01,861 INFO    : 个体0110的适应度NTK为：7.46
2021-04-22 21:46:19,887 INFO    : 个体0111的适应度NTK为：9.321
2021-04-22 21:46:29,153 INFO    : 个体0112的适应度NTK为：11.034
2021-04-22 21:46:41,572 INFO    : 个体0113的适应度NTK为：9.239
2021-04-22 21:46:55,306 INFO    : 个体0114的适应度NTK为：11.492
2021-04-22 21:47:09,049 INFO    : 个体0115的适应度NTK为：5.795
2021-04-22 21:47:22,669 INFO    : 个体0116的适应度NTK为：13.568
2021-04-22 21:47:44,516 INFO    : 个体0117的适应度NTK为：9.331
2021-04-22 21:47:56,782 INFO    : 个体0118的适应度NTK为：11.19
2021-04-22 21:48:13,495 INFO    : 个体0119的适应度NTK为：10.244
2021-04-22 21:48:34,262 INFO    : 个体0120的适应度NTK为：10.732
2021-04-22 21:48:34,263 INFO    : --------------------------------------------------[种群开始进化]--------------------------------------------------

2021-04-22 21:48:34,264 INFO    : ******************************当前种群位于第1代进化******************************
2021-04-22 21:48:36,041 INFO    : 个体off_spring_0113开始变异
2021-04-22 21:48:36,042 INFO    : 进行add变异:
2021-04-22 21:48:36,042 INFO    :     在第5个unit的4个位置添加一个block，block参数：cardinality:8，group_width:4，hasSENet:False
2021-04-22 21:48:36,042 INFO    :     添加到最后一个位置，修改out_channel:64
2021-04-22 21:48:36,042 INFO    : 个体off_spring_0118开始变异
2021-04-22 21:48:36,042 INFO    : 进行alter变异:
2021-04-22 21:48:36,042 INFO    :     修改第3个unit的4个位置上的block，block参数：cardinality:2，group_width:32，hasSENet:False
2021-04-22 21:48:36,042 INFO    :     修改最后一个位置，修改out_channel:128
2021-04-22 21:48:36,042 INFO    : 个体off_spring_0114开始变异
2021-04-22 21:48:36,042 INFO    : 进行alter变异:
2021-04-22 21:48:36,042 INFO    :     修改第4个unit的3个位置上的block，block参数：cardinality:64，group_width:4，hasSENet:False
2021-04-22 21:48:48,660 INFO    : 个体off_spring_0113的适应度NTK为：13.219
2021-04-22 21:49:00,368 INFO    : 个体off_spring_0118的适应度NTK为：11.343
2021-04-22 21:49:14,697 INFO    : 个体off_spring_0114的适应度NTK为：7.451
2021-04-22 21:49:14,699 INFO    : ******************************当前种群位于第2代进化******************************
2021-04-22 21:49:16,512 INFO    : 个体off_spring_0204开始变异
2021-04-22 21:49:16,512 INFO    : 进行alter变异:
2021-04-22 21:49:16,513 INFO    :     修改第2个unit的2个位置上的block，block参数：cardinality:32，group_width:8，hasSENet:False
2021-04-22 21:49:16,513 INFO    : 个体off_spring_0205开始变异
2021-04-22 21:49:16,513 INFO    : 进行alter变异:
2021-04-22 21:49:16,513 INFO    :     修改第3个unit的1个位置上的block，block参数：cardinality:32，group_width:32，hasSENet:True
2021-04-22 21:49:16,513 INFO    : 个体off_spring_0206开始变异
2021-04-22 21:49:16,513 INFO    : 进行alter变异:
2021-04-22 21:49:16,513 INFO    :     修改第2个unit的4个位置上的block，block参数：cardinality:64，group_width:4，hasSENet:False
2021-04-22 21:49:16,513 INFO    :     修改最后一个位置，修改out_channel:512
2021-04-22 21:49:16,513 INFO    :     修改下一个unit的in_channel:512
2021-04-22 21:49:40,382 INFO    : 个体off_spring_0204的适应度NTK为：33.001
2021-04-22 21:49:59,134 INFO    : 个体off_spring_0205的适应度NTK为：7.423
2021-04-22 21:50:14,519 INFO    : 个体off_spring_0206的适应度NTK为：7.062
2021-04-22 21:50:14,521 INFO    : ******************************当前种群位于第3代进化******************************
2021-04-22 21:50:16,311 INFO    : 个体off_spring_0309开始变异
2021-04-22 21:50:16,312 INFO    : 进行add变异:
2021-04-22 21:50:16,312 INFO    :     在第3个unit的2个位置添加一个block，block参数：cardinality:32，group_width:4，hasSENet:True
2021-04-22 21:50:16,312 INFO    : 个体off_spring_0311开始变异
2021-04-22 21:50:16,312 INFO    : 进行alter变异:
2021-04-22 21:50:16,312 INFO    :     修改第4个unit的4个位置上的block，block参数：cardinality:32，group_width:8，hasSENet:False
2021-04-22 21:50:16,312 INFO    :     修改最后一个位置，修改out_channel:512
2021-04-22 21:50:16,312 INFO    : 个体off_spring_0314开始变异
2021-04-22 21:50:16,312 INFO    : 进行add变异:
2021-04-22 21:50:16,312 INFO    :     在第3个unit的3个位置添加一个block，block参数：cardinality:8，group_width:4，hasSENet:True
2021-04-22 21:50:35,772 INFO    : 个体off_spring_0309的适应度NTK为：9.65
2021-04-22 21:50:51,773 INFO    : 个体off_spring_0311的适应度NTK为：5.385
2021-04-22 21:51:10,312 INFO    : 个体off_spring_0314的适应度NTK为：5.839
2021-04-22 21:51:10,314 INFO    : ******************************当前种群位于第4代进化******************************
2021-04-22 21:51:12,111 INFO    : 个体off_spring_0410开始变异
2021-04-22 21:51:12,111 INFO    : 进行add变异:
2021-04-22 21:51:12,111 INFO    :     在第5个unit的4个位置添加一个block，block参数：cardinality:16，group_width:32，hasSENet:False
2021-04-22 21:51:12,111 INFO    :     添加到最后一个位置，修改out_channel:1024
2021-04-22 21:51:12,111 INFO    : 个体off_spring_0413开始变异
2021-04-22 21:51:12,112 INFO    : 进行alter变异:
2021-04-22 21:51:12,112 INFO    :     修改第3个unit的1个位置上的block，block参数：cardinality:32，group_width:32，hasSENet:True
2021-04-22 21:51:12,112 INFO    : 个体off_spring_0414开始变异
2021-04-22 21:51:12,112 INFO    : 进行alter变异:
2021-04-22 21:51:12,112 INFO    :     修改第5个unit的2个位置上的block，block参数：cardinality:32，group_width:4，hasSENet:False
2021-04-22 21:51:28,465 INFO    : 个体off_spring_0410的适应度NTK为：25.104
2021-04-22 21:52:04,980 INFO    : 个体off_spring_0413的适应度NTK为：9.003
2021-04-22 21:52:19,117 INFO    : 个体off_spring_0414的适应度NTK为：7.518
2021-04-22 21:52:19,120 INFO    : ******************************当前种群位于第5代进化******************************
2021-04-22 21:52:20,879 INFO    : 个体off_spring_0501开始变异
2021-04-22 21:52:20,879 INFO    : 进行remove变异:
2021-04-22 21:52:20,879 INFO    :     删除第2个unit的1个位置上的block，block参数：cardinality:16，group_width:4，hasSENet:True
2021-04-22 21:52:20,879 INFO    : 个体off_spring_0504开始变异
2021-04-22 21:52:20,879 INFO    : 进行remove变异:
2021-04-22 21:52:20,879 INFO    :     删除第2个unit的1个位置上的block，block参数：cardinality:2，group_width:16，hasSENet:True
2021-04-22 21:52:20,879 INFO    : 个体off_spring_0506开始变异
2021-04-22 21:52:20,879 INFO    : 进行alter变异:
2021-04-22 21:52:20,880 INFO    :     修改第2个unit的2个位置上的block，block参数：cardinality:16，group_width:8，hasSENet:False
2021-04-22 21:52:34,660 INFO    : 个体off_spring_0501的适应度NTK为：6.891
2021-04-22 21:52:52,438 INFO    : 个体off_spring_0504的适应度NTK为：3.677
2021-04-22 21:53:06,684 INFO    : 个体off_spring_0506的适应度NTK为：6.359
2021-04-22 21:53:06,686 INFO    : ******************************当前种群位于第6代进化******************************
2021-04-22 21:53:08,448 INFO    : 个体off_spring_0602开始变异
2021-04-22 21:53:08,448 INFO    : 进行remove变异:
2021-04-22 21:53:08,448 INFO    :     删除第4个unit的4个位置上的block，block参数：cardinality:16，group_width:8，hasSENet:True
2021-04-22 21:53:08,448 INFO    :     删除最后一个位置，修改out_channel:256
2021-04-22 21:53:08,448 INFO    : 个体off_spring_0604开始变异
2021-04-22 21:53:08,448 INFO    : 进行alter变异:
2021-04-22 21:53:08,448 INFO    :     修改第2个unit的3个位置上的block，block参数：cardinality:64，group_width:4，hasSENet:True
2021-04-22 21:53:08,448 INFO    : 个体off_spring_0605开始变异
2021-04-22 21:53:08,448 INFO    : 进行remove变异:
2021-04-22 21:53:08,449 INFO    :     删除第2个unit的2个位置上的block，block参数：cardinality:8，group_width:8，hasSENet:False
2021-04-22 21:53:24,568 INFO    : 个体off_spring_0602的适应度NTK为：6.28
2021-04-22 21:53:38,741 INFO    : 个体off_spring_0604的适应度NTK为：6.121
2021-04-22 21:53:54,890 INFO    : 个体off_spring_0605的适应度NTK为：8.648
2021-04-22 21:53:54,892 INFO    : ******************************当前种群位于第7代进化******************************
2021-04-22 21:53:56,703 INFO    : 个体off_spring_0705开始变异
2021-04-22 21:53:56,704 INFO    : 进行remove变异:
2021-04-22 21:53:56,704 INFO    :     删除第4个unit的4个位置上的block，block参数：cardinality:16，group_width:8，hasSENet:True
2021-04-22 21:53:56,704 INFO    :     删除最后一个位置，修改out_channel:256
2021-04-22 21:53:56,704 INFO    : 个体off_spring_0707开始变异
2021-04-22 21:53:56,704 INFO    : 进行alter变异:
2021-04-22 21:53:56,704 INFO    :     修改第2个unit的4个位置上的block，block参数：cardinality:64，group_width:8，hasSENet:False
2021-04-22 21:53:56,704 INFO    :     修改最后一个位置，修改out_channel:1024
2021-04-22 21:53:56,704 INFO    :     修改下一个unit的in_channel:1024
2021-04-22 21:53:56,704 INFO    : 个体off_spring_0710开始变异
2021-04-22 21:53:56,704 INFO    : 进行alter变异:
2021-04-22 21:53:56,704 INFO    :     修改第5个unit的1个位置上的block，block参数：cardinality:8，group_width:4，hasSENet:False
2021-04-22 21:54:14,645 INFO    : 个体off_spring_0705的适应度NTK为：7.024
2021-04-22 21:54:31,464 INFO    : 个体off_spring_0707的适应度NTK为：5.952
2021-04-22 21:54:45,226 INFO    : 个体off_spring_0710的适应度NTK为：6.237
2021-04-22 21:54:45,228 INFO    : ******************************当前种群位于第8代进化******************************
2021-04-22 21:54:47,049 INFO    : 个体off_spring_0801开始变异
2021-04-22 21:54:47,050 INFO    : 进行add变异:
2021-04-22 21:54:47,050 INFO    :     在第4个unit的3个位置添加一个block，block参数：cardinality:16，group_width:2，hasSENet:False
2021-04-22 21:54:47,050 INFO    : 个体off_spring_0802开始变异
2021-04-22 21:54:47,050 INFO    : 进行remove变异:
2021-04-22 21:54:47,050 INFO    :     删除第3个unit的2个位置上的block，block参数：cardinality:16，group_width:4，hasSENet:False
2021-04-22 21:54:47,050 INFO    : 个体off_spring_0804开始变异
2021-04-22 21:54:47,050 INFO    : 进行alter变异:
2021-04-22 21:54:47,050 INFO    :     修改第2个unit的4个位置上的block，block参数：cardinality:8，group_width:32，hasSENet:True
2021-04-22 21:54:47,050 INFO    :     修改最后一个位置，修改out_channel:512
2021-04-22 21:54:47,050 INFO    :     修改下一个unit的in_channel:512
2021-04-22 21:55:01,985 INFO    : 个体off_spring_0801的适应度NTK为：5.259
2021-04-22 21:55:18,671 INFO    : 个体off_spring_0802的适应度NTK为：5.215
2021-04-22 21:55:32,666 INFO    : 个体off_spring_0804的适应度NTK为：6.27
2021-04-22 21:55:32,668 INFO    : ******************************当前种群位于第9代进化******************************
2021-04-22 21:55:34,473 INFO    : 个体off_spring_0902开始变异
2021-04-22 21:55:34,473 INFO    : 进行add变异:
2021-04-22 21:55:34,473 INFO    :     在第2个unit的4个位置添加一个block，block参数：cardinality:4，group_width:8，hasSENet:True
2021-04-22 21:55:34,473 INFO    :     添加到最后一个位置，修改out_channel:64
2021-04-22 21:55:34,473 INFO    :     修改下一个unit的in_channel:64
2021-04-22 21:55:53,239 INFO    : 个体off_spring_0902的适应度NTK为：6.806
2021-04-22 21:55:53,241 INFO    : ******************************当前种群位于第10代进化******************************
2021-04-22 21:55:55,075 INFO    : 个体off_spring_1010开始变异
2021-04-22 21:55:55,075 INFO    : 进行add变异:
2021-04-22 21:55:55,075 INFO    :     在第2个unit的3个位置添加一个block，block参数：cardinality:8，group_width:16，hasSENet:True
2021-04-22 21:56:16,216 INFO    : 个体off_spring_1010的适应度NTK为：7.721
2021-04-22 21:56:16,218 INFO    : ******************************当前种群位于第11代进化******************************
2021-04-22 21:56:17,941 INFO    : 个体off_spring_1116开始变异
2021-04-22 21:56:17,941 INFO    : 进行alter变异:
2021-04-22 21:56:17,941 INFO    :     修改第3个unit的2个位置上的block，block参数：cardinality:4，group_width:64，hasSENet:False
2021-04-22 21:56:33,299 INFO    : 个体off_spring_1116的适应度NTK为：4.64
2021-04-22 21:56:33,301 INFO    : ******************************当前种群位于第12代进化******************************
2021-04-22 21:56:35,102 INFO    : 个体off_spring_1204开始变异
2021-04-22 21:56:35,102 INFO    : 进行alter变异:
2021-04-22 21:56:35,102 INFO    :     修改第4个unit的2个位置上的block，block参数：cardinality:64，group_width:16，hasSENet:True
2021-04-22 21:56:55,813 INFO    : 个体off_spring_1204的适应度NTK为：4.469
2021-04-22 21:56:55,815 INFO    : ******************************当前种群位于第13代进化******************************
2021-04-22 21:56:57,581 INFO    : 个体off_spring_1319开始变异
2021-04-22 21:56:57,581 INFO    : 进行add变异:
2021-04-22 21:56:57,581 INFO    :     在第4个unit的2个位置添加一个block，block参数：cardinality:4，group_width:8，hasSENet:False
2021-04-22 21:57:10,515 INFO    : 个体off_spring_1319的适应度NTK为：6.91
2021-04-22 21:57:10,517 INFO    : ******************************当前种群位于第14代进化******************************
2021-04-22 21:57:12,339 INFO    : 个体off_spring_1419开始变异
2021-04-22 21:57:12,339 INFO    : 进行add变异:
2021-04-22 21:57:12,339 INFO    :     在第4个unit的2个位置添加一个block，block参数：cardinality:32，group_width:32，hasSENet:False
2021-04-22 21:57:29,653 INFO    : 个体off_spring_1419的适应度NTK为：7.408
2021-04-22 21:57:29,655 INFO    : ******************************当前种群位于第15代进化******************************
2021-04-22 21:57:31,385 INFO    : 个体off_spring_1519开始变异
2021-04-22 21:57:31,385 INFO    : 进行alter变异:
2021-04-22 21:57:31,385 INFO    :     修改第4个unit的4个位置上的block，block参数：cardinality:4，group_width:32，hasSENet:True
2021-04-22 21:57:31,385 INFO    :     修改最后一个位置，修改out_channel:256
2021-04-22 21:57:48,135 INFO    : 个体off_spring_1519的适应度NTK为：4.617
2021-04-22 21:57:48,137 INFO    : ******************************当前种群位于第16代进化******************************
2021-04-22 21:57:49,878 INFO    : 个体off_spring_1605开始变异
2021-04-22 21:57:49,879 INFO    : 进行alter变异:
2021-04-22 21:57:49,879 INFO    :     修改第3个unit的1个位置上的block，block参数：cardinality:64，group_width:2，hasSENet:True
2021-04-22 21:58:06,418 INFO    : 个体off_spring_1605的适应度NTK为：7.272
2021-04-22 21:58:06,420 INFO    : ******************************当前种群位于第17代进化******************************
2021-04-22 21:58:08,157 INFO    : 个体off_spring_1720开始变异
2021-04-22 21:58:08,157 INFO    : 进行remove变异:
2021-04-22 21:58:08,157 INFO    :     删除第2个unit的4个位置上的block，block参数：cardinality:8，group_width:4，hasSENet:True
2021-04-22 21:58:08,157 INFO    :     删除最后一个位置，修改out_channel:64
2021-04-22 21:58:08,157 INFO    :     修改下一个unit的in_channel:64
2021-04-22 21:58:22,501 INFO    : 个体off_spring_1720的适应度NTK为：6.658
2021-04-22 21:58:22,503 INFO    : ******************************当前种群位于第18代进化******************************
2021-04-22 21:58:24,257 INFO    : 个体off_spring_1806开始变异
2021-04-22 21:58:24,257 INFO    : 进行alter变异:
2021-04-22 21:58:24,257 INFO    :     修改第4个unit的4个位置上的block，block参数：cardinality:64，group_width:2，hasSENet:False
2021-04-22 21:58:24,257 INFO    :     修改最后一个位置，修改out_channel:256
2021-04-22 21:58:45,130 INFO    : 个体off_spring_1806的适应度NTK为：7.929
2021-04-22 21:58:45,132 INFO    : ******************************当前种群位于第19代进化******************************
2021-04-22 21:58:46,874 INFO    : 个体off_spring_1908开始变异
2021-04-22 21:58:46,875 INFO    : 进行alter变异:
2021-04-22 21:58:46,875 INFO    :     修改第4个unit的3个位置上的block，block参数：cardinality:16，group_width:16，hasSENet:False
2021-04-22 21:58:46,875 INFO    :     修改最后一个位置，修改out_channel:512
2021-04-22 21:58:46,875 INFO    : 个体off_spring_1915开始变异
2021-04-22 21:58:46,875 INFO    : 进行add变异:
2021-04-22 21:58:46,875 INFO    :     在第5个unit的2个位置添加一个block，block参数：cardinality:8，group_width:16，hasSENet:False
2021-04-22 21:58:46,875 INFO    : 个体off_spring_1920开始变异
2021-04-22 21:58:46,875 INFO    : 进行add变异:
2021-04-22 21:58:46,875 INFO    :     在第3个unit的2个位置添加一个block，block参数：cardinality:2，group_width:32，hasSENet:False
2021-04-22 21:59:01,971 INFO    : 个体off_spring_1908的适应度NTK为：5.377
2021-04-22 21:59:16,494 INFO    : 个体off_spring_1915的适应度NTK为：10.848
2021-04-22 21:59:31,228 INFO    : 个体off_spring_1920的适应度NTK为：6.71
2021-04-22 21:59:31,231 INFO    : ******************************当前种群位于第20代进化******************************
2021-04-22 21:59:32,939 INFO    : 个体off_spring_2004开始变异
2021-04-22 21:59:32,940 INFO    : 进行remove变异:
2021-04-22 21:59:32,940 INFO    :     删除第3个unit的3个位置上的block，block参数：cardinality:8，group_width:16，hasSENet:True
2021-04-22 21:59:32,940 INFO    : 个体off_spring_2007开始变异
2021-04-22 21:59:32,940 INFO    : 进行alter变异:
2021-04-22 21:59:32,940 INFO    :     修改第4个unit的3个位置上的block，block参数：cardinality:16，group_width:8，hasSENet:False
2021-04-22 21:59:32,940 INFO    :     修改最后一个位置，修改out_channel:256
2021-04-22 21:59:32,940 INFO    : 个体off_spring_2011开始变异
2021-04-22 21:59:32,940 INFO    : 进行remove变异:
2021-04-22 21:59:32,940 INFO    :     删除第4个unit的4个位置上的block，block参数：cardinality:16，group_width:8，hasSENet:False
2021-04-22 21:59:32,940 INFO    :     删除最后一个位置，修改out_channel:128
2021-04-22 21:59:47,345 INFO    : 个体off_spring_2004的适应度NTK为：7.844
2021-04-22 22:00:03,436 INFO    : 个体off_spring_2007的适应度NTK为：5.782
2021-04-22 22:00:16,825 INFO    : 个体off_spring_2011的适应度NTK为：6.543
2021-04-22 22:00:16,827 INFO    : ******************************当前种群位于第21代进化******************************
2021-04-22 22:00:18,624 INFO    : 个体off_spring_2106开始变异
2021-04-22 22:00:18,624 INFO    : 进行remove变异:
2021-04-22 22:00:18,626 INFO    :     删除第2个unit的1个位置上的block，block参数：cardinality:16，group_width:4，hasSENet:True
2021-04-22 22:00:18,626 INFO    : 个体off_spring_2107开始变异
2021-04-22 22:00:18,627 INFO    : 进行remove变异:
2021-04-22 22:00:18,627 INFO    :     删除第3个unit的1个位置上的block，block参数：cardinality:8，group_width:4，hasSENet:False
2021-04-22 22:00:18,627 INFO    : 个体off_spring_2109开始变异
2021-04-22 22:00:18,627 INFO    : 进行add变异:
2021-04-22 22:00:18,627 INFO    :     在第3个unit的4个位置添加一个block，block参数：cardinality:16，group_width:64，hasSENet:True
2021-04-22 22:00:18,627 INFO    :     添加到最后一个位置，修改out_channel:2048
2021-04-22 22:00:18,628 INFO    :     修改下一个unit的in_channel:2048
2021-04-22 22:00:33,180 INFO    : 个体off_spring_2106的适应度NTK为：5.56
2021-04-22 22:00:48,488 INFO    : 个体off_spring_2107的适应度NTK为：6.214
2021-04-22 22:01:08,632 INFO    : 个体off_spring_2109的适应度NTK为：8.067
2021-04-22 22:01:08,634 INFO    : ******************************当前种群位于第22代进化******************************
2021-04-22 22:01:10,353 INFO    : 个体off_spring_2202开始变异
2021-04-22 22:01:10,354 INFO    : 进行remove变异:
2021-04-22 22:01:10,354 INFO    :     删除第4个unit的1个位置上的block，block参数：cardinality:4，group_width:8，hasSENet:False
2021-04-22 22:01:10,354 INFO    : 个体off_spring_2203开始变异
2021-04-22 22:01:10,354 INFO    : 进行remove变异:
2021-04-22 22:01:10,354 INFO    :     删除第3个unit的4个位置上的block，block参数：cardinality:8，group_width:8，hasSENet:True
2021-04-22 22:01:10,354 INFO    :     删除最后一个位置，修改out_channel:64
2021-04-22 22:01:10,354 INFO    :     修改下一个unit的in_channel:64
2021-04-22 22:01:10,354 INFO    : 个体off_spring_2210开始变异
2021-04-22 22:01:10,354 INFO    : 进行alter变异:
2021-04-22 22:01:10,354 INFO    :     修改第3个unit的3个位置上的block，block参数：cardinality:2，group_width:32，hasSENet:False
2021-04-22 22:01:10,354 INFO    :     修改最后一个位置，修改out_channel:128
2021-04-22 22:01:10,354 INFO    :     修改下一个unit的in_channel:128
2021-04-22 22:01:33,529 INFO    : 个体off_spring_2202的适应度NTK为：6.909
2021-04-22 22:01:51,584 INFO    : 个体off_spring_2203的适应度NTK为：7.228
2021-04-22 22:02:07,799 INFO    : 个体off_spring_2210的适应度NTK为：6.687
2021-04-22 22:02:07,801 INFO    : ******************************当前种群位于第23代进化******************************
2021-04-22 22:02:09,535 INFO    : 个体off_spring_2303开始变异
2021-04-22 22:02:09,535 INFO    : 进行remove变异:
2021-04-22 22:02:09,535 INFO    :     删除第2个unit的2个位置上的block，block参数：cardinality:2，group_width:16，hasSENet:False
2021-04-22 22:02:09,535 INFO    : 个体off_spring_2304开始变异
2021-04-22 22:02:09,535 INFO    : 进行remove变异:
2021-04-22 22:02:09,535 INFO    :     删除第3个unit的3个位置上的block，block参数：cardinality:8，group_width:16，hasSENet:True
2021-04-22 22:02:09,535 INFO    : 个体off_spring_2305开始变异
2021-04-22 22:02:09,535 INFO    : 进行remove变异:
2021-04-22 22:02:09,535 INFO    :     删除第4个unit的1个位置上的block，block参数：cardinality:4，group_width:8，hasSENet:False
2021-04-22 22:02:26,832 INFO    : 个体off_spring_2303的适应度NTK为：4.693
2021-04-22 22:02:41,435 INFO    : 个体off_spring_2304的适应度NTK为：5.014
2021-04-22 22:02:58,329 INFO    : 个体off_spring_2305的适应度NTK为：5.05
2021-04-22 22:02:58,331 INFO    : ******************************当前种群位于第24代进化******************************
2021-04-22 22:03:00,048 INFO    : 个体off_spring_2402开始变异
2021-04-22 22:03:00,048 INFO    : 进行add变异:
2021-04-22 22:03:00,048 INFO    :     在第2个unit的1个位置添加一个block，block参数：cardinality:4，group_width:64，hasSENet:True
2021-04-22 22:03:00,048 INFO    : 个体off_spring_2406开始变异
2021-04-22 22:03:00,048 INFO    : 进行add变异:
2021-04-22 22:03:00,048 INFO    :     在第3个unit的2个位置添加一个block，block参数：cardinality:32，group_width:4，hasSENet:False
2021-04-22 22:03:00,048 INFO    : 个体off_spring_2416开始变异
2021-04-22 22:03:00,048 INFO    : 进行alter变异:
2021-04-22 22:03:00,049 INFO    :     修改第4个unit的2个位置上的block，block参数：cardinality:2，group_width:16，hasSENet:True
2021-04-22 22:03:28,617 INFO    : 个体off_spring_2402的适应度NTK为：5.029
2021-04-22 22:03:44,359 INFO    : 个体off_spring_2406的适应度NTK为：5.314
2021-04-22 22:03:58,599 INFO    : 个体off_spring_2416的适应度NTK为：7.361
2021-04-22 22:03:58,602 INFO    : ******************************当前种群位于第25代进化******************************
2021-04-22 22:04:00,407 INFO    : 个体off_spring_2502开始变异
2021-04-22 22:04:00,407 INFO    : 进行alter变异:
2021-04-22 22:04:00,408 INFO    :     修改第3个unit的1个位置上的block，block参数：cardinality:64，group_width:16，hasSENet:False
2021-04-22 22:04:00,408 INFO    : 个体off_spring_2510开始变异
2021-04-22 22:04:00,408 INFO    : 进行remove变异:
2021-04-22 22:04:00,408 INFO    :     删除第2个unit的2个位置上的block，block参数：cardinality:4，group_width:16，hasSENet:True
2021-04-22 22:04:00,408 INFO    : 个体off_spring_2514开始变异
2021-04-22 22:04:00,408 INFO    : 进行add变异:
2021-04-22 22:04:00,408 INFO    :     在第4个unit的4个位置添加一个block，block参数：cardinality:32，group_width:2，hasSENet:True
2021-04-22 22:04:00,408 INFO    :     添加到最后一个位置，修改out_channel:128
2021-04-22 22:04:41,577 INFO    : 个体off_spring_2502的适应度NTK为：6.353
2021-04-22 22:04:56,703 INFO    : 个体off_spring_2510的适应度NTK为：6.123
2021-04-22 22:05:12,853 INFO    : 个体off_spring_2514的适应度NTK为：5.081
2021-04-22 22:05:12,856 INFO    : ******************************当前种群位于第26代进化******************************
2021-04-22 22:05:14,686 INFO    : 个体off_spring_2611开始变异
2021-04-22 22:05:14,686 INFO    : 进行remove变异:
2021-04-22 22:05:14,686 INFO    :     删除第2个unit的1个位置上的block，block参数：cardinality:16，group_width:4，hasSENet:True
2021-04-22 22:05:14,686 INFO    : 个体off_spring_2612开始变异
2021-04-22 22:05:14,686 INFO    : 进行remove变异:
2021-04-22 22:05:14,686 INFO    :     删除第2个unit的1个位置上的block，block参数：cardinality:16，group_width:4，hasSENet:True
2021-04-22 22:05:14,686 INFO    : 个体off_spring_2613开始变异
2021-04-22 22:05:14,687 INFO    : 进行add变异:
2021-04-22 22:05:14,687 INFO    :     在第4个unit的4个位置添加一个block，block参数：cardinality:8，group_width:4，hasSENet:True
2021-04-22 22:05:14,687 INFO    :     添加到最后一个位置，修改out_channel:64
2021-04-22 22:05:29,034 INFO    : 个体off_spring_2611的适应度NTK为：5.01
2021-04-22 22:05:43,972 INFO    : 个体off_spring_2612的适应度NTK为：6.498
2021-04-22 22:06:00,516 INFO    : 个体off_spring_2613的适应度NTK为：4.737
2021-04-22 22:06:00,518 INFO    : ******************************当前种群位于第27代进化******************************
2021-04-22 22:06:02,284 INFO    : 个体off_spring_2701开始变异
2021-04-22 22:06:02,284 INFO    : 进行remove变异:
2021-04-22 22:06:02,284 INFO    :     删除第3个unit的2个位置上的block，block参数：cardinality:16，group_width:4，hasSENet:False
2021-04-22 22:06:02,284 INFO    : 个体off_spring_2704开始变异
2021-04-22 22:06:02,285 INFO    : 进行add变异:
2021-04-22 22:06:02,285 INFO    :     在第4个unit的3个位置添加一个block，block参数：cardinality:32，group_width:2，hasSENet:True
2021-04-22 22:06:02,285 INFO    : 个体off_spring_2710开始变异
2021-04-22 22:06:02,285 INFO    : 进行alter变异:
2021-04-22 22:06:02,285 INFO    :     修改第4个unit的1个位置上的block，block参数：cardinality:2，group_width:32，hasSENet:False
2021-04-22 22:06:18,769 INFO    : 个体off_spring_2701的适应度NTK为：5.404
2021-04-22 22:06:34,762 INFO    : 个体off_spring_2704的适应度NTK为：9.563
2021-04-22 22:06:51,584 INFO    : 个体off_spring_2710的适应度NTK为：10.462
2021-04-22 22:06:51,586 INFO    : ******************************当前种群位于第28代进化******************************
2021-04-22 22:06:53,326 INFO    : 个体off_spring_2801开始变异
2021-04-22 22:06:53,326 INFO    : 进行add变异:
2021-04-22 22:06:53,329 INFO    :     在第2个unit的4个位置添加一个block，block参数：cardinality:4，group_width:64，hasSENet:True
2021-04-22 22:06:53,329 INFO    :     添加到最后一个位置，修改out_channel:512
2021-04-22 22:06:53,329 INFO    :     修改下一个unit的in_channel:512
2021-04-22 22:06:53,330 INFO    : 个体off_spring_2802开始变异
2021-04-22 22:06:53,330 INFO    : 进行alter变异:
2021-04-22 22:06:53,330 INFO    :     修改第2个unit的1个位置上的block，block参数：cardinality:32，group_width:4，hasSENet:False
2021-04-22 22:06:53,330 INFO    : 个体off_spring_2804开始变异
2021-04-22 22:06:53,330 INFO    : 进行remove变异:
2021-04-22 22:06:53,330 INFO    :     删除第2个unit的4个位置上的block，block参数：cardinality:16，group_width:2，hasSENet:False
2021-04-22 22:06:53,330 INFO    :     删除最后一个位置，修改out_channel:512
2021-04-22 22:06:53,331 INFO    :     修改下一个unit的in_channel:512
2021-04-22 22:07:18,488 INFO    : 个体off_spring_2801的适应度NTK为：5.228
2021-04-22 22:07:41,130 INFO    : 个体off_spring_2802的适应度NTK为：4.357
2021-04-22 22:07:55,983 INFO    : 个体off_spring_2804的适应度NTK为：5.646
2021-04-22 22:07:55,986 INFO    : ******************************当前种群位于第29代进化******************************
2021-04-22 22:07:57,749 INFO    : 个体off_spring_2901开始变异
2021-04-22 22:07:57,749 INFO    : 进行alter变异:
2021-04-22 22:07:57,749 INFO    :     修改第4个unit的4个位置上的block，block参数：cardinality:32，group_width:16，hasSENet:True
2021-04-22 22:07:57,749 INFO    :     修改最后一个位置，修改out_channel:1024
2021-04-22 22:07:57,749 INFO    : 个体off_spring_2903开始变异
2021-04-22 22:07:57,749 INFO    : 进行alter变异:
2021-04-22 22:07:57,749 INFO    :     修改第4个unit的4个位置上的block，block参数：cardinality:16，group_width:16，hasSENet:True
2021-04-22 22:07:57,749 INFO    :     修改最后一个位置，修改out_channel:512
2021-04-22 22:07:57,749 INFO    : 个体off_spring_2907开始变异
2021-04-22 22:07:57,749 INFO    : 进行alter变异:
2021-04-22 22:07:57,750 INFO    :     修改第4个unit的4个位置上的block，block参数：cardinality:4，group_width:32，hasSENet:False
2021-04-22 22:07:57,750 INFO    :     修改最后一个位置，修改out_channel:256
2021-04-22 22:08:16,828 INFO    : 个体off_spring_2901的适应度NTK为：4.654
2021-04-22 22:08:37,724 INFO    : 个体off_spring_2903的适应度NTK为：4.967
2021-04-22 22:08:54,000 INFO    : 个体off_spring_2907的适应度NTK为：6.788
2021-04-22 22:08:54,003 INFO    : ******************************当前种群位于第30代进化******************************
2021-04-22 22:08:55,714 INFO    : 个体off_spring_3007开始变异
2021-04-22 22:08:55,715 INFO    : 进行add变异:
2021-04-22 22:08:55,715 INFO    :     在第2个unit的3个位置添加一个block，block参数：cardinality:32，group_width:8，hasSENet:False
2021-04-22 22:08:55,715 INFO    : 个体off_spring_3009开始变异
2021-04-22 22:08:55,716 INFO    : 进行remove变异:
2021-04-22 22:08:55,716 INFO    :     删除第4个unit的2个位置上的block，block参数：cardinality:64，group_width:16，hasSENet:True
2021-04-22 22:08:55,716 INFO    : 个体off_spring_3010开始变异
2021-04-22 22:08:55,716 INFO    : 进行remove变异:
2021-04-22 22:08:55,716 INFO    :     删除第4个unit的4个位置上的block，block参数：cardinality:8，group_width:4，hasSENet:True
2021-04-22 22:08:55,716 INFO    :     删除最后一个位置，修改out_channel:64
2021-04-22 22:09:21,087 INFO    : 个体off_spring_3007的适应度NTK为：16.189
2021-04-22 22:09:37,933 INFO    : 个体off_spring_3009的适应度NTK为：5.816
2021-04-22 22:09:51,802 INFO    : 个体off_spring_3010的适应度NTK为：7.321
2021-04-22 22:09:51,805 INFO    : --------------------------------------------------[种群进化结束]--------------------------------------------------

2021-04-22 22:09:51,805 INFO    : 最后一代个体：
2021-04-22 22:09:51,805 INFO    : [id:3001,unit_amount:4,conv_length:34,senet_amount:2,ntk:3.677,spantime:25,acc:-1.0,params:599914.0,FLOPs:228219936.0]
2021-04-22 22:09:51,805 INFO    : [id:3002,unit_amount:4,conv_length:31,senet_amount:3,ntk:4.357,spantime:2,acc:-1.0,params:4238570.0,FLOPs:438592672.0]
2021-04-22 22:09:51,805 INFO    : [id:3003,unit_amount:4,conv_length:31,senet_amount:3,ntk:4.469,spantime:18,acc:-1.0,params:4217834.0,FLOPs:417359008.0]
2021-04-22 22:09:51,805 INFO    : [id:3004,unit_amount:4,conv_length:37,senet_amount:5,ntk:4.617,spantime:15,acc:-1.0,params:633414.0,FLOPs:252229628.0]
2021-04-22 22:09:51,805 INFO    : [id:3005,unit_amount:4,conv_length:34,senet_amount:8,ntk:4.64,spantime:19,acc:-1.0,params:1170538.0,FLOPs:276370656.0]
2021-04-22 22:09:51,805 INFO    : [id:3006,unit_amount:4,conv_length:34,senet_amount:2,ntk:4.654,spantime:1,acc:-1.0,params:1652890.0,FLOPs:287333712.0]
2021-04-22 22:09:51,805 INFO    : [id:3007,unit_amount:4,conv_length:34,senet_amount:5,ntk:4.693,spantime:7,acc:-1.0,params:624454.0,FLOPs:243054588.0]
2021-04-22 22:09:51,805 INFO    : [id:3008,unit_amount:4,conv_length:37,senet_amount:8,ntk:4.737,spantime:4,acc:-1.0,params:1476714.0,FLOPs:295965920.0]
2021-04-22 22:09:51,805 INFO    : [id:3009,unit_amount:4,conv_length:31,senet_amount:3,ntk:4.967,spantime:1,acc:-1.0,params:4537082.0,FLOPs:436064176.0]
2021-04-22 22:09:51,805 INFO    : [id:3010,unit_amount:4,conv_length:34,senet_amount:7,ntk:5.01,spantime:4,acc:-1.0,params:706338.0,FLOPs:157146200.0]
2021-04-22 22:09:51,806 INFO    : [id:3011,unit_amount:4,conv_length:31,senet_amount:7,ntk:5.014,spantime:7,acc:-1.0,params:1077082.0,FLOPs:254604240.0]
2021-04-22 22:09:51,806 INFO    : [id:3012,unit_amount:4,conv_length:34,senet_amount:4,ntk:5.029,spantime:6,acc:-1.0,params:4667914.0,FLOPs:844162752.0]
2021-04-22 22:09:51,806 INFO    : [id:3013,unit_amount:4,conv_length:28,senet_amount:2,ntk:5.05,spantime:7,acc:-1.0,params:559338.0,FLOPs:218778656.0]
2021-04-22 22:09:51,806 INFO    : [id:3014,unit_amount:4,conv_length:37,senet_amount:8,ntk:5.081,spantime:5,acc:-1.0,params:1308846.0,FLOPs:285080996.0]
2021-04-22 22:09:51,806 INFO    : [id:3015,unit_amount:4,conv_length:31,senet_amount:2,ntk:5.215,spantime:22,acc:-1.0,params:551786.0,FLOPs:215899168.0]
2021-04-22 22:09:51,806 INFO    : [id:3016,unit_amount:4,conv_length:37,senet_amount:3,ntk:5.228,spantime:2,acc:-1.0,params:1136010.0,FLOPs:655023680.0]
2021-04-22 22:09:51,806 INFO    : [id:3017,unit_amount:4,conv_length:37,senet_amount:8,ntk:5.259,spantime:22,acc:-1.0,params:727722.0,FLOPs:162063584.0]
2021-04-22 22:09:51,806 INFO    : [id:3018,unit_amount:4,conv_length:34,senet_amount:7,ntk:5.314,spantime:6,acc:-1.0,params:1288026.0,FLOPs:308605904.0]
2021-04-22 22:09:51,806 INFO    : [id:3019,unit_amount:4,conv_length:34,senet_amount:7,ntk:5.377,spantime:11,acc:-1.0,params:1427878.0,FLOPs:292594716.0]
2021-04-22 22:09:51,806 INFO    : [id:3020,unit_amount:4,conv_length:31,senet_amount:2,ntk:5.404,spantime:3,acc:-1.0,params:551786.0,FLOPs:215899168.0]
2021-04-22 22:09:51,808 INFO    : --------------------------------------------------[训练前10个体]--------------------------------------------------

2021-04-22 22:09:52,946 INFO    : 个体3001开始训练
2021-04-23 00:21:17,760 INFO    : 个体3001的适应度为acc：94.420%
2021-04-23 00:21:17,766 INFO    : [id:3001,unit_amount:4,conv_length:34,senet_amount:2,ntk:3.677,spantime:25,acc:94.42,params:599914.0,FLOPs:228219936.0]
2021-04-23 00:21:18,841 INFO    : 个体3002开始训练
2021-04-23 03:14:17,552 INFO    : 个体3002的适应度为acc：94.940%
2021-04-23 03:14:17,559 INFO    : [id:3002,unit_amount:4,conv_length:31,senet_amount:3,ntk:4.357,spantime:2,acc:94.94,params:4238570.0,FLOPs:438592672.0]
2021-04-23 03:14:18,654 INFO    : 个体3003开始训练
2021-04-23 05:52:11,821 INFO    : 个体3003的适应度为acc：94.850%
2021-04-23 05:52:11,826 INFO    : [id:3003,unit_amount:4,conv_length:31,senet_amount:3,ntk:4.469,spantime:18,acc:94.85,params:4217834.0,FLOPs:417359008.0]
2021-04-23 05:52:12,800 INFO    : 个体3004开始训练
2021-04-23 07:34:14,316 INFO    : 个体3004的适应度为acc：94.690%
2021-04-23 07:34:14,322 INFO    : [id:3004,unit_amount:4,conv_length:37,senet_amount:5,ntk:4.617,spantime:15,acc:94.69,params:633414.0,FLOPs:252229628.0]
2021-04-23 07:34:15,352 INFO    : 个体3005开始训练
2021-04-23 09:03:54,637 INFO    : 个体3005的适应度为acc：94.260%
2021-04-23 09:03:54,644 INFO    : [id:3005,unit_amount:4,conv_length:34,senet_amount:8,ntk:4.64,spantime:19,acc:94.26,params:1170538.0,FLOPs:276370656.0]
2021-04-23 09:03:55,676 INFO    : 个体3006开始训练
2021-04-23 10:49:59,810 INFO    : 个体3006的适应度为acc：94.670%
2021-04-23 10:49:59,815 INFO    : [id:3006,unit_amount:4,conv_length:34,senet_amount:2,ntk:4.654,spantime:1,acc:94.67,params:1652890.0,FLOPs:287333712.0]
2021-04-23 10:50:00,814 INFO    : 个体3007开始训练
2021-04-23 12:27:09,565 INFO    : 个体3007的适应度为acc：94.460%
2021-04-23 12:27:09,571 INFO    : [id:3007,unit_amount:4,conv_length:34,senet_amount:5,ntk:4.693,spantime:7,acc:94.46,params:624454.0,FLOPs:243054588.0]
2021-04-23 12:27:10,586 INFO    : 个体3008开始训练
2021-04-23 14:02:13,659 INFO    : 个体3008的适应度为acc：94.860%
2021-04-23 14:02:13,665 INFO    : [id:3008,unit_amount:4,conv_length:37,senet_amount:8,ntk:4.737,spantime:4,acc:94.86,params:1476714.0,FLOPs:295965920.0]
2021-04-23 14:02:14,730 INFO    : 个体3009开始训练
2021-04-23 16:06:52,518 INFO    : 个体3009的适应度为acc：94.890%
2021-04-23 16:06:52,523 INFO    : [id:3009,unit_amount:4,conv_length:31,senet_amount:3,ntk:4.967,spantime:1,acc:94.89,params:4537082.0,FLOPs:436064176.0]
2021-04-23 16:06:53,531 INFO    : 个体3010开始训练
2021-04-23 17:27:12,499 INFO    : 个体3010的适应度为acc：93.780%
2021-04-23 17:27:12,504 INFO    : [id:3010,unit_amount:4,conv_length:34,senet_amount:7,ntk:5.01,spantime:4,acc:93.78,params:706338.0,FLOPs:157146200.0]
2021-04-23 17:27:12,505 INFO    : --------------------------------------------------[个体训练结束]--------------------------------------------------
