2021.4.21:
    **改进
    1.完成首次实验，效果符合预期
    **问题
    1.NTK和acc的关联性仍有待研究，只训练最后一代的前k个个体，样本太少
    2.只依靠变异对于个体的conv长度的改变小。
    
2021.4.22:
    **改进v4.22
    1.增加个体参数量和FLOPs的计算
    2.训练最后一代的所有个体：为了观察NTK和acc的关联性
    3.NTK只是用一个batch_size的训练集，V4.21使用batch_size=128时评估个体耗时3m，改成batch_size=32时，与原始的ntk差别不大，评估个体仅耗时30s，后续使用32
    
2021.4.23:
    **v4.22总结
    1.增加特征通道数对精度的提高作用更大（比SENet大），但同时会带来参数量暴增的问题。
    2.最后一代的高精度个体之间为变异关系（保留到最后一代的个体[0~20]，个体2是由个体3变异而来，个体3是由个体5变异而来....，所以变异是开发，搜索空间的探索还是靠初始化个体
    3.
    **改进v4.23
    1.增加训练轮次200--->300，比较原来的lr衰变规则和cosine衰变规则的效果
    2.提高c*g的下限 32--->64
    3.增加种群的个数:20--->40; 增加进化轮次（提高探索能力） :30-->50

2021.4.27:
    **v4.23总结
    1.种群的整体精度变高（都突破95%），但是参数量变大，训练时间变长
    2.按照课题组的学习率衰变规则更加有效（比cosine好），改用课题组的学习率衰变规则
    **改进v4.27
    1.降低c*g的下限,降低参数量，同时可以保证个体的精度（v4.21表示参数量低的个体也有好的表现）：64--->32
    2.增加以寿命为标准淘汰个体的个体数量：1--->2
    3.保存初始化的个体，选取ntk大的测试精度，验证是否存在“ntk大精度低”的关系

2021.4.28:
    **v4.27总结
    1.证实“ntk大精度低”的关系：t4.27中有ntk=38，acc=90.090;ntk=27.105,acc=92.440;ntk=21.838,acc=90.710,ntk=29.007,acc=92.73;ntk=17.186,acc=93.76;ntk=27.359,acc=93.63;ntk=63.643,acc=91.8
    2.证实通道数对个体精度影响很大
    3.第二阶段淘汰的个数过多（2）会淘汰掉过多的优秀个体，所以需要控制该阶段的淘汰个数
    **改进v4.28
    1.提高c*g的上限：32--->64
    2.去除第二阶段（以寿命为标准淘汰个体）

2021.4.29:
    **v4.28总结
    1.去除第二阶段后个体的平均精度降低，说明加入以寿命为标准淘汰个体的阶段可以增加个体的多样性，也有助于提高个体的精度。
    **改进v4.29
    1.增加进化轮次:50-->100,扩大搜索空间，增加种群多样性
    2.一阶段：30；二阶段：65

2021.5.6:
    **v4.29总结
    1.增加进化轮次的作用不太明显
    **改进v5.6:
    1.去除第三阶段，其余设置与v4.28保持一致，验证第二阶段的作用
    2.group_width的最小值更新为4： "group_width":[4,8,16,32,64]，同时修改个体生成时选取cardinality和group_width时的bug:c的64的gw的64不会被选中
    **改进v5.6_1:
    1.与v4.23设置保持一致，重复实验，试图获得更好的个体
    2.1.改进"group_width":[4,8,16,32,64]-->[4]*5+[8]*5+[16]*5+[32]*5+[64]*1（生成个体时和变异时都使用64，所以参数量会变大）
    2.2.改进"cardinality":[2,4,8,16,32,64]-->[2]*5+[4]*5+[8]*5+[16]*5+[32]*5+[64]*1

2021.5.9:
    **v5.6总结
    1.参数量过大，训练精度提升的效果也不好，训练时间过长，性价比不高，提前关闭
    **v5.6_1总结
    1.对比v4.23，gw和c引入了64，搜索空间变大，可以找到更好的解（更高的精度，但是更多的参数量）
    **改进v5.9
    1.增加第二阶段的过渡状态实验，继续验证第二阶段的有效性：division2：22
    2.生成个体时c和gw不考虑64，变异时考虑。"cardinality": [2]*5+[4]*5+[8]*5+[16]*5+[32]*5+[64]*2;"group_width":[4]*5+[8]*5+[16]*5+[32]*5+[64]*2

2021.5.15:
    **v5.9总结
    #NOTE 1.division2:22的种群整体效果比没有第二阶段时要好，符合实验预期
    **改进v5.15
    1.在v5.9的基础设置上，只修改division2，增加第二阶段的过渡状态实验，继续验证第二阶段的有效性：division2：38
    **改进v5.15_1
    1.设置第二阶段division2：30，在生成个体阶段修改c和gw的概率（不使用64，降低选到32的概率），变异时增加64的概率，目的是为了降低种群整体的参数量，但增加搜索空间的开发性
        "cardinality": [2]*5+[4]*5+[8]*5+[16]*5+[32]*3+[64]*3
        "group_width":[4]*5+[8]*5+[16]*5+[32]*3+[64]*3

2021.5.19:
    **v5.15总结
    #NOTE 1.division2:38的种群整体效果比divison:30差，说明第二阶段过长会淘汰掉过多的优秀个体，不宜过长，符合实验预期
    **v5.15_1总结
    #NOTE v5.15_1与v4.23的设置除了g和cw概率外都相同，种群整体质量优秀（除了个体参数偏大）侧面验证division2:30的效果
    **改进v5.19
    1.维持v5.15的设置，只更改第二阶段division2：45，继续[第二阶段验证的对比组实验]

2021.5.20：
    **v5.19总结
    生成种群时的cardinality和group_width概率过大，与[证明第二阶段有效性]实验组不符，需要改进概率

    #TODO cifar100实验--v5.20
    1.调整c和gw的概率：
    init_cardinality:[2, 2, 2, 2, 2, 4, 4, 4, 4, 4, 8, 8, 8, 8, 8, 16, 16, 16, 16, 16, 32]
    init_group_width:[4, 4, 4, 4, 4, 8, 8, 8, 8, 8, 16, 16, 16, 16, 16, 32]
    mutate_cardinality:[2, 2, 2, 2, 2, 4, 4, 4, 4, 4, 8, 8, 8, 8, 8, 16, 16, 16, 16, 16, 32, 32, 32, 64, 64, 64]
    mutate_group_width:[4, 4, 4, 4, 4, 8, 8, 8, 8, 8, 16, 16, 16, 16, 16, 32, 32, 32, 64, 64, 64]
    使得生成个体时32只占小部分比例(1/5)，变异时提高32和64比例（模仿v4.23）。
    #TODO 目的：降低种群整体的参数量，同时通过变异在增加有限的参数量的情况下提升网络的精度，获得更优的个体。
    2.其余设置和v4.23保持一致，训练CIFAR100("ntk_batch_size":32)
    
    v5.20_1
    设置和v4.23保持一致，训练CIFAR100("ntk_batch_size":64)，和v5.20比较确定ntk_batch_size（128太大，显存不足）

2021.5.23:
    **v5.20和v5.20_1总结
    ntk_batch_size=32效果最好，而且cifar100的效果很好

    **v5.23实验
    1.维持v5.15的设置，只更改第二阶段division2：45，继续[第二阶段验证的对比组实验]





