2021-05-06 14:37:28,620 INFO    : --------------------------------------------------[种群初始化]--------------------------------------------------

2021-05-06 14:38:07,080 INFO    : 个体0101的适应度NTK为：7.251
2021-05-06 14:38:39,809 INFO    : 个体0102的适应度NTK为：11.342
2021-05-06 14:38:56,922 INFO    : 个体0103的适应度NTK为：8.176
2021-05-06 14:39:22,769 INFO    : 个体0104的适应度NTK为：15.502
2021-05-06 14:39:56,595 INFO    : 个体0105的适应度NTK为：5.093
2021-05-06 14:40:51,701 INFO    : 个体0106的适应度NTK为：7.041
2021-05-06 14:41:13,868 INFO    : 个体0107的适应度NTK为：18.797
2021-05-06 14:41:31,913 INFO    : 个体0108的适应度NTK为：5.201
2021-05-06 14:42:17,557 INFO    : 个体0109的适应度NTK为：5.378
2021-05-06 14:44:00,955 INFO    : 个体0110的适应度NTK为：6.625
2021-05-06 14:44:25,255 INFO    : 个体0111的适应度NTK为：8.088
2021-05-06 14:44:52,796 INFO    : 个体0112的适应度NTK为：5.845
2021-05-06 14:45:11,311 INFO    : 个体0113的适应度NTK为：11.586
2021-05-06 14:46:26,085 INFO    : 个体0114的适应度NTK为：4.91
2021-05-06 14:46:49,450 INFO    : 个体0115的适应度NTK为：5.798
2021-05-06 14:47:01,093 INFO    : 个体0116的适应度NTK为：94.573
2021-05-06 14:47:23,902 INFO    : 个体0117的适应度NTK为：21.721
2021-05-06 14:47:46,355 INFO    : 个体0118的适应度NTK为：6.652
2021-05-06 14:48:03,235 INFO    : 个体0119的适应度NTK为：27.907
2021-05-06 14:48:19,121 INFO    : 个体0120的适应度NTK为：29.503
2021-05-06 14:49:01,728 INFO    : 个体0121的适应度NTK为：5.476
2021-05-06 14:49:33,614 INFO    : 个体0122的适应度NTK为：6.74
2021-05-06 14:49:49,799 INFO    : 个体0123的适应度NTK为：6.005
2021-05-06 14:50:10,546 INFO    : 个体0124的适应度NTK为：9.066
2021-05-06 14:50:41,143 INFO    : 个体0125的适应度NTK为：6.291
2021-05-06 14:51:35,301 INFO    : 个体0126的适应度NTK为：9.719
2021-05-06 14:51:57,766 INFO    : 个体0127的适应度NTK为：6.366
2021-05-06 14:53:02,386 INFO    : 个体0128的适应度NTK为：7.606
2021-05-06 14:53:51,438 INFO    : 个体0129的适应度NTK为：4.13
2021-05-06 14:54:08,243 INFO    : 个体0130的适应度NTK为：8.108
2021-05-06 14:54:23,223 INFO    : 个体0131的适应度NTK为：13.111
2021-05-06 14:54:39,162 INFO    : 个体0132的适应度NTK为：7.309
2021-05-06 14:54:56,663 INFO    : 个体0133的适应度NTK为：6.634
2021-05-06 14:55:13,411 INFO    : 个体0134的适应度NTK为：19.494
2021-05-06 14:55:59,207 INFO    : 个体0135的适应度NTK为：5.116
2021-05-06 14:56:35,699 INFO    : 个体0136的适应度NTK为：6.496
2021-05-06 14:57:28,413 INFO    : 个体0137的适应度NTK为：6.392
2021-05-06 14:57:55,555 INFO    : 个体0138的适应度NTK为：4.792
2021-05-06 14:59:05,269 INFO    : 个体0139的适应度NTK为：5.674
2021-05-06 14:59:29,656 INFO    : 个体0140的适应度NTK为：5.87
2021-05-06 14:59:29,660 INFO    : --------------------------------------------------[种群开始进化]--------------------------------------------------

2021-05-06 14:59:29,660 INFO    : ******************************当前种群位于第1代进化******************************
2021-05-06 14:59:31,406 INFO    : 个体off_spring_0129开始变异
2021-05-06 14:59:31,407 INFO    : 进行alter变异:
2021-05-06 14:59:31,407 INFO    :     修改第3个unit的3个位置上的block，block参数：cardinality:16，group_width:32，hasSENet:True
2021-05-06 14:59:31,407 INFO    :     修改最后一个位置，修改out_channel:1024
2021-05-06 14:59:31,407 INFO    :     修改下一个unit的in_channel:1024
2021-05-06 14:59:31,407 INFO    : 个体off_spring_0102开始变异
2021-05-06 14:59:31,407 INFO    : 进行add变异:
2021-05-06 14:59:31,407 INFO    :     在第2个unit的2个位置添加一个block，block参数：cardinality:32，group_width:32，hasSENet:False
2021-05-06 14:59:31,407 INFO    : 个体off_spring_0131开始变异
2021-05-06 14:59:31,407 INFO    : 进行add变异:
2021-05-06 14:59:31,407 INFO    :     在第2个unit的2个位置添加一个block，block参数：cardinality:64，group_width:4，hasSENet:True
2021-05-06 15:00:27,170 INFO    : 个体off_spring_0129的适应度NTK为：5.799
2021-05-06 15:01:05,216 INFO    : 个体off_spring_0102的适应度NTK为：4.077
2021-05-06 15:01:21,144 INFO    : 个体off_spring_0131的适应度NTK为：15.967
2021-05-06 15:01:21,146 INFO    : ******************************当前种群位于第2代进化******************************
2021-05-06 15:01:22,942 INFO    : 个体off_spring_0208开始变异
2021-05-06 15:01:22,942 INFO    : 进行add变异:
2021-05-06 15:01:22,942 INFO    :     在第4个unit的4个位置添加一个block，block参数：cardinality:8，group_width:16，hasSENet:False
2021-05-06 15:01:22,942 INFO    :     添加到最后一个位置，修改out_channel:256
2021-05-06 15:01:22,943 INFO    :     修改下一个unit的in_channel:256
2021-05-06 15:01:22,943 INFO    : 个体off_spring_0218开始变异
2021-05-06 15:01:22,943 INFO    : 进行alter变异:
2021-05-06 15:01:22,943 INFO    :     修改第5个unit的3个位置上的block，block参数：cardinality:2，group_width:32，hasSENet:True
2021-05-06 15:01:22,943 INFO    : 个体off_spring_0224开始变异
2021-05-06 15:01:22,943 INFO    : 进行remove变异:
2021-05-06 15:01:22,943 INFO    :     删除第4个unit的2个位置上的block，block参数：cardinality:32，group_width:4，hasSENet:False
2021-05-06 15:02:10,005 INFO    : 个体off_spring_0208的适应度NTK为：6.143
2021-05-06 15:03:02,737 INFO    : 个体off_spring_0218的适应度NTK为：7.723
2021-05-06 15:03:55,507 INFO    : 个体off_spring_0224的适应度NTK为：6.435
2021-05-06 15:03:55,509 INFO    : ******************************当前种群位于第3代进化******************************
2021-05-06 15:03:57,260 INFO    : 个体off_spring_0304开始变异
2021-05-06 15:03:57,260 INFO    : 进行remove变异:
2021-05-06 15:03:57,261 INFO    :     删除第3个unit的4个位置上的block，block参数：cardinality:16，group_width:64，hasSENet:True
2021-05-06 15:03:57,261 INFO    :     删除最后一个位置，修改out_channel:128
2021-05-06 15:03:57,261 INFO    :     修改下一个unit的in_channel:128
2021-05-06 15:03:57,261 INFO    : 个体off_spring_0315开始变异
2021-05-06 15:03:57,261 INFO    : 进行remove变异:
2021-05-06 15:03:57,261 INFO    :     删除第2个unit的2个位置上的block，block参数：cardinality:16，group_width:8，hasSENet:False
2021-05-06 15:03:57,261 INFO    : 个体off_spring_0317开始变异
2021-05-06 15:03:57,261 INFO    : 进行remove变异:
2021-05-06 15:03:57,261 INFO    :     删除第2个unit的2个位置上的block，block参数：cardinality:2，group_width:32，hasSENet:True
2021-05-06 15:05:06,424 INFO    : 个体off_spring_0304的适应度NTK为：4.43
2021-05-06 15:05:22,583 INFO    : 个体off_spring_0315的适应度NTK为：9.257
2021-05-06 15:05:55,948 INFO    : 个体off_spring_0317的适应度NTK为：6.709
2021-05-06 15:05:55,950 INFO    : ******************************当前种群位于第4代进化******************************
2021-05-06 15:05:57,716 INFO    : 个体off_spring_0410开始变异
2021-05-06 15:05:57,716 INFO    : 进行remove变异:
2021-05-06 15:05:57,716 INFO    :     删除第5个unit的2个位置上的block，block参数：cardinality:8，group_width:16，hasSENet:False
2021-05-06 15:05:57,716 INFO    : 个体off_spring_0413开始变异
2021-05-06 15:05:57,716 INFO    : 进行alter变异:
2021-05-06 15:05:57,716 INFO    :     修改第5个unit的1个位置上的block，block参数：cardinality:16，group_width:64，hasSENet:True
2021-05-06 15:05:57,716 INFO    : 个体off_spring_0432开始变异
2021-05-06 15:05:57,716 INFO    : 进行alter变异:
2021-05-06 15:05:57,716 INFO    :     修改第4个unit的1个位置上的block，block参数：cardinality:32，group_width:8，hasSENet:False
2021-05-06 15:06:40,941 INFO    : 个体off_spring_0410的适应度NTK为：5.408
2021-05-06 15:07:38,117 INFO    : 个体off_spring_0413的适应度NTK为：4.707
2021-05-06 15:08:26,576 INFO    : 个体off_spring_0432的适应度NTK为：9.095
2021-05-06 15:08:26,578 INFO    : ******************************当前种群位于第5代进化******************************
2021-05-06 15:08:28,307 INFO    : 个体off_spring_0507开始变异
2021-05-06 15:08:28,307 INFO    : 进行alter变异:
2021-05-06 15:08:28,307 INFO    :     修改第5个unit的3个位置上的block，block参数：cardinality:4，group_width:64，hasSENet:True
2021-05-06 15:08:28,307 INFO    : 个体off_spring_0511开始变异
2021-05-06 15:08:28,307 INFO    : 进行remove变异:
2021-05-06 15:08:28,307 INFO    :     删除第3个unit的3个位置上的block，block参数：cardinality:32，group_width:8，hasSENet:False
2021-05-06 15:08:28,307 INFO    : 个体off_spring_0512开始变异
2021-05-06 15:08:28,307 INFO    : 进行remove变异:
2021-05-06 15:08:28,308 INFO    :     删除第5个unit的4个位置上的block，block参数：cardinality:2，group_width:64，hasSENet:True
2021-05-06 15:08:28,308 INFO    :     删除最后一个位置，修改out_channel:128
2021-05-06 15:09:03,597 INFO    : 个体off_spring_0507的适应度NTK为：5.742
2021-05-06 15:09:43,294 INFO    : 个体off_spring_0511的适应度NTK为：6.376
2021-05-06 15:10:27,441 INFO    : 个体off_spring_0512的适应度NTK为：5.869
2021-05-06 15:10:27,443 INFO    : ******************************当前种群位于第6代进化******************************
2021-05-06 15:10:29,167 INFO    : 个体off_spring_0606开始变异
2021-05-06 15:10:29,167 INFO    : 进行add变异:
2021-05-06 15:10:29,167 INFO    :     在第2个unit的1个位置添加一个block，block参数：cardinality:8，group_width:8，hasSENet:False
2021-05-06 15:10:29,167 INFO    : 个体off_spring_0609开始变异
2021-05-06 15:10:29,167 INFO    : 进行alter变异:
2021-05-06 15:10:29,167 INFO    :     修改第2个unit的3个位置上的block，block参数：cardinality:8，group_width:8，hasSENet:False
2021-05-06 15:10:29,167 INFO    :     修改最后一个位置，修改out_channel:128
2021-05-06 15:10:29,167 INFO    :     修改下一个unit的in_channel:128
2021-05-06 15:10:29,167 INFO    : 个体off_spring_0628开始变异
2021-05-06 15:10:29,167 INFO    : 进行remove变异:
2021-05-06 15:10:29,167 INFO    :     删除第3个unit的1个位置上的block，block参数：cardinality:32，group_width:32，hasSENet:True
2021-05-06 15:11:48,555 INFO    : 个体off_spring_0606的适应度NTK为：4.44
2021-05-06 15:12:04,743 INFO    : 个体off_spring_0609的适应度NTK为：8.101
2021-05-06 15:13:28,507 INFO    : 个体off_spring_0628的适应度NTK为：9.635
2021-05-06 15:13:28,509 INFO    : ******************************当前种群位于第7代进化******************************
2021-05-06 15:13:30,239 INFO    : 个体off_spring_0702开始变异
2021-05-06 15:13:30,239 INFO    : 进行add变异:
2021-05-06 15:13:30,239 INFO    :     在第3个unit的4个位置添加一个block，block参数：cardinality:32，group_width:8，hasSENet:True
2021-05-06 15:13:30,239 INFO    :     添加到最后一个位置，修改out_channel:512
2021-05-06 15:13:30,239 INFO    :     修改下一个unit的in_channel:512
2021-05-06 15:13:30,239 INFO    : 个体off_spring_0713开始变异
2021-05-06 15:13:30,239 INFO    : 进行alter变异:
2021-05-06 15:13:30,239 INFO    :     修改第4个unit的1个位置上的block，block参数：cardinality:4，group_width:16，hasSENet:False
2021-05-06 15:13:30,239 INFO    : 个体off_spring_0715开始变异
2021-05-06 15:13:30,239 INFO    : 进行alter变异:
2021-05-06 15:13:30,239 INFO    :     修改第3个unit的2个位置上的block，block参数：cardinality:16，group_width:64，hasSENet:False
2021-05-06 15:14:22,522 INFO    : 个体off_spring_0702的适应度NTK为：4.606
2021-05-06 15:15:06,232 INFO    : 个体off_spring_0713的适应度NTK为：8.689
2021-05-06 15:15:41,502 INFO    : 个体off_spring_0715的适应度NTK为：5.978
2021-05-06 15:15:41,504 INFO    : ******************************当前种群位于第8代进化******************************
2021-05-06 15:15:43,240 INFO    : 个体off_spring_0801开始变异
2021-05-06 15:15:43,240 INFO    : 进行remove变异:
2021-05-06 15:15:43,241 INFO    :     删除第2个unit的4个位置上的block，block参数：cardinality:64，group_width:8，hasSENet:True
2021-05-06 15:15:43,241 INFO    :     删除最后一个位置，修改out_channel:256
2021-05-06 15:15:43,241 INFO    :     修改下一个unit的in_channel:256
2021-05-06 15:15:43,241 INFO    : 个体off_spring_0802开始变异
2021-05-06 15:15:43,241 INFO    : 进行alter变异:
2021-05-06 15:15:43,241 INFO    :     修改第4个unit的1个位置上的block，block参数：cardinality:8，group_width:32，hasSENet:True
2021-05-06 15:15:43,241 INFO    : 个体off_spring_0829开始变异
2021-05-06 15:15:43,241 INFO    : 进行remove变异:
2021-05-06 15:15:43,241 INFO    :     删除第3个unit的3个位置上的block，block参数：cardinality:8，group_width:32，hasSENet:False
2021-05-06 15:16:19,044 INFO    : 个体off_spring_0801的适应度NTK为：5.994
2021-05-06 15:17:07,497 INFO    : 个体off_spring_0802的适应度NTK为：5.994
2021-05-06 15:17:59,054 INFO    : 个体off_spring_0829的适应度NTK为：6.222
2021-05-06 15:17:59,057 INFO    : ******************************当前种群位于第9代进化******************************
2021-05-06 15:18:00,744 INFO    : 个体off_spring_0908开始变异
2021-05-06 15:18:00,744 INFO    : 进行remove变异:
2021-05-06 15:18:00,744 INFO    :     删除第3个unit的4个位置上的block，block参数：cardinality:16，group_width:64，hasSENet:True
2021-05-06 15:18:00,744 INFO    :     删除最后一个位置，修改out_channel:128
2021-05-06 15:18:00,745 INFO    :     修改下一个unit的in_channel:128
2021-05-06 15:18:00,745 INFO    : 个体off_spring_0911开始变异
2021-05-06 15:18:00,745 INFO    : 进行remove变异:
2021-05-06 15:18:00,745 INFO    :     删除第3个unit的2个位置上的block，block参数：cardinality:64，group_width:8，hasSENet:True
2021-05-06 15:18:00,745 INFO    : 个体off_spring_0919开始变异
2021-05-06 15:18:00,745 INFO    : 进行alter变异:
2021-05-06 15:18:00,745 INFO    :     修改第3个unit的2个位置上的block，block参数：cardinality:2，group_width:64，hasSENet:False
2021-05-06 15:19:10,373 INFO    : 个体off_spring_0908的适应度NTK为：7.087
2021-05-06 15:19:25,258 INFO    : 个体off_spring_0911的适应度NTK为：5.516
2021-05-06 15:19:51,079 INFO    : 个体off_spring_0919的适应度NTK为：6.883
2021-05-06 15:19:51,082 INFO    : ******************************当前种群位于第10代进化******************************
2021-05-06 15:19:52,802 INFO    : 个体off_spring_1018开始变异
2021-05-06 15:19:52,802 INFO    : 进行remove变异:
2021-05-06 15:19:52,802 INFO    :     删除第3个unit的4个位置上的block，block参数：cardinality:16，group_width:64，hasSENet:False
2021-05-06 15:19:52,803 INFO    :     删除最后一个位置，修改out_channel:1024
2021-05-06 15:19:52,803 INFO    :     修改下一个unit的in_channel:1024
2021-05-06 15:19:52,803 INFO    : 个体off_spring_1020开始变异
2021-05-06 15:19:52,803 INFO    : 进行alter变异:
2021-05-06 15:19:52,803 INFO    :     修改第4个unit的3个位置上的block，block参数：cardinality:32，group_width:32，hasSENet:True
2021-05-06 15:19:52,803 INFO    :     修改最后一个位置，修改out_channel:2048
2021-05-06 15:19:52,803 INFO    :     修改下一个unit的in_channel:2048
2021-05-06 15:19:52,803 INFO    : 个体off_spring_1027开始变异
2021-05-06 15:19:52,803 INFO    : 进行alter变异:
2021-05-06 15:19:52,803 INFO    :     修改第3个unit的4个位置上的block，block参数：cardinality:4，group_width:32，hasSENet:True
2021-05-06 15:19:52,803 INFO    :     修改最后一个位置，修改out_channel:256
2021-05-06 15:19:52,803 INFO    :     修改下一个unit的in_channel:256
2021-05-06 15:20:12,632 INFO    : 个体off_spring_1018的适应度NTK为：4.836
2021-05-06 15:20:42,442 INFO    : 个体off_spring_1020的适应度NTK为：6.919
2021-05-06 15:21:28,202 INFO    : 个体off_spring_1027的适应度NTK为：7.462
2021-05-06 15:21:28,205 INFO    : ******************************当前种群位于第11代进化******************************
2021-05-06 15:21:29,934 INFO    : 个体off_spring_1104开始变异
2021-05-06 15:21:29,935 INFO    : 进行remove变异:
2021-05-06 15:21:29,935 INFO    :     删除第2个unit的4个位置上的block，block参数：cardinality:8，group_width:16，hasSENet:True
2021-05-06 15:21:29,935 INFO    :     删除最后一个位置，修改out_channel:1024
2021-05-06 15:21:29,935 INFO    :     修改下一个unit的in_channel:1024
2021-05-06 15:21:29,935 INFO    : 个体off_spring_1105开始变异
2021-05-06 15:21:29,935 INFO    : 进行remove变异:
2021-05-06 15:21:29,935 INFO    :     删除第3个unit的4个位置上的block，block参数：cardinality:32，group_width:8，hasSENet:True
2021-05-06 15:21:29,935 INFO    :     删除最后一个位置，修改out_channel:256
2021-05-06 15:21:29,935 INFO    :     修改下一个unit的in_channel:256
2021-05-06 15:21:29,935 INFO    : 个体off_spring_1108开始变异
2021-05-06 15:21:29,935 INFO    : 进行add变异:
2021-05-06 15:21:29,935 INFO    :     在第4个unit的4个位置添加一个block，block参数：cardinality:8，group_width:16，hasSENet:True
2021-05-06 15:21:29,935 INFO    :     添加到最后一个位置，修改out_channel:256
2021-05-06 15:22:47,645 INFO    : 个体off_spring_1104的适应度NTK为：4.833
2021-05-06 15:23:36,612 INFO    : 个体off_spring_1105的适应度NTK为：4.499
2021-05-06 15:23:57,065 INFO    : 个体off_spring_1108的适应度NTK为：6.127
2021-05-06 15:23:57,068 INFO    : ******************************当前种群位于第12代进化******************************
2021-05-06 15:23:58,887 INFO    : 个体off_spring_1208开始变异
2021-05-06 15:23:58,888 INFO    : 进行remove变异:
2021-05-06 15:23:58,888 INFO    :     删除第2个unit的4个位置上的block，block参数：cardinality:32，group_width:4，hasSENet:True
2021-05-06 15:23:58,888 INFO    :     删除最后一个位置，修改out_channel:512
2021-05-06 15:23:58,888 INFO    :     修改下一个unit的in_channel:512
2021-05-06 15:23:58,888 INFO    : 个体off_spring_1220开始变异
2021-05-06 15:23:58,888 INFO    : 进行add变异:
2021-05-06 15:23:58,888 INFO    :     在第4个unit的2个位置添加一个block，block参数：cardinality:4，group_width:32，hasSENet:True
2021-05-06 15:23:58,888 INFO    : 个体off_spring_1224开始变异
2021-05-06 15:23:58,888 INFO    : 进行alter变异:
2021-05-06 15:23:58,888 INFO    :     修改第5个unit的1个位置上的block，block参数：cardinality:16，group_width:64，hasSENet:False
2021-05-06 15:24:23,235 INFO    : 个体off_spring_1208的适应度NTK为：7.675
2021-05-06 15:24:58,751 INFO    : 个体off_spring_1220的适应度NTK为：4.678
2021-05-06 15:25:44,843 INFO    : 个体off_spring_1224的适应度NTK为：5.618
2021-05-06 15:25:44,845 INFO    : ******************************当前种群位于第13代进化******************************
2021-05-06 15:25:46,574 INFO    : 个体off_spring_1305开始变异
2021-05-06 15:25:46,574 INFO    : 进行add变异:
2021-05-06 15:25:46,574 INFO    :     在第2个unit的4个位置添加一个block，block参数：cardinality:16，group_width:8，hasSENet:True
2021-05-06 15:25:46,574 INFO    :     添加到最后一个位置，修改out_channel:256
2021-05-06 15:25:46,575 INFO    :     修改下一个unit的in_channel:256
2021-05-06 15:25:46,575 INFO    : 个体off_spring_1313开始变异
2021-05-06 15:25:46,575 INFO    : 进行alter变异:
2021-05-06 15:25:46,575 INFO    :     修改第3个unit的1个位置上的block，block参数：cardinality:64，group_width:8，hasSENet:False
2021-05-06 15:25:46,575 INFO    : 个体off_spring_1315开始变异
2021-05-06 15:25:46,575 INFO    : 进行alter变异:
2021-05-06 15:25:46,575 INFO    :     修改第3个unit的3个位置上的block，block参数：cardinality:16，group_width:16，hasSENet:True
2021-05-06 15:26:38,972 INFO    : 个体off_spring_1305的适应度NTK为：4.464
2021-05-06 15:27:17,654 INFO    : 个体off_spring_1313的适应度NTK为：5.472
2021-05-06 15:27:34,633 INFO    : 个体off_spring_1315的适应度NTK为：4.705
2021-05-06 15:27:34,635 INFO    : ******************************当前种群位于第14代进化******************************
2021-05-06 15:27:36,424 INFO    : 个体off_spring_1407开始变异
2021-05-06 15:27:36,425 INFO    : 进行alter变异:
2021-05-06 15:27:36,425 INFO    :     修改第4个unit的4个位置上的block，block参数：cardinality:32，group_width:4，hasSENet:True
2021-05-06 15:27:36,425 INFO    :     修改最后一个位置，修改out_channel:256
2021-05-06 15:27:36,425 INFO    :     修改下一个unit的in_channel:256
2021-05-06 15:27:36,425 INFO    : 个体off_spring_1408开始变异
2021-05-06 15:27:36,425 INFO    : 进行alter变异:
2021-05-06 15:27:36,425 INFO    :     修改第4个unit的2个位置上的block，block参数：cardinality:4，group_width:64，hasSENet:False
2021-05-06 15:27:36,425 INFO    : 个体off_spring_1425开始变异
2021-05-06 15:27:36,425 INFO    : 进行remove变异:
2021-05-06 15:27:36,425 INFO    :     删除第5个unit的3个位置上的block，block参数：cardinality:4，group_width:64，hasSENet:True
2021-05-06 15:28:28,925 INFO    : 个体off_spring_1407的适应度NTK为：4.734
2021-05-06 15:29:05,189 INFO    : 个体off_spring_1408的适应度NTK为：5.5
2021-05-06 15:29:40,714 INFO    : 个体off_spring_1425的适应度NTK为：5.603
2021-05-06 15:29:40,717 INFO    : ******************************当前种群位于第15代进化******************************
2021-05-06 15:29:42,418 INFO    : 个体off_spring_1503开始变异
2021-05-06 15:29:42,418 INFO    : 进行add变异:
2021-05-06 15:29:42,419 INFO    :     在第4个unit的3个位置添加一个block，block参数：cardinality:4，group_width:16，hasSENet:True
2021-05-06 15:29:42,419 INFO    : 个体off_spring_1504开始变异
2021-05-06 15:29:42,419 INFO    : 进行add变异:
2021-05-06 15:29:42,419 INFO    :     在第4个unit的1个位置添加一个block，block参数：cardinality:16，group_width:4，hasSENet:False
2021-05-06 15:29:42,419 INFO    : 个体off_spring_1525开始变异
2021-05-06 15:29:42,419 INFO    : 进行alter变异:
2021-05-06 15:29:42,419 INFO    :     修改第5个unit的1个位置上的block，block参数：cardinality:64，group_width:16，hasSENet:True
2021-05-06 15:30:50,512 INFO    : 个体off_spring_1503的适应度NTK为：4.649
2021-05-06 15:32:05,728 INFO    : 个体off_spring_1504的适应度NTK为：5.782
2021-05-06 15:32:38,851 INFO    : 个体off_spring_1525的适应度NTK为：8.192
2021-05-06 15:32:38,853 INFO    : ******************************当前种群位于第16代进化******************************
2021-05-06 15:32:40,555 INFO    : 个体off_spring_1605开始变异
2021-05-06 15:32:40,555 INFO    : 进行remove变异:
2021-05-06 15:32:40,555 INFO    :     删除第4个unit的2个位置上的block，block参数：cardinality:2，group_width:32，hasSENet:False
2021-05-06 15:32:40,555 INFO    : 个体off_spring_1607开始变异
2021-05-06 15:32:40,555 INFO    : 进行alter变异:
2021-05-06 15:32:40,556 INFO    :     修改第2个unit的3个位置上的block，block参数：cardinality:64，group_width:4，hasSENet:False
2021-05-06 15:32:40,556 INFO    :     修改最后一个位置，修改out_channel:512
2021-05-06 15:32:40,556 INFO    :     修改下一个unit的in_channel:512
2021-05-06 15:32:40,556 INFO    : 个体off_spring_1622开始变异
2021-05-06 15:32:40,556 INFO    : 进行remove变异:
2021-05-06 15:32:40,556 INFO    :     删除第5个unit的3个位置上的block，block参数：cardinality:2，group_width:32，hasSENet:True
2021-05-06 15:33:31,391 INFO    : 个体off_spring_1605的适应度NTK为：5.04
2021-05-06 15:34:16,787 INFO    : 个体off_spring_1607的适应度NTK为：4.747
2021-05-06 15:34:54,863 INFO    : 个体off_spring_1622的适应度NTK为：4.601
2021-05-06 15:34:54,867 INFO    : ******************************当前种群位于第17代进化******************************
2021-05-06 15:34:56,579 INFO    : 个体off_spring_1703开始变异
2021-05-06 15:34:56,580 INFO    : 进行alter变异:
2021-05-06 15:34:56,580 INFO    :     修改第4个unit的2个位置上的block，block参数：cardinality:16，group_width:32，hasSENet:False
2021-05-06 15:34:56,580 INFO    : 个体off_spring_1705开始变异
2021-05-06 15:34:56,580 INFO    : 进行remove变异:
2021-05-06 15:34:56,580 INFO    :     删除第4个unit的3个位置上的block，block参数：cardinality:4，group_width:64，hasSENet:True
2021-05-06 15:34:56,580 INFO    : 个体off_spring_1706开始变异
2021-05-06 15:34:56,580 INFO    : 进行add变异:
2021-05-06 15:34:56,580 INFO    :     在第5个unit的2个位置添加一个block，block参数：cardinality:16，group_width:64，hasSENet:True
2021-05-06 15:36:06,673 INFO    : 个体off_spring_1703的适应度NTK为：3.863
2021-05-06 15:36:57,131 INFO    : 个体off_spring_1705的适应度NTK为：4.575
2021-05-06 15:37:51,383 INFO    : 个体off_spring_1706的适应度NTK为：5.908
2021-05-06 15:37:51,385 INFO    : ******************************当前种群位于第18代进化******************************
2021-05-06 15:37:53,143 INFO    : 个体off_spring_1803开始变异
2021-05-06 15:37:53,143 INFO    : 进行remove变异:
2021-05-06 15:37:53,143 INFO    :     删除第4个unit的2个位置上的block，block参数：cardinality:2，group_width:32，hasSENet:False
2021-05-06 15:37:53,143 INFO    : 个体off_spring_1807开始变异
2021-05-06 15:37:53,143 INFO    : 进行add变异:
2021-05-06 15:37:53,143 INFO    :     在第5个unit的2个位置添加一个block，block参数：cardinality:16，group_width:8，hasSENet:True
2021-05-06 15:37:53,143 INFO    : 个体off_spring_1815开始变异
2021-05-06 15:37:53,143 INFO    : 进行add变异:
2021-05-06 15:37:53,144 INFO    :     在第2个unit的4个位置添加一个block，block参数：cardinality:4，group_width:16，hasSENet:False
2021-05-06 15:37:53,144 INFO    :     添加到最后一个位置，修改out_channel:128
2021-05-06 15:37:53,144 INFO    :     修改下一个unit的in_channel:128
2021-05-06 15:38:42,925 INFO    : 个体off_spring_1803的适应度NTK为：4.063
2021-05-06 15:39:33,520 INFO    : 个体off_spring_1807的适应度NTK为：5.881
2021-05-06 15:40:26,739 INFO    : 个体off_spring_1815的适应度NTK为：4.902
2021-05-06 15:40:26,741 INFO    : ******************************当前种群位于第19代进化******************************
2021-05-06 15:40:28,458 INFO    : 个体off_spring_1904开始变异
2021-05-06 15:40:28,458 INFO    : 进行alter变异:
2021-05-06 15:40:28,458 INFO    :     修改第2个unit的1个位置上的block，block参数：cardinality:2，group_width:64，hasSENet:True
2021-05-06 15:40:28,458 INFO    : 个体off_spring_1911开始变异
2021-05-06 15:40:28,458 INFO    : 进行alter变异:
2021-05-06 15:40:28,459 INFO    :     修改第5个unit的2个位置上的block，block参数：cardinality:8，group_width:64，hasSENet:True
2021-05-06 15:40:28,459 INFO    : 个体off_spring_1934开始变异
2021-05-06 15:40:28,459 INFO    : 进行remove变异:
2021-05-06 15:40:28,459 INFO    :     删除第3个unit的3个位置上的block，block参数：cardinality:32，group_width:8，hasSENet:False
2021-05-06 15:41:09,380 INFO    : 个体off_spring_1904的适应度NTK为：4.066
2021-05-06 15:42:01,387 INFO    : 个体off_spring_1911的适应度NTK为：6.426
2021-05-06 15:42:46,192 INFO    : 个体off_spring_1934的适应度NTK为：5.831
2021-05-06 15:42:46,195 INFO    : ******************************当前种群位于第20代进化******************************
2021-05-06 15:42:47,923 INFO    : 个体off_spring_2002开始变异
2021-05-06 15:42:47,923 INFO    : 进行add变异:
2021-05-06 15:42:47,923 INFO    :     在第2个unit的1个位置添加一个block，block参数：cardinality:32，group_width:8，hasSENet:True
2021-05-06 15:42:47,923 INFO    : 个体off_spring_2011开始变异
2021-05-06 15:42:47,923 INFO    : 进行alter变异:
2021-05-06 15:42:47,924 INFO    :     修改第4个unit的2个位置上的block，block参数：cardinality:16，group_width:64，hasSENet:False
2021-05-06 15:42:47,924 INFO    : 个体off_spring_2016开始变异
2021-05-06 15:42:47,924 INFO    : 进行alter变异:
2021-05-06 15:42:47,924 INFO    :     修改第5个unit的1个位置上的block，block参数：cardinality:64，group_width:4，hasSENet:True
2021-05-06 15:43:44,482 INFO    : 个体off_spring_2002的适应度NTK为：5.806
2021-05-06 15:44:27,477 INFO    : 个体off_spring_2011的适应度NTK为：6.757
2021-05-06 15:45:20,748 INFO    : 个体off_spring_2016的适应度NTK为：4.297
2021-05-06 15:45:20,751 INFO    : ******************************当前种群位于第21代进化******************************
2021-05-06 15:45:22,470 INFO    : 个体off_spring_2116开始变异
2021-05-06 15:45:22,470 INFO    : 进行alter变异:
2021-05-06 15:45:22,470 INFO    :     修改第4个unit的3个位置上的block，block参数：cardinality:2，group_width:64，hasSENet:True
2021-05-06 15:45:22,470 INFO    :     修改最后一个位置，修改out_channel:256
2021-05-06 15:45:22,470 INFO    : 个体off_spring_2119开始变异
2021-05-06 15:45:22,470 INFO    : 进行alter变异:
2021-05-06 15:45:22,471 INFO    :     修改第4个unit的3个位置上的block，block参数：cardinality:32，group_width:8，hasSENet:False
2021-05-06 15:45:22,471 INFO    : 个体off_spring_2125开始变异
2021-05-06 15:45:22,471 INFO    : 进行alter变异:
2021-05-06 15:45:22,471 INFO    :     修改第2个unit的1个位置上的block，block参数：cardinality:8，group_width:64，hasSENet:False
2021-05-06 15:45:39,536 INFO    : 个体off_spring_2116的适应度NTK为：4.878
2021-05-06 15:46:25,025 INFO    : 个体off_spring_2119的适应度NTK为：4.6
2021-05-06 15:47:16,248 INFO    : 个体off_spring_2125的适应度NTK为：4.391
2021-05-06 15:47:16,251 INFO    : ******************************当前种群位于第22代进化******************************
2021-05-06 15:47:17,991 INFO    : 个体off_spring_2214开始变异
2021-05-06 15:47:17,991 INFO    : 进行alter变异:
2021-05-06 15:47:17,991 INFO    :     修改第2个unit的1个位置上的block，block参数：cardinality:16，group_width:8，hasSENet:False
2021-05-06 15:47:17,992 INFO    : 个体off_spring_2218开始变异
2021-05-06 15:47:17,992 INFO    : 进行alter变异:
2021-05-06 15:47:17,992 INFO    :     修改第2个unit的1个位置上的block，block参数：cardinality:4，group_width:32，hasSENet:True
2021-05-06 15:47:17,992 INFO    : 个体off_spring_2224开始变异
2021-05-06 15:47:17,992 INFO    : 进行alter变异:
2021-05-06 15:47:17,992 INFO    :     修改第3个unit的1个位置上的block，block参数：cardinality:2，group_width:32，hasSENet:False
2021-05-06 15:47:57,965 INFO    : 个体off_spring_2214的适应度NTK为：4.526
2021-05-06 15:48:14,783 INFO    : 个体off_spring_2218的适应度NTK为：6.97
2021-05-06 15:48:32,851 INFO    : 个体off_spring_2224的适应度NTK为：4.894
2021-05-06 15:48:32,853 INFO    : ******************************当前种群位于第23代进化******************************
2021-05-06 15:48:34,589 INFO    : 个体off_spring_2301开始变异
2021-05-06 15:48:34,589 INFO    : 进行alter变异:
2021-05-06 15:48:34,590 INFO    :     修改第4个unit的1个位置上的block，block参数：cardinality:16，group_width:16，hasSENet:True
2021-05-06 15:48:34,590 INFO    : 个体off_spring_2316开始变异
2021-05-06 15:48:34,590 INFO    : 进行add变异:
2021-05-06 15:48:34,590 INFO    :     在第5个unit的2个位置添加一个block，block参数：cardinality:2，group_width:64，hasSENet:True
2021-05-06 15:48:34,590 INFO    : 个体off_spring_2321开始变异
2021-05-06 15:48:34,590 INFO    : 进行alter变异:
2021-05-06 15:48:34,590 INFO    :     修改第2个unit的2个位置上的block，block参数：cardinality:32，group_width:16，hasSENet:True
2021-05-06 15:49:44,941 INFO    : 个体off_spring_2301的适应度NTK为：5.586
2021-05-06 15:50:37,262 INFO    : 个体off_spring_2316的适应度NTK为：4.505
2021-05-06 15:51:36,737 INFO    : 个体off_spring_2321的适应度NTK为：4.959
2021-05-06 15:51:36,740 INFO    : ******************************当前种群位于第24代进化******************************
2021-05-06 15:51:38,436 INFO    : 个体off_spring_2405开始变异
2021-05-06 15:51:38,436 INFO    : 进行add变异:
2021-05-06 15:51:38,436 INFO    :     在第3个unit的3个位置添加一个block，block参数：cardinality:2，group_width:32，hasSENet:False
2021-05-06 15:51:38,436 INFO    : 个体off_spring_2406开始变异
2021-05-06 15:51:38,436 INFO    : 进行remove变异:
2021-05-06 15:51:38,436 INFO    :     删除第4个unit的2个位置上的block，block参数：cardinality:2，group_width:32，hasSENet:False
2021-05-06 15:51:38,437 INFO    : 个体off_spring_2429开始变异
2021-05-06 15:51:38,437 INFO    : 进行alter变异:
2021-05-06 15:51:38,437 INFO    :     修改第5个unit的2个位置上的block，block参数：cardinality:32，group_width:16，hasSENet:False
2021-05-06 15:52:28,195 INFO    : 个体off_spring_2405的适应度NTK为：5.266
2021-05-06 15:53:23,225 INFO    : 个体off_spring_2406的适应度NTK为：4.97
2021-05-06 15:54:19,053 INFO    : 个体off_spring_2429的适应度NTK为：5.314
2021-05-06 15:54:19,057 INFO    : ******************************当前种群位于第25代进化******************************
2021-05-06 15:54:20,851 INFO    : 个体off_spring_2503开始变异
2021-05-06 15:54:20,851 INFO    : 进行remove变异:
2021-05-06 15:54:20,851 INFO    :     删除第4个unit的3个位置上的block，block参数：cardinality:4，group_width:64，hasSENet:True
2021-05-06 15:54:20,851 INFO    : 个体off_spring_2508开始变异
2021-05-06 15:54:20,851 INFO    : 进行alter变异:
2021-05-06 15:54:20,851 INFO    :     修改第3个unit的3个位置上的block，block参数：cardinality:2，group_width:64，hasSENet:True
2021-05-06 15:54:20,851 INFO    :     修改最后一个位置，修改out_channel:256
2021-05-06 15:54:20,851 INFO    :     修改下一个unit的in_channel:256
2021-05-06 15:54:20,851 INFO    : 个体off_spring_2530开始变异
2021-05-06 15:54:20,851 INFO    : 进行remove变异:
2021-05-06 15:54:20,851 INFO    :     删除第3个unit的2个位置上的block，block参数：cardinality:16，group_width:16，hasSENet:False
2021-05-06 15:55:00,433 INFO    : 个体off_spring_2503的适应度NTK为：4.016
2021-05-06 15:56:07,147 INFO    : 个体off_spring_2508的适应度NTK为：4.848
2021-05-06 15:57:21,189 INFO    : 个体off_spring_2530的适应度NTK为：6.776
2021-05-06 15:57:21,191 INFO    : ******************************当前种群位于第26代进化******************************
2021-05-06 15:57:22,955 INFO    : 个体off_spring_2605开始变异
2021-05-06 15:57:22,955 INFO    : 进行remove变异:
2021-05-06 15:57:22,955 INFO    :     删除第2个unit的1个位置上的block，block参数：cardinality:64，group_width:8，hasSENet:True
2021-05-06 15:57:22,955 INFO    : 个体off_spring_2608开始变异
2021-05-06 15:57:22,955 INFO    : 进行remove变异:
2021-05-06 15:57:22,955 INFO    :     删除第2个unit的3个位置上的block，block参数：cardinality:64，group_width:8，hasSENet:True
2021-05-06 15:57:22,955 INFO    : 个体off_spring_2622开始变异
2021-05-06 15:57:22,955 INFO    : 进行alter变异:
2021-05-06 15:57:22,955 INFO    :     修改第5个unit的2个位置上的block，block参数：cardinality:4，group_width:16，hasSENet:True
2021-05-06 15:58:01,206 INFO    : 个体off_spring_2605的适应度NTK为：6.805
2021-05-06 15:58:40,271 INFO    : 个体off_spring_2608的适应度NTK为：4.682
2021-05-06 15:59:37,335 INFO    : 个体off_spring_2622的适应度NTK为：5.807
2021-05-06 15:59:37,338 INFO    : ******************************当前种群位于第27代进化******************************
2021-05-06 15:59:39,061 INFO    : 个体off_spring_2702开始变异
2021-05-06 15:59:39,062 INFO    : 进行alter变异:
2021-05-06 15:59:39,064 INFO    :     修改第5个unit的1个位置上的block，block参数：cardinality:4，group_width:32，hasSENet:False
2021-05-06 15:59:39,064 INFO    : 个体off_spring_2705开始变异
2021-05-06 15:59:39,065 INFO    : 进行alter变异:
2021-05-06 15:59:39,065 INFO    :     修改第4个unit的1个位置上的block，block参数：cardinality:8，group_width:8，hasSENet:False
2021-05-06 15:59:39,065 INFO    : 个体off_spring_2707开始变异
2021-05-06 15:59:39,065 INFO    : 进行remove变异:
2021-05-06 15:59:39,065 INFO    :     删除第4个unit的2个位置上的block，block参数：cardinality:2，group_width:32，hasSENet:False
2021-05-06 16:00:18,430 INFO    : 个体off_spring_2702的适应度NTK为：4.758
2021-05-06 16:00:56,496 INFO    : 个体off_spring_2705的适应度NTK为：4.469
2021-05-06 16:01:49,173 INFO    : 个体off_spring_2707的适应度NTK为：6.596
2021-05-06 16:01:49,175 INFO    : ******************************当前种群位于第28代进化******************************
2021-05-06 16:01:50,918 INFO    : 个体off_spring_2814开始变异
2021-05-06 16:01:50,918 INFO    : 进行remove变异:
2021-05-06 16:01:50,918 INFO    :     删除第5个unit的1个位置上的block，block参数：cardinality:32，group_width:4，hasSENet:True
2021-05-06 16:01:50,918 INFO    : 个体off_spring_2816开始变异
2021-05-06 16:01:50,918 INFO    : 进行add变异:
2021-05-06 16:01:50,919 INFO    :     在第5个unit的3个位置添加一个block，block参数：cardinality:16，group_width:8，hasSENet:True
2021-05-06 16:01:50,919 INFO    : 个体off_spring_2833开始变异
2021-05-06 16:01:50,919 INFO    : 进行add变异:
2021-05-06 16:01:50,919 INFO    :     在第3个unit的2个位置添加一个block，block参数：cardinality:16，group_width:64，hasSENet:False
2021-05-06 16:02:43,391 INFO    : 个体off_spring_2814的适应度NTK为：5.607
2021-05-06 16:03:35,516 INFO    : 个体off_spring_2816的适应度NTK为：4.58
2021-05-06 16:03:57,833 INFO    : 个体off_spring_2833的适应度NTK为：5.958
2021-05-06 16:03:57,837 INFO    : ******************************当前种群位于第29代进化******************************
2021-05-06 16:03:59,544 INFO    : 个体off_spring_2906开始变异
2021-05-06 16:03:59,544 INFO    : 进行alter变异:
2021-05-06 16:03:59,544 INFO    :     修改第5个unit的3个位置上的block，block参数：cardinality:32，group_width:4，hasSENet:True
2021-05-06 16:03:59,544 INFO    :     修改最后一个位置，修改out_channel:256
2021-05-06 16:03:59,544 INFO    : 个体off_spring_2918开始变异
2021-05-06 16:03:59,544 INFO    : 进行add变异:
2021-05-06 16:03:59,544 INFO    :     在第5个unit的2个位置添加一个block，block参数：cardinality:16，group_width:16，hasSENet:True
2021-05-06 16:03:59,544 INFO    : 个体off_spring_2921开始变异
2021-05-06 16:03:59,545 INFO    : 进行remove变异:
2021-05-06 16:03:59,545 INFO    :     删除第4个unit的3个位置上的block，block参数：cardinality:4，group_width:16，hasSENet:True
2021-05-06 16:04:47,361 INFO    : 个体off_spring_2906的适应度NTK为：7.683
2021-05-06 16:05:34,781 INFO    : 个体off_spring_2918的适应度NTK为：5.172
2021-05-06 16:06:44,728 INFO    : 个体off_spring_2921的适应度NTK为：4.514
2021-05-06 16:06:44,730 INFO    : ******************************当前种群位于第30代进化******************************
2021-05-06 16:06:46,489 INFO    : 个体off_spring_3001开始变异
2021-05-06 16:06:46,489 INFO    : 进行add变异:
2021-05-06 16:06:46,492 INFO    :     在第3个unit的4个位置添加一个block，block参数：cardinality:64，group_width:16，hasSENet:False
2021-05-06 16:06:46,492 INFO    :     添加到最后一个位置，修改out_channel:2048
2021-05-06 16:06:46,492 INFO    :     修改下一个unit的in_channel:2048
2021-05-06 16:06:46,493 INFO    : 个体off_spring_3008开始变异
2021-05-06 16:06:46,493 INFO    : 进行add变异:
2021-05-06 16:06:46,493 INFO    :     在第4个unit的1个位置添加一个block，block参数：cardinality:32，group_width:16，hasSENet:False
2021-05-06 16:06:46,493 INFO    : 个体off_spring_3009开始变异
2021-05-06 16:06:46,493 INFO    : 进行alter变异:
2021-05-06 16:06:46,494 INFO    :     修改第2个unit的2个位置上的block，block参数：cardinality:4，group_width:32，hasSENet:True
2021-05-06 16:08:01,542 INFO    : 个体off_spring_3001的适应度NTK为：5.1
2021-05-06 16:08:54,798 INFO    : 个体off_spring_3008的适应度NTK为：4.878
2021-05-06 16:09:48,190 INFO    : 个体off_spring_3009的适应度NTK为：5.927
2021-05-06 16:09:48,192 INFO    : ******************************当前种群位于第31代进化******************************
2021-05-06 16:09:49,914 INFO    : 个体off_spring_3104开始变异
2021-05-06 16:09:49,915 INFO    : 进行remove变异:
2021-05-06 16:09:49,915 INFO    :     删除第4个unit的2个位置上的block，block参数：cardinality:2，group_width:32，hasSENet:False
2021-05-06 16:10:29,510 INFO    : 个体off_spring_3104的适应度NTK为：4.747
2021-05-06 16:10:29,513 INFO    : ******************************当前种群位于第32代进化******************************
2021-05-06 16:10:31,266 INFO    : 个体off_spring_3238开始变异
2021-05-06 16:10:31,266 INFO    : 进行remove变异:
2021-05-06 16:10:31,266 INFO    :     删除第3个unit的1个位置上的block，block参数：cardinality:32，group_width:4，hasSENet:True
2021-05-06 16:11:11,205 INFO    : 个体off_spring_3238的适应度NTK为：7.433
2021-05-06 16:11:11,208 INFO    : ******************************当前种群位于第33代进化******************************
2021-05-06 16:11:12,921 INFO    : 个体off_spring_3332开始变异
2021-05-06 16:11:12,922 INFO    : 进行alter变异:
2021-05-06 16:11:12,924 INFO    :     修改第3个unit的1个位置上的block，block参数：cardinality:4，group_width:64，hasSENet:False
2021-05-06 16:12:01,750 INFO    : 个体off_spring_3332的适应度NTK为：5.06
2021-05-06 16:12:01,753 INFO    : ******************************当前种群位于第34代进化******************************
2021-05-06 16:12:03,485 INFO    : 个体off_spring_3430开始变异
2021-05-06 16:12:03,486 INFO    : 进行remove变异:
2021-05-06 16:12:03,486 INFO    :     删除第4个unit的1个位置上的block，block参数：cardinality:16，group_width:16，hasSENet:False
2021-05-06 16:12:53,433 INFO    : 个体off_spring_3430的适应度NTK为：5.829
2021-05-06 16:12:53,436 INFO    : ******************************当前种群位于第35代进化******************************
2021-05-06 16:12:55,180 INFO    : 个体off_spring_3522开始变异
2021-05-06 16:12:55,180 INFO    : 进行alter变异:
2021-05-06 16:12:55,180 INFO    :     修改第4个unit的1个位置上的block，block参数：cardinality:64，group_width:8，hasSENet:True
2021-05-06 16:13:37,269 INFO    : 个体off_spring_3522的适应度NTK为：4.101
2021-05-06 16:13:37,271 INFO    : ******************************当前种群位于第36代进化******************************
2021-05-06 16:13:38,986 INFO    : 个体off_spring_3626开始变异
2021-05-06 16:13:38,986 INFO    : 进行add变异:
2021-05-06 16:13:38,986 INFO    :     在第2个unit的1个位置添加一个block，block参数：cardinality:16，group_width:64，hasSENet:False
2021-05-06 16:15:12,484 INFO    : 个体off_spring_3626的适应度NTK为：5.446
2021-05-06 16:15:12,486 INFO    : ******************************当前种群位于第37代进化******************************
2021-05-06 16:15:14,204 INFO    : 个体off_spring_3728开始变异
2021-05-06 16:15:14,204 INFO    : 进行add变异:
2021-05-06 16:15:14,205 INFO    :     在第4个unit的3个位置添加一个block，block参数：cardinality:4，group_width:64，hasSENet:False
2021-05-06 16:16:06,688 INFO    : 个体off_spring_3728的适应度NTK为：4.825
2021-05-06 16:16:06,691 INFO    : ******************************当前种群位于第38代进化******************************
2021-05-06 16:16:08,407 INFO    : 个体off_spring_3821开始变异
2021-05-06 16:16:08,407 INFO    : 进行remove变异:
2021-05-06 16:16:08,407 INFO    :     删除第2个unit的4个位置上的block，block参数：cardinality:16，group_width:8，hasSENet:True
2021-05-06 16:16:08,407 INFO    :     删除最后一个位置，修改out_channel:1024
2021-05-06 16:16:08,407 INFO    :     修改下一个unit的in_channel:1024
2021-05-06 16:16:57,085 INFO    : 个体off_spring_3821的适应度NTK为：6.517
2021-05-06 16:16:57,089 INFO    : ******************************当前种群位于第39代进化******************************
2021-05-06 16:16:58,788 INFO    : 个体off_spring_3927开始变异
2021-05-06 16:16:58,788 INFO    : 进行add变异:
2021-05-06 16:16:58,788 INFO    :     在第2个unit的3个位置添加一个block，block参数：cardinality:32，group_width:8，hasSENet:False
2021-05-06 16:17:54,504 INFO    : 个体off_spring_3927的适应度NTK为：4.151
2021-05-06 16:17:54,506 INFO    : ******************************当前种群位于第40代进化******************************
2021-05-06 16:17:56,189 INFO    : 个体off_spring_4016开始变异
2021-05-06 16:17:56,189 INFO    : 进行add变异:
2021-05-06 16:17:56,189 INFO    :     在第5个unit的2个位置添加一个block，block参数：cardinality:16，group_width:4，hasSENet:True
2021-05-06 16:18:37,365 INFO    : 个体off_spring_4016的适应度NTK为：4.351
2021-05-06 16:18:37,367 INFO    : ******************************当前种群位于第41代进化******************************
2021-05-06 16:18:39,069 INFO    : 个体off_spring_4106开始变异
2021-05-06 16:18:39,070 INFO    : 进行alter变异:
2021-05-06 16:18:39,070 INFO    :     修改第2个unit的2个位置上的block，block参数：cardinality:4，group_width:16，hasSENet:False
2021-05-06 16:19:21,953 INFO    : 个体off_spring_4106的适应度NTK为：5.916
2021-05-06 16:19:21,955 INFO    : ******************************当前种群位于第42代进化******************************
2021-05-06 16:19:23,670 INFO    : 个体off_spring_4202开始变异
2021-05-06 16:19:23,671 INFO    : 进行add变异:
2021-05-06 16:19:23,671 INFO    :     在第3个unit的2个位置添加一个block，block参数：cardinality:16，group_width:64，hasSENet:True
2021-05-06 16:20:12,348 INFO    : 个体off_spring_4202的适应度NTK为：5.423
2021-05-06 16:20:12,351 INFO    : ******************************当前种群位于第43代进化******************************
2021-05-06 16:20:14,089 INFO    : 个体off_spring_4319开始变异
2021-05-06 16:20:14,089 INFO    : 进行alter变异:
2021-05-06 16:20:14,089 INFO    :     修改第4个unit的1个位置上的block，block参数：cardinality:8，group_width:32，hasSENet:False
2021-05-06 16:20:53,700 INFO    : 个体off_spring_4319的适应度NTK为：4.841
2021-05-06 16:20:53,702 INFO    : ******************************当前种群位于第44代进化******************************
2021-05-06 16:20:55,460 INFO    : 个体off_spring_4434开始变异
2021-05-06 16:20:55,460 INFO    : 进行add变异:
2021-05-06 16:20:55,460 INFO    :     在第2个unit的4个位置添加一个block，block参数：cardinality:4，group_width:64，hasSENet:False
2021-05-06 16:20:55,460 INFO    :     添加到最后一个位置，修改out_channel:512
2021-05-06 16:20:55,460 INFO    :     修改下一个unit的in_channel:512
2021-05-06 16:22:07,968 INFO    : 个体off_spring_4434的适应度NTK为：6.335
2021-05-06 16:22:07,970 INFO    : ******************************当前种群位于第45代进化******************************
2021-05-06 16:22:09,691 INFO    : 个体off_spring_4526开始变异
2021-05-06 16:22:09,692 INFO    : 进行alter变异:
2021-05-06 16:22:09,692 INFO    :     修改第2个unit的3个位置上的block，block参数：cardinality:4，group_width:64，hasSENet:True
2021-05-06 16:22:09,692 INFO    :     修改最后一个位置，修改out_channel:512
2021-05-06 16:22:09,692 INFO    :     修改下一个unit的in_channel:512
2021-05-06 16:22:49,750 INFO    : 个体off_spring_4526的适应度NTK为：5.513
2021-05-06 16:22:49,753 INFO    : ******************************当前种群位于第46代进化******************************
2021-05-06 16:22:51,470 INFO    : 个体off_spring_4630开始变异
2021-05-06 16:22:51,470 INFO    : 进行add变异:
2021-05-06 16:22:51,470 INFO    :     在第5个unit的3个位置添加一个block，block参数：cardinality:32，group_width:4，hasSENet:False
2021-05-06 16:23:34,078 INFO    : 个体off_spring_4630的适应度NTK为：4.972
2021-05-06 16:23:34,081 INFO    : ******************************当前种群位于第47代进化******************************
2021-05-06 16:23:35,876 INFO    : 个体off_spring_4735开始变异
2021-05-06 16:23:35,876 INFO    : 进行alter变异:
2021-05-06 16:23:35,876 INFO    :     修改第5个unit的3个位置上的block，block参数：cardinality:16，group_width:64，hasSENet:False
2021-05-06 16:23:35,876 INFO    :     修改最后一个位置，修改out_channel:2048
2021-05-06 16:24:24,380 INFO    : 个体off_spring_4735的适应度NTK为：5.074
2021-05-06 16:24:24,382 INFO    : ******************************当前种群位于第48代进化******************************
2021-05-06 16:24:26,148 INFO    : 个体off_spring_4824开始变异
2021-05-06 16:24:26,148 INFO    : 进行alter变异:
2021-05-06 16:24:26,148 INFO    :     修改第4个unit的2个位置上的block，block参数：cardinality:64，group_width:8，hasSENet:True
2021-05-06 16:25:08,664 INFO    : 个体off_spring_4824的适应度NTK为：5.069
2021-05-06 16:25:08,666 INFO    : ******************************当前种群位于第49代进化******************************
2021-05-06 16:25:10,377 INFO    : 个体off_spring_4939开始变异
2021-05-06 16:25:10,377 INFO    : 进行alter变异:
2021-05-06 16:25:10,377 INFO    :     修改第3个unit的2个位置上的block，block参数：cardinality:64，group_width:8，hasSENet:True
2021-05-06 16:26:22,657 INFO    : 个体off_spring_4939的适应度NTK为：6.799
2021-05-06 16:26:22,659 INFO    : ******************************当前种群位于第50代进化******************************
2021-05-06 16:26:24,401 INFO    : 个体off_spring_5040开始变异
2021-05-06 16:26:24,402 INFO    : 进行alter变异:
2021-05-06 16:26:24,402 INFO    :     修改第4个unit的1个位置上的block，block参数：cardinality:16，group_width:8，hasSENet:False
2021-05-06 16:27:35,187 INFO    : 个体off_spring_5040的适应度NTK为：5.557
2021-05-06 16:27:35,189 INFO    : --------------------------------------------------[种群进化结束]--------------------------------------------------

2021-05-06 16:27:35,189 INFO    : 最后一代个体：
2021-05-06 16:27:35,189 INFO    : [id:5041,unit_amount:4,conv_length:28,senet_amount:2,spantime:0,ntk:5.557,acc:-1.0,params:14874522.0,FLOPs:8770129232.0]
2021-05-06 16:27:35,189 INFO    : [id:5001,unit_amount:4,conv_length:28,senet_amount:3,spantime:1,ntk:6.799,acc:-1.0,params:17754586.0,FLOPs:9346273680.0]
2021-05-06 16:27:35,189 INFO    : [id:5002,unit_amount:5,conv_length:37,senet_amount:6,spantime:2,ntk:5.069,acc:-1.0,params:12297346.0,FLOPs:3577676856.0]
2021-05-06 16:27:35,189 INFO    : [id:5003,unit_amount:5,conv_length:37,senet_amount:6,spantime:3,ntk:5.074,acc:-1.0,params:12876178.0,FLOPs:4519322952.0]
2021-05-06 16:27:35,189 INFO    : [id:5004,unit_amount:5,conv_length:46,senet_amount:5,spantime:4,ntk:4.972,acc:-1.0,params:11606610.0,FLOPs:3722043656.0]
2021-05-06 16:27:35,189 INFO    : [id:5005,unit_amount:5,conv_length:37,senet_amount:8,spantime:5,ntk:5.513,acc:-1.0,params:25545522.0,FLOPs:4183294184.0]
2021-05-06 16:27:35,189 INFO    : [id:5006,unit_amount:4,conv_length:31,senet_amount:2,spantime:6,ntk:6.335,acc:-1.0,params:16819610.0,FLOPs:9709210960.0]
2021-05-06 16:27:35,189 INFO    : [id:5007,unit_amount:5,conv_length:37,senet_amount:5,spantime:7,ntk:4.841,acc:-1.0,params:10785346.0,FLOPs:3224305656.0]
2021-05-06 16:27:35,189 INFO    : [id:5008,unit_amount:5,conv_length:43,senet_amount:7,spantime:8,ntk:5.423,acc:-1.0,params:16146762.0,FLOPs:4447179008.0]
2021-05-06 16:27:35,189 INFO    : [id:5009,unit_amount:5,conv_length:40,senet_amount:6,spantime:9,ntk:5.916,acc:-1.0,params:11834258.0,FLOPs:3274073416.0]
2021-05-06 16:27:35,189 INFO    : [id:5010,unit_amount:5,conv_length:40,senet_amount:6,spantime:10,ntk:4.351,acc:-1.0,params:10827978.0,FLOPs:3219818624.0]
2021-05-06 16:27:35,189 INFO    : [id:5011,unit_amount:5,conv_length:40,senet_amount:6,spantime:11,ntk:4.151,acc:-1.0,params:13176210.0,FLOPs:5251229000.0]
2021-05-06 16:27:35,189 INFO    : [id:5012,unit_amount:5,conv_length:37,senet_amount:5,spantime:12,ntk:6.517,acc:-1.0,params:12301650.0,FLOPs:4490879240.0]
2021-05-06 16:27:35,189 INFO    : [id:5013,unit_amount:5,conv_length:43,senet_amount:6,spantime:13,ntk:4.825,acc:-1.0,params:12349826.0,FLOPs:4660266040.0]
2021-05-06 16:27:35,189 INFO    : [id:5014,unit_amount:4,conv_length:31,senet_amount:2,spantime:14,ntk:5.446,acc:-1.0,params:20347290.0,FLOPs:13724208464.0]
2021-05-06 16:27:35,190 INFO    : [id:5015,unit_amount:5,conv_length:40,senet_amount:7,spantime:15,ntk:4.101,acc:-1.0,params:12075426.0,FLOPs:3512370776.0]
2021-05-06 16:27:35,190 INFO    : [id:5016,unit_amount:5,conv_length:40,senet_amount:7,spantime:16,ntk:5.829,acc:-1.0,params:11966370.0,FLOPs:4553606744.0]
2021-05-06 16:27:35,190 INFO    : [id:5017,unit_amount:5,conv_length:40,senet_amount:6,spantime:17,ntk:5.06,acc:-1.0,params:12601490.0,FLOPs:4533937480.0]
2021-05-06 16:27:35,190 INFO    : [id:5018,unit_amount:4,conv_length:31,senet_amount:6,spantime:18,ntk:7.433,acc:-1.0,params:25497530.0,FLOPs:3185412208.0]
2021-05-06 16:27:35,190 INFO    : [id:5019,unit_amount:5,conv_length:37,senet_amount:6,spantime:19,ntk:4.747,acc:-1.0,params:11158114.0,FLOPs:3311239704.0]
2021-05-06 16:27:35,190 INFO    : [id:5020,unit_amount:5,conv_length:43,senet_amount:6,spantime:20,ntk:4.878,acc:-1.0,params:13744226.0,FLOPs:5042438680.0]
2021-05-06 16:27:35,190 INFO    : [id:5021,unit_amount:4,conv_length:28,senet_amount:2,spantime:21,ntk:4.514,acc:-1.0,params:15702426.0,FLOPs:8826309968.0]
2021-05-06 16:27:35,190 INFO    : [id:5022,unit_amount:5,conv_length:43,senet_amount:7,spantime:22,ntk:4.58,acc:-1.0,params:11963794.0,FLOPs:4544734536.0]
2021-05-06 16:27:35,190 INFO    : [id:5023,unit_amount:4,conv_length:34,senet_amount:6,spantime:23,ntk:4.469,acc:-1.0,params:24011146.0,FLOPs:3072861504.0]
2021-05-06 16:27:35,190 INFO    : [id:5024,unit_amount:5,conv_length:37,senet_amount:4,spantime:23,ntk:4.758,acc:-1.0,params:10772274.0,FLOPs:3216924392.0]
2021-05-06 16:27:35,190 INFO    : [id:5025,unit_amount:5,conv_length:37,senet_amount:5,spantime:24,ntk:4.682,acc:-1.0,params:10703394.0,FLOPs:3282795992.0]
2021-05-06 16:27:35,190 INFO    : [id:5026,unit_amount:5,conv_length:37,senet_amount:5,spantime:25,ntk:4.016,acc:-1.0,params:10748482.0,FLOPs:3214868472.0]
2021-05-06 16:27:35,190 INFO    : [id:5027,unit_amount:4,conv_length:28,senet_amount:3,spantime:25,ntk:4.848,acc:-1.0,params:16001962.0,FLOPs:8888249952.0]
2021-05-06 16:27:35,190 INFO    : [id:5028,unit_amount:5,conv_length:37,senet_amount:7,spantime:26,ntk:4.97,acc:-1.0,params:16492258.0,FLOPs:5432085144.0]
2021-05-06 16:27:35,190 INFO    : [id:5029,unit_amount:5,conv_length:46,senet_amount:8,spantime:27,ntk:4.505,acc:-1.0,params:12992450.0,FLOPs:4596435064.0]
2021-05-06 16:27:35,190 INFO    : [id:5030,unit_amount:5,conv_length:43,senet_amount:7,spantime:27,ntk:4.959,acc:-1.0,params:13937514.0,FLOPs:5435548448.0]
2021-05-06 16:27:35,190 INFO    : [id:5031,unit_amount:5,conv_length:37,senet_amount:7,spantime:28,ntk:4.526,acc:-1.0,params:24094482.0,FLOPs:3820322504.0]
2021-05-06 16:27:35,190 INFO    : [id:5032,unit_amount:4,conv_length:28,senet_amount:2,spantime:28,ntk:4.894,acc:-1.0,params:4175498.0,FLOPs:516712768.0]
2021-05-06 16:27:35,190 INFO    : [id:5033,unit_amount:5,conv_length:40,senet_amount:6,spantime:29,ntk:4.391,acc:-1.0,params:12157026.0,FLOPs:4636115480.0]
2021-05-06 16:27:35,190 INFO    : [id:5034,unit_amount:5,conv_length:43,senet_amount:5,spantime:29,ntk:4.6,acc:-1.0,params:11535442.0,FLOPs:3717488904.0]
2021-05-06 16:27:35,190 INFO    : [id:5035,unit_amount:4,conv_length:31,senet_amount:7,spantime:29,ntk:4.878,acc:-1.0,params:6767338.0,FLOPs:557204640.0]
2021-05-06 16:27:35,190 INFO    : [id:5036,unit_amount:5,conv_length:40,senet_amount:7,spantime:30,ntk:4.297,acc:-1.0,params:16586210.0,FLOPs:5456136856.0]
2021-05-06 16:27:35,191 INFO    : [id:5037,unit_amount:5,conv_length:40,senet_amount:6,spantime:31,ntk:4.066,acc:-1.0,params:11252066.0,FLOPs:3335291416.0]
2021-05-06 16:27:35,191 INFO    : [id:5038,unit_amount:5,conv_length:37,senet_amount:6,spantime:32,ntk:4.063,acc:-1.0,params:12433810.0,FLOPs:4491011400.0]
2021-05-06 16:27:35,191 INFO    : [id:5039,unit_amount:5,conv_length:46,senet_amount:7,spantime:32,ntk:4.902,acc:-1.0,params:12549434.0,FLOPs:4493017072.0]
2021-05-06 16:27:35,193 INFO    : --------------------------------------------------[训练前10个体]--------------------------------------------------

2021-05-06 16:27:36,407 INFO    : 个体5026开始训练
2021-05-07 02:44:49,099 INFO    : Early Stopping with best_acc:95.39 and val_acc for this epoch:255
2021-05-07 02:44:49,103 INFO    : [id:5026,unit_amount:5,conv_length:37,senet_amount:5,spantime:25,ntk:4.016,acc:95.39,params:10748482.0,FLOPs:3214868472.0]
2021-05-07 02:44:50,397 INFO    : 个体5038开始训练
2021-05-07 17:03:07,207 INFO    : Early Stopping with best_acc:95.5 and val_acc for this epoch:255
2021-05-07 17:03:07,210 INFO    : [id:5038,unit_amount:5,conv_length:37,senet_amount:6,spantime:32,ntk:4.063,acc:95.5,params:12433810.0,FLOPs:4491011400.0]
2021-05-07 17:03:08,436 INFO    : 个体5037开始训练
2021-05-08 03:54:36,685 INFO    : Early Stopping with best_acc:94.83 and val_acc for this epoch:255
2021-05-08 03:54:36,690 INFO    : [id:5037,unit_amount:5,conv_length:40,senet_amount:6,spantime:31,ntk:4.066,acc:94.83,params:11252066.0,FLOPs:3335291416.0]
2021-05-08 03:54:37,944 INFO    : 个体5015开始训练
2021-05-08 15:18:41,998 INFO    : Early Stopping with best_acc:95.07 and val_acc for this epoch:255
2021-05-08 15:18:42,003 INFO    : [id:5015,unit_amount:5,conv_length:40,senet_amount:7,spantime:15,ntk:4.101,acc:95.07,params:12075426.0,FLOPs:3512370776.0]
2021-05-08 15:18:43,366 INFO    : 个体5011开始训练
2021-05-09 07:24:58,915 INFO    : Early Stopping with best_acc:95.43 and val_acc for this epoch:255
2021-05-09 07:24:58,918 INFO    : [id:5011,unit_amount:5,conv_length:40,senet_amount:6,spantime:11,ntk:4.151,acc:95.43,params:13176210.0,FLOPs:5251229000.0]
2021-05-09 07:25:00,358 INFO    : 个体5036开始训练
