2021-04-28 23:29:28,393 INFO    : --------------------------------------------------[种群初始化]--------------------------------------------------

2021-04-28 23:30:18,138 INFO    : 个体0101的适应度NTK为：6.69
2021-04-28 23:30:57,292 INFO    : 个体0102的适应度NTK为：3.997
2021-04-28 23:31:15,078 INFO    : 个体0103的适应度NTK为：4.397
2021-04-28 23:31:34,088 INFO    : 个体0104的适应度NTK为：6.752
2021-04-28 23:31:50,658 INFO    : 个体0105的适应度NTK为：5.778
2021-04-28 23:32:04,119 INFO    : 个体0106的适应度NTK为：16.299
2021-04-28 23:32:27,297 INFO    : 个体0107的适应度NTK为：5.866
2021-04-28 23:33:08,642 INFO    : 个体0108的适应度NTK为：7.131
2021-04-28 23:33:24,538 INFO    : 个体0109的适应度NTK为：6.798
2021-04-28 23:33:39,681 INFO    : 个体0110的适应度NTK为：6.075
2021-04-28 23:34:09,304 INFO    : 个体0111的适应度NTK为：5.868
2021-04-28 23:34:25,388 INFO    : 个体0112的适应度NTK为：13.947
2021-04-28 23:34:37,968 INFO    : 个体0113的适应度NTK为：12.14
2021-04-28 23:35:11,303 INFO    : 个体0114的适应度NTK为：4.153
2021-04-28 23:35:26,761 INFO    : 个体0115的适应度NTK为：17.186
2021-04-28 23:35:44,295 INFO    : 个体0116的适应度NTK为：10.741
2021-04-28 23:36:05,646 INFO    : 个体0117的适应度NTK为：11.16
2021-04-28 23:36:22,655 INFO    : 个体0118的适应度NTK为：11.037
2021-04-28 23:37:13,545 INFO    : 个体0119的适应度NTK为：4.617
2021-04-28 23:37:33,519 INFO    : 个体0120的适应度NTK为：16.248
2021-04-28 23:37:47,926 INFO    : 个体0121的适应度NTK为：5.778
2021-04-28 23:38:02,988 INFO    : 个体0122的适应度NTK为：27.359
2021-04-28 23:38:16,665 INFO    : 个体0123的适应度NTK为：7.002
2021-04-28 23:38:54,639 INFO    : 个体0124的适应度NTK为：5.648
2021-04-28 23:39:09,733 INFO    : 个体0125的适应度NTK为：6.868
2021-04-28 23:39:23,640 INFO    : 个体0126的适应度NTK为：6.026
2021-04-28 23:39:33,902 INFO    : 个体0127的适应度NTK为：29.007
2021-04-28 23:39:57,513 INFO    : 个体0128的适应度NTK为：4.981
2021-04-28 23:40:15,960 INFO    : 个体0129的适应度NTK为：7.749
2021-04-28 23:40:30,550 INFO    : 个体0130的适应度NTK为：7.096
2021-04-28 23:40:41,060 INFO    : 个体0131的适应度NTK为：63.643
2021-04-28 23:40:54,786 INFO    : 个体0132的适应度NTK为：11.623
2021-04-28 23:41:18,337 INFO    : 个体0133的适应度NTK为：8.091
2021-04-28 23:41:46,664 INFO    : 个体0134的适应度NTK为：8.084
2021-04-28 23:42:07,707 INFO    : 个体0135的适应度NTK为：5.324
2021-04-28 23:42:57,451 INFO    : 个体0136的适应度NTK为：6.833
2021-04-28 23:43:10,844 INFO    : 个体0137的适应度NTK为：15.145
2021-04-28 23:43:25,955 INFO    : 个体0138的适应度NTK为：7.742
2021-04-28 23:43:43,614 INFO    : 个体0139的适应度NTK为：6.486
2021-04-28 23:44:05,012 INFO    : 个体0140的适应度NTK为：8.704
2021-04-28 23:44:05,017 INFO    : --------------------------------------------------[种群开始进化]--------------------------------------------------

2021-04-28 23:44:05,017 INFO    : ******************************当前种群位于第1代进化******************************
2021-04-28 23:44:06,859 INFO    : 个体off_spring_0119开始变异
2021-04-28 23:44:06,859 INFO    : 进行alter变异:
2021-04-28 23:44:06,859 INFO    :     修改第4个unit的3个位置上的block，block参数：cardinality:32，group_width:32，hasSENet:False
2021-04-28 23:44:06,859 INFO    :     修改最后一个位置，修改out_channel:2048
2021-04-28 23:44:06,859 INFO    :     修改下一个unit的in_channel:2048
2021-04-28 23:44:06,859 INFO    : 个体off_spring_0138开始变异
2021-04-28 23:44:06,859 INFO    : 进行remove变异:
2021-04-28 23:44:06,859 INFO    :     删除第5个unit的1个位置上的block，block参数：cardinality:16，group_width:8，hasSENet:True
2021-04-28 23:44:06,859 INFO    : 个体off_spring_0134开始变异
2021-04-28 23:44:06,859 INFO    : 进行remove变异:
2021-04-28 23:44:06,860 INFO    :     删除第2个unit的1个位置上的block，block参数：cardinality:16，group_width:4，hasSENet:False
2021-04-28 23:45:05,590 INFO    : 个体off_spring_0119的适应度NTK为：5.565
2021-04-28 23:45:20,249 INFO    : 个体off_spring_0138的适应度NTK为：9.5
2021-04-28 23:45:45,315 INFO    : 个体off_spring_0134的适应度NTK为：7.342
2021-04-28 23:45:45,317 INFO    : ******************************当前种群位于第2代进化******************************
2021-04-28 23:45:47,097 INFO    : 个体off_spring_0205开始变异
2021-04-28 23:45:47,097 INFO    : 进行remove变异:
2021-04-28 23:45:47,097 INFO    :     删除第4个unit的3个位置上的block，block参数：cardinality:8，group_width:16，hasSENet:True
2021-04-28 23:45:47,097 INFO    : 个体off_spring_0208开始变异
2021-04-28 23:45:47,097 INFO    : 进行alter变异:
2021-04-28 23:45:47,097 INFO    :     修改第4个unit的3个位置上的block，block参数：cardinality:16，group_width:64，hasSENet:False
2021-04-28 23:45:47,097 INFO    : 个体off_spring_0218开始变异
2021-04-28 23:45:47,097 INFO    : 进行alter变异:
2021-04-28 23:45:47,097 INFO    :     修改第4个unit的2个位置上的block，block参数：cardinality:32，group_width:16，hasSENet:True
2021-04-28 23:46:09,445 INFO    : 个体off_spring_0205的适应度NTK为：8.053
2021-04-28 23:46:54,520 INFO    : 个体off_spring_0208的适应度NTK为：5.824
2021-04-28 23:47:12,477 INFO    : 个体off_spring_0218的适应度NTK为：5.332
2021-04-28 23:47:12,479 INFO    : ******************************当前种群位于第3代进化******************************
2021-04-28 23:47:14,265 INFO    : 个体off_spring_0310开始变异
2021-04-28 23:47:14,265 INFO    : 进行add变异:
2021-04-28 23:47:14,265 INFO    :     在第5个unit的1个位置添加一个block，block参数：cardinality:8，group_width:32，hasSENet:False
2021-04-28 23:47:14,265 INFO    : 个体off_spring_0317开始变异
2021-04-28 23:47:14,265 INFO    : 进行remove变异:
2021-04-28 23:47:14,265 INFO    :     删除第2个unit的3个位置上的block，block参数：cardinality:16，group_width:16，hasSENet:False
2021-04-28 23:47:14,265 INFO    : 个体off_spring_0328开始变异
2021-04-28 23:47:14,265 INFO    : 进行alter变异:
2021-04-28 23:47:14,265 INFO    :     修改第2个unit的2个位置上的block，block参数：cardinality:16，group_width:16，hasSENet:False
2021-04-28 23:47:31,268 INFO    : 个体off_spring_0310的适应度NTK为：7.628
2021-04-28 23:47:45,995 INFO    : 个体off_spring_0317的适应度NTK为：5.996
2021-04-28 23:48:14,200 INFO    : 个体off_spring_0328的适应度NTK为：6.294
2021-04-28 23:48:14,202 INFO    : ******************************当前种群位于第4代进化******************************
2021-04-28 23:48:15,962 INFO    : 个体off_spring_0426开始变异
2021-04-28 23:48:15,962 INFO    : 进行alter变异:
2021-04-28 23:48:15,962 INFO    :     修改第2个unit的2个位置上的block，block参数：cardinality:16，group_width:32，hasSENet:False
2021-04-28 23:48:15,962 INFO    : 个体off_spring_0428开始变异
2021-04-28 23:48:15,962 INFO    : 进行add变异:
2021-04-28 23:48:15,962 INFO    :     在第3个unit的1个位置添加一个block，block参数：cardinality:8，group_width:8，hasSENet:True
2021-04-28 23:48:15,962 INFO    : 个体off_spring_0431开始变异
2021-04-28 23:48:15,962 INFO    : 进行alter变异:
2021-04-28 23:48:15,962 INFO    :     修改第4个unit的3个位置上的block，block参数：cardinality:2，group_width:64，hasSENet:True
2021-04-28 23:48:15,962 INFO    :     修改最后一个位置，修改out_channel:256
2021-04-28 23:48:35,228 INFO    : 个体off_spring_0426的适应度NTK为：9.368
2021-04-28 23:49:00,975 INFO    : 个体off_spring_0428的适应度NTK为：6.505
2021-04-28 23:49:20,016 INFO    : 个体off_spring_0431的适应度NTK为：18.384
2021-04-28 23:49:20,018 INFO    : ******************************当前种群位于第5代进化******************************
2021-04-28 23:49:21,806 INFO    : 个体off_spring_0502开始变异
2021-04-28 23:49:21,807 INFO    : 进行alter变异:
2021-04-28 23:49:21,807 INFO    :     修改第3个unit的4个位置上的block，block参数：cardinality:8，group_width:8，hasSENet:True
2021-04-28 23:49:21,807 INFO    :     修改最后一个位置，修改out_channel:128
2021-04-28 23:49:21,807 INFO    :     修改下一个unit的in_channel:128
2021-04-28 23:49:21,807 INFO    : 个体off_spring_0520开始变异
2021-04-28 23:49:21,807 INFO    : 进行alter变异:
2021-04-28 23:49:21,807 INFO    :     修改第3个unit的1个位置上的block，block参数：cardinality:16，group_width:16，hasSENet:True
2021-04-28 23:49:21,807 INFO    : 个体off_spring_0524开始变异
2021-04-28 23:49:21,807 INFO    : 进行alter变异:
2021-04-28 23:49:21,807 INFO    :     修改第4个unit的3个位置上的block，block参数：cardinality:64，group_width:4，hasSENet:False
2021-04-28 23:49:21,807 INFO    :     修改最后一个位置，修改out_channel:512
2021-04-28 23:49:21,807 INFO    :     修改下一个unit的in_channel:512
2021-04-28 23:49:54,983 INFO    : 个体off_spring_0502的适应度NTK为：4.56
2021-04-28 23:50:27,742 INFO    : 个体off_spring_0520的适应度NTK为：6.873
2021-04-28 23:51:20,624 INFO    : 个体off_spring_0524的适应度NTK为：5.783
2021-04-28 23:51:20,626 INFO    : ******************************当前种群位于第6代进化******************************
2021-04-28 23:51:22,400 INFO    : 个体off_spring_0605开始变异
2021-04-28 23:51:22,400 INFO    : 进行remove变异:
2021-04-28 23:51:22,400 INFO    :     删除第2个unit的4个位置上的block，block参数：cardinality:8，group_width:16，hasSENet:True
2021-04-28 23:51:22,400 INFO    :     删除最后一个位置，修改out_channel:512
2021-04-28 23:51:22,400 INFO    :     修改下一个unit的in_channel:512
2021-04-28 23:51:22,400 INFO    : 个体off_spring_0607开始变异
2021-04-28 23:51:22,400 INFO    : 进行alter变异:
2021-04-28 23:51:22,400 INFO    :     修改第2个unit的1个位置上的block，block参数：cardinality:32，group_width:16，hasSENet:True
2021-04-28 23:51:22,400 INFO    : 个体off_spring_0615开始变异
2021-04-28 23:51:22,400 INFO    : 进行alter变异:
2021-04-28 23:51:22,401 INFO    :     修改第3个unit的1个位置上的block，block参数：cardinality:32，group_width:16，hasSENet:True
2021-04-28 23:52:05,322 INFO    : 个体off_spring_0605的适应度NTK为：7.299
2021-04-28 23:52:46,707 INFO    : 个体off_spring_0607的适应度NTK为：5.215
2021-04-28 23:53:15,100 INFO    : 个体off_spring_0615的适应度NTK为：4.819
2021-04-28 23:53:15,102 INFO    : ******************************当前种群位于第7代进化******************************
2021-04-28 23:53:16,857 INFO    : 个体off_spring_0705开始变异
2021-04-28 23:53:16,857 INFO    : 进行remove变异:
2021-04-28 23:53:16,858 INFO    :     删除第2个unit的3个位置上的block，block参数：cardinality:16，group_width:16，hasSENet:True
2021-04-28 23:53:16,858 INFO    : 个体off_spring_0708开始变异
2021-04-28 23:53:16,858 INFO    : 进行alter变异:
2021-04-28 23:53:16,858 INFO    :     修改第4个unit的2个位置上的block，block参数：cardinality:16，group_width:16，hasSENet:False
2021-04-28 23:53:16,858 INFO    : 个体off_spring_0711开始变异
2021-04-28 23:53:16,858 INFO    : 进行remove变异:
2021-04-28 23:53:16,858 INFO    :     删除第2个unit的4个位置上的block，block参数：cardinality:8，group_width:16，hasSENet:True
2021-04-28 23:53:16,858 INFO    :     删除最后一个位置，修改out_channel:512
2021-04-28 23:53:16,858 INFO    :     修改下一个unit的in_channel:512
2021-04-28 23:53:54,789 INFO    : 个体off_spring_0705的适应度NTK为：6.747
2021-04-28 23:54:37,919 INFO    : 个体off_spring_0708的适应度NTK为：5.483
2021-04-28 23:55:29,414 INFO    : 个体off_spring_0711的适应度NTK为：6.982
2021-04-28 23:55:29,416 INFO    : ******************************当前种群位于第8代进化******************************
2021-04-28 23:55:31,197 INFO    : 个体off_spring_0805开始变异
2021-04-28 23:55:31,197 INFO    : 进行alter变异:
2021-04-28 23:55:31,197 INFO    :     修改第4个unit的2个位置上的block，block参数：cardinality:8，group_width:32，hasSENet:True
2021-04-28 23:55:31,197 INFO    : 个体off_spring_0826开始变异
2021-04-28 23:55:31,197 INFO    : 进行add变异:
2021-04-28 23:55:31,197 INFO    :     在第4个unit的1个位置添加一个block，block参数：cardinality:2，group_width:64，hasSENet:True
2021-04-28 23:55:31,198 INFO    : 个体off_spring_0832开始变异
2021-04-28 23:55:31,198 INFO    : 进行add变异:
2021-04-28 23:55:31,198 INFO    :     在第2个unit的4个位置添加一个block，block参数：cardinality:16，group_width:32，hasSENet:True
2021-04-28 23:55:31,198 INFO    :     添加到最后一个位置，修改out_channel:1024
2021-04-28 23:55:31,198 INFO    :     修改下一个unit的in_channel:1024
2021-04-28 23:56:23,287 INFO    : 个体off_spring_0805的适应度NTK为：4.925
2021-04-28 23:57:03,228 INFO    : 个体off_spring_0826的适应度NTK为：5.478
2021-04-28 23:57:59,837 INFO    : 个体off_spring_0832的适应度NTK为：8.696
2021-04-28 23:57:59,840 INFO    : ******************************当前种群位于第9代进化******************************
2021-04-28 23:58:01,577 INFO    : 个体off_spring_0902开始变异
2021-04-28 23:58:01,577 INFO    : 进行alter变异:
2021-04-28 23:58:01,577 INFO    :     修改第4个unit的3个位置上的block，block参数：cardinality:8，group_width:32，hasSENet:True
2021-04-28 23:58:01,577 INFO    : 个体off_spring_0916开始变异
2021-04-28 23:58:01,577 INFO    : 进行add变异:
2021-04-28 23:58:01,577 INFO    :     在第5个unit的2个位置添加一个block，block参数：cardinality:8，group_width:64，hasSENet:False
2021-04-28 23:58:01,578 INFO    : 个体off_spring_0918开始变异
2021-04-28 23:58:01,578 INFO    : 进行alter变异:
2021-04-28 23:58:01,578 INFO    :     修改第3个unit的4个位置上的block，block参数：cardinality:2，group_width:64，hasSENet:False
2021-04-28 23:58:01,578 INFO    :     修改最后一个位置，修改out_channel:256
2021-04-28 23:58:01,578 INFO    :     修改下一个unit的in_channel:256
2021-04-28 23:58:36,109 INFO    : 个体off_spring_0902的适应度NTK为：7.298
2021-04-28 23:58:54,821 INFO    : 个体off_spring_0916的适应度NTK为：14.665
2021-04-28 23:59:48,052 INFO    : 个体off_spring_0918的适应度NTK为：5.967
2021-04-28 23:59:48,054 INFO    : ******************************当前种群位于第10代进化******************************
2021-04-28 23:59:49,752 INFO    : 个体off_spring_1007开始变异
2021-04-28 23:59:49,752 INFO    : 进行alter变异:
2021-04-28 23:59:49,752 INFO    :     修改第4个unit的1个位置上的block，block参数：cardinality:4，group_width:16，hasSENet:True
2021-04-28 23:59:49,752 INFO    : 个体off_spring_1009开始变异
2021-04-28 23:59:49,752 INFO    : 进行alter变异:
2021-04-28 23:59:49,752 INFO    :     修改第3个unit的2个位置上的block，block参数：cardinality:2，group_width:32，hasSENet:False
2021-04-28 23:59:49,752 INFO    : 个体off_spring_1020开始变异
2021-04-28 23:59:49,752 INFO    : 进行alter变异:
2021-04-28 23:59:49,753 INFO    :     修改第4个unit的2个位置上的block，block参数：cardinality:2，group_width:32，hasSENet:True
2021-04-29 00:00:42,354 INFO    : 个体off_spring_1007的适应度NTK为：4.523
2021-04-29 00:01:23,271 INFO    : 个体off_spring_1009的适应度NTK为：9.847
2021-04-29 00:01:45,774 INFO    : 个体off_spring_1020的适应度NTK为：4.863
2021-04-29 00:01:45,776 INFO    : ******************************当前种群位于第11代进化******************************
2021-04-29 00:01:47,542 INFO    : 个体off_spring_1101开始变异
2021-04-29 00:01:47,542 INFO    : 进行alter变异:
2021-04-29 00:01:47,543 INFO    :     修改第2个unit的3个位置上的block，block参数：cardinality:8，group_width:16，hasSENet:False
2021-04-29 00:01:47,543 INFO    : 个体off_spring_1103开始变异
2021-04-29 00:01:47,543 INFO    : 进行remove变异:
2021-04-29 00:01:47,543 INFO    :     删除第2个unit的1个位置上的block，block参数：cardinality:16，group_width:4，hasSENet:False
2021-04-29 00:01:47,543 INFO    : 个体off_spring_1111开始变异
2021-04-29 00:01:47,543 INFO    : 进行add变异:
2021-04-29 00:01:47,543 INFO    :     在第4个unit的2个位置添加一个block，block参数：cardinality:16，group_width:8，hasSENet:False
2021-04-29 00:02:30,454 INFO    : 个体off_spring_1101的适应度NTK为：5.183
2021-04-29 00:02:51,638 INFO    : 个体off_spring_1103的适应度NTK为：5.405
2021-04-29 00:03:34,493 INFO    : 个体off_spring_1111的适应度NTK为：6.094
2021-04-29 00:03:34,495 INFO    : ******************************当前种群位于第12代进化******************************
2021-04-29 00:03:36,264 INFO    : 个体off_spring_1207开始变异
2021-04-29 00:03:36,265 INFO    : 进行remove变异:
2021-04-29 00:03:36,265 INFO    :     删除第4个unit的3个位置上的block，block参数：cardinality:16，group_width:8，hasSENet:False
2021-04-29 00:03:36,265 INFO    : 个体off_spring_1222开始变异
2021-04-29 00:03:36,265 INFO    : 进行alter变异:
2021-04-29 00:03:36,265 INFO    :     修改第4个unit的2个位置上的block，block参数：cardinality:64，group_width:2，hasSENet:True
2021-04-29 00:03:36,265 INFO    : 个体off_spring_1223开始变异
2021-04-29 00:03:36,265 INFO    : 进行alter变异:
2021-04-29 00:03:36,265 INFO    :     修改第3个unit的3个位置上的block，block参数：cardinality:32，group_width:16，hasSENet:False
2021-04-29 00:04:05,824 INFO    : 个体off_spring_1207的适应度NTK为：7.724
2021-04-29 00:04:59,109 INFO    : 个体off_spring_1222的适应度NTK为：6.621
2021-04-29 00:05:49,956 INFO    : 个体off_spring_1223的适应度NTK为：8.592
2021-04-29 00:05:49,958 INFO    : ******************************当前种群位于第13代进化******************************
2021-04-29 00:05:51,763 INFO    : 个体off_spring_1305开始变异
2021-04-29 00:05:51,763 INFO    : 进行remove变异:
2021-04-29 00:05:51,763 INFO    :     删除第3个unit的4个位置上的block，block参数：cardinality:8，group_width:8，hasSENet:True
2021-04-29 00:05:51,763 INFO    :     删除最后一个位置，修改out_channel:256
2021-04-29 00:05:51,763 INFO    :     修改下一个unit的in_channel:256
2021-04-29 00:05:51,763 INFO    : 个体off_spring_1307开始变异
2021-04-29 00:05:51,763 INFO    : 进行alter变异:
2021-04-29 00:05:51,763 INFO    :     修改第3个unit的3个位置上的block，block参数：cardinality:8，group_width:8，hasSENet:False
2021-04-29 00:05:51,763 INFO    : 个体off_spring_1317开始变异
2021-04-29 00:05:51,764 INFO    : 进行add变异:
2021-04-29 00:05:51,764 INFO    :     在第5个unit的4个位置添加一个block，block参数：cardinality:64，group_width:2，hasSENet:True
2021-04-29 00:05:51,764 INFO    :     添加到最后一个位置，修改out_channel:256
2021-04-29 00:06:24,719 INFO    : 个体off_spring_1305的适应度NTK为：5.003
2021-04-29 00:06:53,764 INFO    : 个体off_spring_1307的适应度NTK为：4.937
2021-04-29 00:07:39,111 INFO    : 个体off_spring_1317的适应度NTK为：5.386
2021-04-29 00:07:39,113 INFO    : ******************************当前种群位于第14代进化******************************
2021-04-29 00:07:40,880 INFO    : 个体off_spring_1401开始变异
2021-04-29 00:07:40,880 INFO    : 进行remove变异:
2021-04-29 00:07:40,880 INFO    :     删除第2个unit的2个位置上的block，block参数：cardinality:16，group_width:16，hasSENet:False
2021-04-29 00:07:40,880 INFO    : 个体off_spring_1413开始变异
2021-04-29 00:07:40,880 INFO    : 进行alter变异:
2021-04-29 00:07:40,880 INFO    :     修改第3个unit的4个位置上的block，block参数：cardinality:16，group_width:8，hasSENet:True
2021-04-29 00:07:40,880 INFO    :     修改最后一个位置，修改out_channel:256
2021-04-29 00:07:40,880 INFO    :     修改下一个unit的in_channel:256
2021-04-29 00:07:40,881 INFO    : 个体off_spring_1421开始变异
2021-04-29 00:07:40,881 INFO    : 进行alter变异:
2021-04-29 00:07:40,881 INFO    :     修改第3个unit的2个位置上的block，block参数：cardinality:16，group_width:16，hasSENet:False
2021-04-29 00:08:09,916 INFO    : 个体off_spring_1401的适应度NTK为：8.842
2021-04-29 00:08:53,860 INFO    : 个体off_spring_1413的适应度NTK为：7.527
2021-04-29 00:09:59,808 INFO    : 个体off_spring_1421的适应度NTK为：5.86
2021-04-29 00:09:59,810 INFO    : ******************************当前种群位于第15代进化******************************
2021-04-29 00:10:01,587 INFO    : 个体off_spring_1501开始变异
2021-04-29 00:10:01,588 INFO    : 进行add变异:
2021-04-29 00:10:01,588 INFO    :     在第4个unit的3个位置添加一个block，block参数：cardinality:64，group_width:4，hasSENet:True
2021-04-29 00:10:01,588 INFO    : 个体off_spring_1516开始变异
2021-04-29 00:10:01,588 INFO    : 进行add变异:
2021-04-29 00:10:01,588 INFO    :     在第4个unit的2个位置添加一个block，block参数：cardinality:64，group_width:16，hasSENet:True
2021-04-29 00:10:01,588 INFO    : 个体off_spring_1522开始变异
2021-04-29 00:10:01,588 INFO    : 进行alter变异:
2021-04-29 00:10:01,588 INFO    :     修改第4个unit的1个位置上的block，block参数：cardinality:64，group_width:4，hasSENet:True
2021-04-29 00:10:42,123 INFO    : 个体off_spring_1501的适应度NTK为：10.088
2021-04-29 00:11:08,969 INFO    : 个体off_spring_1516的适应度NTK为：6.614
2021-04-29 00:11:49,585 INFO    : 个体off_spring_1522的适应度NTK为：4.735
2021-04-29 00:11:49,588 INFO    : ******************************当前种群位于第16代进化******************************
2021-04-29 00:11:51,301 INFO    : 个体off_spring_1605开始变异
2021-04-29 00:11:51,301 INFO    : 进行remove变异:
2021-04-29 00:11:51,301 INFO    :     删除第3个unit的4个位置上的block，block参数：cardinality:8，group_width:8，hasSENet:True
2021-04-29 00:11:51,301 INFO    :     删除最后一个位置，修改out_channel:256
2021-04-29 00:11:51,301 INFO    :     修改下一个unit的in_channel:256
2021-04-29 00:12:24,045 INFO    : 个体off_spring_1605的适应度NTK为：5.384
2021-04-29 00:12:24,047 INFO    : ******************************当前种群位于第17代进化******************************
2021-04-29 00:12:26,128 INFO    : 个体off_spring_1728开始变异
2021-04-29 00:12:26,128 INFO    : 进行add变异:
2021-04-29 00:12:26,129 INFO    :     在第4个unit的4个位置添加一个block，block参数：cardinality:64，group_width:4，hasSENet:True
2021-04-29 00:12:26,129 INFO    :     添加到最后一个位置，修改out_channel:512
2021-04-29 00:12:26,129 INFO    : 个体off_spring_1732开始变异
2021-04-29 00:12:26,129 INFO    : 进行remove变异:
2021-04-29 00:12:26,129 INFO    :     删除第4个unit的4个位置上的block，block参数：cardinality:16，group_width:8，hasSENet:True
2021-04-29 00:12:26,129 INFO    :     删除最后一个位置，修改out_channel:256
2021-04-29 00:12:26,129 INFO    :     修改下一个unit的in_channel:256
2021-04-29 00:12:26,129 INFO    : 个体off_spring_1707开始变异
2021-04-29 00:12:26,129 INFO    : 进行alter变异:
2021-04-29 00:12:26,129 INFO    :     修改第5个unit的4个位置上的block，block参数：cardinality:4，group_width:64，hasSENet:True
2021-04-29 00:12:26,129 INFO    :     修改最后一个位置，修改out_channel:512
2021-04-29 00:13:06,041 INFO    : 个体off_spring_1728的适应度NTK为：4.049
2021-04-29 00:13:28,463 INFO    : 个体off_spring_1732的适应度NTK为：4.228
2021-04-29 00:14:14,900 INFO    : 个体off_spring_1707的适应度NTK为：5.936
2021-04-29 00:14:14,902 INFO    : ******************************当前种群位于第18代进化******************************
2021-04-29 00:14:16,649 INFO    : 个体off_spring_1810开始变异
2021-04-29 00:14:16,650 INFO    : 进行remove变异:
2021-04-29 00:14:16,650 INFO    :     删除第4个unit的2个位置上的block，block参数：cardinality:16，group_width:16，hasSENet:True
2021-04-29 00:14:16,650 INFO    : 个体off_spring_1819开始变异
2021-04-29 00:14:16,650 INFO    : 进行remove变异:
2021-04-29 00:14:16,650 INFO    :     删除第2个unit的4个位置上的block，block参数：cardinality:4，group_width:16，hasSENet:True
2021-04-29 00:14:16,650 INFO    :     删除最后一个位置，修改out_channel:128
2021-04-29 00:14:16,650 INFO    :     修改下一个unit的in_channel:128
2021-04-29 00:14:16,650 INFO    : 个体off_spring_1822开始变异
2021-04-29 00:14:16,650 INFO    : 进行remove变异:
2021-04-29 00:14:16,650 INFO    :     删除第4个unit的2个位置上的block，block参数：cardinality:8，group_width:16，hasSENet:False
2021-04-29 00:14:45,436 INFO    : 个体off_spring_1810的适应度NTK为：5.495
2021-04-29 00:15:02,266 INFO    : 个体off_spring_1819的适应度NTK为：5.561
2021-04-29 00:15:21,920 INFO    : 个体off_spring_1822的适应度NTK为：4.991
2021-04-29 00:15:21,922 INFO    : ******************************当前种群位于第19代进化******************************
2021-04-29 00:15:23,859 INFO    : 个体off_spring_1901开始变异
2021-04-29 00:15:23,859 INFO    : 进行alter变异:
2021-04-29 00:15:23,859 INFO    :     修改第4个unit的2个位置上的block，block参数：cardinality:8，group_width:8，hasSENet:False
2021-04-29 00:15:23,859 INFO    : 个体off_spring_1906开始变异
2021-04-29 00:15:23,859 INFO    : 进行remove变异:
2021-04-29 00:15:23,859 INFO    :     删除第2个unit的1个位置上的block，block参数：cardinality:8，group_width:8，hasSENet:True
2021-04-29 00:15:23,859 INFO    : 个体off_spring_1912开始变异
2021-04-29 00:15:23,859 INFO    : 进行alter变异:
2021-04-29 00:15:23,860 INFO    :     修改第4个unit的1个位置上的block，block参数：cardinality:16，group_width:4，hasSENet:False
2021-04-29 00:16:03,859 INFO    : 个体off_spring_1901的适应度NTK为：8.358
2021-04-29 00:16:54,317 INFO    : 个体off_spring_1906的适应度NTK为：5.238
2021-04-29 00:17:48,114 INFO    : 个体off_spring_1912的适应度NTK为：5.702
2021-04-29 00:17:48,117 INFO    : ******************************当前种群位于第20代进化******************************
2021-04-29 00:17:49,934 INFO    : 个体off_spring_2011开始变异
2021-04-29 00:17:49,934 INFO    : 进行alter变异:
2021-04-29 00:17:49,934 INFO    :     修改第3个unit的2个位置上的block，block参数：cardinality:32，group_width:8，hasSENet:False
2021-04-29 00:17:49,934 INFO    : 个体off_spring_2016开始变异
2021-04-29 00:17:49,934 INFO    : 进行add变异:
2021-04-29 00:17:49,934 INFO    :     在第3个unit的3个位置添加一个block，block参数：cardinality:16，group_width:64，hasSENet:True
2021-04-29 00:17:49,934 INFO    : 个体off_spring_2022开始变异
2021-04-29 00:17:49,934 INFO    : 进行add变异:
2021-04-29 00:17:49,935 INFO    :     在第3个unit的3个位置添加一个block，block参数：cardinality:4，group_width:64，hasSENet:False
2021-04-29 00:18:14,421 INFO    : 个体off_spring_2011的适应度NTK为：5.574
2021-04-29 00:19:02,576 INFO    : 个体off_spring_2016的适应度NTK为：5.671
2021-04-29 00:19:37,555 INFO    : 个体off_spring_2022的适应度NTK为：4.242
2021-04-29 00:19:37,557 INFO    : ******************************当前种群位于第21代进化******************************
2021-04-29 00:19:39,390 INFO    : 个体off_spring_2105开始变异
2021-04-29 00:19:39,390 INFO    : 进行remove变异:
2021-04-29 00:19:39,390 INFO    :     删除第3个unit的4个位置上的block，block参数：cardinality:16，group_width:8，hasSENet:False
2021-04-29 00:19:39,390 INFO    :     删除最后一个位置，修改out_channel:512
2021-04-29 00:19:39,390 INFO    :     修改下一个unit的in_channel:512
2021-04-29 00:19:39,390 INFO    : 个体off_spring_2110开始变异
2021-04-29 00:19:39,390 INFO    : 进行alter变异:
2021-04-29 00:19:39,390 INFO    :     修改第4个unit的3个位置上的block，block参数：cardinality:16，group_width:4，hasSENet:True
2021-04-29 00:19:39,390 INFO    : 个体off_spring_2113开始变异
2021-04-29 00:19:39,390 INFO    : 进行remove变异:
2021-04-29 00:19:39,390 INFO    :     删除第2个unit的1个位置上的block，block参数：cardinality:8，group_width:8，hasSENet:True
2021-04-29 00:20:13,693 INFO    : 个体off_spring_2105的适应度NTK为：7.802
2021-04-29 00:20:53,709 INFO    : 个体off_spring_2110的适应度NTK为：6.202
2021-04-29 00:21:42,404 INFO    : 个体off_spring_2113的适应度NTK为：4.09
2021-04-29 00:21:42,407 INFO    : ******************************当前种群位于第22代进化******************************
2021-04-29 00:21:44,205 INFO    : 个体off_spring_2203开始变异
2021-04-29 00:21:44,205 INFO    : 进行alter变异:
2021-04-29 00:21:44,205 INFO    :     修改第5个unit的2个位置上的block，block参数：cardinality:8，group_width:8，hasSENet:True
2021-04-29 00:21:44,205 INFO    : 个体off_spring_2205开始变异
2021-04-29 00:21:44,206 INFO    : 进行alter变异:
2021-04-29 00:21:44,206 INFO    :     修改第4个unit的3个位置上的block，block参数：cardinality:32，group_width:8，hasSENet:True
2021-04-29 00:21:44,206 INFO    :     修改最后一个位置，修改out_channel:512
2021-04-29 00:21:44,206 INFO    :     修改下一个unit的in_channel:512
2021-04-29 00:21:44,206 INFO    : 个体off_spring_2214开始变异
2021-04-29 00:21:44,206 INFO    : 进行remove变异:
2021-04-29 00:21:44,206 INFO    :     删除第2个unit的1个位置上的block，block参数：cardinality:8，group_width:8，hasSENet:True
2021-04-29 00:22:33,810 INFO    : 个体off_spring_2203的适应度NTK为：4.396
2021-04-29 00:22:57,940 INFO    : 个体off_spring_2205的适应度NTK为：8.443
2021-04-29 00:23:48,211 INFO    : 个体off_spring_2214的适应度NTK为：6.742
2021-04-29 00:23:48,213 INFO    : ******************************当前种群位于第23代进化******************************
2021-04-29 00:23:50,180 INFO    : 个体off_spring_2301开始变异
2021-04-29 00:23:50,180 INFO    : 进行add变异:
2021-04-29 00:23:50,180 INFO    :     在第4个unit的3个位置添加一个block，block参数：cardinality:4，group_width:32，hasSENet:True
2021-04-29 00:23:50,180 INFO    : 个体off_spring_2304开始变异
2021-04-29 00:23:50,180 INFO    : 进行alter变异:
2021-04-29 00:23:50,180 INFO    :     修改第3个unit的1个位置上的block，block参数：cardinality:4，group_width:32，hasSENet:True
2021-04-29 00:23:50,180 INFO    : 个体off_spring_2312开始变异
2021-04-29 00:23:50,180 INFO    : 进行remove变异:
2021-04-29 00:23:50,180 INFO    :     删除第2个unit的2个位置上的block，block参数：cardinality:16，group_width:4，hasSENet:False
2021-04-29 00:24:30,922 INFO    : 个体off_spring_2301的适应度NTK为：4.661
2021-04-29 00:25:05,630 INFO    : 个体off_spring_2304的适应度NTK为：5.51
2021-04-29 00:25:41,609 INFO    : 个体off_spring_2312的适应度NTK为：5.899
2021-04-29 00:25:41,612 INFO    : ******************************当前种群位于第24代进化******************************
2021-04-29 00:25:43,376 INFO    : 个体off_spring_2402开始变异
2021-04-29 00:25:43,376 INFO    : 进行remove变异:
2021-04-29 00:25:43,376 INFO    :     删除第4个unit的3个位置上的block，block参数：cardinality:8，group_width:8，hasSENet:True
2021-04-29 00:25:43,377 INFO    : 个体off_spring_2409开始变异
2021-04-29 00:25:43,377 INFO    : 进行remove变异:
2021-04-29 00:25:43,377 INFO    :     删除第2个unit的3个位置上的block，block参数：cardinality:16，group_width:16，hasSENet:True
2021-04-29 00:25:43,377 INFO    : 个体off_spring_2417开始变异
2021-04-29 00:25:43,377 INFO    : 进行remove变异:
2021-04-29 00:25:43,377 INFO    :     删除第4个unit的1个位置上的block，block参数：cardinality:8，group_width:8，hasSENet:True
2021-04-29 00:26:22,771 INFO    : 个体off_spring_2402的适应度NTK为：8.203
2021-04-29 00:27:07,412 INFO    : 个体off_spring_2409的适应度NTK为：6.719
2021-04-29 00:27:36,502 INFO    : 个体off_spring_2417的适应度NTK为：5.981
2021-04-29 00:27:36,504 INFO    : ******************************当前种群位于第25代进化******************************
2021-04-29 00:27:38,479 INFO    : 个体off_spring_2502开始变异
2021-04-29 00:27:38,479 INFO    : 进行remove变异:
2021-04-29 00:27:38,479 INFO    :     删除第4个unit的3个位置上的block，block参数：cardinality:8，group_width:8，hasSENet:True
2021-04-29 00:27:38,479 INFO    : 个体off_spring_2504开始变异
2021-04-29 00:27:38,479 INFO    : 进行alter变异:
2021-04-29 00:27:38,479 INFO    :     修改第3个unit的3个位置上的block，block参数：cardinality:8，group_width:64，hasSENet:False
2021-04-29 00:27:38,479 INFO    : 个体off_spring_2507开始变异
2021-04-29 00:27:38,479 INFO    : 进行add变异:
2021-04-29 00:27:38,479 INFO    :     在第3个unit的3个位置添加一个block，block参数：cardinality:16，group_width:8，hasSENet:False
2021-04-29 00:28:18,435 INFO    : 个体off_spring_2502的适应度NTK为：5.356
2021-04-29 00:28:55,762 INFO    : 个体off_spring_2504的适应度NTK为：7.162
2021-04-29 00:29:50,351 INFO    : 个体off_spring_2507的适应度NTK为：13.592
2021-04-29 00:29:50,354 INFO    : ******************************当前种群位于第26代进化******************************
2021-04-29 00:29:52,128 INFO    : 个体off_spring_2607开始变异
2021-04-29 00:29:52,129 INFO    : 进行alter变异:
2021-04-29 00:29:52,129 INFO    :     修改第5个unit的3个位置上的block，block参数：cardinality:16，group_width:64，hasSENet:False
2021-04-29 00:29:52,129 INFO    :     修改最后一个位置，修改out_channel:2048
2021-04-29 00:29:52,129 INFO    : 个体off_spring_2614开始变异
2021-04-29 00:29:52,129 INFO    : 进行alter变异:
2021-04-29 00:29:52,129 INFO    :     修改第3个unit的2个位置上的block，block参数：cardinality:64，group_width:2，hasSENet:False
2021-04-29 00:29:52,129 INFO    : 个体off_spring_2615开始变异
2021-04-29 00:29:52,129 INFO    : 进行remove变异:
2021-04-29 00:29:52,129 INFO    :     删除第2个unit的3个位置上的block，block参数：cardinality:16，group_width:4，hasSENet:False
2021-04-29 00:30:45,505 INFO    : 个体off_spring_2607的适应度NTK为：7.92
2021-04-29 00:31:16,266 INFO    : 个体off_spring_2614的适应度NTK为：5.043
2021-04-29 00:31:38,281 INFO    : 个体off_spring_2615的适应度NTK为：6.809
2021-04-29 00:31:38,283 INFO    : ******************************当前种群位于第27代进化******************************
2021-04-29 00:31:40,048 INFO    : 个体off_spring_2708开始变异
2021-04-29 00:31:40,048 INFO    : 进行remove变异:
2021-04-29 00:31:40,048 INFO    :     删除第4个unit的1个位置上的block，block参数：cardinality:8，group_width:8，hasSENet:True
2021-04-29 00:31:40,048 INFO    : 个体off_spring_2729开始变异
2021-04-29 00:31:40,048 INFO    : 进行add变异:
2021-04-29 00:31:40,048 INFO    :     在第4个unit的4个位置添加一个block，block参数：cardinality:8，group_width:32，hasSENet:True
2021-04-29 00:31:40,048 INFO    :     添加到最后一个位置，修改out_channel:512
2021-04-29 00:31:40,048 INFO    :     修改下一个unit的in_channel:512
2021-04-29 00:31:40,048 INFO    : 个体off_spring_2731开始变异
2021-04-29 00:31:40,048 INFO    : 进行alter变异:
2021-04-29 00:31:40,049 INFO    :     修改第3个unit的2个位置上的block，block参数：cardinality:2，group_width:32，hasSENet:True
2021-04-29 00:31:57,996 INFO    : 个体off_spring_2708的适应度NTK为：6.274
2021-04-29 00:32:46,807 INFO    : 个体off_spring_2729的适应度NTK为：5.464
2021-04-29 00:33:27,116 INFO    : 个体off_spring_2731的适应度NTK为：6.3
2021-04-29 00:33:27,119 INFO    : ******************************当前种群位于第28代进化******************************
2021-04-29 00:33:28,830 INFO    : 个体off_spring_2805开始变异
2021-04-29 00:33:28,830 INFO    : 进行alter变异:
2021-04-29 00:33:28,830 INFO    :     修改第5个unit的3个位置上的block，block参数：cardinality:8，group_width:8，hasSENet:True
2021-04-29 00:33:28,830 INFO    : 个体off_spring_2820开始变异
2021-04-29 00:33:28,830 INFO    : 进行alter变异:
2021-04-29 00:33:28,831 INFO    :     修改第4个unit的3个位置上的block，block参数：cardinality:64，group_width:2，hasSENet:True
2021-04-29 00:33:28,831 INFO    : 个体off_spring_2833开始变异
2021-04-29 00:33:28,831 INFO    : 进行add变异:
2021-04-29 00:33:28,831 INFO    :     在第4个unit的4个位置添加一个block，block参数：cardinality:4，group_width:16，hasSENet:True
2021-04-29 00:33:28,831 INFO    :     添加到最后一个位置，修改out_channel:128
2021-04-29 00:33:28,831 INFO    :     修改下一个unit的in_channel:128
2021-04-29 00:33:50,559 INFO    : 个体off_spring_2805的适应度NTK为：4.126
2021-04-29 00:34:23,420 INFO    : 个体off_spring_2820的适应度NTK为：8.03
2021-04-29 00:35:09,516 INFO    : 个体off_spring_2833的适应度NTK为：6.416
2021-04-29 00:35:09,519 INFO    : ******************************当前种群位于第29代进化******************************
2021-04-29 00:35:11,269 INFO    : 个体off_spring_2914开始变异
2021-04-29 00:35:11,270 INFO    : 进行remove变异:
2021-04-29 00:35:11,270 INFO    :     删除第2个unit的2个位置上的block，block参数：cardinality:16，group_width:4，hasSENet:False
2021-04-29 00:35:11,270 INFO    : 个体off_spring_2920开始变异
2021-04-29 00:35:11,270 INFO    : 进行alter变异:
2021-04-29 00:35:11,270 INFO    :     修改第3个unit的1个位置上的block，block参数：cardinality:16，group_width:32，hasSENet:True
2021-04-29 00:35:11,270 INFO    : 个体off_spring_2925开始变异
2021-04-29 00:35:11,270 INFO    : 进行add变异:
2021-04-29 00:35:11,270 INFO    :     在第5个unit的3个位置添加一个block，block参数：cardinality:8，group_width:16，hasSENet:False
2021-04-29 00:35:46,656 INFO    : 个体off_spring_2914的适应度NTK为：6.721
2021-04-29 00:36:11,482 INFO    : 个体off_spring_2920的适应度NTK为：8.026
2021-04-29 00:37:02,952 INFO    : 个体off_spring_2925的适应度NTK为：5.7
2021-04-29 00:37:02,954 INFO    : ******************************当前种群位于第30代进化******************************
2021-04-29 00:37:04,719 INFO    : 个体off_spring_3005开始变异
2021-04-29 00:37:04,719 INFO    : 进行remove变异:
2021-04-29 00:37:04,719 INFO    :     删除第2个unit的3个位置上的block，block参数：cardinality:16，group_width:8，hasSENet:False
2021-04-29 00:37:04,719 INFO    : 个体off_spring_3008开始变异
2021-04-29 00:37:04,720 INFO    : 进行add变异:
2021-04-29 00:37:04,720 INFO    :     在第4个unit的1个位置添加一个block，block参数：cardinality:4，group_width:16，hasSENet:False
2021-04-29 00:37:04,720 INFO    : 个体off_spring_3011开始变异
2021-04-29 00:37:04,720 INFO    : 进行remove变异:
2021-04-29 00:37:04,720 INFO    :     删除第4个unit的1个位置上的block，block参数：cardinality:4，group_width:16，hasSENet:False
2021-04-29 00:37:33,866 INFO    : 个体off_spring_3005的适应度NTK为：6.292
2021-04-29 00:38:23,985 INFO    : 个体off_spring_3008的适应度NTK为：4.962
2021-04-29 00:38:56,978 INFO    : 个体off_spring_3011的适应度NTK为：6.047
2021-04-29 00:38:56,980 INFO    : ******************************当前种群位于第31代进化******************************
2021-04-29 00:38:58,729 INFO    : 个体off_spring_3104开始变异
2021-04-29 00:38:58,729 INFO    : 进行alter变异:
2021-04-29 00:38:58,730 INFO    :     修改第2个unit的2个位置上的block，block参数：cardinality:16，group_width:64，hasSENet:True
2021-04-29 00:38:58,730 INFO    : 个体off_spring_3112开始变异
2021-04-29 00:38:58,730 INFO    : 进行add变异:
2021-04-29 00:38:58,730 INFO    :     在第4个unit的4个位置添加一个block，block参数：cardinality:2，group_width:32，hasSENet:True
2021-04-29 00:38:58,731 INFO    :     添加到最后一个位置，修改out_channel:128
2021-04-29 00:38:58,731 INFO    :     修改下一个unit的in_channel:128
2021-04-29 00:38:58,731 INFO    : 个体off_spring_3113开始变异
2021-04-29 00:38:58,731 INFO    : 进行alter变异:
2021-04-29 00:38:58,731 INFO    :     修改第2个unit的1个位置上的block，block参数：cardinality:8，group_width:16，hasSENet:False
2021-04-29 00:39:36,932 INFO    : 个体off_spring_3104的适应度NTK为：7.697
2021-04-29 00:40:28,549 INFO    : 个体off_spring_3112的适应度NTK为：4.588
2021-04-29 00:41:05,351 INFO    : 个体off_spring_3113的适应度NTK为：7.779
2021-04-29 00:41:05,353 INFO    : ******************************当前种群位于第32代进化******************************
2021-04-29 00:41:07,164 INFO    : 个体off_spring_3218开始变异
2021-04-29 00:41:07,165 INFO    : 进行remove变异:
2021-04-29 00:41:07,165 INFO    :     删除第2个unit的4个位置上的block，block参数：cardinality:8，group_width:16，hasSENet:True
2021-04-29 00:41:07,165 INFO    :     删除最后一个位置，修改out_channel:512
2021-04-29 00:41:07,165 INFO    :     修改下一个unit的in_channel:512
2021-04-29 00:41:07,165 INFO    : 个体off_spring_3220开始变异
2021-04-29 00:41:07,165 INFO    : 进行add变异:
2021-04-29 00:41:07,165 INFO    :     在第3个unit的2个位置添加一个block，block参数：cardinality:2，group_width:64，hasSENet:True
2021-04-29 00:41:07,165 INFO    : 个体off_spring_3227开始变异
2021-04-29 00:41:07,165 INFO    : 进行alter变异:
2021-04-29 00:41:07,165 INFO    :     修改第2个unit的3个位置上的block，block参数：cardinality:16，group_width:32，hasSENet:False
2021-04-29 00:41:07,165 INFO    :     修改最后一个位置，修改out_channel:1024
2021-04-29 00:41:07,165 INFO    :     修改下一个unit的in_channel:1024
2021-04-29 00:41:55,706 INFO    : 个体off_spring_3218的适应度NTK为：4.278
2021-04-29 00:42:51,455 INFO    : 个体off_spring_3220的适应度NTK为：5.957
2021-04-29 00:43:58,277 INFO    : 个体off_spring_3227的适应度NTK为：4.95
2021-04-29 00:43:58,279 INFO    : ******************************当前种群位于第33代进化******************************
2021-04-29 00:44:00,043 INFO    : 个体off_spring_3308开始变异
2021-04-29 00:44:00,043 INFO    : 进行add变异:
2021-04-29 00:44:00,043 INFO    :     在第2个unit的3个位置添加一个block，block参数：cardinality:8，group_width:8，hasSENet:True
2021-04-29 00:44:00,043 INFO    : 个体off_spring_3320开始变异
2021-04-29 00:44:00,043 INFO    : 进行alter变异:
2021-04-29 00:44:00,043 INFO    :     修改第3个unit的2个位置上的block，block参数：cardinality:32，group_width:2，hasSENet:False
2021-04-29 00:44:00,043 INFO    : 个体off_spring_3322开始变异
2021-04-29 00:44:00,044 INFO    : 进行remove变异:
2021-04-29 00:44:00,044 INFO    :     删除第4个unit的4个位置上的block，block参数：cardinality:8，group_width:8，hasSENet:False
2021-04-29 00:44:00,044 INFO    :     删除最后一个位置，修改out_channel:512
2021-04-29 00:44:00,044 INFO    :     修改下一个unit的in_channel:512
2021-04-29 00:44:51,978 INFO    : 个体off_spring_3308的适应度NTK为：6.771
2021-04-29 00:45:21,459 INFO    : 个体off_spring_3320的适应度NTK为：3.906
2021-04-29 00:46:11,154 INFO    : 个体off_spring_3322的适应度NTK为：4.515
2021-04-29 00:46:11,156 INFO    : ******************************当前种群位于第34代进化******************************
2021-04-29 00:46:12,924 INFO    : 个体off_spring_3411开始变异
2021-04-29 00:46:12,924 INFO    : 进行remove变异:
2021-04-29 00:46:12,924 INFO    :     删除第2个unit的3个位置上的block，block参数：cardinality:4，group_width:16，hasSENet:False
2021-04-29 00:46:12,924 INFO    : 个体off_spring_3414开始变异
2021-04-29 00:46:12,924 INFO    : 进行alter变异:
2021-04-29 00:46:12,924 INFO    :     修改第4个unit的2个位置上的block，block参数：cardinality:16，group_width:32，hasSENet:True
2021-04-29 00:46:12,924 INFO    : 个体off_spring_3422开始变异
2021-04-29 00:46:12,924 INFO    : 进行alter变异:
2021-04-29 00:46:12,925 INFO    :     修改第3个unit的3个位置上的block，block参数：cardinality:8，group_width:64，hasSENet:False
2021-04-29 00:46:30,510 INFO    : 个体off_spring_3411的适应度NTK为：4.753
2021-04-29 00:47:06,071 INFO    : 个体off_spring_3414的适应度NTK为：5.864
2021-04-29 00:47:38,052 INFO    : 个体off_spring_3422的适应度NTK为：6.067
2021-04-29 00:47:38,055 INFO    : ******************************当前种群位于第35代进化******************************
2021-04-29 00:47:39,854 INFO    : 个体off_spring_3513开始变异
2021-04-29 00:47:39,855 INFO    : 进行alter变异:
2021-04-29 00:47:39,855 INFO    :     修改第5个unit的3个位置上的block，block参数：cardinality:8，group_width:8，hasSENet:False
2021-04-29 00:47:39,855 INFO    :     修改最后一个位置，修改out_channel:128
2021-04-29 00:47:39,855 INFO    : 个体off_spring_3516开始变异
2021-04-29 00:47:39,855 INFO    : 进行alter变异:
2021-04-29 00:47:39,855 INFO    :     修改第5个unit的2个位置上的block，block参数：cardinality:32，group_width:4，hasSENet:False
2021-04-29 00:47:39,855 INFO    : 个体off_spring_3524开始变异
2021-04-29 00:47:39,855 INFO    : 进行add变异:
2021-04-29 00:47:39,855 INFO    :     在第4个unit的1个位置添加一个block，block参数：cardinality:64，group_width:16，hasSENet:False
2021-04-29 00:48:29,853 INFO    : 个体off_spring_3513的适应度NTK为：5.059
2021-04-29 00:49:17,881 INFO    : 个体off_spring_3516的适应度NTK为：6.104
2021-04-29 00:50:57,780 INFO    : 个体off_spring_3524的适应度NTK为：6.343
2021-04-29 00:50:57,783 INFO    : ******************************当前种群位于第36代进化******************************
2021-04-29 00:50:59,517 INFO    : 个体off_spring_3608开始变异
2021-04-29 00:50:59,517 INFO    : 进行alter变异:
2021-04-29 00:50:59,517 INFO    :     修改第4个unit的1个位置上的block，block参数：cardinality:8，group_width:16，hasSENet:True
2021-04-29 00:50:59,517 INFO    : 个体off_spring_3609开始变异
2021-04-29 00:50:59,517 INFO    : 进行alter变异:
2021-04-29 00:50:59,518 INFO    :     修改第2个unit的1个位置上的block，block参数：cardinality:32，group_width:2，hasSENet:True
2021-04-29 00:50:59,518 INFO    : 个体off_spring_3611开始变异
2021-04-29 00:50:59,518 INFO    : 进行remove变异:
2021-04-29 00:50:59,518 INFO    :     删除第2个unit的1个位置上的block，block参数：cardinality:16，group_width:4，hasSENet:False
2021-04-29 00:51:36,415 INFO    : 个体off_spring_3608的适应度NTK为：5.282
2021-04-29 00:52:25,750 INFO    : 个体off_spring_3609的适应度NTK为：8.215
2021-04-29 00:52:47,156 INFO    : 个体off_spring_3611的适应度NTK为：4.882
2021-04-29 00:52:47,159 INFO    : ******************************当前种群位于第37代进化******************************
2021-04-29 00:52:48,975 INFO    : 个体off_spring_3701开始变异
2021-04-29 00:52:48,976 INFO    : 进行remove变异:
2021-04-29 00:52:48,976 INFO    :     删除第2个unit的2个位置上的block，block参数：cardinality:16，group_width:8，hasSENet:True
2021-04-29 00:52:48,976 INFO    : 个体off_spring_3719开始变异
2021-04-29 00:52:48,976 INFO    : 进行alter变异:
2021-04-29 00:52:48,976 INFO    :     修改第2个unit的2个位置上的block，block参数：cardinality:32，group_width:32，hasSENet:True
2021-04-29 00:52:48,976 INFO    : 个体off_spring_3729开始变异
2021-04-29 00:52:48,976 INFO    : 进行alter变异:
2021-04-29 00:52:48,976 INFO    :     修改第2个unit的1个位置上的block，block参数：cardinality:64，group_width:8，hasSENet:True
2021-04-29 00:53:16,917 INFO    : 个体off_spring_3701的适应度NTK为：4.55
2021-04-29 00:53:43,164 INFO    : 个体off_spring_3719的适应度NTK为：5.389
2021-04-29 00:54:34,485 INFO    : 个体off_spring_3729的适应度NTK为：7.774
2021-04-29 00:54:34,487 INFO    : ******************************当前种群位于第38代进化******************************
2021-04-29 00:54:36,228 INFO    : 个体off_spring_3803开始变异
2021-04-29 00:54:36,228 INFO    : 进行alter变异:
2021-04-29 00:54:36,228 INFO    :     修改第3个unit的1个位置上的block，block参数：cardinality:16，group_width:4，hasSENet:False
2021-04-29 00:54:36,228 INFO    : 个体off_spring_3817开始变异
2021-04-29 00:54:36,228 INFO    : 进行add变异:
2021-04-29 00:54:36,228 INFO    :     在第5个unit的4个位置添加一个block，block参数：cardinality:64，group_width:16，hasSENet:True
2021-04-29 00:54:36,228 INFO    :     添加到最后一个位置，修改out_channel:2048
2021-04-29 00:54:36,228 INFO    : 个体off_spring_3821开始变异
2021-04-29 00:54:36,228 INFO    : 进行alter变异:
2021-04-29 00:54:36,228 INFO    :     修改第3个unit的2个位置上的block，block参数：cardinality:32，group_width:16，hasSENet:True
2021-04-29 00:55:18,825 INFO    : 个体off_spring_3803的适应度NTK为：4.231
2021-04-29 00:56:16,420 INFO    : 个体off_spring_3817的适应度NTK为：6.99
2021-04-29 00:56:52,847 INFO    : 个体off_spring_3821的适应度NTK为：6.112
2021-04-29 00:56:52,850 INFO    : ******************************当前种群位于第39代进化******************************
2021-04-29 00:56:54,630 INFO    : 个体off_spring_3910开始变异
2021-04-29 00:56:54,630 INFO    : 进行add变异:
2021-04-29 00:56:54,630 INFO    :     在第5个unit的4个位置添加一个block，block参数：cardinality:64，group_width:8，hasSENet:True
2021-04-29 00:56:54,630 INFO    :     添加到最后一个位置，修改out_channel:1024
2021-04-29 00:56:54,630 INFO    : 个体off_spring_3920开始变异
2021-04-29 00:56:54,630 INFO    : 进行remove变异:
2021-04-29 00:56:54,631 INFO    :     删除第2个unit的3个位置上的block，block参数：cardinality:16，group_width:8，hasSENet:False
2021-04-29 00:56:54,631 INFO    : 个体off_spring_3932开始变异
2021-04-29 00:56:54,631 INFO    : 进行alter变异:
2021-04-29 00:56:54,631 INFO    :     修改第2个unit的2个位置上的block，block参数：cardinality:16，group_width:4，hasSENet:True
2021-04-29 00:57:43,716 INFO    : 个体off_spring_3910的适应度NTK为：4.56
2021-04-29 00:58:19,895 INFO    : 个体off_spring_3920的适应度NTK为：4.794
2021-04-29 00:58:50,371 INFO    : 个体off_spring_3932的适应度NTK为：8.352
2021-04-29 00:58:50,373 INFO    : ******************************当前种群位于第40代进化******************************
2021-04-29 00:58:52,206 INFO    : 个体off_spring_4002开始变异
2021-04-29 00:58:52,206 INFO    : 进行remove变异:
2021-04-29 00:58:52,206 INFO    :     删除第2个unit的2个位置上的block，block参数：cardinality:16，group_width:16，hasSENet:False
2021-04-29 00:58:52,206 INFO    : 个体off_spring_4023开始变异
2021-04-29 00:58:52,206 INFO    : 进行remove变异:
2021-04-29 00:58:52,206 INFO    :     删除第4个unit的2个位置上的block，block参数：cardinality:4，group_width:16，hasSENet:False
2021-04-29 00:58:52,206 INFO    : 个体off_spring_4027开始变异
2021-04-29 00:58:52,206 INFO    : 进行alter变异:
2021-04-29 00:58:52,207 INFO    :     修改第3个unit的3个位置上的block，block参数：cardinality:32，group_width:8，hasSENet:True
2021-04-29 00:58:52,207 INFO    :     修改最后一个位置，修改out_channel:512
2021-04-29 00:58:52,207 INFO    :     修改下一个unit的in_channel:512
2021-04-29 00:59:20,034 INFO    : 个体off_spring_4002的适应度NTK为：5.002
2021-04-29 00:59:54,922 INFO    : 个体off_spring_4023的适应度NTK为：8.07
2021-04-29 01:00:55,577 INFO    : 个体off_spring_4027的适应度NTK为：5.682
2021-04-29 01:00:55,579 INFO    : ******************************当前种群位于第41代进化******************************
2021-04-29 01:00:57,341 INFO    : 个体off_spring_4112开始变异
2021-04-29 01:00:57,341 INFO    : 进行add变异:
2021-04-29 01:00:57,341 INFO    :     在第3个unit的1个位置添加一个block，block参数：cardinality:8，group_width:8，hasSENet:False
2021-04-29 01:00:57,341 INFO    : 个体off_spring_4116开始变异
2021-04-29 01:00:57,341 INFO    : 进行remove变异:
2021-04-29 01:00:57,342 INFO    :     删除第4个unit的4个位置上的block，block参数：cardinality:4，group_width:16，hasSENet:True
2021-04-29 01:00:57,342 INFO    :     删除最后一个位置，修改out_channel:128
2021-04-29 01:00:57,342 INFO    : 个体off_spring_4117开始变异
2021-04-29 01:00:57,342 INFO    : 进行add变异:
2021-04-29 01:00:57,342 INFO    :     在第2个unit的1个位置添加一个block，block参数：cardinality:64，group_width:4，hasSENet:True
2021-04-29 01:01:15,879 INFO    : 个体off_spring_4112的适应度NTK为：5.074
2021-04-29 01:01:48,362 INFO    : 个体off_spring_4116的适应度NTK为：4.6
2021-04-29 01:02:52,453 INFO    : 个体off_spring_4117的适应度NTK为：4.887
2021-04-29 01:02:52,455 INFO    : ******************************当前种群位于第42代进化******************************
2021-04-29 01:02:54,283 INFO    : 个体off_spring_4203开始变异
2021-04-29 01:02:54,283 INFO    : 进行alter变异:
2021-04-29 01:02:54,283 INFO    :     修改第4个unit的2个位置上的block，block参数：cardinality:8，group_width:16，hasSENet:True
2021-04-29 01:02:54,283 INFO    : 个体off_spring_4224开始变异
2021-04-29 01:02:54,283 INFO    : 进行remove变异:
2021-04-29 01:02:54,283 INFO    :     删除第4个unit的1个位置上的block，block参数：cardinality:64，group_width:4，hasSENet:True
2021-04-29 01:02:54,284 INFO    : 个体off_spring_4228开始变异
2021-04-29 01:02:54,284 INFO    : 进行remove变异:
2021-04-29 01:02:54,284 INFO    :     删除第5个unit的4个位置上的block，block参数：cardinality:64，group_width:8，hasSENet:True
2021-04-29 01:02:54,284 INFO    :     删除最后一个位置，修改out_channel:128
2021-04-29 01:03:36,051 INFO    : 个体off_spring_4203的适应度NTK为：6.052
2021-04-29 01:04:10,344 INFO    : 个体off_spring_4224的适应度NTK为：5.464
2021-04-29 01:05:12,228 INFO    : 个体off_spring_4228的适应度NTK为：7.016
2021-04-29 01:05:12,230 INFO    : ******************************当前种群位于第43代进化******************************
2021-04-29 01:05:13,980 INFO    : 个体off_spring_4302开始变异
2021-04-29 01:05:13,980 INFO    : 进行add变异:
2021-04-29 01:05:13,980 INFO    :     在第4个unit的1个位置添加一个block，block参数：cardinality:32，group_width:8，hasSENet:True
2021-04-29 01:05:13,980 INFO    : 个体off_spring_4306开始变异
2021-04-29 01:05:13,980 INFO    : 进行alter变异:
2021-04-29 01:05:13,980 INFO    :     修改第4个unit的1个位置上的block，block参数：cardinality:8，group_width:64，hasSENet:False
2021-04-29 01:05:13,980 INFO    : 个体off_spring_4322开始变异
2021-04-29 01:05:13,980 INFO    : 进行remove变异:
2021-04-29 01:05:13,981 INFO    :     删除第4个unit的3个位置上的block，block参数：cardinality:8，group_width:16，hasSENet:False
2021-04-29 01:05:55,061 INFO    : 个体off_spring_4302的适应度NTK为：5.004
2021-04-29 01:06:33,338 INFO    : 个体off_spring_4306的适应度NTK为：7.258
2021-04-29 01:07:13,474 INFO    : 个体off_spring_4322的适应度NTK为：7.028
2021-04-29 01:07:13,477 INFO    : ******************************当前种群位于第44代进化******************************
2021-04-29 01:07:15,346 INFO    : 个体off_spring_4411开始变异
2021-04-29 01:07:15,346 INFO    : 进行alter变异:
2021-04-29 01:07:15,347 INFO    :     修改第5个unit的2个位置上的block，block参数：cardinality:4，group_width:64，hasSENet:False
2021-04-29 01:07:15,347 INFO    : 个体off_spring_4415开始变异
2021-04-29 01:07:15,347 INFO    : 进行alter变异:
2021-04-29 01:07:15,347 INFO    :     修改第3个unit的3个位置上的block，block参数：cardinality:8，group_width:8，hasSENet:True
2021-04-29 01:07:15,347 INFO    : 个体off_spring_4419开始变异
2021-04-29 01:07:15,347 INFO    : 进行remove变异:
2021-04-29 01:07:15,347 INFO    :     删除第3个unit的2个位置上的block，block参数：cardinality:16，group_width:8，hasSENet:True
2021-04-29 01:08:06,293 INFO    : 个体off_spring_4411的适应度NTK为：4.873
2021-04-29 01:08:34,030 INFO    : 个体off_spring_4415的适应度NTK为：8.77
2021-04-29 01:09:03,163 INFO    : 个体off_spring_4419的适应度NTK为：6.222
2021-04-29 01:09:03,165 INFO    : ******************************当前种群位于第45代进化******************************
2021-04-29 01:09:05,040 INFO    : 个体off_spring_4520开始变异
2021-04-29 01:09:05,040 INFO    : 进行alter变异:
2021-04-29 01:09:05,040 INFO    :     修改第2个unit的2个位置上的block，block参数：cardinality:32，group_width:8，hasSENet:False
2021-04-29 01:09:05,040 INFO    : 个体off_spring_4525开始变异
2021-04-29 01:09:05,040 INFO    : 进行remove变异:
2021-04-29 01:09:05,040 INFO    :     删除第3个unit的3个位置上的block，block参数：cardinality:8，group_width:16，hasSENet:True
2021-04-29 01:09:05,040 INFO    : 个体off_spring_4533开始变异
2021-04-29 01:09:05,041 INFO    : 进行remove变异:
2021-04-29 01:09:05,041 INFO    :     删除第4个unit的3个位置上的block，block参数：cardinality:8，group_width:32，hasSENet:True
2021-04-29 01:09:55,513 INFO    : 个体off_spring_4520的适应度NTK为：7.423
2021-04-29 01:10:24,147 INFO    : 个体off_spring_4525的适应度NTK为：5.043
2021-04-29 01:11:10,900 INFO    : 个体off_spring_4533的适应度NTK为：5.971
2021-04-29 01:11:10,903 INFO    : ******************************当前种群位于第46代进化******************************
2021-04-29 01:11:12,819 INFO    : 个体off_spring_4603开始变异
2021-04-29 01:11:12,819 INFO    : 进行alter变异:
2021-04-29 01:11:12,822 INFO    :     修改第3个unit的4个位置上的block，block参数：cardinality:16，group_width:4，hasSENet:False
2021-04-29 01:11:12,822 INFO    :     修改最后一个位置，修改out_channel:128
2021-04-29 01:11:12,822 INFO    :     修改下一个unit的in_channel:128
2021-04-29 01:11:12,822 INFO    : 个体off_spring_4613开始变异
2021-04-29 01:11:12,822 INFO    : 进行alter变异:
2021-04-29 01:11:12,822 INFO    :     修改第3个unit的2个位置上的block，block参数：cardinality:64，group_width:8，hasSENet:True
2021-04-29 01:11:12,823 INFO    : 个体off_spring_4622开始变异
2021-04-29 01:11:12,823 INFO    : 进行remove变异:
2021-04-29 01:11:12,823 INFO    :     删除第4个unit的3个位置上的block，block参数：cardinality:8，group_width:16，hasSENet:False
2021-04-29 01:11:54,292 INFO    : 个体off_spring_4603的适应度NTK为：4.575
2021-04-29 01:13:03,758 INFO    : 个体off_spring_4613的适应度NTK为：4.291
2021-04-29 01:13:44,798 INFO    : 个体off_spring_4622的适应度NTK为：4.927
2021-04-29 01:13:44,800 INFO    : ******************************当前种群位于第47代进化******************************
2021-04-29 01:13:46,573 INFO    : 个体off_spring_4709开始变异
2021-04-29 01:13:46,573 INFO    : 进行alter变异:
2021-04-29 01:13:46,573 INFO    :     修改第2个unit的3个位置上的block，block参数：cardinality:16，group_width:8，hasSENet:False
2021-04-29 01:13:46,573 INFO    : 个体off_spring_4712开始变异
2021-04-29 01:13:46,574 INFO    : 进行add变异:
2021-04-29 01:13:46,574 INFO    :     在第5个unit的4个位置添加一个block，block参数：cardinality:4，group_width:16，hasSENet:False
2021-04-29 01:13:46,574 INFO    :     添加到最后一个位置，修改out_channel:128
2021-04-29 01:13:46,574 INFO    : 个体off_spring_4721开始变异
2021-04-29 01:13:46,574 INFO    : 进行remove变异:
2021-04-29 01:13:46,574 INFO    :     删除第3个unit的3个位置上的block，block参数：cardinality:16，group_width:8，hasSENet:False
2021-04-29 01:14:22,486 INFO    : 个体off_spring_4709的适应度NTK为：9.186
2021-04-29 01:15:12,668 INFO    : 个体off_spring_4712的适应度NTK为：5.265
2021-04-29 01:15:45,338 INFO    : 个体off_spring_4721的适应度NTK为：5.444
2021-04-29 01:15:45,340 INFO    : ******************************当前种群位于第48代进化******************************
2021-04-29 01:15:47,219 INFO    : 个体off_spring_4801开始变异
2021-04-29 01:15:47,219 INFO    : 进行alter变异:
2021-04-29 01:15:47,220 INFO    :     修改第3个unit的2个位置上的block，block参数：cardinality:64，group_width:16，hasSENet:False
2021-04-29 01:15:47,220 INFO    : 个体off_spring_4804开始变异
2021-04-29 01:15:47,220 INFO    : 进行alter变异:
2021-04-29 01:15:47,220 INFO    :     修改第4个unit的3个位置上的block，block参数：cardinality:8，group_width:16，hasSENet:False
2021-04-29 01:15:47,220 INFO    :     修改最后一个位置，修改out_channel:256
2021-04-29 01:15:47,220 INFO    :     修改下一个unit的in_channel:256
2021-04-29 01:15:47,223 INFO    : 个体off_spring_4816开始变异
2021-04-29 01:15:47,223 INFO    : 进行remove变异:
2021-04-29 01:15:47,224 INFO    :     删除第4个unit的2个位置上的block，block参数：cardinality:16，group_width:16，hasSENet:True
2021-04-29 01:16:33,708 INFO    : 个体off_spring_4801的适应度NTK为：5.242
2021-04-29 01:17:24,698 INFO    : 个体off_spring_4804的适应度NTK为：4.93
2021-04-29 01:17:50,526 INFO    : 个体off_spring_4816的适应度NTK为：6.865
2021-04-29 01:17:50,531 INFO    : ******************************当前种群位于第49代进化******************************
2021-04-29 01:17:52,409 INFO    : 个体off_spring_4905开始变异
2021-04-29 01:17:52,409 INFO    : 进行remove变异:
2021-04-29 01:17:52,409 INFO    :     删除第5个unit的3个位置上的block，block参数：cardinality:8，group_width:8，hasSENet:True
2021-04-29 01:17:52,409 INFO    : 个体off_spring_4907开始变异
2021-04-29 01:17:52,409 INFO    : 进行alter变异:
2021-04-29 01:17:52,410 INFO    :     修改第3个unit的3个位置上的block，block参数：cardinality:8，group_width:32，hasSENet:False
2021-04-29 01:17:52,410 INFO    :     修改最后一个位置，修改out_channel:512
2021-04-29 01:17:52,410 INFO    :     修改下一个unit的in_channel:512
2021-04-29 01:17:52,410 INFO    : 个体off_spring_4916开始变异
2021-04-29 01:17:52,410 INFO    : 进行alter变异:
2021-04-29 01:17:52,410 INFO    :     修改第4个unit的4个位置上的block，block参数：cardinality:8，group_width:16，hasSENet:False
2021-04-29 01:17:52,410 INFO    :     修改最后一个位置，修改out_channel:256
2021-04-29 01:18:13,952 INFO    : 个体off_spring_4905的适应度NTK为：4.467
2021-04-29 01:18:38,021 INFO    : 个体off_spring_4907的适应度NTK为：7.457
2021-04-29 01:19:05,048 INFO    : 个体off_spring_4916的适应度NTK为：5.367
2021-04-29 01:19:05,050 INFO    : ******************************当前种群位于第50代进化******************************
2021-04-29 01:19:06,759 INFO    : 个体off_spring_5005开始变异
2021-04-29 01:19:06,759 INFO    : 进行remove变异:
2021-04-29 01:19:06,759 INFO    :     删除第5个unit的2个位置上的block，block参数：cardinality:8，group_width:8，hasSENet:False
2021-04-29 01:19:06,759 INFO    : 个体off_spring_5018开始变异
2021-04-29 01:19:06,759 INFO    : 进行alter变异:
2021-04-29 01:19:06,759 INFO    :     修改第2个unit的2个位置上的block，block参数：cardinality:64，group_width:2，hasSENet:False
2021-04-29 01:19:06,759 INFO    : 个体off_spring_5019开始变异
2021-04-29 01:19:06,759 INFO    : 进行alter变异:
2021-04-29 01:19:06,759 INFO    :     修改第2个unit的3个位置上的block，block参数：cardinality:32，group_width:16，hasSENet:False
2021-04-29 01:19:06,759 INFO    :     修改最后一个位置，修改out_channel:1024
2021-04-29 01:19:06,759 INFO    :     修改下一个unit的in_channel:1024
2021-04-29 01:19:28,111 INFO    : 个体off_spring_5005的适应度NTK为：6.161
2021-04-29 01:20:04,339 INFO    : 个体off_spring_5018的适应度NTK为：4.836
2021-04-29 01:21:08,969 INFO    : 个体off_spring_5019的适应度NTK为：6.688
2021-04-29 01:21:08,972 INFO    : --------------------------------------------------[种群进化结束]--------------------------------------------------

2021-04-29 01:21:08,972 INFO    : 最后一代个体：
2021-04-29 01:21:08,972 INFO    : [id:5001,unit_amount:4,conv_length:37,senet_amount:7,spantime:17,ntk:3.906,acc:-1.0,params:3259258.0,FLOPs:609554352.0]
2021-04-29 01:21:08,972 INFO    : [id:5002,unit_amount:4,conv_length:34,senet_amount:6,spantime:50,ntk:3.997,acc:-1.0,params:1014426.0,FLOPs:743631440.0]
2021-04-29 01:21:08,972 INFO    : [id:5003,unit_amount:4,conv_length:37,senet_amount:7,spantime:33,ntk:4.049,acc:-1.0,params:1293242.0,FLOPs:759135088.0]
2021-04-29 01:21:08,972 INFO    : [id:5004,unit_amount:5,conv_length:37,senet_amount:8,spantime:29,ntk:4.09,acc:-1.0,params:1532378.0,FLOPs:1027731088.0]
2021-04-29 01:21:08,972 INFO    : [id:5005,unit_amount:5,conv_length:43,senet_amount:10,spantime:22,ntk:4.126,acc:-1.0,params:927298.0,FLOPs:204055800.0]
2021-04-29 01:21:08,972 INFO    : [id:5006,unit_amount:4,conv_length:37,senet_amount:4,spantime:50,ntk:4.153,acc:-1.0,params:780018.0,FLOPs:428089256.0]
2021-04-29 01:21:08,972 INFO    : [id:5007,unit_amount:5,conv_length:43,senet_amount:9,spantime:33,ntk:4.228,acc:-1.0,params:1263290.0,FLOPs:225696880.0]
2021-04-29 01:21:08,972 INFO    : [id:5008,unit_amount:4,conv_length:37,senet_amount:6,spantime:12,ntk:4.231,acc:-1.0,params:1284146.0,FLOPs:757363432.0]
2021-04-29 01:21:08,972 INFO    : [id:5009,unit_amount:4,conv_length:37,senet_amount:4,spantime:30,ntk:4.242,acc:-1.0,params:1337586.0,FLOPs:570826664.0]
2021-04-29 01:21:08,972 INFO    : [id:5010,unit_amount:5,conv_length:37,senet_amount:8,spantime:18,ntk:4.278,acc:-1.0,params:1400914.0,FLOPs:899536392.0]
2021-04-29 01:21:08,972 INFO    : [id:5011,unit_amount:5,conv_length:37,senet_amount:8,spantime:4,ntk:4.291,acc:-1.0,params:2581394.0,FLOPs:1968761416.0]
2021-04-29 01:21:08,972 INFO    : [id:5012,unit_amount:5,conv_length:37,senet_amount:8,spantime:28,ntk:4.396,acc:-1.0,params:1532378.0,FLOPs:1027731088.0]
2021-04-29 01:21:08,972 INFO    : [id:5013,unit_amount:5,conv_length:43,senet_amount:7,spantime:50,ntk:4.397,acc:-1.0,params:829850.0,FLOPs:150362704.0]
2021-04-29 01:21:08,972 INFO    : [id:5014,unit_amount:5,conv_length:40,senet_amount:9,spantime:1,ntk:4.467,acc:-1.0,params:903610.0,FLOPs:202677360.0]
2021-04-29 01:21:08,972 INFO    : [id:5015,unit_amount:5,conv_length:37,senet_amount:8,spantime:17,ntk:4.515,acc:-1.0,params:1520346.0,FLOPs:1015213712.0]
2021-04-29 01:21:08,972 INFO    : [id:5016,unit_amount:5,conv_length:40,senet_amount:10,spantime:40,ntk:4.523,acc:-1.0,params:1616362.0,FLOPs:1105723296.0]
2021-04-29 01:21:08,972 INFO    : [id:5017,unit_amount:4,conv_length:34,senet_amount:6,spantime:13,ntk:4.55,acc:-1.0,params:3175018.0,FLOPs:590147232.0]
2021-04-29 01:21:08,972 INFO    : [id:5018,unit_amount:4,conv_length:37,senet_amount:5,spantime:45,ntk:4.56,acc:-1.0,params:735354.0,FLOPs:419244080.0]
2021-04-29 01:21:08,972 INFO    : [id:5019,unit_amount:5,conv_length:40,senet_amount:9,spantime:11,ntk:4.56,acc:-1.0,params:2305938.0,FLOPs:948567368.0]
2021-04-29 01:21:08,972 INFO    : [id:5020,unit_amount:4,conv_length:37,senet_amount:7,spantime:4,ntk:4.575,acc:-1.0,params:1286330.0,FLOPs:757365616.0]
2021-04-29 01:21:08,973 INFO    : [id:5021,unit_amount:5,conv_length:43,senet_amount:10,spantime:19,ntk:4.588,acc:-1.0,params:1240914.0,FLOPs:1017546248.0]
2021-04-29 01:21:08,973 INFO    : [id:5022,unit_amount:4,conv_length:34,senet_amount:4,spantime:9,ntk:4.6,acc:-1.0,params:707058.0,FLOPs:417570728.0]
2021-04-29 01:21:08,973 INFO    : [id:5023,unit_amount:5,conv_length:40,senet_amount:9,spantime:50,ntk:4.617,acc:-1.0,params:1203402.0,FLOPs:1008500096.0]
2021-04-29 01:21:08,973 INFO    : [id:5024,unit_amount:4,conv_length:37,senet_amount:7,spantime:27,ntk:4.661,acc:-1.0,params:1184426.0,FLOPs:753978208.0]
2021-04-29 01:21:08,973 INFO    : [id:5025,unit_amount:4,conv_length:37,senet_amount:3,spantime:35,ntk:4.735,acc:-1.0,params:2122378.0,FLOPs:617781312.0]
2021-04-29 01:21:08,973 INFO    : [id:5026,unit_amount:5,conv_length:40,senet_amount:7,spantime:16,ntk:4.753,acc:-1.0,params:803738.0,FLOPs:143678032.0]
2021-04-29 01:21:08,973 INFO    : [id:5027,unit_amount:4,conv_length:34,senet_amount:3,spantime:11,ntk:4.794,acc:-1.0,params:2046602.0,FLOPs:540186688.0]
2021-04-29 01:21:08,973 INFO    : [id:5028,unit_amount:4,conv_length:37,senet_amount:9,spantime:44,ntk:4.819,acc:-1.0,params:3394962.0,FLOPs:641579336.0]
2021-04-29 01:21:08,973 INFO    : [id:5042,unit_amount:4,conv_length:37,senet_amount:5,spantime:0,ntk:4.836,acc:-1.0,params:726906.0,FLOPs:410593328.0]
2021-04-29 01:21:08,973 INFO    : [id:5029,unit_amount:4,conv_length:37,senet_amount:9,spantime:40,ntk:4.863,acc:-1.0,params:1389634.0,FLOPs:242533368.0]
2021-04-29 01:21:08,973 INFO    : [id:5030,unit_amount:5,conv_length:37,senet_amount:7,spantime:6,ntk:4.873,acc:-1.0,params:1978962.0,FLOPs:1056450056.0]
2021-04-29 01:21:08,973 INFO    : [id:5031,unit_amount:5,conv_length:40,senet_amount:7,spantime:14,ntk:4.882,acc:-1.0,params:757146.0,FLOPs:141482576.0]
2021-04-29 01:21:08,973 INFO    : [id:5032,unit_amount:5,conv_length:43,senet_amount:10,spantime:9,ntk:4.887,acc:-1.0,params:2617778.0,FLOPs:1233813352.0]
2021-04-29 01:21:08,973 INFO    : [id:5033,unit_amount:5,conv_length:40,senet_amount:9,spantime:42,ntk:4.925,acc:-1.0,params:1609570.0,FLOPs:1104541464.0]
2021-04-29 01:21:08,973 INFO    : [id:5034,unit_amount:4,conv_length:34,senet_amount:3,spantime:4,ntk:4.927,acc:-1.0,params:1922186.0,FLOPs:604969024.0]
2021-04-29 01:21:08,973 INFO    : [id:5035,unit_amount:5,conv_length:37,senet_amount:8,spantime:2,ntk:4.93,acc:-1.0,params:1694426.0,FLOPs:1066069648.0]
2021-04-29 01:21:08,973 INFO    : [id:5036,unit_amount:4,conv_length:37,senet_amount:8,spantime:37,ntk:4.937,acc:-1.0,params:3264898.0,FLOPs:610441272.0]
2021-04-29 01:21:08,973 INFO    : [id:5037,unit_amount:5,conv_length:37,senet_amount:8,spantime:18,ntk:4.95,acc:-1.0,params:2893138.0,FLOPs:2424034824.0]
2021-04-29 01:21:08,973 INFO    : [id:5038,unit_amount:5,conv_length:40,senet_amount:8,spantime:20,ntk:4.962,acc:-1.0,params:1558490.0,FLOPs:1034415760.0]
2021-04-29 01:21:08,973 INFO    : [id:5039,unit_amount:5,conv_length:46,senet_amount:10,spantime:50,ntk:4.981,acc:-1.0,params:1347530.0,FLOPs:245104000.0]
2021-04-29 01:21:08,976 INFO    : --------------------------------------------------[训练前10个体]--------------------------------------------------

2021-04-29 01:21:10,260 INFO    : 个体5001开始训练
2021-04-29 07:13:07,346 INFO    : Early Stopping with best_acc:95.07 and val_acc for this epoch:255
2021-04-29 07:13:07,346 INFO    : 个体5001的适应度为acc：95.070%
2021-04-29 07:13:07,352 INFO    : [id:5001,unit_amount:4,conv_length:37,senet_amount:7,spantime:17,ntk:3.906,acc:95.07,params:3259258.0,FLOPs:609554352.0]

2021-04-29 11:42:20,256 INFO    : 个体5002开始训练
2021-04-29 15:22:15,203 INFO    : Early Stopping with best_acc:94.12 and val_acc for this epoch:255
2021-04-29 15:22:15,206 INFO    : [id:5002,unit_amount:4,conv_length:34,senet_amount:6,spantime:50,ntk:3.997,acc:94.12,params:1014426.0,FLOPs:743631440.0]
2021-04-29 15:22:16,344 INFO    : 个体5003开始训练
2021-04-29 19:24:58,605 INFO    : Early Stopping with best_acc:94.54 and val_acc for this epoch:269
2021-04-29 19:24:58,615 INFO    : [id:5003,unit_amount:4,conv_length:37,senet_amount:7,spantime:33,ntk:4.049,acc:94.54,params:1293242.0,FLOPs:759135088.0]
2021-04-29 19:24:59,716 INFO    : 个体5004开始训练
2021-04-30 00:27:28,917 INFO    : Early Stopping with best_acc:94.28 and val_acc for this epoch:255
2021-04-30 00:27:28,928 INFO    : [id:5004,unit_amount:5,conv_length:37,senet_amount:8,spantime:29,ntk:4.09,acc:94.28,params:1532378.0,FLOPs:1027731088.0]
2021-04-30 00:27:29,943 INFO    : 个体5005开始训练
2021-04-30 02:22:31,393 INFO    : Early Stopping with best_acc:94.4 and val_acc for this epoch:255
2021-04-30 02:22:31,405 INFO    : [id:5005,unit_amount:5,conv_length:43,senet_amount:10,spantime:22,ntk:4.126,acc:94.4,params:927298.0,FLOPs:204055800.0]
2021-04-30 02:22:32,373 INFO    : 个体5006开始训练
2021-04-30 05:10:39,066 INFO    : Early Stopping with best_acc:94.81 and val_acc for this epoch:255
2021-04-30 05:10:39,076 INFO    : [id:5006,unit_amount:4,conv_length:37,senet_amount:4,spantime:50,ntk:4.153,acc:94.81,params:780018.0,FLOPs:428089256.0]
2021-04-30 05:10:40,078 INFO    : 个体5007开始训练
2021-04-30 07:17:44,819 INFO    : Early Stopping with best_acc:94.71 and val_acc for this epoch:267
2021-04-30 07:17:44,830 INFO    : [id:5007,unit_amount:5,conv_length:43,senet_amount:9,spantime:33,ntk:4.228,acc:94.71,params:1263290.0,FLOPs:225696880.0]
2021-04-30 07:17:45,845 INFO    : 个体5008开始训练
2021-04-30 11:06:00,208 INFO    : Early Stopping with best_acc:94.53 and val_acc for this epoch:255
2021-04-30 11:06:00,221 INFO    : [id:5008,unit_amount:4,conv_length:37,senet_amount:6,spantime:12,ntk:4.231,acc:94.53,params:1284146.0,FLOPs:757363432.0]
2021-04-30 11:06:01,234 INFO    : 个体5009开始训练
2021-04-30 14:21:24,436 INFO    : Early Stopping with best_acc:94.77 and val_acc for this epoch:255
2021-04-30 14:21:24,447 INFO    : [id:5009,unit_amount:4,conv_length:37,senet_amount:4,spantime:30,ntk:4.242,acc:94.77,params:1337586.0,FLOPs:570826664.0]
2021-04-30 14:21:25,465 INFO    : 个体5010开始训练
2021-04-30 19:03:25,782 INFO    : Early Stopping with best_acc:94.59 and val_acc for this epoch:255
2021-04-30 19:03:25,791 INFO    : [id:5010,unit_amount:5,conv_length:37,senet_amount:8,spantime:18,ntk:4.278,acc:94.59,params:1400914.0,FLOPs:899536392.0]
2021-04-30 19:03:25,792 INFO    : --------------------------------------------------[个体训练结束]--------------------------------------------------
