2021-04-29 22:22:06,717 INFO    : --------------------------------------------------[种群初始化]--------------------------------------------------

2021-04-29 22:22:32,917 INFO    : 个体0101的适应度NTK为：5.202
2021-04-29 22:22:50,397 INFO    : 个体0102的适应度NTK为：8.076
2021-04-29 22:23:15,468 INFO    : 个体0103的适应度NTK为：6.657
2021-04-29 22:23:29,890 INFO    : 个体0104的适应度NTK为：5.147
2021-04-29 22:23:39,031 INFO    : 个体0105的适应度NTK为：52.86
2021-04-29 22:23:51,083 INFO    : 个体0106的适应度NTK为：6.943
2021-04-29 22:24:04,139 INFO    : 个体0107的适应度NTK为：8.781
2021-04-29 22:24:17,670 INFO    : 个体0108的适应度NTK为：8.001
2021-04-29 22:24:31,645 INFO    : 个体0109的适应度NTK为：9.286
2021-04-29 22:24:45,907 INFO    : 个体0110的适应度NTK为：24.35
2021-04-29 22:24:54,476 INFO    : 个体0111的适应度NTK为：41.505
2021-04-29 22:25:10,203 INFO    : 个体0112的适应度NTK为：5.58
2021-04-29 22:25:23,894 INFO    : 个体0113的适应度NTK为：6.104
2021-04-29 22:25:36,034 INFO    : 个体0114的适应度NTK为：13.153
2021-04-29 22:25:46,037 INFO    : 个体0115的适应度NTK为：13.36
2021-04-29 22:26:08,663 INFO    : 个体0116的适应度NTK为：8.815
2021-04-29 22:26:24,697 INFO    : 个体0117的适应度NTK为：7.453
2021-04-29 22:26:40,627 INFO    : 个体0118的适应度NTK为：5.226
2021-04-29 22:26:54,140 INFO    : 个体0119的适应度NTK为：5.44
2021-04-29 22:27:09,391 INFO    : 个体0120的适应度NTK为：8.22
2021-04-29 22:27:18,807 INFO    : 个体0121的适应度NTK为：54.972
2021-04-29 22:27:35,139 INFO    : 个体0122的适应度NTK为：10.119
2021-04-29 22:27:49,493 INFO    : 个体0123的适应度NTK为：4.633
2021-04-29 22:28:03,188 INFO    : 个体0124的适应度NTK为：6.652
2021-04-29 22:28:14,020 INFO    : 个体0125的适应度NTK为：42.653
2021-04-29 22:28:32,242 INFO    : 个体0126的适应度NTK为：7.005
2021-04-29 22:28:49,245 INFO    : 个体0127的适应度NTK为：8.481
2021-04-29 22:29:00,079 INFO    : 个体0128的适应度NTK为：30.543
2021-04-29 22:29:12,279 INFO    : 个体0129的适应度NTK为：11.037
2021-04-29 22:29:26,830 INFO    : 个体0130的适应度NTK为：5.803
2021-04-29 22:29:42,166 INFO    : 个体0131的适应度NTK为：7.132
2021-04-29 22:29:52,963 INFO    : 个体0132的适应度NTK为：28.424
2021-04-29 22:30:02,962 INFO    : 个体0133的适应度NTK为：14.862
2021-04-29 22:30:16,541 INFO    : 个体0134的适应度NTK为：4.737
2021-04-29 22:30:28,140 INFO    : 个体0135的适应度NTK为：10.218
2021-04-29 22:30:40,735 INFO    : 个体0136的适应度NTK为：6.046
2021-04-29 22:30:54,552 INFO    : 个体0137的适应度NTK为：8.523
2021-04-29 22:31:08,880 INFO    : 个体0138的适应度NTK为：7.186
2021-04-29 22:31:25,591 INFO    : 个体0139的适应度NTK为：4.904
2021-04-29 22:31:36,576 INFO    : 个体0140的适应度NTK为：8.097
2021-04-29 22:31:36,579 INFO    : --------------------------------------------------[种群开始进化]--------------------------------------------------

2021-04-29 22:31:36,579 INFO    : ******************************当前种群位于第1代进化******************************
2021-04-29 22:31:38,392 INFO    : 个体off_spring_0113开始变异
2021-04-29 22:31:38,392 INFO    : 进行alter变异:
2021-04-29 22:31:38,392 INFO    :     修改第3个unit的1个位置上的block，block参数：cardinality:64，group_width:2，hasSENet:False
2021-04-29 22:31:38,393 INFO    : 个体off_spring_0124开始变异
2021-04-29 22:31:38,393 INFO    : 进行remove变异:
2021-04-29 22:31:38,393 INFO    :     删除第3个unit的3个位置上的block，block参数：cardinality:4，group_width:16，hasSENet:True
2021-04-29 22:31:38,393 INFO    : 个体off_spring_0126开始变异
2021-04-29 22:31:38,393 INFO    : 进行alter变异:
2021-04-29 22:31:38,393 INFO    :     修改第2个unit的4个位置上的block，block参数：cardinality:8，group_width:8，hasSENet:True
2021-04-29 22:31:38,393 INFO    :     修改最后一个位置，修改out_channel:128
2021-04-29 22:31:38,393 INFO    :     修改下一个unit的in_channel:128
2021-04-29 22:31:52,845 INFO    : 个体off_spring_0113的适应度NTK为：7.906
2021-04-29 22:32:06,431 INFO    : 个体off_spring_0124的适应度NTK为：4.301
2021-04-29 22:32:23,684 INFO    : 个体off_spring_0126的适应度NTK为：12.732
2021-04-29 22:32:23,687 INFO    : ******************************当前种群位于第2代进化******************************
2021-04-29 22:32:25,661 INFO    : 个体off_spring_0202开始变异
2021-04-29 22:32:25,661 INFO    : 进行alter变异:
2021-04-29 22:32:25,661 INFO    :     修改第2个unit的3个位置上的block，block参数：cardinality:8，group_width:8，hasSENet:True
2021-04-29 22:32:25,662 INFO    : 个体off_spring_0203开始变异
2021-04-29 22:32:25,662 INFO    : 进行remove变异:
2021-04-29 22:32:25,662 INFO    :     删除第3个unit的1个位置上的block，block参数：cardinality:16，group_width:8，hasSENet:False
2021-04-29 22:32:25,662 INFO    : 个体off_spring_0210开始变异
2021-04-29 22:32:25,662 INFO    : 进行remove变异:
2021-04-29 22:32:25,662 INFO    :     删除第3个unit的2个位置上的block，block参数：cardinality:16，group_width:4，hasSENet:False
2021-04-29 22:32:37,763 INFO    : 个体off_spring_0202的适应度NTK为：9.305
2021-04-29 22:32:50,844 INFO    : 个体off_spring_0203的适应度NTK为：4.366
2021-04-29 22:33:05,733 INFO    : 个体off_spring_0210的适应度NTK为：7.023
2021-04-29 22:33:05,735 INFO    : ******************************当前种群位于第3代进化******************************
2021-04-29 22:33:07,577 INFO    : 个体off_spring_0304开始变异
2021-04-29 22:33:07,577 INFO    : 进行remove变异:
2021-04-29 22:33:07,577 INFO    :     删除第2个unit的4个位置上的block，block参数：cardinality:8，group_width:16，hasSENet:True
2021-04-29 22:33:07,577 INFO    :     删除最后一个位置，修改out_channel:256
2021-04-29 22:33:07,577 INFO    :     修改下一个unit的in_channel:256
2021-04-29 22:33:07,577 INFO    : 个体off_spring_0307开始变异
2021-04-29 22:33:07,577 INFO    : 进行add变异:
2021-04-29 22:33:07,577 INFO    :     在第3个unit的4个位置添加一个block，block参数：cardinality:4，group_width:64，hasSENet:False
2021-04-29 22:33:07,577 INFO    :     添加到最后一个位置，修改out_channel:512
2021-04-29 22:33:07,577 INFO    :     修改下一个unit的in_channel:512
2021-04-29 22:33:07,577 INFO    : 个体off_spring_0315开始变异
2021-04-29 22:33:07,577 INFO    : 进行remove变异:
2021-04-29 22:33:07,577 INFO    :     删除第2个unit的2个位置上的block，block参数：cardinality:8，group_width:16，hasSENet:False
2021-04-29 22:33:20,364 INFO    : 个体off_spring_0304的适应度NTK为：4.803
2021-04-29 22:33:39,733 INFO    : 个体off_spring_0307的适应度NTK为：6.832
2021-04-29 22:34:02,489 INFO    : 个体off_spring_0315的适应度NTK为：6.795
2021-04-29 22:34:02,493 INFO    : ******************************当前种群位于第4代进化******************************
2021-04-29 22:34:04,386 INFO    : 个体off_spring_0413开始变异
2021-04-29 22:34:04,386 INFO    : 进行remove变异:
2021-04-29 22:34:04,387 INFO    :     删除第2个unit的1个位置上的block，block参数：cardinality:8，group_width:16，hasSENet:False
2021-04-29 22:34:04,387 INFO    : 个体off_spring_0417开始变异
2021-04-29 22:34:04,387 INFO    : 进行alter变异:
2021-04-29 22:34:04,387 INFO    :     修改第3个unit的2个位置上的block，block参数：cardinality:4，group_width:64，hasSENet:True
2021-04-29 22:34:04,387 INFO    : 个体off_spring_0421开始变异
2021-04-29 22:34:04,387 INFO    : 进行alter变异:
2021-04-29 22:34:04,387 INFO    :     修改第3个unit的2个位置上的block，block参数：cardinality:64，group_width:4，hasSENet:True
2021-04-29 22:34:15,770 INFO    : 个体off_spring_0413的适应度NTK为：6.864
2021-04-29 22:34:39,455 INFO    : 个体off_spring_0417的适应度NTK为：4.732
2021-04-29 22:34:54,652 INFO    : 个体off_spring_0421的适应度NTK为：9.376
2021-04-29 22:34:54,654 INFO    : ******************************当前种群位于第5代进化******************************
2021-04-29 22:34:56,479 INFO    : 个体off_spring_0501开始变异
2021-04-29 22:34:56,479 INFO    : 进行remove变异:
2021-04-29 22:34:56,479 INFO    :     删除第2个unit的3个位置上的block，block参数：cardinality:16，group_width:16，hasSENet:False
2021-04-29 22:34:56,479 INFO    : 个体off_spring_0506开始变异
2021-04-29 22:34:56,479 INFO    : 进行alter变异:
2021-04-29 22:34:56,479 INFO    :     修改第3个unit的4个位置上的block，block参数：cardinality:32，group_width:32，hasSENet:True
2021-04-29 22:34:56,479 INFO    :     修改最后一个位置，修改out_channel:2048
2021-04-29 22:34:56,479 INFO    :     修改下一个unit的in_channel:2048
2021-04-29 22:34:56,479 INFO    : 个体off_spring_0521开始变异
2021-04-29 22:34:56,479 INFO    : 进行remove变异:
2021-04-29 22:34:56,479 INFO    :     删除第4个unit的4个位置上的block，block参数：cardinality:8，group_width:8，hasSENet:False
2021-04-29 22:34:56,479 INFO    :     删除最后一个位置，修改out_channel:128
2021-04-29 22:35:09,256 INFO    : 个体off_spring_0501的适应度NTK为：5.829
2021-04-29 22:35:26,233 INFO    : 个体off_spring_0506的适应度NTK为：7.476
2021-04-29 22:35:37,916 INFO    : 个体off_spring_0521的适应度NTK为：8.81
2021-04-29 22:35:37,920 INFO    : ******************************当前种群位于第6代进化******************************
2021-04-29 22:35:39,739 INFO    : 个体off_spring_0602开始变异
2021-04-29 22:35:39,739 INFO    : 进行add变异:
2021-04-29 22:35:39,742 INFO    :     在第4个unit的1个位置添加一个block，block参数：cardinality:8，group_width:64，hasSENet:True
2021-04-29 22:35:39,742 INFO    : 个体off_spring_0611开始变异
2021-04-29 22:35:39,742 INFO    : 进行alter变异:
2021-04-29 22:35:39,743 INFO    :     修改第2个unit的1个位置上的block，block参数：cardinality:8，group_width:64，hasSENet:True
2021-04-29 22:35:39,743 INFO    : 个体off_spring_0624开始变异
2021-04-29 22:35:39,743 INFO    : 进行alter变异:
2021-04-29 22:35:39,743 INFO    :     修改第4个unit的1个位置上的block，block参数：cardinality:64，group_width:8，hasSENet:False
2021-04-29 22:35:54,463 INFO    : 个体off_spring_0602的适应度NTK为：5.688
2021-04-29 22:36:12,608 INFO    : 个体off_spring_0611的适应度NTK为：5.223
2021-04-29 22:36:28,849 INFO    : 个体off_spring_0624的适应度NTK为：6.741
2021-04-29 22:36:28,852 INFO    : ******************************当前种群位于第7代进化******************************
2021-04-29 22:36:30,711 INFO    : 个体off_spring_0707开始变异
2021-04-29 22:36:30,711 INFO    : 进行add变异:
2021-04-29 22:36:30,712 INFO    :     在第4个unit的4个位置添加一个block，block参数：cardinality:32，group_width:4，hasSENet:False
2021-04-29 22:36:30,712 INFO    :     添加到最后一个位置，修改out_channel:256
2021-04-29 22:36:30,712 INFO    :     修改下一个unit的in_channel:256
2021-04-29 22:36:30,712 INFO    : 个体off_spring_0723开始变异
2021-04-29 22:36:30,712 INFO    : 进行remove变异:
2021-04-29 22:36:30,712 INFO    :     删除第5个unit的3个位置上的block，block参数：cardinality:16，group_width:16，hasSENet:False
2021-04-29 22:36:30,712 INFO    : 个体off_spring_0729开始变异
2021-04-29 22:36:30,712 INFO    : 进行remove变异:
2021-04-29 22:36:30,712 INFO    :     删除第4个unit的3个位置上的block，block参数：cardinality:8，group_width:8，hasSENet:False
2021-04-29 22:36:47,205 INFO    : 个体off_spring_0707的适应度NTK为：8.294
2021-04-29 22:37:06,554 INFO    : 个体off_spring_0723的适应度NTK为：6.697
2021-04-29 22:37:20,193 INFO    : 个体off_spring_0729的适应度NTK为：7.415
2021-04-29 22:37:20,195 INFO    : ******************************当前种群位于第8代进化******************************
2021-04-29 22:37:22,025 INFO    : 个体off_spring_0802开始变异
2021-04-29 22:37:22,025 INFO    : 进行alter变异:
2021-04-29 22:37:22,025 INFO    :     修改第4个unit的1个位置上的block，block参数：cardinality:8，group_width:32，hasSENet:False
2021-04-29 22:37:22,026 INFO    : 个体off_spring_0815开始变异
2021-04-29 22:37:22,026 INFO    : 进行remove变异:
2021-04-29 22:37:22,026 INFO    :     删除第3个unit的4个位置上的block，block参数：cardinality:8，group_width:16，hasSENet:False
2021-04-29 22:37:22,026 INFO    :     删除最后一个位置，修改out_channel:512
2021-04-29 22:37:22,026 INFO    :     修改下一个unit的in_channel:512
2021-04-29 22:37:22,026 INFO    : 个体off_spring_0826开始变异
2021-04-29 22:37:22,026 INFO    : 进行remove变异:
2021-04-29 22:37:22,026 INFO    :     删除第4个unit的3个位置上的block，block参数：cardinality:8，group_width:8，hasSENet:True
2021-04-29 22:37:35,277 INFO    : 个体off_spring_0802的适应度NTK为：4.155
2021-04-29 22:37:47,853 INFO    : 个体off_spring_0815的适应度NTK为：11.175
2021-04-29 22:37:59,204 INFO    : 个体off_spring_0826的适应度NTK为：6.763
2021-04-29 22:37:59,206 INFO    : ******************************当前种群位于第9代进化******************************
2021-04-29 22:38:01,022 INFO    : 个体off_spring_0901开始变异
2021-04-29 22:38:01,023 INFO    : 进行alter变异:
2021-04-29 22:38:01,023 INFO    :     修改第4个unit的1个位置上的block，block参数：cardinality:2，group_width:64，hasSENet:False
2021-04-29 22:38:01,023 INFO    : 个体off_spring_0930开始变异
2021-04-29 22:38:01,023 INFO    : 进行alter变异:
2021-04-29 22:38:01,023 INFO    :     修改第2个unit的2个位置上的block，block参数：cardinality:8，group_width:32，hasSENet:False
2021-04-29 22:38:01,023 INFO    : 个体off_spring_0935开始变异
2021-04-29 22:38:01,023 INFO    : 进行alter变异:
2021-04-29 22:38:01,023 INFO    :     修改第2个unit的2个位置上的block，block参数：cardinality:64，group_width:8，hasSENet:False
2021-04-29 22:38:13,894 INFO    : 个体off_spring_0901的适应度NTK为：5.056
2021-04-29 22:38:33,225 INFO    : 个体off_spring_0930的适应度NTK为：5.233
2021-04-29 22:38:52,765 INFO    : 个体off_spring_0935的适应度NTK为：5.564
2021-04-29 22:38:52,767 INFO    : ******************************当前种群位于第10代进化******************************
2021-04-29 22:38:54,556 INFO    : 个体off_spring_1008开始变异
2021-04-29 22:38:54,556 INFO    : 进行remove变异:
2021-04-29 22:38:54,556 INFO    :     删除第5个unit的2个位置上的block，block参数：cardinality:16，group_width:8，hasSENet:True
2021-04-29 22:38:54,556 INFO    : 个体off_spring_1010开始变异
2021-04-29 22:38:54,556 INFO    : 进行remove变异:
2021-04-29 22:38:54,556 INFO    :     删除第2个unit的3个位置上的block，block参数：cardinality:8，group_width:16，hasSENet:False
2021-04-29 22:38:54,556 INFO    : 个体off_spring_1015开始变异
2021-04-29 22:38:54,556 INFO    : 进行remove变异:
2021-04-29 22:38:54,556 INFO    :     删除第2个unit的2个位置上的block，block参数：cardinality:16，group_width:8，hasSENet:True
2021-04-29 22:39:10,162 INFO    : 个体off_spring_1008的适应度NTK为：9.586
2021-04-29 22:39:23,669 INFO    : 个体off_spring_1010的适应度NTK为：6.478
2021-04-29 22:39:36,572 INFO    : 个体off_spring_1015的适应度NTK为：7.003
2021-04-29 22:39:36,576 INFO    : ******************************当前种群位于第11代进化******************************
2021-04-29 22:39:38,424 INFO    : 个体off_spring_1101开始变异
2021-04-29 22:39:38,424 INFO    : 进行remove变异:
2021-04-29 22:39:38,424 INFO    :     删除第2个unit的3个位置上的block，block参数：cardinality:8，group_width:16，hasSENet:False
2021-04-29 22:39:38,424 INFO    : 个体off_spring_1105开始变异
2021-04-29 22:39:38,424 INFO    : 进行add变异:
2021-04-29 22:39:38,425 INFO    :     在第3个unit的4个位置添加一个block，block参数：cardinality:32，group_width:32，hasSENet:True
2021-04-29 22:39:38,425 INFO    :     添加到最后一个位置，修改out_channel:2048
2021-04-29 22:39:38,425 INFO    :     修改下一个unit的in_channel:2048
2021-04-29 22:39:38,425 INFO    : 个体off_spring_1106开始变异
2021-04-29 22:39:38,425 INFO    : 进行remove变异:
2021-04-29 22:39:38,425 INFO    :     删除第2个unit的3个位置上的block，block参数：cardinality:8，group_width:16，hasSENet:False
2021-04-29 22:39:51,118 INFO    : 个体off_spring_1101的适应度NTK为：6.686
2021-04-29 22:40:19,720 INFO    : 个体off_spring_1105的适应度NTK为：6.893
2021-04-29 22:40:32,453 INFO    : 个体off_spring_1106的适应度NTK为：7.161
2021-04-29 22:40:32,455 INFO    : ******************************当前种群位于第12代进化******************************
2021-04-29 22:40:34,264 INFO    : 个体off_spring_1201开始变异
2021-04-29 22:40:34,264 INFO    : 进行remove变异:
2021-04-29 22:40:34,264 INFO    :     删除第2个unit的1个位置上的block，block参数：cardinality:16，group_width:8，hasSENet:True
2021-04-29 22:40:34,264 INFO    : 个体off_spring_1207开始变异
2021-04-29 22:40:34,264 INFO    : 进行alter变异:
2021-04-29 22:40:34,264 INFO    :     修改第3个unit的1个位置上的block，block参数：cardinality:8，group_width:32，hasSENet:True
2021-04-29 22:40:34,264 INFO    : 个体off_spring_1210开始变异
2021-04-29 22:40:34,264 INFO    : 进行add变异:
2021-04-29 22:40:34,265 INFO    :     在第3个unit的4个位置添加一个block，block参数：cardinality:64，group_width:16，hasSENet:False
2021-04-29 22:40:34,265 INFO    :     添加到最后一个位置，修改out_channel:2048
2021-04-29 22:40:34,265 INFO    :     修改下一个unit的in_channel:2048
2021-04-29 22:40:46,891 INFO    : 个体off_spring_1201的适应度NTK为：7.987
2021-04-29 22:41:00,890 INFO    : 个体off_spring_1207的适应度NTK为：5.154
2021-04-29 22:41:17,700 INFO    : 个体off_spring_1210的适应度NTK为：5.343
2021-04-29 22:41:17,703 INFO    : ******************************当前种群位于第13代进化******************************
2021-04-29 22:41:19,633 INFO    : 个体off_spring_1301开始变异
2021-04-29 22:41:19,633 INFO    : 进行alter变异:
2021-04-29 22:41:19,633 INFO    :     修改第2个unit的3个位置上的block，block参数：cardinality:8，group_width:64，hasSENet:False
2021-04-29 22:41:19,633 INFO    : 个体off_spring_1314开始变异
2021-04-29 22:41:19,633 INFO    : 进行alter变异:
2021-04-29 22:41:19,634 INFO    :     修改第3个unit的1个位置上的block，block参数：cardinality:8，group_width:16，hasSENet:False
2021-04-29 22:41:19,634 INFO    : 个体off_spring_1317开始变异
2021-04-29 22:41:19,634 INFO    : 进行remove变异:
2021-04-29 22:41:19,634 INFO    :     删除第2个unit的4个位置上的block，block参数：cardinality:16，group_width:4，hasSENet:False
2021-04-29 22:41:19,634 INFO    :     删除最后一个位置，修改out_channel:256
2021-04-29 22:41:19,634 INFO    :     修改下一个unit的in_channel:256
2021-04-29 22:41:34,954 INFO    : 个体off_spring_1301的适应度NTK为：7.839
2021-04-29 22:41:50,204 INFO    : 个体off_spring_1314的适应度NTK为：6.402
2021-04-29 22:42:03,485 INFO    : 个体off_spring_1317的适应度NTK为：6.504
2021-04-29 22:42:03,487 INFO    : ******************************当前种群位于第14代进化******************************
2021-04-29 22:42:05,336 INFO    : 个体off_spring_1401开始变异
2021-04-29 22:42:05,336 INFO    : 进行remove变异:
2021-04-29 22:42:05,336 INFO    :     删除第2个unit的2个位置上的block，block参数：cardinality:16，group_width:4，hasSENet:True
2021-04-29 22:42:05,336 INFO    : 个体off_spring_1410开始变异
2021-04-29 22:42:05,336 INFO    : 进行alter变异:
2021-04-29 22:42:05,336 INFO    :     修改第2个unit的2个位置上的block，block参数：cardinality:64，group_width:4，hasSENet:False
2021-04-29 22:42:05,336 INFO    : 个体off_spring_1426开始变异
2021-04-29 22:42:05,336 INFO    : 进行alter变异:
2021-04-29 22:42:05,336 INFO    :     修改第4个unit的2个位置上的block，block参数：cardinality:64，group_width:8，hasSENet:False
2021-04-29 22:42:18,120 INFO    : 个体off_spring_1401的适应度NTK为：6.707
2021-04-29 22:42:33,132 INFO    : 个体off_spring_1410的适应度NTK为：6.884
2021-04-29 22:42:47,337 INFO    : 个体off_spring_1426的适应度NTK为：5.729
2021-04-29 22:42:47,339 INFO    : ******************************当前种群位于第15代进化******************************
2021-04-29 22:42:49,308 INFO    : 个体off_spring_1504开始变异
2021-04-29 22:42:49,309 INFO    : 进行remove变异:
2021-04-29 22:42:49,309 INFO    :     删除第3个unit的3个位置上的block，block参数：cardinality:16，group_width:4，hasSENet:False
2021-04-29 22:42:49,309 INFO    : 个体off_spring_1511开始变异
2021-04-29 22:42:49,309 INFO    : 进行alter变异:
2021-04-29 22:42:49,309 INFO    :     修改第4个unit的3个位置上的block，block参数：cardinality:64，group_width:8，hasSENet:True
2021-04-29 22:42:49,309 INFO    :     修改最后一个位置，修改out_channel:1024
2021-04-29 22:42:49,309 INFO    : 个体off_spring_1516开始变异
2021-04-29 22:42:49,309 INFO    : 进行remove变异:
2021-04-29 22:42:49,309 INFO    :     删除第3个unit的2个位置上的block，block参数：cardinality:8，group_width:8，hasSENet:False
2021-04-29 22:43:02,609 INFO    : 个体off_spring_1504的适应度NTK为：8.636
2021-04-29 22:43:15,766 INFO    : 个体off_spring_1511的适应度NTK为：6.872
2021-04-29 22:43:31,770 INFO    : 个体off_spring_1516的适应度NTK为：4.472
2021-04-29 22:43:31,772 INFO    : ******************************当前种群位于第16代进化******************************
2021-04-29 22:43:33,564 INFO    : 个体off_spring_1610开始变异
2021-04-29 22:43:33,564 INFO    : 进行alter变异:
2021-04-29 22:43:33,564 INFO    :     修改第3个unit的1个位置上的block，block参数：cardinality:4，group_width:64，hasSENet:False
2021-04-29 22:43:33,564 INFO    : 个体off_spring_1616开始变异
2021-04-29 22:43:33,564 INFO    : 进行alter变异:
2021-04-29 22:43:33,564 INFO    :     修改第4个unit的3个位置上的block，block参数：cardinality:32，group_width:4，hasSENet:False
2021-04-29 22:43:33,564 INFO    :     修改最后一个位置，修改out_channel:256
2021-04-29 22:43:33,565 INFO    : 个体off_spring_1624开始变异
2021-04-29 22:43:33,565 INFO    : 进行add变异:
2021-04-29 22:43:33,565 INFO    :     在第3个unit的1个位置添加一个block，block参数：cardinality:64，group_width:8，hasSENet:False
2021-04-29 22:43:47,510 INFO    : 个体off_spring_1610的适应度NTK为：5.612
2021-04-29 22:44:07,441 INFO    : 个体off_spring_1616的适应度NTK为：5.174
2021-04-29 22:44:22,240 INFO    : 个体off_spring_1624的适应度NTK为：7.826
2021-04-29 22:44:22,242 INFO    : ******************************当前种群位于第17代进化******************************
2021-04-29 22:44:24,006 INFO    : 个体off_spring_1708开始变异
2021-04-29 22:44:24,007 INFO    : 进行alter变异:
2021-04-29 22:44:24,007 INFO    :     修改第3个unit的1个位置上的block，block参数：cardinality:2，group_width:32，hasSENet:False
2021-04-29 22:44:24,007 INFO    : 个体off_spring_1709开始变异
2021-04-29 22:44:24,007 INFO    : 进行remove变异:
2021-04-29 22:44:24,007 INFO    :     删除第5个unit的1个位置上的block，block参数：cardinality:16，group_width:8，hasSENet:False
2021-04-29 22:44:24,007 INFO    : 个体off_spring_1710开始变异
2021-04-29 22:44:24,007 INFO    : 进行remove变异:
2021-04-29 22:44:24,007 INFO    :     删除第2个unit的1个位置上的block，block参数：cardinality:16，group_width:8，hasSENet:True
2021-04-29 22:44:36,731 INFO    : 个体off_spring_1708的适应度NTK为：5.318
2021-04-29 22:44:52,624 INFO    : 个体off_spring_1709的适应度NTK为：7.398
2021-04-29 22:45:05,185 INFO    : 个体off_spring_1710的适应度NTK为：7.034
2021-04-29 22:45:05,187 INFO    : ******************************当前种群位于第18代进化******************************
2021-04-29 22:45:07,177 INFO    : 个体off_spring_1806开始变异
2021-04-29 22:45:07,177 INFO    : 进行add变异:
2021-04-29 22:45:07,177 INFO    :     在第3个unit的2个位置添加一个block，block参数：cardinality:64，group_width:8，hasSENet:True
2021-04-29 22:45:07,177 INFO    : 个体off_spring_1809开始变异
2021-04-29 22:45:07,177 INFO    : 进行alter变异:
2021-04-29 22:45:07,178 INFO    :     修改第5个unit的2个位置上的block，block参数：cardinality:64，group_width:2，hasSENet:False
2021-04-29 22:45:07,178 INFO    : 个体off_spring_1827开始变异
2021-04-29 22:45:07,178 INFO    : 进行alter变异:
2021-04-29 22:45:07,178 INFO    :     修改第3个unit的2个位置上的block，block参数：cardinality:2，group_width:32，hasSENet:True
2021-04-29 22:45:36,224 INFO    : 个体off_spring_1806的适应度NTK为：4.034
2021-04-29 22:45:52,409 INFO    : 个体off_spring_1809的适应度NTK为：10.644
2021-04-29 22:46:04,989 INFO    : 个体off_spring_1827的适应度NTK为：7.257
2021-04-29 22:46:04,991 INFO    : ******************************当前种群位于第19代进化******************************
2021-04-29 22:46:06,770 INFO    : 个体off_spring_1901开始变异
2021-04-29 22:46:06,771 INFO    : 进行add变异:
2021-04-29 22:46:06,771 INFO    :     在第2个unit的4个位置添加一个block，block参数：cardinality:2，group_width:32，hasSENet:True
2021-04-29 22:46:06,771 INFO    :     添加到最后一个位置，修改out_channel:128
2021-04-29 22:46:06,771 INFO    :     修改下一个unit的in_channel:128
2021-04-29 22:46:06,771 INFO    : 个体off_spring_1904开始变异
2021-04-29 22:46:06,771 INFO    : 进行add变异:
2021-04-29 22:46:06,771 INFO    :     在第4个unit的2个位置添加一个block，block参数：cardinality:4，group_width:16，hasSENet:False
2021-04-29 22:46:06,771 INFO    : 个体off_spring_1910开始变异
2021-04-29 22:46:06,771 INFO    : 进行alter变异:
2021-04-29 22:46:06,771 INFO    :     修改第3个unit的1个位置上的block，block参数：cardinality:64，group_width:8，hasSENet:False
2021-04-29 22:46:37,079 INFO    : 个体off_spring_1901的适应度NTK为：5.874
2021-04-29 22:46:50,644 INFO    : 个体off_spring_1904的适应度NTK为：6.414
2021-04-29 22:47:15,847 INFO    : 个体off_spring_1910的适应度NTK为：6.859
2021-04-29 22:47:15,849 INFO    : ******************************当前种群位于第20代进化******************************
2021-04-29 22:47:17,594 INFO    : 个体off_spring_2005开始变异
2021-04-29 22:47:17,594 INFO    : 进行add变异:
2021-04-29 22:47:17,594 INFO    :     在第3个unit的4个位置添加一个block，block参数：cardinality:4，group_width:32，hasSENet:False
2021-04-29 22:47:17,594 INFO    :     添加到最后一个位置，修改out_channel:256
2021-04-29 22:47:17,594 INFO    :     修改下一个unit的in_channel:256
2021-04-29 22:47:17,594 INFO    : 个体off_spring_2014开始变异
2021-04-29 22:47:17,594 INFO    : 进行add变异:
2021-04-29 22:47:17,594 INFO    :     在第2个unit的1个位置添加一个block，block参数：cardinality:64，group_width:2，hasSENet:True
2021-04-29 22:47:17,594 INFO    : 个体off_spring_2021开始变异
2021-04-29 22:47:17,594 INFO    : 进行remove变异:
2021-04-29 22:47:17,594 INFO    :     删除第2个unit的4个位置上的block，block参数：cardinality:16，group_width:4，hasSENet:False
2021-04-29 22:47:17,595 INFO    :     删除最后一个位置，修改out_channel:256
2021-04-29 22:47:17,595 INFO    :     修改下一个unit的in_channel:256
2021-04-29 22:47:33,276 INFO    : 个体off_spring_2005的适应度NTK为：4.684
2021-04-29 22:47:55,912 INFO    : 个体off_spring_2014的适应度NTK为：4.726
2021-04-29 22:48:09,255 INFO    : 个体off_spring_2021的适应度NTK为：6.972
2021-04-29 22:48:09,258 INFO    : ******************************当前种群位于第21代进化******************************
2021-04-29 22:48:11,046 INFO    : 个体off_spring_2101开始变异
2021-04-29 22:48:11,047 INFO    : 进行alter变异:
2021-04-29 22:48:11,047 INFO    :     修改第4个unit的1个位置上的block，block参数：cardinality:32，group_width:2，hasSENet:False
2021-04-29 22:48:11,047 INFO    : 个体off_spring_2114开始变异
2021-04-29 22:48:11,047 INFO    : 进行alter变异:
2021-04-29 22:48:11,047 INFO    :     修改第2个unit的3个位置上的block，block参数：cardinality:16，group_width:4，hasSENet:True
2021-04-29 22:48:11,047 INFO    : 个体off_spring_2131开始变异
2021-04-29 22:48:11,047 INFO    : 进行remove变异:
2021-04-29 22:48:11,047 INFO    :     删除第4个unit的2个位置上的block，block参数：cardinality:8，group_width:8，hasSENet:True
2021-04-29 22:48:39,117 INFO    : 个体off_spring_2101的适应度NTK为：4.883
2021-04-29 22:48:53,360 INFO    : 个体off_spring_2114的适应度NTK为：5.366
2021-04-29 22:49:22,944 INFO    : 个体off_spring_2131的适应度NTK为：5.479
2021-04-29 22:49:22,947 INFO    : ******************************当前种群位于第22代进化******************************
2021-04-29 22:49:24,743 INFO    : 个体off_spring_2210开始变异
2021-04-29 22:49:24,743 INFO    : 进行alter变异:
2021-04-29 22:49:24,743 INFO    :     修改第2个unit的2个位置上的block，block参数：cardinality:16，group_width:8，hasSENet:True
2021-04-29 22:49:24,743 INFO    : 个体off_spring_2213开始变异
2021-04-29 22:49:24,744 INFO    : 进行remove变异:
2021-04-29 22:49:24,744 INFO    :     删除第5个unit的2个位置上的block，block参数：cardinality:16，group_width:8，hasSENet:True
2021-04-29 22:49:24,744 INFO    : 个体off_spring_2218开始变异
2021-04-29 22:49:24,744 INFO    : 进行add变异:
2021-04-29 22:49:24,744 INFO    :     在第3个unit的1个位置添加一个block，block参数：cardinality:64，group_width:8，hasSENet:False
2021-04-29 22:49:38,190 INFO    : 个体off_spring_2210的适应度NTK为：4.147
2021-04-29 22:49:54,063 INFO    : 个体off_spring_2213的适应度NTK为：7.426
2021-04-29 22:50:20,931 INFO    : 个体off_spring_2218的适应度NTK为：5.803
2021-04-29 22:50:20,933 INFO    : ******************************当前种群位于第23代进化******************************
2021-04-29 22:50:22,635 INFO    : 个体off_spring_2301开始变异
2021-04-29 22:50:22,635 INFO    : 进行add变异:
2021-04-29 22:50:22,636 INFO    :     在第2个unit的2个位置添加一个block，block参数：cardinality:64，group_width:2，hasSENet:True
2021-04-29 22:50:22,636 INFO    : 个体off_spring_2309开始变异
2021-04-29 22:50:22,636 INFO    : 进行alter变异:
2021-04-29 22:50:22,636 INFO    :     修改第2个unit的1个位置上的block，block参数：cardinality:8，group_width:64，hasSENet:False
2021-04-29 22:50:22,636 INFO    : 个体off_spring_2313开始变异
2021-04-29 22:50:22,636 INFO    : 进行alter变异:
2021-04-29 22:50:22,636 INFO    :     修改第4个unit的4个位置上的block，block参数：cardinality:32，group_width:32，hasSENet:False
2021-04-29 22:50:22,636 INFO    :     修改最后一个位置，修改out_channel:2048
2021-04-29 22:50:55,140 INFO    : 个体off_spring_2301的适应度NTK为：5.466
2021-04-29 22:51:22,892 INFO    : 个体off_spring_2309的适应度NTK为：5.748
2021-04-29 22:51:49,832 INFO    : 个体off_spring_2313的适应度NTK为：10.146
2021-04-29 22:51:49,834 INFO    : ******************************当前种群位于第24代进化******************************
2021-04-29 22:51:51,584 INFO    : 个体off_spring_2405开始变异
2021-04-29 22:51:51,584 INFO    : 进行alter变异:
2021-04-29 22:51:51,584 INFO    :     修改第2个unit的1个位置上的block，block参数：cardinality:16，group_width:64，hasSENet:False
2021-04-29 22:51:51,584 INFO    : 个体off_spring_2418开始变异
2021-04-29 22:51:51,584 INFO    : 进行alter变异:
2021-04-29 22:51:51,584 INFO    :     修改第2个unit的1个位置上的block，block参数：cardinality:32，group_width:4，hasSENet:False
2021-04-29 22:51:51,584 INFO    : 个体off_spring_2426开始变异
2021-04-29 22:51:51,584 INFO    : 进行remove变异:
2021-04-29 22:51:51,584 INFO    :     删除第2个unit的2个位置上的block，block参数：cardinality:16，group_width:8，hasSENet:True
2021-04-29 22:52:16,175 INFO    : 个体off_spring_2405的适应度NTK为：7.723
2021-04-29 22:52:37,629 INFO    : 个体off_spring_2418的适应度NTK为：3.665
2021-04-29 22:52:50,453 INFO    : 个体off_spring_2426的适应度NTK为：7.277
2021-04-29 22:52:50,455 INFO    : ******************************当前种群位于第25代进化******************************
2021-04-29 22:52:52,303 INFO    : 个体off_spring_2508开始变异
2021-04-29 22:52:52,303 INFO    : 进行alter变异:
2021-04-29 22:52:52,303 INFO    :     修改第2个unit的3个位置上的block，block参数：cardinality:32，group_width:32，hasSENet:True
2021-04-29 22:52:52,303 INFO    : 个体off_spring_2511开始变异
2021-04-29 22:52:52,303 INFO    : 进行remove变异:
2021-04-29 22:52:52,303 INFO    :     删除第4个unit的3个位置上的block，block参数：cardinality:16，group_width:8，hasSENet:True
2021-04-29 22:52:52,303 INFO    : 个体off_spring_2519开始变异
2021-04-29 22:52:52,304 INFO    : 进行add变异:
2021-04-29 22:52:52,304 INFO    :     在第3个unit的1个位置添加一个block，block参数：cardinality:64，group_width:16，hasSENet:False
2021-04-29 22:53:09,216 INFO    : 个体off_spring_2508的适应度NTK为：5.483
2021-04-29 22:53:32,799 INFO    : 个体off_spring_2511的适应度NTK为：6.371
2021-04-29 22:54:06,930 INFO    : 个体off_spring_2519的适应度NTK为：5.452
2021-04-29 22:54:06,932 INFO    : ******************************当前种群位于第26代进化******************************
2021-04-29 22:54:08,695 INFO    : 个体off_spring_2603开始变异
2021-04-29 22:54:08,695 INFO    : 进行remove变异:
2021-04-29 22:54:08,695 INFO    :     删除第2个unit的2个位置上的block，block参数：cardinality:16，group_width:8，hasSENet:True
2021-04-29 22:54:08,695 INFO    : 个体off_spring_2617开始变异
2021-04-29 22:54:08,696 INFO    : 进行alter变异:
2021-04-29 22:54:08,696 INFO    :     修改第4个unit的4个位置上的block，block参数：cardinality:64，group_width:8，hasSENet:True
2021-04-29 22:54:08,696 INFO    :     修改最后一个位置，修改out_channel:1024
2021-04-29 22:54:08,696 INFO    : 个体off_spring_2632开始变异
2021-04-29 22:54:08,696 INFO    : 进行remove变异:
2021-04-29 22:54:08,696 INFO    :     删除第3个unit的2个位置上的block，block参数：cardinality:8，group_width:8，hasSENet:False
2021-04-29 22:54:21,370 INFO    : 个体off_spring_2603的适应度NTK为：6.475
2021-04-29 22:54:36,249 INFO    : 个体off_spring_2617的适应度NTK为：5.778
2021-04-29 22:54:55,856 INFO    : 个体off_spring_2632的适应度NTK为：4.633
2021-04-29 22:54:55,858 INFO    : ******************************当前种群位于第27代进化******************************
2021-04-29 22:54:57,643 INFO    : 个体off_spring_2701开始变异
2021-04-29 22:54:57,643 INFO    : 进行alter变异:
2021-04-29 22:54:57,643 INFO    :     修改第4个unit的2个位置上的block，block参数：cardinality:64，group_width:16，hasSENet:False
2021-04-29 22:54:57,643 INFO    : 个体off_spring_2705开始变异
2021-04-29 22:54:57,643 INFO    : 进行alter变异:
2021-04-29 22:54:57,643 INFO    :     修改第2个unit的2个位置上的block，block参数：cardinality:64，group_width:8，hasSENet:False
2021-04-29 22:54:57,643 INFO    : 个体off_spring_2707开始变异
2021-04-29 22:54:57,643 INFO    : 进行remove变异:
2021-04-29 22:54:57,643 INFO    :     删除第4个unit的3个位置上的block，block参数：cardinality:8，group_width:16，hasSENet:False
2021-04-29 22:55:21,504 INFO    : 个体off_spring_2701的适应度NTK为：5.36
2021-04-29 22:55:38,085 INFO    : 个体off_spring_2705的适应度NTK为：4.399
2021-04-29 22:55:53,029 INFO    : 个体off_spring_2707的适应度NTK为：6.65
2021-04-29 22:55:53,031 INFO    : ******************************当前种群位于第28代进化******************************
2021-04-29 22:55:54,844 INFO    : 个体off_spring_2801开始变异
2021-04-29 22:55:54,844 INFO    : 进行add变异:
2021-04-29 22:55:54,844 INFO    :     在第3个unit的2个位置添加一个block，block参数：cardinality:32，group_width:32，hasSENet:True
2021-04-29 22:55:54,845 INFO    : 个体off_spring_2806开始变异
2021-04-29 22:55:54,845 INFO    : 进行remove变异:
2021-04-29 22:55:54,845 INFO    :     删除第2个unit的1个位置上的block，block参数：cardinality:16，group_width:8，hasSENet:True
2021-04-29 22:55:54,845 INFO    : 个体off_spring_2807开始变异
2021-04-29 22:55:54,845 INFO    : 进行remove变异:
2021-04-29 22:55:54,845 INFO    :     删除第2个unit的2个位置上的block，block参数：cardinality:64，group_width:8，hasSENet:False
2021-04-29 22:56:22,447 INFO    : 个体off_spring_2801的适应度NTK为：5.437
2021-04-29 22:56:34,562 INFO    : 个体off_spring_2806的适应度NTK为：5.223
2021-04-29 22:56:47,717 INFO    : 个体off_spring_2807的适应度NTK为：8.158
2021-04-29 22:56:47,719 INFO    : ******************************当前种群位于第29代进化******************************
2021-04-29 22:56:49,587 INFO    : 个体off_spring_2912开始变异
2021-04-29 22:56:49,587 INFO    : 进行alter变异:
2021-04-29 22:56:49,587 INFO    :     修改第3个unit的2个位置上的block，block参数：cardinality:16，group_width:32，hasSENet:True
2021-04-29 22:56:49,587 INFO    : 个体off_spring_2921开始变异
2021-04-29 22:56:49,587 INFO    : 进行alter变异:
2021-04-29 22:56:49,587 INFO    :     修改第2个unit的1个位置上的block，block参数：cardinality:32，group_width:8，hasSENet:False
2021-04-29 22:56:49,587 INFO    : 个体off_spring_2929开始变异
2021-04-29 22:56:49,587 INFO    : 进行add变异:
2021-04-29 22:56:49,588 INFO    :     在第2个unit的2个位置添加一个block，block参数：cardinality:16，group_width:8，hasSENet:True
2021-04-29 22:57:15,839 INFO    : 个体off_spring_2912的适应度NTK为：6.218
2021-04-29 22:57:38,372 INFO    : 个体off_spring_2921的适应度NTK为：4.508
2021-04-29 22:58:02,174 INFO    : 个体off_spring_2929的适应度NTK为：5.152
2021-04-29 22:58:02,176 INFO    : ******************************当前种群位于第30代进化******************************
2021-04-29 22:58:03,932 INFO    : 个体off_spring_3010开始变异
2021-04-29 22:58:03,933 INFO    : 进行alter变异:
2021-04-29 22:58:03,933 INFO    :     修改第3个unit的3个位置上的block，block参数：cardinality:32，group_width:8，hasSENet:False
2021-04-29 22:58:03,933 INFO    : 个体off_spring_3012开始变异
2021-04-29 22:58:03,933 INFO    : 进行alter变异:
2021-04-29 22:58:03,933 INFO    :     修改第3个unit的3个位置上的block，block参数：cardinality:4，group_width:64，hasSENet:True
2021-04-29 22:58:03,933 INFO    : 个体off_spring_3015开始变异
2021-04-29 22:58:03,933 INFO    : 进行alter变异:
2021-04-29 22:58:03,933 INFO    :     修改第4个unit的2个位置上的block，block参数：cardinality:8，group_width:16，hasSENet:False
2021-04-29 22:58:18,783 INFO    : 个体off_spring_3010的适应度NTK为：4.566
2021-04-29 22:58:34,131 INFO    : 个体off_spring_3012的适应度NTK为：4.831
2021-04-29 22:58:48,109 INFO    : 个体off_spring_3015的适应度NTK为：4.533
2021-04-29 22:58:48,111 INFO    : ******************************当前种群位于第31代进化******************************
2021-04-29 22:58:49,925 INFO    : 个体off_spring_3103开始变异
2021-04-29 22:58:49,925 INFO    : 进行add变异:
2021-04-29 22:58:49,926 INFO    :     在第4个unit的3个位置添加一个block，block参数：cardinality:8，group_width:64，hasSENet:True
2021-04-29 22:59:04,488 INFO    : 个体off_spring_3103的适应度NTK为：4.743
2021-04-29 22:59:04,490 INFO    : ******************************当前种群位于第32代进化******************************
2021-04-29 22:59:06,245 INFO    : 个体off_spring_3221开始变异
2021-04-29 22:59:06,245 INFO    : 进行remove变异:
2021-04-29 22:59:06,248 INFO    :     删除第3个unit的4个位置上的block，block参数：cardinality:8，group_width:8，hasSENet:False
2021-04-29 22:59:06,248 INFO    :     删除最后一个位置，修改out_channel:512
2021-04-29 22:59:06,248 INFO    :     修改下一个unit的in_channel:512
2021-04-29 22:59:35,304 INFO    : 个体off_spring_3221的适应度NTK为：8.243
2021-04-29 22:59:35,306 INFO    : ******************************当前种群位于第33代进化******************************
2021-04-29 22:59:37,061 INFO    : 个体off_spring_3335开始变异
2021-04-29 22:59:37,061 INFO    : 进行remove变异:
2021-04-29 22:59:37,061 INFO    :     删除第2个unit的4个位置上的block，block参数：cardinality:16，group_width:4，hasSENet:True
2021-04-29 22:59:37,061 INFO    :     删除最后一个位置，修改out_channel:512
2021-04-29 22:59:37,061 INFO    :     修改下一个unit的in_channel:512
2021-04-29 22:59:49,986 INFO    : 个体off_spring_3335的适应度NTK为：5.41
2021-04-29 22:59:49,988 INFO    : ******************************当前种群位于第34代进化******************************
2021-04-29 22:59:51,815 INFO    : 个体off_spring_3417开始变异
2021-04-29 22:59:51,816 INFO    : 进行add变异:
2021-04-29 22:59:51,816 INFO    :     在第4个unit的3个位置添加一个block，block参数：cardinality:2，group_width:32，hasSENet:True
2021-04-29 23:00:05,486 INFO    : 个体off_spring_3417的适应度NTK为：13.524
2021-04-29 23:00:05,488 INFO    : ******************************当前种群位于第35代进化******************************
2021-04-29 23:00:07,345 INFO    : 个体off_spring_3537开始变异
2021-04-29 23:00:07,345 INFO    : 进行alter变异:
2021-04-29 23:00:07,345 INFO    :     修改第3个unit的3个位置上的block，block参数：cardinality:32，group_width:8，hasSENet:False
2021-04-29 23:00:07,345 INFO    :     修改最后一个位置，修改out_channel:512
2021-04-29 23:00:07,345 INFO    :     修改下一个unit的in_channel:512
2021-04-29 23:00:21,307 INFO    : 个体off_spring_3537的适应度NTK为：5.113
2021-04-29 23:00:21,309 INFO    : ******************************当前种群位于第36代进化******************************
2021-04-29 23:00:23,138 INFO    : 个体off_spring_3628开始变异
2021-04-29 23:00:23,138 INFO    : 进行alter变异:
2021-04-29 23:00:23,138 INFO    :     修改第4个unit的1个位置上的block，block参数：cardinality:64，group_width:4，hasSENet:False
2021-04-29 23:00:39,497 INFO    : 个体off_spring_3628的适应度NTK为：5.642
2021-04-29 23:00:39,499 INFO    : ******************************当前种群位于第37代进化******************************
2021-04-29 23:00:41,232 INFO    : 个体off_spring_3726开始变异
2021-04-29 23:00:41,232 INFO    : 进行add变异:
2021-04-29 23:00:41,232 INFO    :     在第2个unit的3个位置添加一个block，block参数：cardinality:8，group_width:8，hasSENet:True
2021-04-29 23:01:10,644 INFO    : 个体off_spring_3726的适应度NTK为：5.664
2021-04-29 23:01:10,647 INFO    : ******************************当前种群位于第38代进化******************************
2021-04-29 23:01:12,377 INFO    : 个体off_spring_3830开始变异
2021-04-29 23:01:12,377 INFO    : 进行alter变异:
2021-04-29 23:01:12,377 INFO    :     修改第4个unit的1个位置上的block，block参数：cardinality:16，group_width:8，hasSENet:True
2021-04-29 23:01:29,421 INFO    : 个体off_spring_3830的适应度NTK为：4.876
2021-04-29 23:01:29,423 INFO    : ******************************当前种群位于第39代进化******************************
2021-04-29 23:01:31,222 INFO    : 个体off_spring_3909开始变异
2021-04-29 23:01:31,222 INFO    : 进行add变异:
2021-04-29 23:01:31,222 INFO    :     在第4个unit的3个位置添加一个block，block参数：cardinality:64，group_width:8，hasSENet:True
2021-04-29 23:01:46,893 INFO    : 个体off_spring_3909的适应度NTK为：4.899
2021-04-29 23:01:46,896 INFO    : ******************************当前种群位于第40代进化******************************
2021-04-29 23:01:48,943 INFO    : 个体off_spring_4021开始变异
2021-04-29 23:01:48,943 INFO    : 进行add变异:
2021-04-29 23:01:48,943 INFO    :     在第3个unit的2个位置添加一个block，block参数：cardinality:16，group_width:32，hasSENet:True
2021-04-29 23:02:14,743 INFO    : 个体off_spring_4021的适应度NTK为：4.093
2021-04-29 23:02:14,746 INFO    : ******************************当前种群位于第41代进化******************************
2021-04-29 23:02:16,470 INFO    : 个体off_spring_4130开始变异
2021-04-29 23:02:16,470 INFO    : 进行alter变异:
2021-04-29 23:02:16,470 INFO    :     修改第2个unit的1个位置上的block，block参数：cardinality:16，group_width:64，hasSENet:False
2021-04-29 23:03:00,988 INFO    : 个体off_spring_4130的适应度NTK为：6.918
2021-04-29 23:03:00,990 INFO    : ******************************当前种群位于第42代进化******************************
2021-04-29 23:03:02,742 INFO    : 个体off_spring_4223开始变异
2021-04-29 23:03:02,742 INFO    : 进行add变异:
2021-04-29 23:03:02,742 INFO    :     在第2个unit的4个位置添加一个block，block参数：cardinality:16，group_width:16，hasSENet:False
2021-04-29 23:03:02,742 INFO    :     添加到最后一个位置，修改out_channel:512
2021-04-29 23:03:02,742 INFO    :     修改下一个unit的in_channel:512
2021-04-29 23:03:30,595 INFO    : 个体off_spring_4223的适应度NTK为：5.213
2021-04-29 23:03:30,597 INFO    : ******************************当前种群位于第43代进化******************************
2021-04-29 23:03:32,294 INFO    : 个体off_spring_4312开始变异
2021-04-29 23:03:32,294 INFO    : 进行alter变异:
2021-04-29 23:03:32,294 INFO    :     修改第2个unit的1个位置上的block，block参数：cardinality:32，group_width:32，hasSENet:False
2021-04-29 23:03:59,774 INFO    : 个体off_spring_4312的适应度NTK为：5.511
2021-04-29 23:03:59,776 INFO    : ******************************当前种群位于第44代进化******************************
2021-04-29 23:04:01,494 INFO    : 个体off_spring_4415开始变异
2021-04-29 23:04:01,494 INFO    : 进行remove变异:
2021-04-29 23:04:01,494 INFO    :     删除第2个unit的3个位置上的block，block参数：cardinality:16，group_width:16，hasSENet:False
2021-04-29 23:04:14,639 INFO    : 个体off_spring_4415的适应度NTK为：9.458
2021-04-29 23:04:14,641 INFO    : ******************************当前种群位于第45代进化******************************
2021-04-29 23:04:16,399 INFO    : 个体off_spring_4515开始变异
2021-04-29 23:04:16,399 INFO    : 进行alter变异:
2021-04-29 23:04:16,402 INFO    :     修改第3个unit的1个位置上的block，block参数：cardinality:8，group_width:16，hasSENet:False
2021-04-29 23:04:30,275 INFO    : 个体off_spring_4515的适应度NTK为：4.879
2021-04-29 23:04:30,277 INFO    : ******************************当前种群位于第46代进化******************************
2021-04-29 23:04:32,043 INFO    : 个体off_spring_4629开始变异
2021-04-29 23:04:32,043 INFO    : 进行alter变异:
2021-04-29 23:04:32,043 INFO    :     修改第4个unit的2个位置上的block，block参数：cardinality:64，group_width:4，hasSENet:True
2021-04-29 23:04:46,168 INFO    : 个体off_spring_4629的适应度NTK为：7.029
2021-04-29 23:04:46,170 INFO    : ******************************当前种群位于第47代进化******************************
2021-04-29 23:04:47,978 INFO    : 个体off_spring_4724开始变异
2021-04-29 23:04:47,979 INFO    : 进行remove变异:
2021-04-29 23:04:47,979 INFO    :     删除第2个unit的2个位置上的block，block参数：cardinality:64，group_width:8，hasSENet:False
2021-04-29 23:05:00,979 INFO    : 个体off_spring_4724的适应度NTK为：5.904
2021-04-29 23:05:00,981 INFO    : ******************************当前种群位于第48代进化******************************
2021-04-29 23:05:02,819 INFO    : 个体off_spring_4819开始变异
2021-04-29 23:05:02,819 INFO    : 进行alter变异:
2021-04-29 23:05:02,820 INFO    :     修改第2个unit的1个位置上的block，block参数：cardinality:8，group_width:64，hasSENet:False
2021-04-29 23:05:21,726 INFO    : 个体off_spring_4819的适应度NTK为：5.379
2021-04-29 23:05:21,728 INFO    : ******************************当前种群位于第49代进化******************************
2021-04-29 23:05:23,524 INFO    : 个体off_spring_4919开始变异
2021-04-29 23:05:23,525 INFO    : 进行remove变异:
2021-04-29 23:05:23,525 INFO    :     删除第2个unit的2个位置上的block，block参数：cardinality:16，group_width:4，hasSENet:True
2021-04-29 23:05:36,259 INFO    : 个体off_spring_4919的适应度NTK为：5.513
2021-04-29 23:05:36,262 INFO    : ******************************当前种群位于第50代进化******************************
2021-04-29 23:05:38,085 INFO    : 个体off_spring_5023开始变异
2021-04-29 23:05:38,086 INFO    : 进行alter变异:
2021-04-29 23:05:38,086 INFO    :     修改第2个unit的3个位置上的block，block参数：cardinality:16，group_width:8，hasSENet:True
2021-04-29 23:05:38,086 INFO    :     修改最后一个位置，修改out_channel:256
2021-04-29 23:05:38,086 INFO    :     修改下一个unit的in_channel:256
2021-04-29 23:06:03,712 INFO    : 个体off_spring_5023的适应度NTK为：4.135
2021-04-29 23:06:03,714 INFO    : ******************************当前种群位于第51代进化******************************
2021-04-29 23:06:05,499 INFO    : 个体off_spring_5101开始变异
2021-04-29 23:06:05,499 INFO    : 进行alter变异:
2021-04-29 23:06:05,499 INFO    :     修改第2个unit的3个位置上的block，block参数：cardinality:2，group_width:64，hasSENet:True
2021-04-29 23:06:05,499 INFO    :     修改最后一个位置，修改out_channel:256
2021-04-29 23:06:05,499 INFO    :     修改下一个unit的in_channel:256
2021-04-29 23:06:30,690 INFO    : 个体off_spring_5101的适应度NTK为：6.182
2021-04-29 23:06:30,692 INFO    : ******************************当前种群位于第52代进化******************************
2021-04-29 23:06:32,506 INFO    : 个体off_spring_5222开始变异
2021-04-29 23:06:32,506 INFO    : 进行remove变异:
2021-04-29 23:06:32,506 INFO    :     删除第2个unit的2个位置上的block，block参数：cardinality:16，group_width:4，hasSENet:True
2021-04-29 23:06:45,316 INFO    : 个体off_spring_5222的适应度NTK为：5.785
2021-04-29 23:06:45,318 INFO    : ******************************当前种群位于第53代进化******************************
2021-04-29 23:06:47,147 INFO    : 个体off_spring_5323开始变异
2021-04-29 23:06:47,147 INFO    : 进行alter变异:
2021-04-29 23:06:47,147 INFO    :     修改第2个unit的4个位置上的block，block参数：cardinality:8，group_width:16，hasSENet:False
2021-04-29 23:06:47,147 INFO    :     修改最后一个位置，修改out_channel:256
2021-04-29 23:06:47,147 INFO    :     修改下一个unit的in_channel:256
2021-04-29 23:07:00,672 INFO    : 个体off_spring_5323的适应度NTK为：5.037
2021-04-29 23:07:00,674 INFO    : ******************************当前种群位于第54代进化******************************
2021-04-29 23:07:02,683 INFO    : 个体off_spring_5414开始变异
2021-04-29 23:07:02,683 INFO    : 进行add变异:
2021-04-29 23:07:02,683 INFO    :     在第4个unit的2个位置添加一个block，block参数：cardinality:16，group_width:16，hasSENet:False
2021-04-29 23:07:29,169 INFO    : 个体off_spring_5414的适应度NTK为：5.066
2021-04-29 23:07:29,171 INFO    : ******************************当前种群位于第55代进化******************************
2021-04-29 23:07:31,022 INFO    : 个体off_spring_5528开始变异
2021-04-29 23:07:31,022 INFO    : 进行alter变异:
2021-04-29 23:07:31,022 INFO    :     修改第3个unit的1个位置上的block，block参数：cardinality:16，group_width:8，hasSENet:True
2021-04-29 23:07:52,879 INFO    : 个体off_spring_5528的适应度NTK为：4.99
2021-04-29 23:07:52,881 INFO    : ******************************当前种群位于第56代进化******************************
2021-04-29 23:07:54,710 INFO    : 个体off_spring_5629开始变异
2021-04-29 23:07:54,710 INFO    : 进行alter变异:
2021-04-29 23:07:54,710 INFO    :     修改第3个unit的1个位置上的block，block参数：cardinality:32，group_width:4，hasSENet:False
2021-04-29 23:08:17,240 INFO    : 个体off_spring_5629的适应度NTK为：4.937
2021-04-29 23:08:17,244 INFO    : ******************************当前种群位于第57代进化******************************
2021-04-29 23:08:19,203 INFO    : 个体off_spring_5717开始变异
2021-04-29 23:08:19,203 INFO    : 进行add变异:
2021-04-29 23:08:19,203 INFO    :     在第2个unit的2个位置添加一个block，block参数：cardinality:8，group_width:32，hasSENet:False
2021-04-29 23:08:48,331 INFO    : 个体off_spring_5717的适应度NTK为：5.192
2021-04-29 23:08:48,334 INFO    : ******************************当前种群位于第58代进化******************************
2021-04-29 23:08:50,123 INFO    : 个体off_spring_5839开始变异
2021-04-29 23:08:50,124 INFO    : 进行alter变异:
2021-04-29 23:08:50,126 INFO    :     修改第4个unit的1个位置上的block，block参数：cardinality:32，group_width:4，hasSENet:True
2021-04-29 23:09:12,279 INFO    : 个体off_spring_5839的适应度NTK为：6.353
2021-04-29 23:09:12,281 INFO    : ******************************当前种群位于第59代进化******************************
2021-04-29 23:09:14,040 INFO    : 个体off_spring_5919开始变异
2021-04-29 23:09:14,041 INFO    : 进行add变异:
2021-04-29 23:09:14,041 INFO    :     在第2个unit的4个位置添加一个block，block参数：cardinality:16，group_width:16，hasSENet:False
2021-04-29 23:09:14,041 INFO    :     添加到最后一个位置，修改out_channel:512
2021-04-29 23:09:14,041 INFO    :     修改下一个unit的in_channel:512
2021-04-29 23:09:44,734 INFO    : 个体off_spring_5919的适应度NTK为：4.92
2021-04-29 23:09:44,736 INFO    : ******************************当前种群位于第60代进化******************************
2021-04-29 23:09:46,496 INFO    : 个体off_spring_6010开始变异
2021-04-29 23:09:46,496 INFO    : 进行add变异:
2021-04-29 23:09:46,496 INFO    :     在第2个unit的1个位置添加一个block，block参数：cardinality:32，group_width:2，hasSENet:False
2021-04-29 23:10:13,986 INFO    : 个体off_spring_6010的适应度NTK为：7.026
2021-04-29 23:10:13,988 INFO    : ******************************当前种群位于第61代进化******************************
2021-04-29 23:10:15,757 INFO    : 个体off_spring_6130开始变异
2021-04-29 23:10:15,758 INFO    : 进行remove变异:
2021-04-29 23:10:15,758 INFO    :     删除第2个unit的4个位置上的block，block参数：cardinality:8，group_width:16，hasSENet:True
2021-04-29 23:10:15,758 INFO    :     删除最后一个位置，修改out_channel:256
2021-04-29 23:10:15,758 INFO    :     修改下一个unit的in_channel:256
2021-04-29 23:10:29,908 INFO    : 个体off_spring_6130的适应度NTK为：7.491
2021-04-29 23:10:29,910 INFO    : ******************************当前种群位于第62代进化******************************
2021-04-29 23:10:31,699 INFO    : 个体off_spring_6233开始变异
2021-04-29 23:10:31,699 INFO    : 进行remove变异:
2021-04-29 23:10:31,699 INFO    :     删除第2个unit的3个位置上的block，block参数：cardinality:16，group_width:16，hasSENet:False
2021-04-29 23:10:44,482 INFO    : 个体off_spring_6233的适应度NTK为：6.88
2021-04-29 23:10:44,484 INFO    : ******************************当前种群位于第63代进化******************************
2021-04-29 23:10:46,305 INFO    : 个体off_spring_6307开始变异
2021-04-29 23:10:46,305 INFO    : 进行add变异:
2021-04-29 23:10:46,305 INFO    :     在第3个unit的4个位置添加一个block，block参数：cardinality:64，group_width:8，hasSENet:True
2021-04-29 23:10:46,306 INFO    :     添加到最后一个位置，修改out_channel:1024
2021-04-29 23:10:46,306 INFO    :     修改下一个unit的in_channel:1024
2021-04-29 23:11:11,999 INFO    : 个体off_spring_6307的适应度NTK为：5.448
2021-04-29 23:11:12,001 INFO    : ******************************当前种群位于第64代进化******************************
2021-04-29 23:11:13,776 INFO    : 个体off_spring_6438开始变异
2021-04-29 23:11:13,776 INFO    : 进行add变异:
2021-04-29 23:11:13,777 INFO    :     在第4个unit的1个位置添加一个block，block参数：cardinality:8，group_width:8，hasSENet:True
2021-04-29 23:11:41,051 INFO    : 个体off_spring_6438的适应度NTK为：5.587
2021-04-29 23:11:41,052 INFO    : ******************************当前种群位于第65代进化******************************
2021-04-29 23:11:42,789 INFO    : 个体off_spring_6534开始变异
2021-04-29 23:11:42,789 INFO    : 进行alter变异:
2021-04-29 23:11:42,789 INFO    :     修改第2个unit的3个位置上的block，block参数：cardinality:8，group_width:32，hasSENet:False
2021-04-29 23:11:58,139 INFO    : 个体off_spring_6534的适应度NTK为：7.419
2021-04-29 23:11:58,142 INFO    : ******************************当前种群位于第66代进化******************************
2021-04-29 23:11:59,893 INFO    : 个体off_spring_6626开始变异
2021-04-29 23:11:59,893 INFO    : 进行add变异:
2021-04-29 23:11:59,893 INFO    :     在第4个unit的2个位置添加一个block，block参数：cardinality:16，group_width:16，hasSENet:True
2021-04-29 23:11:59,893 INFO    : 个体off_spring_6616开始变异
2021-04-29 23:11:59,893 INFO    : 进行add变异:
2021-04-29 23:11:59,893 INFO    :     在第3个unit的3个位置添加一个block，block参数：cardinality:8，group_width:8，hasSENet:False
2021-04-29 23:11:59,893 INFO    : 个体off_spring_6612开始变异
2021-04-29 23:11:59,893 INFO    : 进行alter变异:
2021-04-29 23:11:59,893 INFO    :     修改第3个unit的3个位置上的block，block参数：cardinality:32，group_width:8，hasSENet:True
2021-04-29 23:12:26,056 INFO    : 个体off_spring_6626的适应度NTK为：5.226
2021-04-29 23:12:50,895 INFO    : 个体off_spring_6616的适应度NTK为：4.964
2021-04-29 23:13:16,847 INFO    : 个体off_spring_6612的适应度NTK为：6.441
2021-04-29 23:13:16,850 INFO    : ******************************当前种群位于第67代进化******************************
2021-04-29 23:13:18,567 INFO    : 个体off_spring_6712开始变异
2021-04-29 23:13:18,568 INFO    : 进行alter变异:
2021-04-29 23:13:18,568 INFO    :     修改第3个unit的3个位置上的block，block参数：cardinality:16，group_width:64，hasSENet:False
2021-04-29 23:13:18,568 INFO    :     修改最后一个位置，修改out_channel:2048
2021-04-29 23:13:18,568 INFO    :     修改下一个unit的in_channel:2048
2021-04-29 23:13:18,568 INFO    : 个体off_spring_6713开始变异
2021-04-29 23:13:18,568 INFO    : 进行remove变异:
2021-04-29 23:13:18,568 INFO    :     删除第3个unit的4个位置上的block，block参数：cardinality:8，group_width:16，hasSENet:False
2021-04-29 23:13:18,568 INFO    :     删除最后一个位置，修改out_channel:128
2021-04-29 23:13:18,568 INFO    :     修改下一个unit的in_channel:128
2021-04-29 23:13:18,568 INFO    : 个体off_spring_6730开始变异
2021-04-29 23:13:18,568 INFO    : 进行remove变异:
2021-04-29 23:13:18,568 INFO    :     删除第3个unit的2个位置上的block，block参数：cardinality:8，group_width:8，hasSENet:False
2021-04-29 23:13:45,490 INFO    : 个体off_spring_6712的适应度NTK为：5.622
2021-04-29 23:14:09,637 INFO    : 个体off_spring_6713的适应度NTK为：12.493
2021-04-29 23:14:21,782 INFO    : 个体off_spring_6730的适应度NTK为：9.444
2021-04-29 23:14:21,785 INFO    : ******************************当前种群位于第68代进化******************************
2021-04-29 23:14:23,782 INFO    : 个体off_spring_6801开始变异
2021-04-29 23:14:23,782 INFO    : 进行remove变异:
2021-04-29 23:14:23,782 INFO    :     删除第3个unit的2个位置上的block，block参数：cardinality:16，group_width:32，hasSENet:True
2021-04-29 23:14:23,783 INFO    : 个体off_spring_6816开始变异
2021-04-29 23:14:23,783 INFO    : 进行alter变异:
2021-04-29 23:14:23,783 INFO    :     修改第2个unit的3个位置上的block，block参数：cardinality:2，group_width:32，hasSENet:False
2021-04-29 23:14:23,783 INFO    :     修改最后一个位置，修改out_channel:128
2021-04-29 23:14:23,783 INFO    :     修改下一个unit的in_channel:128
2021-04-29 23:14:23,783 INFO    : 个体off_spring_6818开始变异
2021-04-29 23:14:23,783 INFO    : 进行add变异:
2021-04-29 23:14:23,784 INFO    :     在第3个unit的4个位置添加一个block，block参数：cardinality:64，group_width:8，hasSENet:False
2021-04-29 23:14:23,784 INFO    :     添加到最后一个位置，修改out_channel:1024
2021-04-29 23:14:23,784 INFO    :     修改下一个unit的in_channel:1024
2021-04-29 23:14:45,489 INFO    : 个体off_spring_6801的适应度NTK为：6.848
2021-04-29 23:15:11,152 INFO    : 个体off_spring_6816的适应度NTK为：6.153
2021-04-29 23:15:40,811 INFO    : 个体off_spring_6818的适应度NTK为：4.865
2021-04-29 23:15:40,814 INFO    : ******************************当前种群位于第69代进化******************************
2021-04-29 23:15:42,647 INFO    : 个体off_spring_6904开始变异
2021-04-29 23:15:42,647 INFO    : 进行remove变异:
2021-04-29 23:15:42,647 INFO    :     删除第2个unit的3个位置上的block，block参数：cardinality:8，group_width:16，hasSENet:False
2021-04-29 23:15:42,647 INFO    : 个体off_spring_6905开始变异
2021-04-29 23:15:42,647 INFO    : 进行remove变异:
2021-04-29 23:15:42,647 INFO    :     删除第2个unit的3个位置上的block，block参数：cardinality:16，group_width:16，hasSENet:False
2021-04-29 23:15:42,647 INFO    : 个体off_spring_6929开始变异
2021-04-29 23:15:42,647 INFO    : 进行add变异:
2021-04-29 23:15:42,647 INFO    :     在第3个unit的3个位置添加一个block，block参数：cardinality:4，group_width:32，hasSENet:False
2021-04-29 23:15:56,062 INFO    : 个体off_spring_6904的适应度NTK为：5.466
2021-04-29 23:16:08,879 INFO    : 个体off_spring_6905的适应度NTK为：7.443
2021-04-29 23:16:36,487 INFO    : 个体off_spring_6929的适应度NTK为：4.859
2021-04-29 23:16:36,489 INFO    : ******************************当前种群位于第70代进化******************************
2021-04-29 23:16:38,278 INFO    : 个体off_spring_7005开始变异
2021-04-29 23:16:38,278 INFO    : 进行alter变异:
2021-04-29 23:16:38,279 INFO    :     修改第3个unit的3个位置上的block，block参数：cardinality:64，group_width:2，hasSENet:True
2021-04-29 23:16:38,279 INFO    : 个体off_spring_7009开始变异
2021-04-29 23:16:38,279 INFO    : 进行alter变异:
2021-04-29 23:16:38,279 INFO    :     修改第2个unit的2个位置上的block，block参数：cardinality:32，group_width:4，hasSENet:True
2021-04-29 23:16:38,279 INFO    : 个体off_spring_7010开始变异
2021-04-29 23:16:38,279 INFO    : 进行remove变异:
2021-04-29 23:16:38,279 INFO    :     删除第4个unit的1个位置上的block，block参数：cardinality:16，group_width:8，hasSENet:True
2021-04-29 23:16:52,733 INFO    : 个体off_spring_7005的适应度NTK为：10.546
2021-04-29 23:17:24,145 INFO    : 个体off_spring_7009的适应度NTK为：7.145
2021-04-29 23:17:40,481 INFO    : 个体off_spring_7010的适应度NTK为：4.872
2021-04-29 23:17:40,484 INFO    : ******************************当前种群位于第71代进化******************************
2021-04-29 23:17:42,227 INFO    : 个体off_spring_7109开始变异
2021-04-29 23:17:42,227 INFO    : 进行add变异:
2021-04-29 23:17:42,228 INFO    :     在第4个unit的1个位置添加一个block，block参数：cardinality:2，group_width:64，hasSENet:False
2021-04-29 23:17:42,228 INFO    : 个体off_spring_7114开始变异
2021-04-29 23:17:42,228 INFO    : 进行alter变异:
2021-04-29 23:17:42,228 INFO    :     修改第4个unit的3个位置上的block，block参数：cardinality:4，group_width:32，hasSENet:False
2021-04-29 23:17:42,228 INFO    :     修改最后一个位置，修改out_channel:256
2021-04-29 23:17:42,228 INFO    : 个体off_spring_7127开始变异
2021-04-29 23:17:42,228 INFO    : 进行alter变异:
2021-04-29 23:17:42,228 INFO    :     修改第2个unit的1个位置上的block，block参数：cardinality:8，group_width:32，hasSENet:False
2021-04-29 23:18:10,836 INFO    : 个体off_spring_7109的适应度NTK为：6.438
2021-04-29 23:18:40,881 INFO    : 个体off_spring_7114的适应度NTK为：5.606
2021-04-29 23:19:05,983 INFO    : 个体off_spring_7127的适应度NTK为：4.312
2021-04-29 23:19:05,985 INFO    : ******************************当前种群位于第72代进化******************************
2021-04-29 23:19:07,717 INFO    : 个体off_spring_7210开始变异
2021-04-29 23:19:07,717 INFO    : 进行remove变异:
2021-04-29 23:19:07,717 INFO    :     删除第3个unit的3个位置上的block，block参数：cardinality:8，group_width:16，hasSENet:False
2021-04-29 23:19:07,717 INFO    : 个体off_spring_7211开始变异
2021-04-29 23:19:07,717 INFO    : 进行alter变异:
2021-04-29 23:19:07,718 INFO    :     修改第2个unit的2个位置上的block，block参数：cardinality:8，group_width:64，hasSENet:False
2021-04-29 23:19:07,718 INFO    : 个体off_spring_7214开始变异
2021-04-29 23:19:07,718 INFO    : 进行alter变异:
2021-04-29 23:19:07,718 INFO    :     修改第3个unit的2个位置上的block，block参数：cardinality:64，group_width:8，hasSENet:False
2021-04-29 23:19:34,724 INFO    : 个体off_spring_7210的适应度NTK为：4.658
2021-04-29 23:19:53,287 INFO    : 个体off_spring_7211的适应度NTK为：6.744
2021-04-29 23:20:11,279 INFO    : 个体off_spring_7214的适应度NTK为：6.33
2021-04-29 23:20:11,281 INFO    : ******************************当前种群位于第73代进化******************************
2021-04-29 23:20:12,959 INFO    : 个体off_spring_7304开始变异
2021-04-29 23:20:12,959 INFO    : 进行add变异:
2021-04-29 23:20:12,959 INFO    :     在第4个unit的4个位置添加一个block，block参数：cardinality:32，group_width:16，hasSENet:True
2021-04-29 23:20:12,959 INFO    :     添加到最后一个位置，修改out_channel:1024
2021-04-29 23:20:12,959 INFO    : 个体off_spring_7305开始变异
2021-04-29 23:20:12,959 INFO    : 进行add变异:
2021-04-29 23:20:12,959 INFO    :     在第4个unit的2个位置添加一个block，block参数：cardinality:64，group_width:8，hasSENet:True
2021-04-29 23:20:12,960 INFO    : 个体off_spring_7306开始变异
2021-04-29 23:20:12,960 INFO    : 进行remove变异:
2021-04-29 23:20:12,960 INFO    :     删除第2个unit的2个位置上的block，block参数：cardinality:4，group_width:16，hasSENet:False
2021-04-29 23:20:36,611 INFO    : 个体off_spring_7304的适应度NTK为：6.815
2021-04-29 23:20:52,119 INFO    : 个体off_spring_7305的适应度NTK为：6.085
2021-04-29 23:21:06,089 INFO    : 个体off_spring_7306的适应度NTK为：7.647
2021-04-29 23:21:06,091 INFO    : ******************************当前种群位于第74代进化******************************
2021-04-29 23:21:07,941 INFO    : 个体off_spring_7418开始变异
2021-04-29 23:21:07,942 INFO    : 进行add变异:
2021-04-29 23:21:07,942 INFO    :     在第2个unit的4个位置添加一个block，block参数：cardinality:8，group_width:8，hasSENet:False
2021-04-29 23:21:07,942 INFO    :     添加到最后一个位置，修改out_channel:128
2021-04-29 23:21:07,942 INFO    :     修改下一个unit的in_channel:128
2021-04-29 23:21:07,942 INFO    : 个体off_spring_7422开始变异
2021-04-29 23:21:07,942 INFO    : 进行alter变异:
2021-04-29 23:21:07,942 INFO    :     修改第2个unit的2个位置上的block，block参数：cardinality:8，group_width:8，hasSENet:False
2021-04-29 23:21:07,942 INFO    : 个体off_spring_7433开始变异
2021-04-29 23:21:07,942 INFO    : 进行remove变异:
2021-04-29 23:21:07,942 INFO    :     删除第4个unit的1个位置上的block，block参数：cardinality:8，group_width:8，hasSENet:True
2021-04-29 23:21:34,374 INFO    : 个体off_spring_7418的适应度NTK为：5.526
2021-04-29 23:21:48,415 INFO    : 个体off_spring_7422的适应度NTK为：5.487
2021-04-29 23:22:13,408 INFO    : 个体off_spring_7433的适应度NTK为：4.882
2021-04-29 23:22:13,410 INFO    : ******************************当前种群位于第75代进化******************************
2021-04-29 23:22:15,164 INFO    : 个体off_spring_7509开始变异
2021-04-29 23:22:15,164 INFO    : 进行alter变异:
2021-04-29 23:22:15,164 INFO    :     修改第3个unit的2个位置上的block，block参数：cardinality:4，group_width:64，hasSENet:True
2021-04-29 23:22:15,164 INFO    : 个体off_spring_7512开始变异
2021-04-29 23:22:15,164 INFO    : 进行alter变异:
2021-04-29 23:22:15,164 INFO    :     修改第2个unit的2个位置上的block，block参数：cardinality:64，group_width:16，hasSENet:True
2021-04-29 23:22:15,164 INFO    : 个体off_spring_7516开始变异
2021-04-29 23:22:15,164 INFO    : 进行alter变异:
2021-04-29 23:22:15,165 INFO    :     修改第4个unit的4个位置上的block，block参数：cardinality:64，group_width:2，hasSENet:True
2021-04-29 23:22:15,165 INFO    :     修改最后一个位置，修改out_channel:256
2021-04-29 23:22:31,284 INFO    : 个体off_spring_7509的适应度NTK为：7.684
2021-04-29 23:22:54,220 INFO    : 个体off_spring_7512的适应度NTK为：4.536
2021-04-29 23:23:09,382 INFO    : 个体off_spring_7516的适应度NTK为：6.38
2021-04-29 23:23:09,384 INFO    : ******************************当前种群位于第76代进化******************************
2021-04-29 23:23:11,236 INFO    : 个体off_spring_7603开始变异
2021-04-29 23:23:11,236 INFO    : 进行alter变异:
2021-04-29 23:23:11,236 INFO    :     修改第4个unit的2个位置上的block，block参数：cardinality:32，group_width:2，hasSENet:True
2021-04-29 23:23:11,236 INFO    : 个体off_spring_7605开始变异
2021-04-29 23:23:11,236 INFO    : 进行alter变异:
2021-04-29 23:23:11,236 INFO    :     修改第3个unit的2个位置上的block，block参数：cardinality:16，group_width:32，hasSENet:True
2021-04-29 23:23:11,236 INFO    : 个体off_spring_7607开始变异
2021-04-29 23:23:11,236 INFO    : 进行alter变异:
2021-04-29 23:23:11,237 INFO    :     修改第2个unit的1个位置上的block，block参数：cardinality:8，group_width:64，hasSENet:True
2021-04-29 23:23:36,252 INFO    : 个体off_spring_7603的适应度NTK为：5.685
2021-04-29 23:23:52,286 INFO    : 个体off_spring_7605的适应度NTK为：4.414
2021-04-29 23:24:09,154 INFO    : 个体off_spring_7607的适应度NTK为：7.019
2021-04-29 23:24:09,156 INFO    : ******************************当前种群位于第77代进化******************************
2021-04-29 23:24:10,917 INFO    : 个体off_spring_7708开始变异
2021-04-29 23:24:10,917 INFO    : 进行alter变异:
2021-04-29 23:24:10,918 INFO    :     修改第3个unit的4个位置上的block，block参数：cardinality:32，group_width:4，hasSENet:False
2021-04-29 23:24:10,918 INFO    :     修改最后一个位置，修改out_channel:256
2021-04-29 23:24:10,918 INFO    : 个体off_spring_7711开始变异
2021-04-29 23:24:10,918 INFO    : 进行remove变异:
2021-04-29 23:24:10,918 INFO    :     删除第3个unit的3个位置上的block，block参数：cardinality:4，group_width:64，hasSENet:True
2021-04-29 23:24:10,918 INFO    : 个体off_spring_7719开始变异
2021-04-29 23:24:10,918 INFO    : 进行alter变异:
2021-04-29 23:24:10,918 INFO    :     修改第4个unit的2个位置上的block，block参数：cardinality:16，group_width:16，hasSENet:True
2021-04-29 23:24:25,539 INFO    : 个体off_spring_7708的适应度NTK为：5.735
2021-04-29 23:24:39,941 INFO    : 个体off_spring_7711的适应度NTK为：4.864
2021-04-29 23:25:11,341 INFO    : 个体off_spring_7719的适应度NTK为：5.59
2021-04-29 23:25:11,343 INFO    : ******************************当前种群位于第78代进化******************************
2021-04-29 23:25:13,087 INFO    : 个体off_spring_7802开始变异
2021-04-29 23:25:13,087 INFO    : 进行add变异:
2021-04-29 23:25:13,087 INFO    :     在第3个unit的3个位置添加一个block，block参数：cardinality:8，group_width:64，hasSENet:False
2021-04-29 23:25:13,087 INFO    : 个体off_spring_7813开始变异
2021-04-29 23:25:13,087 INFO    : 进行remove变异:
2021-04-29 23:25:13,088 INFO    :     删除第2个unit的3个位置上的block，block参数：cardinality:8，group_width:16，hasSENet:False
2021-04-29 23:25:13,088 INFO    : 个体off_spring_7824开始变异
2021-04-29 23:25:13,088 INFO    : 进行remove变异:
2021-04-29 23:25:13,088 INFO    :     删除第3个unit的4个位置上的block，block参数：cardinality:16，group_width:8，hasSENet:False
2021-04-29 23:25:13,088 INFO    :     删除最后一个位置，修改out_channel:256
2021-04-29 23:25:13,088 INFO    :     修改下一个unit的in_channel:256
2021-04-29 23:25:40,097 INFO    : 个体off_spring_7802的适应度NTK为：5.761
2021-04-29 23:25:54,363 INFO    : 个体off_spring_7813的适应度NTK为：6.353
2021-04-29 23:26:07,574 INFO    : 个体off_spring_7824的适应度NTK为：8.02
2021-04-29 23:26:07,576 INFO    : ******************************当前种群位于第79代进化******************************
2021-04-29 23:26:09,440 INFO    : 个体off_spring_7912开始变异
2021-04-29 23:26:09,440 INFO    : 进行remove变异:
2021-04-29 23:26:09,440 INFO    :     删除第3个unit的1个位置上的block，block参数：cardinality:32，group_width:4，hasSENet:False
2021-04-29 23:26:09,440 INFO    : 个体off_spring_7915开始变异
2021-04-29 23:26:09,441 INFO    : 进行alter变异:
2021-04-29 23:26:09,441 INFO    :     修改第4个unit的3个位置上的block，block参数：cardinality:8，group_width:16，hasSENet:True
2021-04-29 23:26:09,441 INFO    :     修改最后一个位置，修改out_channel:256
2021-04-29 23:26:09,441 INFO    : 个体off_spring_7926开始变异
2021-04-29 23:26:09,441 INFO    : 进行remove变异:
2021-04-29 23:26:09,441 INFO    :     删除第2个unit的2个位置上的block，block参数：cardinality:16，group_width:4，hasSENet:False
2021-04-29 23:26:37,537 INFO    : 个体off_spring_7912的适应度NTK为：4.325
2021-04-29 23:26:53,411 INFO    : 个体off_spring_7915的适应度NTK为：5.577
2021-04-29 23:27:07,215 INFO    : 个体off_spring_7926的适应度NTK为：5.712
2021-04-29 23:27:07,218 INFO    : ******************************当前种群位于第80代进化******************************
2021-04-29 23:27:09,107 INFO    : 个体off_spring_8010开始变异
2021-04-29 23:27:09,107 INFO    : 进行remove变异:
2021-04-29 23:27:09,107 INFO    :     删除第2个unit的3个位置上的block，block参数：cardinality:8，group_width:32，hasSENet:False
2021-04-29 23:27:09,107 INFO    : 个体off_spring_8012开始变异
2021-04-29 23:27:09,107 INFO    : 进行alter变异:
2021-04-29 23:27:09,107 INFO    :     修改第3个unit的3个位置上的block，block参数：cardinality:4，group_width:64，hasSENet:True
2021-04-29 23:27:09,107 INFO    : 个体off_spring_8031开始变异
2021-04-29 23:27:09,107 INFO    : 进行add变异:
2021-04-29 23:27:09,107 INFO    :     在第2个unit的2个位置添加一个block，block参数：cardinality:16，group_width:16，hasSENet:True
2021-04-29 23:27:32,076 INFO    : 个体off_spring_8010的适应度NTK为：6.342
2021-04-29 23:27:47,417 INFO    : 个体off_spring_8012的适应度NTK为：5.596
2021-04-29 23:28:16,847 INFO    : 个体off_spring_8031的适应度NTK为：4.541
2021-04-29 23:28:16,849 INFO    : ******************************当前种群位于第81代进化******************************
2021-04-29 23:28:18,604 INFO    : 个体off_spring_8101开始变异
2021-04-29 23:28:18,604 INFO    : 进行alter变异:
2021-04-29 23:28:18,607 INFO    :     修改第3个unit的1个位置上的block，block参数：cardinality:64，group_width:8，hasSENet:False
2021-04-29 23:28:18,607 INFO    : 个体off_spring_8110开始变异
2021-04-29 23:28:18,608 INFO    : 进行alter变异:
2021-04-29 23:28:18,608 INFO    :     修改第3个unit的1个位置上的block，block参数：cardinality:16，group_width:4，hasSENet:True
2021-04-29 23:28:18,608 INFO    : 个体off_spring_8114开始变异
2021-04-29 23:28:18,608 INFO    : 进行alter变异:
2021-04-29 23:28:18,608 INFO    :     修改第2个unit的2个位置上的block，block参数：cardinality:16，group_width:8，hasSENet:False
2021-04-29 23:28:48,442 INFO    : 个体off_spring_8101的适应度NTK为：8.389
2021-04-29 23:29:03,251 INFO    : 个体off_spring_8110的适应度NTK为：8.461
2021-04-29 23:29:27,713 INFO    : 个体off_spring_8114的适应度NTK为：5.286
2021-04-29 23:29:27,715 INFO    : ******************************当前种群位于第82代进化******************************
2021-04-29 23:29:29,455 INFO    : 个体off_spring_8201开始变异
2021-04-29 23:29:29,455 INFO    : 进行remove变异:
2021-04-29 23:29:29,455 INFO    :     删除第3个unit的4个位置上的block，block参数：cardinality:8，group_width:16，hasSENet:False
2021-04-29 23:29:29,455 INFO    :     删除最后一个位置，修改out_channel:512
2021-04-29 23:29:29,455 INFO    :     修改下一个unit的in_channel:512
2021-04-29 23:29:29,455 INFO    : 个体off_spring_8217开始变异
2021-04-29 23:29:29,455 INFO    : 进行alter变异:
2021-04-29 23:29:29,456 INFO    :     修改第4个unit的3个位置上的block，block参数：cardinality:4，group_width:16，hasSENet:False
2021-04-29 23:29:29,456 INFO    :     修改最后一个位置，修改out_channel:128
2021-04-29 23:29:29,456 INFO    : 个体off_spring_8222开始变异
2021-04-29 23:29:29,456 INFO    : 进行add变异:
2021-04-29 23:29:29,456 INFO    :     在第4个unit的3个位置添加一个block，block参数：cardinality:2，group_width:64，hasSENet:True
2021-04-29 23:29:53,614 INFO    : 个体off_spring_8201的适应度NTK为：4.651
2021-04-29 23:30:09,264 INFO    : 个体off_spring_8217的适应度NTK为：5.087
2021-04-29 23:30:40,641 INFO    : 个体off_spring_8222的适应度NTK为：9.135
2021-04-29 23:30:40,643 INFO    : ******************************当前种群位于第83代进化******************************
2021-04-29 23:30:42,374 INFO    : 个体off_spring_8307开始变异
2021-04-29 23:30:42,374 INFO    : 进行add变异:
2021-04-29 23:30:42,374 INFO    :     在第4个unit的3个位置添加一个block，block参数：cardinality:16，group_width:8，hasSENet:False
2021-04-29 23:30:42,374 INFO    : 个体off_spring_8312开始变异
2021-04-29 23:30:42,374 INFO    : 进行add变异:
2021-04-29 23:30:42,374 INFO    :     在第3个unit的2个位置添加一个block，block参数：cardinality:4，group_width:64，hasSENet:True
2021-04-29 23:30:42,374 INFO    : 个体off_spring_8314开始变异
2021-04-29 23:30:42,375 INFO    : 进行remove变异:
2021-04-29 23:30:42,375 INFO    :     删除第2个unit的1个位置上的block，block参数：cardinality:16，group_width:16，hasSENet:False
2021-04-29 23:30:55,874 INFO    : 个体off_spring_8307的适应度NTK为：5.506
2021-04-29 23:31:27,007 INFO    : 个体off_spring_8312的适应度NTK为：4.646
2021-04-29 23:31:40,429 INFO    : 个体off_spring_8314的适应度NTK为：4.762
2021-04-29 23:31:40,431 INFO    : ******************************当前种群位于第84代进化******************************
2021-04-29 23:31:42,203 INFO    : 个体off_spring_8403开始变异
2021-04-29 23:31:42,204 INFO    : 进行alter变异:
2021-04-29 23:31:42,204 INFO    :     修改第4个unit的2个位置上的block，block参数：cardinality:4，group_width:16，hasSENet:True
2021-04-29 23:31:42,204 INFO    : 个体off_spring_8426开始变异
2021-04-29 23:31:42,204 INFO    : 进行alter变异:
2021-04-29 23:31:42,204 INFO    :     修改第3个unit的2个位置上的block，block参数：cardinality:8，group_width:32，hasSENet:False
2021-04-29 23:31:42,204 INFO    : 个体off_spring_8427开始变异
2021-04-29 23:31:42,204 INFO    : 进行alter变异:
2021-04-29 23:31:42,204 INFO    :     修改第2个unit的2个位置上的block，block参数：cardinality:16，group_width:32，hasSENet:True
2021-04-29 23:32:08,277 INFO    : 个体off_spring_8403的适应度NTK为：6.586
2021-04-29 23:32:30,865 INFO    : 个体off_spring_8426的适应度NTK为：6.174
2021-04-29 23:33:01,358 INFO    : 个体off_spring_8427的适应度NTK为：5.552
2021-04-29 23:33:01,360 INFO    : ******************************当前种群位于第85代进化******************************
2021-04-29 23:33:03,082 INFO    : 个体off_spring_8506开始变异
2021-04-29 23:33:03,082 INFO    : 进行alter变异:
2021-04-29 23:33:03,083 INFO    :     修改第3个unit的2个位置上的block，block参数：cardinality:16，group_width:32，hasSENet:True
2021-04-29 23:33:03,083 INFO    : 个体off_spring_8523开始变异
2021-04-29 23:33:03,083 INFO    : 进行remove变异:
2021-04-29 23:33:03,083 INFO    :     删除第2个unit的1个位置上的block，block参数：cardinality:32，group_width:4，hasSENet:False
2021-04-29 23:33:03,083 INFO    : 个体off_spring_8524开始变异
2021-04-29 23:33:03,083 INFO    : 进行alter变异:
2021-04-29 23:33:03,083 INFO    :     修改第4个unit的4个位置上的block，block参数：cardinality:16，group_width:4，hasSENet:False
2021-04-29 23:33:03,083 INFO    :     修改最后一个位置，修改out_channel:128
2021-04-29 23:33:27,319 INFO    : 个体off_spring_8506的适应度NTK为：6.857
2021-04-29 23:33:51,143 INFO    : 个体off_spring_8523的适应度NTK为：6.297
2021-04-29 23:34:06,386 INFO    : 个体off_spring_8524的适应度NTK为：7.884
2021-04-29 23:34:06,388 INFO    : ******************************当前种群位于第86代进化******************************
2021-04-29 23:34:08,253 INFO    : 个体off_spring_8604开始变异
2021-04-29 23:34:08,254 INFO    : 进行alter变异:
2021-04-29 23:34:08,254 INFO    :     修改第3个unit的2个位置上的block，block参数：cardinality:64，group_width:4，hasSENet:True
2021-04-29 23:34:08,254 INFO    : 个体off_spring_8608开始变异
2021-04-29 23:34:08,254 INFO    : 进行add变异:
2021-04-29 23:34:08,254 INFO    :     在第4个unit的1个位置添加一个block，block参数：cardinality:32，group_width:2，hasSENet:False
2021-04-29 23:34:08,254 INFO    : 个体off_spring_8609开始变异
2021-04-29 23:34:08,254 INFO    : 进行alter变异:
2021-04-29 23:34:08,254 INFO    :     修改第2个unit的1个位置上的block，block参数：cardinality:8，group_width:8，hasSENet:True
2021-04-29 23:34:36,999 INFO    : 个体off_spring_8604的适应度NTK为：3.319
2021-04-29 23:34:59,958 INFO    : 个体off_spring_8608的适应度NTK为：5.704
2021-04-29 23:35:27,658 INFO    : 个体off_spring_8609的适应度NTK为：5.84
2021-04-29 23:35:27,661 INFO    : ******************************当前种群位于第87代进化******************************
2021-04-29 23:35:29,383 INFO    : 个体off_spring_8702开始变异
2021-04-29 23:35:29,383 INFO    : 进行add变异:
2021-04-29 23:35:29,383 INFO    :     在第4个unit的2个位置添加一个block，block参数：cardinality:64，group_width:16，hasSENet:True
2021-04-29 23:35:29,383 INFO    : 个体off_spring_8725开始变异
2021-04-29 23:35:29,383 INFO    : 进行alter变异:
2021-04-29 23:35:29,383 INFO    :     修改第3个unit的4个位置上的block，block参数：cardinality:32，group_width:2，hasSENet:False
2021-04-29 23:35:29,383 INFO    :     修改最后一个位置，修改out_channel:128
2021-04-29 23:35:29,383 INFO    :     修改下一个unit的in_channel:128
2021-04-29 23:35:29,383 INFO    : 个体off_spring_8731开始变异
2021-04-29 23:35:29,383 INFO    : 进行remove变异:
2021-04-29 23:35:29,383 INFO    :     删除第3个unit的2个位置上的block，block参数：cardinality:16，group_width:32，hasSENet:True
2021-04-29 23:35:57,896 INFO    : 个体off_spring_8702的适应度NTK为：5.586
2021-04-29 23:36:13,419 INFO    : 个体off_spring_8725的适应度NTK为：8.085
2021-04-29 23:36:35,273 INFO    : 个体off_spring_8731的适应度NTK为：4.68
2021-04-29 23:36:35,275 INFO    : ******************************当前种群位于第88代进化******************************
2021-04-29 23:36:37,064 INFO    : 个体off_spring_8807开始变异
2021-04-29 23:36:37,064 INFO    : 进行add变异:
2021-04-29 23:36:37,064 INFO    :     在第2个unit的4个位置添加一个block，block参数：cardinality:32，group_width:4，hasSENet:False
2021-04-29 23:36:37,064 INFO    :     添加到最后一个位置，修改out_channel:256
2021-04-29 23:36:37,064 INFO    :     修改下一个unit的in_channel:256
2021-04-29 23:36:37,064 INFO    : 个体off_spring_8816开始变异
2021-04-29 23:36:37,065 INFO    : 进行alter变异:
2021-04-29 23:36:37,065 INFO    :     修改第2个unit的2个位置上的block，block参数：cardinality:16，group_width:64，hasSENet:True
2021-04-29 23:36:37,065 INFO    : 个体off_spring_8818开始变异
2021-04-29 23:36:37,065 INFO    : 进行alter变异:
2021-04-29 23:36:37,065 INFO    :     修改第4个unit的4个位置上的block，block参数：cardinality:8，group_width:8，hasSENet:False
2021-04-29 23:36:37,065 INFO    :     修改最后一个位置，修改out_channel:128
2021-04-29 23:37:03,671 INFO    : 个体off_spring_8807的适应度NTK为：4.182
2021-04-29 23:37:23,528 INFO    : 个体off_spring_8816的适应度NTK为：5.504
2021-04-29 23:37:38,350 INFO    : 个体off_spring_8818的适应度NTK为：7.443
2021-04-29 23:37:38,352 INFO    : ******************************当前种群位于第89代进化******************************
2021-04-29 23:37:40,181 INFO    : 个体off_spring_8912开始变异
2021-04-29 23:37:40,181 INFO    : 进行alter变异:
2021-04-29 23:37:40,181 INFO    :     修改第3个unit的3个位置上的block，block参数：cardinality:32，group_width:8，hasSENet:False
2021-04-29 23:37:40,181 INFO    : 个体off_spring_8915开始变异
2021-04-29 23:37:40,181 INFO    : 进行alter变异:
2021-04-29 23:37:40,181 INFO    :     修改第4个unit的1个位置上的block，block参数：cardinality:2，group_width:32，hasSENet:True
2021-04-29 23:37:40,181 INFO    : 个体off_spring_8916开始变异
2021-04-29 23:37:40,181 INFO    : 进行add变异:
2021-04-29 23:37:40,181 INFO    :     在第3个unit的3个位置添加一个block，block参数：cardinality:16，group_width:16，hasSENet:False
2021-04-29 23:37:54,832 INFO    : 个体off_spring_8912的适应度NTK为：6.941
2021-04-29 23:38:25,017 INFO    : 个体off_spring_8915的适应度NTK为：5.854
2021-04-29 23:38:48,266 INFO    : 个体off_spring_8916的适应度NTK为：8.728
2021-04-29 23:38:48,268 INFO    : ******************************当前种群位于第90代进化******************************
2021-04-29 23:38:49,996 INFO    : 个体off_spring_9002开始变异
2021-04-29 23:38:49,996 INFO    : 进行alter变异:
2021-04-29 23:38:49,996 INFO    :     修改第2个unit的2个位置上的block，block参数：cardinality:64，group_width:2，hasSENet:True
2021-04-29 23:38:49,996 INFO    : 个体off_spring_9005开始变异
2021-04-29 23:38:49,996 INFO    : 进行add变异:
2021-04-29 23:38:49,996 INFO    :     在第4个unit的1个位置添加一个block，block参数：cardinality:8，group_width:8，hasSENet:True
2021-04-29 23:38:49,996 INFO    : 个体off_spring_9019开始变异
2021-04-29 23:38:49,996 INFO    : 进行remove变异:
2021-04-29 23:38:49,996 INFO    :     删除第3个unit的4个位置上的block，block参数：cardinality:4，group_width:32，hasSENet:False
2021-04-29 23:38:49,996 INFO    :     删除最后一个位置，修改out_channel:512
2021-04-29 23:38:49,996 INFO    :     修改下一个unit的in_channel:512
2021-04-29 23:39:11,846 INFO    : 个体off_spring_9002的适应度NTK为：5.739
2021-04-29 23:39:37,287 INFO    : 个体off_spring_9005的适应度NTK为：9.836
2021-04-29 23:39:51,998 INFO    : 个体off_spring_9019的适应度NTK为：5.088
2021-04-29 23:39:52,001 INFO    : ******************************当前种群位于第91代进化******************************
2021-04-29 23:39:53,835 INFO    : 个体off_spring_9106开始变异
2021-04-29 23:39:53,835 INFO    : 进行add变异:
2021-04-29 23:39:53,838 INFO    :     在第3个unit的1个位置添加一个block，block参数：cardinality:4，group_width:64，hasSENet:True
2021-04-29 23:39:53,839 INFO    : 个体off_spring_9114开始变异
2021-04-29 23:39:53,839 INFO    : 进行add变异:
2021-04-29 23:39:53,839 INFO    :     在第4个unit的4个位置添加一个block，block参数：cardinality:4，group_width:32，hasSENet:True
2021-04-29 23:39:53,839 INFO    :     添加到最后一个位置，修改out_channel:256
2021-04-29 23:39:53,839 INFO    : 个体off_spring_9117开始变异
2021-04-29 23:39:53,840 INFO    : 进行remove变异:
2021-04-29 23:39:53,840 INFO    :     删除第4个unit的4个位置上的block，block参数：cardinality:8，group_width:8，hasSENet:True
2021-04-29 23:39:53,840 INFO    :     删除最后一个位置，修改out_channel:1024
2021-04-29 23:40:21,708 INFO    : 个体off_spring_9106的适应度NTK为：5.397
2021-04-29 23:40:46,249 INFO    : 个体off_spring_9114的适应度NTK为：4.513
2021-04-29 23:41:00,053 INFO    : 个体off_spring_9117的适应度NTK为：6.038
2021-04-29 23:41:00,055 INFO    : ******************************当前种群位于第92代进化******************************
2021-04-29 23:41:01,883 INFO    : 个体off_spring_9202开始变异
2021-04-29 23:41:01,883 INFO    : 进行alter变异:
2021-04-29 23:41:01,883 INFO    :     修改第2个unit的1个位置上的block，block参数：cardinality:64，group_width:16，hasSENet:True
2021-04-29 23:41:01,883 INFO    : 个体off_spring_9226开始变异
2021-04-29 23:41:01,883 INFO    : 进行remove变异:
2021-04-29 23:41:01,883 INFO    :     删除第3个unit的3个位置上的block，block参数：cardinality:8，group_width:16，hasSENet:False
2021-04-29 23:41:01,883 INFO    : 个体off_spring_9230开始变异
2021-04-29 23:41:01,883 INFO    : 进行alter变异:
2021-04-29 23:41:01,884 INFO    :     修改第2个unit的2个位置上的block，block参数：cardinality:8，group_width:64，hasSENet:False
2021-04-29 23:41:48,355 INFO    : 个体off_spring_9202的适应度NTK为：6.188
2021-04-29 23:42:01,836 INFO    : 个体off_spring_9226的适应度NTK为：3.997
2021-04-29 23:42:30,049 INFO    : 个体off_spring_9230的适应度NTK为：4.034
2021-04-29 23:42:30,051 INFO    : ******************************当前种群位于第93代进化******************************
2021-04-29 23:42:32,024 INFO    : 个体off_spring_9317开始变异
2021-04-29 23:42:32,025 INFO    : 进行alter变异:
2021-04-29 23:42:32,025 INFO    :     修改第3个unit的3个位置上的block，block参数：cardinality:4，group_width:64，hasSENet:False
2021-04-29 23:42:32,025 INFO    :     修改最后一个位置，修改out_channel:512
2021-04-29 23:42:32,025 INFO    :     修改下一个unit的in_channel:512
2021-04-29 23:42:32,025 INFO    : 个体off_spring_9319开始变异
2021-04-29 23:42:32,025 INFO    : 进行alter变异:
2021-04-29 23:42:32,025 INFO    :     修改第2个unit的3个位置上的block，block参数：cardinality:64，group_width:4，hasSENet:False
2021-04-29 23:42:32,025 INFO    :     修改最后一个位置，修改out_channel:512
2021-04-29 23:42:32,025 INFO    :     修改下一个unit的in_channel:512
2021-04-29 23:42:32,025 INFO    : 个体off_spring_9321开始变异
2021-04-29 23:42:32,025 INFO    : 进行remove变异:
2021-04-29 23:42:32,025 INFO    :     删除第4个unit的4个位置上的block，block参数：cardinality:16，group_width:16，hasSENet:False
2021-04-29 23:42:32,025 INFO    :     删除最后一个位置，修改out_channel:256
2021-04-29 23:42:55,741 INFO    : 个体off_spring_9317的适应度NTK为：6.917
2021-04-29 23:43:21,305 INFO    : 个体off_spring_9319的适应度NTK为：4.268
2021-04-29 23:43:34,250 INFO    : 个体off_spring_9321的适应度NTK为：8.647
2021-04-29 23:43:34,253 INFO    : ******************************当前种群位于第94代进化******************************
2021-04-29 23:43:36,080 INFO    : 个体off_spring_9407开始变异
2021-04-29 23:43:36,080 INFO    : 进行remove变异:
2021-04-29 23:43:36,080 INFO    :     删除第4个unit的1个位置上的block，block参数：cardinality:8，group_width:8，hasSENet:False
2021-04-29 23:43:36,080 INFO    : 个体off_spring_9418开始变异
2021-04-29 23:43:36,080 INFO    : 进行add变异:
2021-04-29 23:43:36,080 INFO    :     在第3个unit的4个位置添加一个block，block参数：cardinality:64，group_width:16，hasSENet:True
2021-04-29 23:43:36,080 INFO    :     添加到最后一个位置，修改out_channel:2048
2021-04-29 23:43:36,080 INFO    :     修改下一个unit的in_channel:2048
2021-04-29 23:43:36,080 INFO    : 个体off_spring_9421开始变异
2021-04-29 23:43:36,080 INFO    : 进行remove变异:
2021-04-29 23:43:36,080 INFO    :     删除第3个unit的4个位置上的block，block参数：cardinality:16，group_width:8，hasSENet:False
2021-04-29 23:43:36,080 INFO    :     删除最后一个位置，修改out_channel:256
2021-04-29 23:43:36,080 INFO    :     修改下一个unit的in_channel:256
2021-04-29 23:44:02,255 INFO    : 个体off_spring_9407的适应度NTK为：4.591
2021-04-29 23:44:30,090 INFO    : 个体off_spring_9418的适应度NTK为：6.304
2021-04-29 23:44:44,299 INFO    : 个体off_spring_9421的适应度NTK为：5.19
2021-04-29 23:44:44,301 INFO    : ******************************当前种群位于第95代进化******************************
2021-04-29 23:44:46,229 INFO    : 个体off_spring_9505开始变异
2021-04-29 23:44:46,229 INFO    : 进行add变异:
2021-04-29 23:44:46,229 INFO    :     在第4个unit的4个位置添加一个block，block参数：cardinality:4，group_width:32，hasSENet:True
2021-04-29 23:44:46,229 INFO    :     添加到最后一个位置，修改out_channel:256
2021-04-29 23:44:46,229 INFO    : 个体off_spring_9514开始变异
2021-04-29 23:44:46,229 INFO    : 进行remove变异:
2021-04-29 23:44:46,229 INFO    :     删除第2个unit的1个位置上的block，block参数：cardinality:16，group_width:16，hasSENet:False
2021-04-29 23:44:46,229 INFO    : 个体off_spring_9516开始变异
2021-04-29 23:44:46,229 INFO    : 进行alter变异:
2021-04-29 23:44:46,230 INFO    :     修改第2个unit的3个位置上的block，block参数：cardinality:8，group_width:64，hasSENet:False
2021-04-29 23:45:11,519 INFO    : 个体off_spring_9505的适应度NTK为：6.359
2021-04-29 23:45:38,692 INFO    : 个体off_spring_9514的适应度NTK为：5.485
2021-04-29 23:45:53,749 INFO    : 个体off_spring_9516的适应度NTK为：5.306
2021-04-29 23:45:53,751 INFO    : ******************************当前种群位于第96代进化******************************
2021-04-29 23:45:55,550 INFO    : 个体off_spring_9601开始变异
2021-04-29 23:45:55,551 INFO    : 进行add变异:
2021-04-29 23:45:55,551 INFO    :     在第3个unit的2个位置添加一个block，block参数：cardinality:64，group_width:4，hasSENet:False
2021-04-29 23:45:55,551 INFO    : 个体off_spring_9606开始变异
2021-04-29 23:45:55,551 INFO    : 进行alter变异:
2021-04-29 23:45:55,551 INFO    :     修改第4个unit的1个位置上的block，block参数：cardinality:64，group_width:2，hasSENet:False
2021-04-29 23:45:55,551 INFO    : 个体off_spring_9608开始变异
2021-04-29 23:45:55,551 INFO    : 进行alter变异:
2021-04-29 23:45:55,551 INFO    :     修改第2个unit的1个位置上的block，block参数：cardinality:64，group_width:16，hasSENet:True
2021-04-29 23:46:22,938 INFO    : 个体off_spring_9601的适应度NTK为：3.685
2021-04-29 23:46:49,631 INFO    : 个体off_spring_9606的适应度NTK为：5.741
2021-04-29 23:47:37,280 INFO    : 个体off_spring_9608的适应度NTK为：5.258
2021-04-29 23:47:37,282 INFO    : ******************************当前种群位于第97代进化******************************
2021-04-29 23:47:39,013 INFO    : 个体off_spring_9703开始变异
2021-04-29 23:47:39,014 INFO    : 进行remove变异:
2021-04-29 23:47:39,014 INFO    :     删除第2个unit的2个位置上的block，block参数：cardinality:16，group_width:4，hasSENet:True
2021-04-29 23:47:39,014 INFO    : 个体off_spring_9717开始变异
2021-04-29 23:47:39,014 INFO    : 进行alter变异:
2021-04-29 23:47:39,014 INFO    :     修改第3个unit的2个位置上的block，block参数：cardinality:16，group_width:4，hasSENet:False
2021-04-29 23:47:39,014 INFO    : 个体off_spring_9727开始变异
2021-04-29 23:47:39,014 INFO    : 进行add变异:
2021-04-29 23:47:39,014 INFO    :     在第3个unit的1个位置添加一个block，block参数：cardinality:16，group_width:16，hasSENet:True
2021-04-29 23:47:51,150 INFO    : 个体off_spring_9703的适应度NTK为：4.859
2021-04-29 23:48:05,202 INFO    : 个体off_spring_9717的适应度NTK为：5.113
2021-04-29 23:48:20,245 INFO    : 个体off_spring_9727的适应度NTK为：4.953
2021-04-29 23:48:20,247 INFO    : ******************************当前种群位于第98代进化******************************
2021-04-29 23:48:22,009 INFO    : 个体off_spring_9808开始变异
2021-04-29 23:48:22,010 INFO    : 进行alter变异:
2021-04-29 23:48:22,010 INFO    :     修改第2个unit的1个位置上的block，block参数：cardinality:32，group_width:32，hasSENet:False
2021-04-29 23:48:22,010 INFO    : 个体off_spring_9814开始变异
2021-04-29 23:48:22,010 INFO    : 进行add变异:
2021-04-29 23:48:22,010 INFO    :     在第4个unit的1个位置添加一个block，block参数：cardinality:4，group_width:16，hasSENet:True
2021-04-29 23:48:22,010 INFO    : 个体off_spring_9824开始变异
2021-04-29 23:48:22,010 INFO    : 进行remove变异:
2021-04-29 23:48:22,010 INFO    :     删除第3个unit的1个位置上的block，block参数：cardinality:8，group_width:8，hasSENet:False
2021-04-29 23:49:07,930 INFO    : 个体off_spring_9808的适应度NTK为：4.783
2021-04-29 23:49:21,841 INFO    : 个体off_spring_9814的适应度NTK为：4.514
2021-04-29 23:49:34,911 INFO    : 个体off_spring_9824的适应度NTK为：6.344
2021-04-29 23:49:34,913 INFO    : ******************************当前种群位于第99代进化******************************
2021-04-29 23:49:36,689 INFO    : 个体off_spring_9906开始变异
2021-04-29 23:49:36,690 INFO    : 进行alter变异:
2021-04-29 23:49:36,693 INFO    :     修改第3个unit的2个位置上的block，block参数：cardinality:8，group_width:8，hasSENet:False
2021-04-29 23:49:36,693 INFO    : 个体off_spring_9922开始变异
2021-04-29 23:49:36,693 INFO    : 进行remove变异:
2021-04-29 23:49:36,693 INFO    :     删除第2个unit的2个位置上的block，block参数：cardinality:16，group_width:8，hasSENet:True
2021-04-29 23:49:36,693 INFO    : 个体off_spring_9931开始变异
2021-04-29 23:49:36,693 INFO    : 进行alter变异:
2021-04-29 23:49:36,693 INFO    :     修改第2个unit的2个位置上的block，block参数：cardinality:4，group_width:32，hasSENet:True
2021-04-29 23:49:59,727 INFO    : 个体off_spring_9906的适应度NTK为：5.977
2021-04-29 23:50:27,357 INFO    : 个体off_spring_9922的适应度NTK为：6.439
2021-04-29 23:50:57,933 INFO    : 个体off_spring_9931的适应度NTK为：5.421
2021-04-29 23:50:57,935 INFO    : ******************************当前种群位于第100代进化******************************
2021-04-29 23:50:59,685 INFO    : 个体off_spring_10002开始变异
2021-04-29 23:50:59,685 INFO    : 进行alter变异:
2021-04-29 23:50:59,685 INFO    :     修改第3个unit的4个位置上的block，block参数：cardinality:64，group_width:2，hasSENet:False
2021-04-29 23:50:59,685 INFO    :     修改最后一个位置，修改out_channel:256
2021-04-29 23:50:59,685 INFO    :     修改下一个unit的in_channel:256
2021-04-29 23:50:59,685 INFO    : 个体off_spring_10004开始变异
2021-04-29 23:50:59,685 INFO    : 进行alter变异:
2021-04-29 23:50:59,685 INFO    :     修改第2个unit的1个位置上的block，block参数：cardinality:64，group_width:8，hasSENet:True
2021-04-29 23:50:59,686 INFO    : 个体off_spring_10017开始变异
2021-04-29 23:50:59,686 INFO    : 进行alter变异:
2021-04-29 23:50:59,686 INFO    :     修改第4个unit的1个位置上的block，block参数：cardinality:2，group_width:32，hasSENet:False
2021-04-29 23:51:24,672 INFO    : 个体off_spring_10002的适应度NTK为：4.252
2021-04-29 23:51:57,947 INFO    : 个体off_spring_10004的适应度NTK为：3.793
2021-04-29 23:52:27,543 INFO    : 个体off_spring_10017的适应度NTK为：5.948
2021-04-29 23:52:27,546 INFO    : --------------------------------------------------[种群进化结束]--------------------------------------------------

2021-04-29 23:52:27,546 INFO    : 最后一代个体：
2021-04-29 23:52:27,546 INFO    : [id:10001,unit_amount:4,conv_length:28,senet_amount:1,spantime:14,ntk:3.319,acc:-1.0,params:6018922.0,FLOPs:1983917088.0]
2021-04-29 23:52:27,546 INFO    : [id:10002,unit_amount:4,conv_length:31,senet_amount:1,spantime:4,ntk:3.685,acc:-1.0,params:6292330.0,FLOPs:2053909536.0]
2021-04-29 23:52:27,546 INFO    : [id:10042,unit_amount:4,conv_length:28,senet_amount:1,spantime:0,ntk:3.793,acc:-1.0,params:3235722.0,FLOPs:2484645440.0]
2021-04-29 23:52:27,546 INFO    : [id:10003,unit_amount:4,conv_length:31,senet_amount:4,spantime:8,ntk:3.997,acc:-1.0,params:806010.0,FLOPs:166836272.0]
2021-04-29 23:52:27,546 INFO    : [id:10004,unit_amount:4,conv_length:28,senet_amount:0,spantime:8,ntk:4.034,acc:-1.0,params:2903882.0,FLOPs:2280040960.0]
2021-04-29 23:52:27,546 INFO    : [id:10005,unit_amount:4,conv_length:31,senet_amount:1,spantime:60,ntk:4.093,acc:-1.0,params:3257738.0,FLOPs:1228058176.0]
2021-04-29 23:52:27,546 INFO    : [id:10006,unit_amount:4,conv_length:28,senet_amount:1,spantime:50,ntk:4.135,acc:-1.0,params:1722202.0,FLOPs:1032637200.0]
2021-04-29 23:52:27,546 INFO    : [id:10007,unit_amount:4,conv_length:31,senet_amount:0,spantime:12,ntk:4.182,acc:-1.0,params:1673546.0,FLOPs:991472128.0]
2021-04-29 23:52:27,546 INFO    : [id:10041,unit_amount:4,conv_length:31,senet_amount:1,spantime:0,ntk:4.252,acc:-1.0,params:1909354.0,FLOPs:975907872.0]
2021-04-29 23:52:27,546 INFO    : [id:10008,unit_amount:4,conv_length:31,senet_amount:0,spantime:7,ntk:4.268,acc:-1.0,params:2133322.0,FLOPs:1066658304.0]
2021-04-29 23:52:27,546 INFO    : [id:10009,unit_amount:4,conv_length:31,senet_amount:1,spantime:29,ntk:4.312,acc:-1.0,params:2827146.0,FLOPs:1196469824.0]
2021-04-29 23:52:27,546 INFO    : [id:10010,unit_amount:4,conv_length:28,senet_amount:0,spantime:21,ntk:4.325,acc:-1.0,params:5193546.0,FLOPs:1781115392.0]
2021-04-29 23:52:27,546 INFO    : [id:10011,unit_amount:4,conv_length:34,senet_amount:5,spantime:24,ntk:4.414,acc:-1.0,params:2366394.0,FLOPs:532593776.0]
2021-04-29 23:52:27,546 INFO    : [id:10012,unit_amount:4,conv_length:28,senet_amount:0,spantime:71,ntk:4.508,acc:-1.0,params:1536330.0,FLOPs:876128768.0]
2021-04-29 23:52:27,546 INFO    : [id:10013,unit_amount:4,conv_length:31,senet_amount:2,spantime:9,ntk:4.513,acc:-1.0,params:3169434.0,FLOPs:1177145168.0]
2021-04-29 23:52:27,546 INFO    : [id:10014,unit_amount:4,conv_length:37,senet_amount:5,spantime:2,ntk:4.514,acc:-1.0,params:910082.0,FLOPs:187908280.0]
2021-04-29 23:52:27,546 INFO    : [id:10015,unit_amount:4,conv_length:34,senet_amount:4,spantime:70,ntk:4.533,acc:-1.0,params:881786.0,FLOPs:186234928.0]
2021-04-29 23:52:27,546 INFO    : [id:10016,unit_amount:4,conv_length:31,senet_amount:2,spantime:25,ntk:4.536,acc:-1.0,params:9069650.0,FLOPs:1512457480.0]
2021-04-29 23:52:27,546 INFO    : [id:10017,unit_amount:4,conv_length:37,senet_amount:3,spantime:20,ntk:4.541,acc:-1.0,params:3985098.0,FLOPs:1559425664.0]
2021-04-29 23:52:27,547 INFO    : [id:10018,unit_amount:3,conv_length:25,senet_amount:3,spantime:70,ntk:4.566,acc:-1.0,params:1480690.0,FLOPs:245658792.0]
2021-04-29 23:52:27,547 INFO    : [id:10019,unit_amount:4,conv_length:28,senet_amount:0,spantime:6,ntk:4.591,acc:-1.0,params:2168906.0,FLOPs:1078446592.0]
2021-04-29 23:52:27,547 INFO    : [id:10020,unit_amount:4,conv_length:34,senet_amount:2,spantime:17,ntk:4.646,acc:-1.0,params:6611578.0,FLOPs:1502760240.0]
2021-04-29 23:52:27,547 INFO    : [id:10021,unit_amount:4,conv_length:28,senet_amount:1,spantime:18,ntk:4.651,acc:-1.0,params:3057546.0,FLOPs:1170517568.0]
2021-04-29 23:52:27,547 INFO    : [id:10022,unit_amount:4,conv_length:31,senet_amount:1,spantime:28,ntk:4.658,acc:-1.0,params:6166618.0,FLOPs:1397345040.0]
2021-04-29 23:52:27,547 INFO    : [id:10023,unit_amount:4,conv_length:31,senet_amount:0,spantime:13,ntk:4.68,acc:-1.0,params:1824330.0,FLOPs:825747968.0]
2021-04-29 23:52:27,547 INFO    : [id:10024,unit_amount:4,conv_length:37,senet_amount:5,spantime:69,ntk:4.743,acc:-1.0,params:2107714.0,FLOPs:255677688.0]
2021-04-29 23:52:27,547 INFO    : [id:10025,unit_amount:4,conv_length:34,senet_amount:3,spantime:17,ntk:4.762,acc:-1.0,params:1490042.0,FLOPs:133941040.0]
2021-04-29 23:52:27,547 INFO    : [id:10026,unit_amount:4,conv_length:31,senet_amount:0,spantime:2,ntk:4.783,acc:-1.0,params:6047050.0,FLOPs:5074315776.0]
2021-04-29 23:52:27,547 INFO    : [id:10027,unit_amount:4,conv_length:37,senet_amount:3,spantime:70,ntk:4.831,acc:-1.0,params:1796218.0,FLOPs:222054192.0]
2021-04-29 23:52:27,547 INFO    : [id:10028,unit_amount:4,conv_length:31,senet_amount:0,spantime:31,ntk:4.859,acc:-1.0,params:5379914.0,FLOPs:1816046080.0]
2021-04-29 23:52:27,547 INFO    : [id:10029,unit_amount:4,conv_length:28,senet_amount:3,spantime:3,ntk:4.859,acc:-1.0,params:726514.0,FLOPs:147042216.0]
2021-04-29 23:52:27,547 INFO    : [id:10030,unit_amount:4,conv_length:34,senet_amount:2,spantime:23,ntk:4.864,acc:-1.0,params:1235546.0,FLOPs:188269840.0]
2021-04-29 23:52:27,547 INFO    : [id:10031,unit_amount:4,conv_length:34,senet_amount:1,spantime:32,ntk:4.865,acc:-1.0,params:6022746.0,FLOPs:1360513808.0]
2021-04-29 23:52:27,547 INFO    : [id:10032,unit_amount:4,conv_length:31,senet_amount:1,spantime:30,ntk:4.872,acc:-1.0,params:4085714.0,FLOPs:370818184.0]
2021-04-29 23:52:27,547 INFO    : [id:10033,unit_amount:4,conv_length:34,senet_amount:2,spantime:62,ntk:4.876,acc:-1.0,params:4580066.0,FLOPs:401923480.0]
2021-04-29 23:52:27,547 INFO    : [id:10034,unit_amount:4,conv_length:34,senet_amount:4,spantime:55,ntk:4.879,acc:-1.0,params:891002.0,FLOPs:188594224.0]
2021-04-29 23:52:27,547 INFO    : [id:10035,unit_amount:4,conv_length:31,senet_amount:1,spantime:26,ntk:4.882,acc:-1.0,params:4914778.0,FLOPs:1095748368.0]
2021-04-29 23:52:27,547 INFO    : [id:10036,unit_amount:4,conv_length:37,senet_amount:5,spantime:61,ntk:4.899,acc:-1.0,params:2121914.0,FLOPs:257277040.0]
2021-04-29 23:52:27,547 INFO    : [id:10037,unit_amount:4,conv_length:34,senet_amount:1,spantime:41,ntk:4.92,acc:-1.0,params:3674506.0,FLOPs:1579331136.0]
2021-04-29 23:52:27,547 INFO    : [id:10038,unit_amount:4,conv_length:28,senet_amount:0,spantime:44,ntk:4.937,acc:-1.0,params:1531722.0,FLOPs:874949120.0]
2021-04-29 23:52:27,550 INFO    : --------------------------------------------------[训练前10个体]--------------------------------------------------

2021-04-29 23:52:28,625 INFO    : 个体10001开始训练
2021-04-30 06:56:27,234 INFO    : Early Stopping with best_acc:95.12 and val_acc for this epoch:255
2021-04-30 06:56:27,238 INFO    : [id:10001,unit_amount:4,conv_length:28,senet_amount:1,spantime:14,ntk:3.319,acc:95.12,params:6018922.0,FLOPs:1983917088.0]
2021-04-30 06:56:28,359 INFO    : 个体10002开始训练
2021-04-30 14:15:08,448 INFO    : Early Stopping with best_acc:95.3 and val_acc for this epoch:255
2021-04-30 14:15:08,451 INFO    : [id:10002,unit_amount:4,conv_length:31,senet_amount:1,spantime:4,ntk:3.685,acc:95.3,params:6292330.0,FLOPs:2053909536.0]
2021-04-30 14:15:09,489 INFO    : 个体10042开始训练
2021-04-30 22:51:03,220 INFO    : Early Stopping with best_acc:94.46 and val_acc for this epoch:255
2021-04-30 22:51:03,224 INFO    : [id:10042,unit_amount:4,conv_length:28,senet_amount:1,spantime:0,ntk:3.793,acc:94.46,params:3235722.0,FLOPs:2484645440.0]
2021-04-30 22:51:04,229 INFO    : 个体10003开始训练
2021-05-01 00:28:53,649 INFO    : Early Stopping with best_acc:94.31 and val_acc for this epoch:255
2021-05-01 00:28:53,657 INFO    : [id:10003,unit_amount:4,conv_length:31,senet_amount:4,spantime:8,ntk:3.997,acc:94.31,params:806010.0,FLOPs:166836272.0]
2021-05-01 00:28:54,759 INFO    : 个体10004开始训练
2021-05-01 07:55:29,921 INFO    : Early Stopping with best_acc:94.47 and val_acc for this epoch:255
2021-05-01 07:55:29,927 INFO    : [id:10004,unit_amount:4,conv_length:28,senet_amount:0,spantime:8,ntk:4.034,acc:94.47,params:2903882.0,FLOPs:2280040960.0]
2021-05-01 07:55:30,997 INFO    : 个体10005开始训练
2021-05-01 13:05:19,544 INFO    : Early Stopping with best_acc:95.09 and val_acc for this epoch:255
2021-05-01 13:05:19,548 INFO    : [id:10005,unit_amount:4,conv_length:31,senet_amount:1,spantime:60,ntk:4.093,acc:95.09,params:3257738.0,FLOPs:1228058176.0]
2021-05-01 13:05:20,537 INFO    : 个体10006开始训练
2021-05-01 17:36:10,547 INFO    : Early Stopping with best_acc:94.54 and val_acc for this epoch:255
2021-05-01 17:36:10,552 INFO    : [id:10006,unit_amount:4,conv_length:28,senet_amount:1,spantime:50,ntk:4.135,acc:94.54,params:1722202.0,FLOPs:1032637200.0]
2021-05-01 17:36:11,555 INFO    : 个体10007开始训练
2021-05-01 22:17:28,370 INFO    : Early Stopping with best_acc:94.59 and val_acc for this epoch:255
2021-05-01 22:17:28,375 INFO    : [id:10007,unit_amount:4,conv_length:31,senet_amount:0,spantime:12,ntk:4.182,acc:94.59,params:1673546.0,FLOPs:991472128.0]
2021-05-01 22:17:29,362 INFO    : 个体10041开始训练
2021-05-02 02:59:11,062 INFO    : Early Stopping with best_acc:94.87 and val_acc for this epoch:255
2021-05-02 02:59:11,069 INFO    : [id:10041,unit_amount:4,conv_length:31,senet_amount:1,spantime:0,ntk:4.252,acc:94.87,params:1909354.0,FLOPs:975907872.0]
2021-05-02 02:59:12,139 INFO    : 个体10008开始训练
2021-05-02 07:42:42,656 INFO    : Early Stopping with best_acc:95.58 and val_acc for this epoch:255
2021-05-02 07:42:42,662 INFO    : [id:10008,unit_amount:4,conv_length:31,senet_amount:0,spantime:7,ntk:4.268,acc:95.58,params:2133322.0,FLOPs:1066658304.0]
2021-05-02 07:42:42,663 INFO    : --------------------------------------------------[个体训练结束]--------------------------------------------------
