2021-04-21 14:42:06,338 INFO    : --------------------------------------------------[种群初始化]--------------------------------------------------

2021-04-21 14:43:24,161 INFO    : 个体0101的适应度NTK为：102.067
2021-04-21 14:44:04,114 INFO    : 个体0102的适应度NTK为：43.906
2021-04-21 14:45:21,187 INFO    : 个体0103的适应度NTK为：14.274
2021-04-21 14:46:55,560 INFO    : 个体0104的适应度NTK为：9.916
2021-04-21 14:47:38,395 INFO    : 个体0105的适应度NTK为：37.41
2021-04-21 14:48:23,516 INFO    : 个体0106的适应度NTK为：82.422
2021-04-21 14:50:24,939 INFO    : 个体0107的适应度NTK为：17.68
2021-04-21 14:51:19,155 INFO    : 个体0108的适应度NTK为：83.385
2021-04-21 14:52:02,079 INFO    : 个体0109的适应度NTK为：103.008
2021-04-21 14:52:46,778 INFO    : 个体0110的适应度NTK为：90.909
2021-04-21 14:54:03,707 INFO    : 个体0111的适应度NTK为：12.373
2021-04-21 14:55:01,011 INFO    : 个体0112的适应度NTK为：59.819
2021-04-21 14:55:41,951 INFO    : 个体0113的适应度NTK为：216.086
2021-04-21 14:56:32,260 INFO    : 个体0114的适应度NTK为：25.513
2021-04-21 14:57:39,599 INFO    : 个体0115的适应度NTK为：29.868
2021-04-21 14:58:32,001 INFO    : 个体0116的适应度NTK为：40.197
2021-04-21 14:59:03,335 INFO    : 个体0117的适应度NTK为：290.448
2021-04-21 14:59:51,239 INFO    : 个体0118的适应度NTK为：61.779
2021-04-21 15:00:39,023 INFO    : 个体0119的适应度NTK为：27.606
2021-04-21 15:01:32,635 INFO    : 个体0120的适应度NTK为：61.298
2021-04-21 15:01:32,637 INFO    : --------------------------------------------------[种群开始进化]--------------------------------------------------

2021-04-21 15:01:32,637 INFO    : ******************************当前种群位于第1代进化******************************
2021-04-21 15:01:34,381 INFO    : 个体off_spring_0107开始变异
2021-04-21 15:01:34,381 INFO    : 进行remove变异:
2021-04-21 15:01:34,381 INFO    :     删除第2个unit的4个位置上的block，block参数：cardinality:16，group_width:4，hasSENet:False
2021-04-21 15:01:34,381 INFO    :     删除最后一个位置，修改out_channel:256
2021-04-21 15:01:34,381 INFO    :     修改下一个unit的in_channel:256
2021-04-21 15:01:34,381 INFO    : 个体off_spring_0118开始变异
2021-04-21 15:01:34,381 INFO    : 进行add变异:
2021-04-21 15:01:34,381 INFO    :     在第4个unit的4个位置添加一个block，block参数：cardinality:4，group_width:16，hasSENet:True
2021-04-21 15:01:34,381 INFO    :     添加到最后一个位置，修改out_channel:128
2021-04-21 15:01:34,381 INFO    : 个体off_spring_0108开始变异
2021-04-21 15:01:34,382 INFO    : 进行remove变异:
2021-04-21 15:01:34,382 INFO    :     删除第3个unit的3个位置上的block，block参数：cardinality:4，group_width:8，hasSENet:False
2021-04-21 15:03:15,717 INFO    : 个体off_spring_0107的适应度NTK为：36.879
2021-04-21 15:04:03,891 INFO    : 个体off_spring_0118的适应度NTK为：308.898
2021-04-21 15:05:02,416 INFO    : 个体off_spring_0108的适应度NTK为：73.769
2021-04-21 15:05:02,419 INFO    : ******************************当前种群位于第2代进化******************************
2021-04-21 15:05:04,201 INFO    : 个体off_spring_0202开始变异
2021-04-21 15:05:04,201 INFO    : 进行remove变异:
2021-04-21 15:05:04,201 INFO    :     删除第2个unit的2个位置上的block，block参数：cardinality:8，group_width:16，hasSENet:False
2021-04-21 15:05:04,202 INFO    : 个体off_spring_0203开始变异
2021-04-21 15:05:04,202 INFO    : 进行alter变异:
2021-04-21 15:05:04,202 INFO    :     修改第3个unit的3个位置上的block，block参数：cardinality:2，group_width:4，hasSENet:False
2021-04-21 15:05:04,202 INFO    :     修改最后一个位置，修改out_channel:16
2021-04-21 15:05:04,202 INFO    :     修改下一个unit的in_channel:16
2021-04-21 15:05:04,202 INFO    : 个体off_spring_0207开始变异
2021-04-21 15:05:04,202 INFO    : 进行alter变异:
2021-04-21 15:05:04,202 INFO    :     修改第3个unit的3个位置上的block，block参数：cardinality:2，group_width:64，hasSENet:True
2021-04-21 15:06:03,127 INFO    : 个体off_spring_0202的适应度NTK为：72.315
2021-04-21 15:07:11,912 INFO    : 个体off_spring_0203的适应度NTK为：14.023
2021-04-21 15:08:23,181 INFO    : 个体off_spring_0207的适应度NTK为：30.646
2021-04-21 15:08:23,182 INFO    : ******************************当前种群位于第3代进化******************************
2021-04-21 15:08:24,960 INFO    : 个体off_spring_0307开始变异
2021-04-21 15:08:24,960 INFO    : 进行alter变异:
2021-04-21 15:08:24,960 INFO    :     修改第3个unit的3个位置上的block，block参数：cardinality:16，group_width:2，hasSENet:False
2021-04-21 15:08:24,960 INFO    : 个体off_spring_0308开始变异
2021-04-21 15:08:24,960 INFO    : 进行remove变异:
2021-04-21 15:08:24,961 INFO    :     删除第3个unit的1个位置上的block，block参数：cardinality:8，group_width:2，hasSENet:True
2021-04-21 15:08:24,961 INFO    : 个体off_spring_0312开始变异
2021-04-21 15:08:24,961 INFO    : 进行add变异:
2021-04-21 15:08:24,961 INFO    :     在第3个unit的2个位置添加一个block，block参数：cardinality:4，group_width:8，hasSENet:False
2021-04-21 15:09:10,294 INFO    : 个体off_spring_0307的适应度NTK为：33.284
2021-04-21 15:10:15,479 INFO    : 个体off_spring_0308的适应度NTK为：74.426
2021-04-21 15:11:08,276 INFO    : 个体off_spring_0312的适应度NTK为：53.456
2021-04-21 15:11:08,279 INFO    : ******************************当前种群位于第4代进化******************************
2021-04-21 15:11:10,091 INFO    : 个体off_spring_0401开始变异
2021-04-21 15:11:10,091 INFO    : 进行remove变异:
2021-04-21 15:11:10,091 INFO    :     删除第4个unit的2个位置上的block，block参数：cardinality:16，group_width:16，hasSENet:False
2021-04-21 15:11:10,091 INFO    : 个体off_spring_0408开始变异
2021-04-21 15:11:10,091 INFO    : 进行remove变异:
2021-04-21 15:11:10,091 INFO    :     删除第3个unit的2个位置上的block，block参数：cardinality:16，group_width:16，hasSENet:True
2021-04-21 15:11:10,091 INFO    : 个体off_spring_0413开始变异
2021-04-21 15:11:10,092 INFO    : 进行alter变异:
2021-04-21 15:11:10,092 INFO    :     修改第5个unit的3个位置上的block，block参数：cardinality:2，group_width:4，hasSENet:False
2021-04-21 15:12:32,732 INFO    : 个体off_spring_0401的适应度NTK为：14.705
2021-04-21 15:13:37,923 INFO    : 个体off_spring_0408的适应度NTK为：33.846
2021-04-21 15:14:32,707 INFO    : 个体off_spring_0413的适应度NTK为：31.292
2021-04-21 15:14:32,710 INFO    : ******************************当前种群位于第5代进化******************************
2021-04-21 15:14:34,427 INFO    : 个体off_spring_0503开始变异
2021-04-21 15:14:34,427 INFO    : 进行remove变异:
2021-04-21 15:14:34,427 INFO    :     删除第2个unit的4个位置上的block，block参数：cardinality:4，group_width:4，hasSENet:False
2021-04-21 15:14:34,427 INFO    :     删除最后一个位置，修改out_channel:256
2021-04-21 15:14:34,427 INFO    :     修改下一个unit的in_channel:256
2021-04-21 15:14:34,427 INFO    : 个体off_spring_0505开始变异
2021-04-21 15:14:34,427 INFO    : 进行remove变异:
2021-04-21 15:14:34,427 INFO    :     删除第2个unit的3个位置上的block，block参数：cardinality:4，group_width:8，hasSENet:False
2021-04-21 15:14:34,427 INFO    : 个体off_spring_0518开始变异
2021-04-21 15:14:34,427 INFO    : 进行add变异:
2021-04-21 15:14:34,428 INFO    :     在第4个unit的2个位置添加一个block，block参数：cardinality:8，group_width:16，hasSENet:False
2021-04-21 15:15:39,551 INFO    : 个体off_spring_0503的适应度NTK为：25.52
2021-04-21 15:17:06,743 INFO    : 个体off_spring_0505的适应度NTK为：16.242
2021-04-21 15:18:01,246 INFO    : 个体off_spring_0518的适应度NTK为：42.145
2021-04-21 15:18:01,250 INFO    : ******************************当前种群位于第6代进化******************************
2021-04-21 15:18:02,979 INFO    : 个体off_spring_0601开始变异
2021-04-21 15:18:02,979 INFO    : 进行remove变异:
2021-04-21 15:18:02,979 INFO    :     删除第4个unit的4个位置上的block，block参数：cardinality:4，group_width:2，hasSENet:False
2021-04-21 15:18:02,979 INFO    :     删除最后一个位置，修改out_channel:128
2021-04-21 15:18:02,979 INFO    :     修改下一个unit的in_channel:128
2021-04-21 15:18:02,979 INFO    : 个体off_spring_0606开始变异
2021-04-21 15:18:02,979 INFO    : 进行add变异:
2021-04-21 15:18:02,979 INFO    :     在第5个unit的2个位置添加一个block，block参数：cardinality:2，group_width:64，hasSENet:False
2021-04-21 15:18:02,979 INFO    : 个体off_spring_0607开始变异
2021-04-21 15:18:02,979 INFO    : 进行remove变异:
2021-04-21 15:18:02,979 INFO    :     删除第4个unit的3个位置上的block，block参数：cardinality:2，group_width:4，hasSENet:True
2021-04-21 15:19:29,387 INFO    : 个体off_spring_0601的适应度NTK为：17.871
2021-04-21 15:21:01,911 INFO    : 个体off_spring_0606的适应度NTK为：18.696
2021-04-21 15:23:00,089 INFO    : 个体off_spring_0607的适应度NTK为：26.817
2021-04-21 15:23:00,093 INFO    : ******************************当前种群位于第7代进化******************************
2021-04-21 15:23:01,826 INFO    : 个体off_spring_0707开始变异
2021-04-21 15:23:01,827 INFO    : 进行remove变异:
2021-04-21 15:23:01,827 INFO    :     删除第4个unit的1个位置上的block，block参数：cardinality:8，group_width:2，hasSENet:False
2021-04-21 15:23:01,827 INFO    : 个体off_spring_0708开始变异
2021-04-21 15:23:01,827 INFO    : 进行remove变异:
2021-04-21 15:23:01,827 INFO    :     删除第2个unit的3个位置上的block，block参数：cardinality:4，group_width:8，hasSENet:False
2021-04-21 15:23:01,827 INFO    : 个体off_spring_0712开始变异
2021-04-21 15:23:01,827 INFO    : 进行remove变异:
2021-04-21 15:23:01,827 INFO    :     删除第2个unit的3个位置上的block，block参数：cardinality:16，group_width:8，hasSENet:False
2021-04-21 15:25:01,644 INFO    : 个体off_spring_0707的适应度NTK为：12.495
2021-04-21 15:26:34,475 INFO    : 个体off_spring_0708的适应度NTK为：13.074
2021-04-21 15:28:05,548 INFO    : 个体off_spring_0712的适应度NTK为：32.628
2021-04-21 15:28:05,551 INFO    : ******************************当前种群位于第8代进化******************************
2021-04-21 15:28:07,285 INFO    : 个体off_spring_0802开始变异
2021-04-21 15:28:07,285 INFO    : 进行remove变异:
2021-04-21 15:28:07,287 INFO    :     删除第2个unit的3个位置上的block，block参数：cardinality:16，group_width:4，hasSENet:True
2021-04-21 15:28:07,287 INFO    : 个体off_spring_0803开始变异
2021-04-21 15:28:07,287 INFO    : 进行alter变异:
2021-04-21 15:28:07,288 INFO    :     修改第3个unit的2个位置上的block，block参数：cardinality:2，group_width:16，hasSENet:True
2021-04-21 15:28:07,288 INFO    : 个体off_spring_0808开始变异
2021-04-21 15:28:07,288 INFO    : 进行add变异:
2021-04-21 15:28:07,288 INFO    :     在第4个unit的2个位置添加一个block，block参数：cardinality:8，group_width:4，hasSENet:False
2021-04-21 15:29:07,204 INFO    : 个体off_spring_0802的适应度NTK为：9.424
2021-04-21 15:31:07,756 INFO    : 个体off_spring_0803的适应度NTK为：27.366
2021-04-21 15:32:38,304 INFO    : 个体off_spring_0808的适应度NTK为：29.883
2021-04-21 15:32:38,306 INFO    : ******************************当前种群位于第9代进化******************************
2021-04-21 15:32:40,048 INFO    : 个体off_spring_0915开始变异
2021-04-21 15:32:40,048 INFO    : 进行alter变异:
2021-04-21 15:32:40,048 INFO    :     修改第2个unit的2个位置上的block，block参数：cardinality:2，group_width:32，hasSENet:False
2021-04-21 15:34:05,451 INFO    : 个体off_spring_0915的适应度NTK为：16.979
2021-04-21 15:34:05,454 INFO    : ******************************当前种群位于第10代进化******************************
2021-04-21 15:34:07,255 INFO    : 个体off_spring_1002开始变异
2021-04-21 15:34:07,255 INFO    : 进行alter变异:
2021-04-21 15:34:07,255 INFO    :     修改第4个unit的3个位置上的block，block参数：cardinality:32，group_width:2，hasSENet:False
2021-04-21 15:34:07,255 INFO    :     修改最后一个位置，修改out_channel:128
2021-04-21 15:35:10,611 INFO    : 个体off_spring_1002的适应度NTK为：19.256
2021-04-21 15:35:10,613 INFO    : ******************************当前种群位于第11代进化******************************
2021-04-21 15:35:12,374 INFO    : 个体off_spring_1117开始变异
2021-04-21 15:35:12,374 INFO    : 进行add变异:
2021-04-21 15:35:12,374 INFO    :     在第4个unit的1个位置添加一个block，block参数：cardinality:32，group_width:8，hasSENet:False
2021-04-21 15:36:37,119 INFO    : 个体off_spring_1117的适应度NTK为：14.863
2021-04-21 15:36:37,121 INFO    : ******************************当前种群位于第12代进化******************************
2021-04-21 15:36:38,942 INFO    : 个体off_spring_1214开始变异
2021-04-21 15:36:38,942 INFO    : 进行alter变异:
2021-04-21 15:36:38,942 INFO    :     修改第4个unit的1个位置上的block，block参数：cardinality:32，group_width:8，hasSENet:True
2021-04-21 15:38:13,255 INFO    : 个体off_spring_1214的适应度NTK为：23.636
2021-04-21 15:38:13,259 INFO    : ******************************当前种群位于第13代进化******************************
2021-04-21 15:38:15,076 INFO    : 个体off_spring_1320开始变异
2021-04-21 15:38:15,076 INFO    : 进行remove变异:
2021-04-21 15:38:15,076 INFO    :     删除第2个unit的4个位置上的block，block参数：cardinality:4，group_width:4，hasSENet:False
2021-04-21 15:38:15,076 INFO    :     删除最后一个位置，修改out_channel:256
2021-04-21 15:38:15,076 INFO    :     修改下一个unit的in_channel:256
2021-04-21 15:39:26,999 INFO    : 个体off_spring_1320的适应度NTK为：15.005
2021-04-21 15:39:27,001 INFO    : ******************************当前种群位于第14代进化******************************
2021-04-21 15:39:28,819 INFO    : 个体off_spring_1405开始变异
2021-04-21 15:39:28,819 INFO    : 进行remove变异:
2021-04-21 15:39:28,819 INFO    :     删除第2个unit的3个位置上的block，block参数：cardinality:16，group_width:8，hasSENet:False
2021-04-21 15:40:29,556 INFO    : 个体off_spring_1405的适应度NTK为：23.749
2021-04-21 15:40:29,558 INFO    : ******************************当前种群位于第15代进化******************************
2021-04-21 15:40:31,383 INFO    : 个体off_spring_1511开始变异
2021-04-21 15:40:31,384 INFO    : 进行alter变异:
2021-04-21 15:40:31,385 INFO    :     修改第4个unit的1个位置上的block，block参数：cardinality:32，group_width:2，hasSENet:True
2021-04-21 15:42:04,331 INFO    : 个体off_spring_1511的适应度NTK为：106.349
2021-04-21 15:42:04,333 INFO    : ******************************当前种群位于第16代进化******************************
2021-04-21 15:42:06,168 INFO    : 个体off_spring_1608开始变异
2021-04-21 15:42:06,168 INFO    : 进行add变异:
2021-04-21 15:42:06,168 INFO    :     在第4个unit的3个位置添加一个block，block参数：cardinality:2，group_width:8，hasSENet:True
2021-04-21 15:43:12,296 INFO    : 个体off_spring_1608的适应度NTK为：23.494
2021-04-21 15:43:12,298 INFO    : ******************************当前种群位于第17代进化******************************
2021-04-21 15:43:14,133 INFO    : 个体off_spring_1709开始变异
2021-04-21 15:43:14,133 INFO    : 进行alter变异:
2021-04-21 15:43:14,133 INFO    :     修改第3个unit的2个位置上的block，block参数：cardinality:16，group_width:8，hasSENet:True
2021-04-21 15:44:30,276 INFO    : 个体off_spring_1709的适应度NTK为：23.617
2021-04-21 15:44:30,279 INFO    : ******************************当前种群位于第18代进化******************************
2021-04-21 15:44:32,011 INFO    : 个体off_spring_1818开始变异
2021-04-21 15:44:32,011 INFO    : 进行alter变异:
2021-04-21 15:44:32,011 INFO    :     修改第3个unit的3个位置上的block，block参数：cardinality:4，group_width:64，hasSENet:False
2021-04-21 15:44:32,011 INFO    :     修改最后一个位置，修改out_channel:512
2021-04-21 15:44:32,011 INFO    :     修改下一个unit的in_channel:512
2021-04-21 15:46:18,154 INFO    : 个体off_spring_1818的适应度NTK为：19.15
2021-04-21 15:46:18,156 INFO    : ******************************当前种群位于第19代进化******************************
2021-04-21 15:46:19,869 INFO    : 个体off_spring_1911开始变异
2021-04-21 15:46:19,869 INFO    : 进行remove变异:
2021-04-21 15:46:19,870 INFO    :     删除第3个unit的1个位置上的block，block参数：cardinality:2，group_width:8，hasSENet:False
2021-04-21 15:46:19,870 INFO    : 个体off_spring_1915开始变异
2021-04-21 15:46:19,870 INFO    : 进行add变异:
2021-04-21 15:46:19,870 INFO    :     在第5个unit的1个位置添加一个block，block参数：cardinality:32，group_width:2，hasSENet:True
2021-04-21 15:46:19,870 INFO    : 个体off_spring_1910开始变异
2021-04-21 15:46:19,870 INFO    : 进行add变异:
2021-04-21 15:46:19,870 INFO    :     在第5个unit的1个位置添加一个block，block参数：cardinality:4，group_width:4，hasSENet:True
2021-04-21 15:47:31,131 INFO    : 个体off_spring_1911的适应度NTK为：31.067
2021-04-21 15:49:06,763 INFO    : 个体off_spring_1915的适应度NTK为：14.984
2021-04-21 15:50:33,271 INFO    : 个体off_spring_1910的适应度NTK为：72.247
2021-04-21 15:50:33,274 INFO    : ******************************当前种群位于第20代进化******************************
2021-04-21 15:50:35,052 INFO    : 个体off_spring_2005开始变异
2021-04-21 15:50:35,052 INFO    : 进行add变异:
2021-04-21 15:50:35,052 INFO    :     在第4个unit的1个位置添加一个block，block参数：cardinality:16，group_width:8，hasSENet:True
2021-04-21 15:50:35,052 INFO    : 个体off_spring_2009开始变异
2021-04-21 15:50:35,052 INFO    : 进行add变异:
2021-04-21 15:50:35,052 INFO    :     在第3个unit的3个位置添加一个block，block参数：cardinality:64，group_width:2，hasSENet:True
2021-04-21 15:50:35,052 INFO    : 个体off_spring_2010开始变异
2021-04-21 15:50:35,052 INFO    : 进行remove变异:
2021-04-21 15:50:35,052 INFO    :     删除第5个unit的1个位置上的block，block参数：cardinality:8，group_width:4，hasSENet:True
2021-04-21 15:52:11,532 INFO    : 个体off_spring_2005的适应度NTK为：16.98
2021-04-21 15:53:47,255 INFO    : 个体off_spring_2009的适应度NTK为：11.862
2021-04-21 15:55:16,203 INFO    : 个体off_spring_2010的适应度NTK为：12.635
2021-04-21 15:55:16,205 INFO    : ******************************当前种群位于第21代进化******************************
2021-04-21 15:55:17,948 INFO    : 个体off_spring_2103开始变异
2021-04-21 15:55:17,948 INFO    : 进行remove变异:
2021-04-21 15:55:17,951 INFO    :     删除第2个unit的4个位置上的block，block参数：cardinality:16，group_width:4，hasSENet:False
2021-04-21 15:55:17,951 INFO    :     删除最后一个位置，修改out_channel:256
2021-04-21 15:55:17,951 INFO    :     修改下一个unit的in_channel:256
2021-04-21 15:55:17,951 INFO    : 个体off_spring_2104开始变异
2021-04-21 15:55:17,952 INFO    : 进行add变异:
2021-04-21 15:55:17,952 INFO    :     在第4个unit的3个位置添加一个block，block参数：cardinality:16，group_width:8，hasSENet:False
2021-04-21 15:55:17,952 INFO    : 个体off_spring_2107开始变异
2021-04-21 15:55:17,952 INFO    : 进行remove变异:
2021-04-21 15:55:17,952 INFO    :     删除第5个unit的1个位置上的block，block参数：cardinality:32，group_width:2，hasSENet:True
2021-04-21 15:57:05,999 INFO    : 个体off_spring_2103的适应度NTK为：29.11
2021-04-21 15:58:38,455 INFO    : 个体off_spring_2104的适应度NTK为：31.086
2021-04-21 16:00:08,067 INFO    : 个体off_spring_2107的适应度NTK为：25.274
2021-04-21 16:00:08,070 INFO    : ******************************当前种群位于第22代进化******************************
2021-04-21 16:00:09,857 INFO    : 个体off_spring_2201开始变异
2021-04-21 16:00:09,857 INFO    : 进行add变异:
2021-04-21 16:00:09,857 INFO    :     在第4个unit的4个位置添加一个block，block参数：cardinality:8，group_width:2，hasSENet:True
2021-04-21 16:00:09,857 INFO    :     添加到最后一个位置，修改out_channel:32
2021-04-21 16:00:09,857 INFO    : 个体off_spring_2202开始变异
2021-04-21 16:00:09,857 INFO    : 进行remove变异:
2021-04-21 16:00:09,857 INFO    :     删除第3个unit的1个位置上的block，block参数：cardinality:8，group_width:8，hasSENet:True
2021-04-21 16:00:09,857 INFO    : 个体off_spring_2207开始变异
2021-04-21 16:00:09,857 INFO    : 进行add变异:
2021-04-21 16:00:09,857 INFO    :     在第4个unit的3个位置添加一个block，block参数：cardinality:16，group_width:2，hasSENet:False
2021-04-21 16:01:18,657 INFO    : 个体off_spring_2201的适应度NTK为：22.247
2021-04-21 16:02:50,952 INFO    : 个体off_spring_2202的适应度NTK为：12.998
2021-04-21 16:04:16,364 INFO    : 个体off_spring_2207的适应度NTK为：23.745
2021-04-21 16:04:16,366 INFO    : ******************************当前种群位于第23代进化******************************
2021-04-21 16:04:18,235 INFO    : 个体off_spring_2305开始变异
2021-04-21 16:04:18,235 INFO    : 进行alter变异:
2021-04-21 16:04:18,235 INFO    :     修改第4个unit的3个位置上的block，block参数：cardinality:8，group_width:4，hasSENet:True
2021-04-21 16:04:18,235 INFO    :     修改最后一个位置，修改out_channel:64
2021-04-21 16:04:18,235 INFO    :     修改下一个unit的in_channel:64
2021-04-21 16:04:18,235 INFO    : 个体off_spring_2306开始变异
2021-04-21 16:04:18,235 INFO    : 进行alter变异:
2021-04-21 16:04:18,235 INFO    :     修改第4个unit的3个位置上的block，block参数：cardinality:16，group_width:8，hasSENet:True
2021-04-21 16:04:18,236 INFO    :     修改最后一个位置，修改out_channel:256
2021-04-21 16:04:18,236 INFO    :     修改下一个unit的in_channel:256
2021-04-21 16:04:18,236 INFO    : 个体off_spring_2307开始变异
2021-04-21 16:04:18,236 INFO    : 进行alter变异:
2021-04-21 16:04:18,236 INFO    :     修改第3个unit的2个位置上的block，block参数：cardinality:16，group_width:16，hasSENet:True
2021-04-21 16:05:42,804 INFO    : 个体off_spring_2305的适应度NTK为：13.436
2021-04-21 16:07:13,487 INFO    : 个体off_spring_2306的适应度NTK为：17.384
2021-04-21 16:08:43,391 INFO    : 个体off_spring_2307的适应度NTK为：11.015
2021-04-21 16:08:43,394 INFO    : ******************************当前种群位于第24代进化******************************
2021-04-21 16:08:45,198 INFO    : 个体off_spring_2406开始变异
2021-04-21 16:08:45,198 INFO    : 进行remove变异:
2021-04-21 16:08:45,198 INFO    :     删除第2个unit的3个位置上的block，block参数：cardinality:4，group_width:8，hasSENet:False
2021-04-21 16:08:45,199 INFO    : 个体off_spring_2409开始变异
2021-04-21 16:08:45,199 INFO    : 进行remove变异:
2021-04-21 16:08:45,199 INFO    :     删除第4个unit的4个位置上的block，block参数：cardinality:2，group_width:8，hasSENet:True
2021-04-21 16:08:45,199 INFO    :     删除最后一个位置，修改out_channel:32
2021-04-21 16:08:45,199 INFO    : 个体off_spring_2411开始变异
2021-04-21 16:08:45,199 INFO    : 进行alter变异:
2021-04-21 16:08:45,199 INFO    :     修改第2个unit的1个位置上的block，block参数：cardinality:2，group_width:16，hasSENet:False
2021-04-21 16:10:12,749 INFO    : 个体off_spring_2406的适应度NTK为：12.399
2021-04-21 16:11:27,151 INFO    : 个体off_spring_2409的适应度NTK为：9.275
2021-04-21 16:12:34,344 INFO    : 个体off_spring_2411的适应度NTK为：30.53
2021-04-21 16:12:34,347 INFO    : ******************************当前种群位于第25代进化******************************
2021-04-21 16:12:36,252 INFO    : 个体off_spring_2506开始变异
2021-04-21 16:12:36,252 INFO    : 进行remove变异:
2021-04-21 16:12:36,252 INFO    :     删除第2个unit的3个位置上的block，block参数：cardinality:16，group_width:8，hasSENet:False
2021-04-21 16:12:36,252 INFO    : 个体off_spring_2513开始变异
2021-04-21 16:12:36,252 INFO    : 进行add变异:
2021-04-21 16:12:36,252 INFO    :     在第4个unit的1个位置添加一个block，block参数：cardinality:8，group_width:32，hasSENet:False
2021-04-21 16:12:36,252 INFO    : 个体off_spring_2514开始变异
2021-04-21 16:12:36,252 INFO    : 进行alter变异:
2021-04-21 16:12:36,252 INFO    :     修改第3个unit的1个位置上的block，block参数：cardinality:64，group_width:2，hasSENet:True
2021-04-21 16:14:12,087 INFO    : 个体off_spring_2506的适应度NTK为：140.055
2021-04-21 16:15:25,352 INFO    : 个体off_spring_2513的适应度NTK为：19.133
2021-04-21 16:17:08,292 INFO    : 个体off_spring_2514的适应度NTK为：18.896
2021-04-21 16:17:08,295 INFO    : ******************************当前种群位于第26代进化******************************
2021-04-21 16:17:10,085 INFO    : 个体off_spring_2601开始变异
2021-04-21 16:17:10,085 INFO    : 进行remove变异:
2021-04-21 16:17:10,085 INFO    :     删除第2个unit的2个位置上的block，block参数：cardinality:8，group_width:16，hasSENet:False
2021-04-21 16:17:10,085 INFO    : 个体off_spring_2604开始变异
2021-04-21 16:17:10,085 INFO    : 进行remove变异:
2021-04-21 16:17:10,085 INFO    :     删除第2个unit的1个位置上的block，block参数：cardinality:16，group_width:8，hasSENet:False
2021-04-21 16:17:10,085 INFO    : 个体off_spring_2605开始变异
2021-04-21 16:17:10,085 INFO    : 进行add变异:
2021-04-21 16:17:10,085 INFO    :     在第5个unit的1个位置添加一个block，block参数：cardinality:2，group_width:8，hasSENet:False
2021-04-21 16:18:11,651 INFO    : 个体off_spring_2601的适应度NTK为：23.154
2021-04-21 16:19:28,322 INFO    : 个体off_spring_2604的适应度NTK为：14.194
2021-04-21 16:20:56,983 INFO    : 个体off_spring_2605的适应度NTK为：31.021
2021-04-21 16:20:56,985 INFO    : ******************************当前种群位于第27代进化******************************
2021-04-21 16:20:58,711 INFO    : 个体off_spring_2705开始变异
2021-04-21 16:20:58,711 INFO    : 进行alter变异:
2021-04-21 16:20:58,712 INFO    :     修改第4个unit的3个位置上的block，block参数：cardinality:32，group_width:2，hasSENet:False
2021-04-21 16:20:58,712 INFO    :     修改最后一个位置，修改out_channel:128
2021-04-21 16:20:58,712 INFO    :     修改下一个unit的in_channel:128
2021-04-21 16:20:58,712 INFO    : 个体off_spring_2710开始变异
2021-04-21 16:20:58,712 INFO    : 进行add变异:
2021-04-21 16:20:58,712 INFO    :     在第4个unit的3个位置添加一个block，block参数：cardinality:4，group_width:16，hasSENet:True
2021-04-21 16:20:58,712 INFO    : 个体off_spring_2714开始变异
2021-04-21 16:20:58,712 INFO    : 进行add变异:
2021-04-21 16:20:58,712 INFO    :     在第3个unit的4个位置添加一个block，block参数：cardinality:2，group_width:8，hasSENet:False
2021-04-21 16:20:58,712 INFO    :     添加到最后一个位置，修改out_channel:32
2021-04-21 16:20:58,712 INFO    :     修改下一个unit的in_channel:32
2021-04-21 16:22:26,716 INFO    : 个体off_spring_2705的适应度NTK为：15.017
2021-04-21 16:23:56,331 INFO    : 个体off_spring_2710的适应度NTK为：9.122
2021-04-21 16:25:05,863 INFO    : 个体off_spring_2714的适应度NTK为：14.867
2021-04-21 16:25:05,866 INFO    : ******************************当前种群位于第28代进化******************************
2021-04-21 16:25:07,639 INFO    : 个体off_spring_2805开始变异
2021-04-21 16:25:07,639 INFO    : 进行alter变异:
2021-04-21 16:25:07,639 INFO    :     修改第2个unit的1个位置上的block，block参数：cardinality:16，group_width:4，hasSENet:True
2021-04-21 16:25:07,639 INFO    : 个体off_spring_2807开始变异
2021-04-21 16:25:07,639 INFO    : 进行alter变异:
2021-04-21 16:25:07,639 INFO    :     修改第4个unit的3个位置上的block，block参数：cardinality:16，group_width:4，hasSENet:True
2021-04-21 16:25:07,639 INFO    :     修改最后一个位置，修改out_channel:128
2021-04-21 16:25:07,639 INFO    :     修改下一个unit的in_channel:128
2021-04-21 16:25:07,639 INFO    : 个体off_spring_2813开始变异
2021-04-21 16:25:07,640 INFO    : 进行remove变异:
2021-04-21 16:25:07,640 INFO    :     删除第3个unit的1个位置上的block，block参数：cardinality:2，group_width:8，hasSENet:False
2021-04-21 16:26:33,431 INFO    : 个体off_spring_2805的适应度NTK为：22.113
2021-04-21 16:28:22,748 INFO    : 个体off_spring_2807的适应度NTK为：17.497
2021-04-21 16:29:48,603 INFO    : 个体off_spring_2813的适应度NTK为：8.844
2021-04-21 16:29:48,605 INFO    : ******************************当前种群位于第29代进化******************************
2021-04-21 16:29:50,501 INFO    : 个体off_spring_2903开始变异
2021-04-21 16:29:50,501 INFO    : 进行remove变异:
2021-04-21 16:29:50,501 INFO    :     删除第2个unit的4个位置上的block，block参数：cardinality:4，group_width:2，hasSENet:False
2021-04-21 16:29:50,501 INFO    :     删除最后一个位置，修改out_channel:128
2021-04-21 16:29:50,501 INFO    :     修改下一个unit的in_channel:128
2021-04-21 16:29:50,501 INFO    : 个体off_spring_2905开始变异
2021-04-21 16:29:50,501 INFO    : 进行remove变异:
2021-04-21 16:29:50,501 INFO    :     删除第3个unit的3个位置上的block，block参数：cardinality:2，group_width:16，hasSENet:True
2021-04-21 16:29:50,501 INFO    : 个体off_spring_2910开始变异
2021-04-21 16:29:50,501 INFO    : 进行remove变异:
2021-04-21 16:29:50,501 INFO    :     删除第2个unit的4个位置上的block，block参数：cardinality:8，group_width:16，hasSENet:False
2021-04-21 16:29:50,501 INFO    :     删除最后一个位置，修改out_channel:64
2021-04-21 16:29:50,502 INFO    :     修改下一个unit的in_channel:64
2021-04-21 16:31:08,092 INFO    : 个体off_spring_2903的适应度NTK为：19.386
2021-04-21 16:32:37,494 INFO    : 个体off_spring_2905的适应度NTK为：10.481
2021-04-21 16:33:52,956 INFO    : 个体off_spring_2910的适应度NTK为：42.273
2021-04-21 16:33:52,958 INFO    : ******************************当前种群位于第30代进化******************************
2021-04-21 16:33:54,724 INFO    : 个体off_spring_3003开始变异
2021-04-21 16:33:54,724 INFO    : 进行add变异:
2021-04-21 16:33:54,724 INFO    :     在第4个unit的1个位置添加一个block，block参数：cardinality:8，group_width:16，hasSENet:False
2021-04-21 16:33:54,724 INFO    : 个体off_spring_3007开始变异
2021-04-21 16:33:54,724 INFO    : 进行remove变异:
2021-04-21 16:33:54,724 INFO    :     删除第3个unit的1个位置上的block，block参数：cardinality:8，group_width:8，hasSENet:True
2021-04-21 16:33:54,724 INFO    : 个体off_spring_3008开始变异
2021-04-21 16:33:54,724 INFO    : 进行add变异:
2021-04-21 16:33:54,725 INFO    :     在第5个unit的3个位置添加一个block，block参数：cardinality:8，group_width:2，hasSENet:True
2021-04-21 16:35:16,298 INFO    : 个体off_spring_3003的适应度NTK为：26.951
2021-04-21 16:36:46,513 INFO    : 个体off_spring_3007的适应度NTK为：13.576
2021-04-21 16:38:09,572 INFO    : 个体off_spring_3008的适应度NTK为：11.324
2021-04-21 16:38:09,576 INFO    : --------------------------------------------------[种群进化结束]--------------------------------------------------

2021-04-21 16:38:09,576 INFO    : 最后一代个体：
2021-04-21 16:38:09,576 INFO    : id:3001,unit_amount:4,ntk:8.844,spantime:2,acc:-1.0
2021-04-21 16:38:09,577 INFO    : id:3002,unit_amount:5,ntk:9.122,spantime:3,acc:-1.0
2021-04-21 16:38:09,577 INFO    : id:3003,unit_amount:4,ntk:9.275,spantime:6,acc:-1.0
2021-04-21 16:38:09,577 INFO    : id:3004,unit_amount:4,ntk:9.424,spantime:22,acc:-1.0
2021-04-21 16:38:09,577 INFO    : id:3005,unit_amount:4,ntk:10.481,spantime:1,acc:-1.0
2021-04-21 16:38:09,577 INFO    : id:3006,unit_amount:4,ntk:11.015,spantime:7,acc:-1.0
2021-04-21 16:38:09,577 INFO    : id:3023,unit_amount:5,ntk:11.324,spantime:0,acc:-1.0
2021-04-21 16:38:09,577 INFO    : id:3007,unit_amount:5,ntk:11.862,spantime:10,acc:-1.0
2021-04-21 16:38:09,577 INFO    : id:3008,unit_amount:5,ntk:12.399,spantime:6,acc:-1.0
2021-04-21 16:38:09,577 INFO    : id:3009,unit_amount:5,ntk:12.495,spantime:23,acc:-1.0
2021-04-21 16:38:09,577 INFO    : id:3010,unit_amount:5,ntk:12.635,spantime:10,acc:-1.0
2021-04-21 16:38:09,578 INFO    : id:3011,unit_amount:5,ntk:12.998,spantime:8,acc:-1.0
2021-04-21 16:38:09,578 INFO    : id:3012,unit_amount:5,ntk:13.074,spantime:23,acc:-1.0
2021-04-21 16:38:09,578 INFO    : id:3013,unit_amount:5,ntk:13.436,spantime:7,acc:-1.0
2021-04-21 16:38:09,578 INFO    : id:3022,unit_amount:5,ntk:13.576,spantime:0,acc:-1.0
2021-04-21 16:38:09,578 INFO    : id:3014,unit_amount:5,ntk:14.194,spantime:4,acc:-1.0
2021-04-21 16:38:09,578 INFO    : id:3015,unit_amount:4,ntk:14.863,spantime:19,acc:-1.0
2021-04-21 16:38:09,578 INFO    : id:3016,unit_amount:4,ntk:14.867,spantime:3,acc:-1.0
2021-04-21 16:38:09,578 INFO    : id:3017,unit_amount:5,ntk:14.984,spantime:11,acc:-1.0
2021-04-21 16:38:09,578 INFO    : id:3018,unit_amount:4,ntk:15.005,spantime:17,acc:-1.0
2021-04-21 16:38:09,578 INFO    : --------------------------------------------------[训练前5个体]--------------------------------------------------

2021-04-21 16:38:10,487 INFO    : 个体3001开始训练
2021-04-21 18:12:07,752 INFO    : 个体3001的适应度为acc：93.200%
2021-04-21 18:12:07,756 INFO    : id:3001,unit_amount:4,ntk:8.844,spantime:2,acc:93.2
2021-04-21 18:12:08,762 INFO    : 个体3002开始训练
2021-04-21 19:57:13,084 INFO    : 个体3002的适应度为acc：94.340%
2021-04-21 19:57:13,091 INFO    : id:3002,unit_amount:5,ntk:9.122,spantime:3,acc:94.34
2021-04-21 19:57:14,040 INFO    : 个体3003开始训练
2021-04-21 21:26:07,412 INFO    : 个体3003的适应度为acc：93.420%
2021-04-21 21:26:07,416 INFO    : id:3003,unit_amount:4,ntk:9.275,spantime:6,acc:93.42
2021-04-21 21:26:08,288 INFO    : 个体3004开始训练
2021-04-21 22:34:56,483 INFO    : 个体3004的适应度为acc：91.440%
2021-04-21 22:34:56,487 INFO    : id:3004,unit_amount:4,ntk:9.424,spantime:22,acc:91.44
2021-04-21 22:34:57,459 INFO    : 个体3005开始训练
2021-04-22 01:48:28,097 INFO    : 个体3005的适应度为acc：94.110%
2021-04-22 01:48:28,102 INFO    : id:3005,unit_amount:4,ntk:10.481,spantime:1,acc:94.11
2021-04-22 01:48:28,103 INFO    : --------------------------------------------------[个体训练结束]--------------------------------------------------
