2021-04-27 21:04:29,696 INFO    : --------------------------------------------------[种群初始化]--------------------------------------------------

2021-04-27 21:04:51,469 INFO    : 个体0101的适应度NTK为：7.814
2021-04-27 21:05:05,475 INFO    : 个体0102的适应度NTK为：9.732
2021-04-27 21:05:16,845 INFO    : 个体0103的适应度NTK为：7.304
2021-04-27 21:05:27,034 INFO    : 个体0104的适应度NTK为：11.282
2021-04-27 21:05:40,142 INFO    : 个体0105的适应度NTK为：12.685
2021-04-27 21:05:53,506 INFO    : 个体0106的适应度NTK为：11.788
2021-04-27 21:06:03,430 INFO    : 个体0107的适应度NTK为：11.587
2021-04-27 21:06:28,115 INFO    : 个体0108的适应度NTK为：7.3
2021-04-27 21:06:40,871 INFO    : 个体0109的适应度NTK为：8.785
2021-04-27 21:06:53,792 INFO    : 个体0110的适应度NTK为：14.244
2021-04-27 21:07:06,911 INFO    : 个体0111的适应度NTK为：5.786
2021-04-27 21:07:15,797 INFO    : 个体0112的适应度NTK为：38.256
2021-04-27 21:07:29,633 INFO    : 个体0113的适应度NTK为：8.174
2021-04-27 21:07:45,765 INFO    : 个体0114的适应度NTK为：6.09
2021-04-27 21:07:56,910 INFO    : 个体0115的适应度NTK为：27.105
2021-04-27 21:08:13,315 INFO    : 个体0116的适应度NTK为：7.628
2021-04-27 21:08:25,635 INFO    : 个体0117的适应度NTK为：7.917
2021-04-27 21:08:36,498 INFO    : 个体0118的适应度NTK为：8.484
2021-04-27 21:08:49,655 INFO    : 个体0119的适应度NTK为：6.758
2021-04-27 21:09:01,191 INFO    : 个体0120的适应度NTK为：7.483
2021-04-27 21:09:14,747 INFO    : 个体0121的适应度NTK为：11.165
2021-04-27 21:09:24,125 INFO    : 个体0122的适应度NTK为：21.838
2021-04-27 21:09:38,459 INFO    : 个体0123的适应度NTK为：5.397
2021-04-27 21:09:48,471 INFO    : 个体0124的适应度NTK为：13.648
2021-04-27 21:10:00,260 INFO    : 个体0125的适应度NTK为：9.371
2021-04-27 21:10:10,107 INFO    : 个体0126的适应度NTK为：11.431
2021-04-27 21:10:25,836 INFO    : 个体0127的适应度NTK为：8.597
2021-04-27 21:10:41,640 INFO    : 个体0128的适应度NTK为：7.23
2021-04-27 21:10:49,988 INFO    : 个体0129的适应度NTK为：15.953
2021-04-27 21:11:08,176 INFO    : 个体0130的适应度NTK为：9.252
2021-04-27 21:11:21,915 INFO    : 个体0131的适应度NTK为：5.28
2021-04-27 21:11:33,221 INFO    : 个体0132的适应度NTK为：8.952
2021-04-27 21:11:45,858 INFO    : 个体0133的适应度NTK为：7.556
2021-04-27 21:12:01,586 INFO    : 个体0134的适应度NTK为：10.874
2021-04-27 21:12:14,353 INFO    : 个体0135的适应度NTK为：9.241
2021-04-27 21:12:28,775 INFO    : 个体0136的适应度NTK为：18.7
2021-04-27 21:12:43,661 INFO    : 个体0137的适应度NTK为：11.795
2021-04-27 21:12:56,063 INFO    : 个体0138的适应度NTK为：6.738
2021-04-27 21:13:08,300 INFO    : 个体0139的适应度NTK为：14.03
2021-04-27 21:13:19,739 INFO    : 个体0140的适应度NTK为：6.895
2021-04-27 21:13:19,747 INFO    : --------------------------------------------------[种群开始进化]--------------------------------------------------

2021-04-27 21:13:19,748 INFO    : ******************************当前种群位于第1代进化******************************
2021-04-27 21:13:21,501 INFO    : 个体off_spring_0116开始变异
2021-04-27 21:13:21,501 INFO    : 进行add变异:
2021-04-27 21:13:21,501 INFO    :     在第2个unit的4个位置添加一个block，block参数：cardinality:16，group_width:16，hasSENet:True
2021-04-27 21:13:21,501 INFO    :     添加到最后一个位置，修改out_channel:512
2021-04-27 21:13:21,501 INFO    :     修改下一个unit的in_channel:512
2021-04-27 21:13:21,501 INFO    : 个体off_spring_0130开始变异
2021-04-27 21:13:21,501 INFO    : 进行alter变异:
2021-04-27 21:13:21,502 INFO    :     修改第3个unit的3个位置上的block，block参数：cardinality:64，group_width:8，hasSENet:False
2021-04-27 21:13:21,502 INFO    :     修改最后一个位置，修改out_channel:1024
2021-04-27 21:13:21,502 INFO    :     修改下一个unit的in_channel:1024
2021-04-27 21:13:21,502 INFO    : 个体off_spring_0104开始变异
2021-04-27 21:13:21,502 INFO    : 进行add变异:
2021-04-27 21:13:21,502 INFO    :     在第3个unit的1个位置添加一个block，block参数：cardinality:4，group_width:64，hasSENet:True
2021-04-27 21:13:40,896 INFO    : 个体off_spring_0116的适应度NTK为：7.251
2021-04-27 21:14:06,811 INFO    : 个体off_spring_0130的适应度NTK为：8.076
2021-04-27 21:14:18,109 INFO    : 个体off_spring_0104的适应度NTK为：7.676
2021-04-27 21:14:18,112 INFO    : ******************************当前种群位于第2代进化******************************
2021-04-27 21:14:19,984 INFO    : 个体off_spring_0206开始变异
2021-04-27 21:14:19,985 INFO    : 进行alter变异:
2021-04-27 21:14:19,985 INFO    :     修改第4个unit的2个位置上的block，block参数：cardinality:4，group_width:32，hasSENet:True
2021-04-27 21:14:19,985 INFO    : 个体off_spring_0209开始变异
2021-04-27 21:14:19,985 INFO    : 进行remove变异:
2021-04-27 21:14:19,985 INFO    :     删除第2个unit的2个位置上的block，block参数：cardinality:8，group_width:4，hasSENet:True
2021-04-27 21:14:19,985 INFO    : 个体off_spring_0211开始变异
2021-04-27 21:14:19,985 INFO    : 进行remove变异:
2021-04-27 21:14:19,985 INFO    :     删除第3个unit的2个位置上的block，block参数：cardinality:4，group_width:16，hasSENet:False
2021-04-27 21:14:34,054 INFO    : 个体off_spring_0206的适应度NTK为：11.36
2021-04-27 21:14:52,224 INFO    : 个体off_spring_0209的适应度NTK为：6.519
2021-04-27 21:15:03,309 INFO    : 个体off_spring_0211的适应度NTK为：9.846
2021-04-27 21:15:03,310 INFO    : ******************************当前种群位于第3代进化******************************
2021-04-27 21:15:05,088 INFO    : 个体off_spring_0306开始变异
2021-04-27 21:15:05,088 INFO    : 进行remove变异:
2021-04-27 21:15:05,089 INFO    :     删除第3个unit的4个位置上的block，block参数：cardinality:8，group_width:4，hasSENet:True
2021-04-27 21:15:05,089 INFO    :     删除最后一个位置，修改out_channel:128
2021-04-27 21:15:05,089 INFO    :     修改下一个unit的in_channel:128
2021-04-27 21:15:05,089 INFO    : 个体off_spring_0313开始变异
2021-04-27 21:15:05,089 INFO    : 进行alter变异:
2021-04-27 21:15:05,089 INFO    :     修改第2个unit的2个位置上的block，block参数：cardinality:4，group_width:16，hasSENet:False
2021-04-27 21:15:05,089 INFO    : 个体off_spring_0326开始变异
2021-04-27 21:15:05,089 INFO    : 进行remove变异:
2021-04-27 21:15:05,089 INFO    :     删除第5个unit的4个位置上的block，block参数：cardinality:16，group_width:4，hasSENet:True
2021-04-27 21:15:05,089 INFO    :     删除最后一个位置，修改out_channel:512
2021-04-27 21:15:17,168 INFO    : 个体off_spring_0306的适应度NTK为：10.545
2021-04-27 21:15:29,198 INFO    : 个体off_spring_0313的适应度NTK为：8.251
2021-04-27 21:15:46,863 INFO    : 个体off_spring_0326的适应度NTK为：11.682
2021-04-27 21:15:46,865 INFO    : ******************************当前种群位于第4代进化******************************
2021-04-27 21:15:48,646 INFO    : 个体off_spring_0405开始变异
2021-04-27 21:15:48,647 INFO    : 进行alter变异:
2021-04-27 21:15:48,647 INFO    :     修改第3个unit的1个位置上的block，block参数：cardinality:16，group_width:64，hasSENet:False
2021-04-27 21:15:48,647 INFO    : 个体off_spring_0417开始变异
2021-04-27 21:15:48,647 INFO    : 进行add变异:
2021-04-27 21:15:48,647 INFO    :     在第3个unit的4个位置添加一个block，block参数：cardinality:64，group_width:4，hasSENet:True
2021-04-27 21:15:48,647 INFO    :     添加到最后一个位置，修改out_channel:512
2021-04-27 21:15:48,647 INFO    :     修改下一个unit的in_channel:512
2021-04-27 21:15:48,647 INFO    : 个体off_spring_0424开始变异
2021-04-27 21:15:48,647 INFO    : 进行add变异:
2021-04-27 21:15:48,647 INFO    :     在第3个unit的1个位置添加一个block，block参数：cardinality:8，group_width:32，hasSENet:False
2021-04-27 21:16:24,784 INFO    : 个体off_spring_0405的适应度NTK为：6.198
2021-04-27 21:16:39,077 INFO    : 个体off_spring_0417的适应度NTK为：7.038
2021-04-27 21:16:52,655 INFO    : 个体off_spring_0424的适应度NTK为：7.356
2021-04-27 21:16:52,657 INFO    : ******************************当前种群位于第5代进化******************************
2021-04-27 21:16:54,402 INFO    : 个体off_spring_0502开始变异
2021-04-27 21:16:54,402 INFO    : 进行remove变异:
2021-04-27 21:16:54,402 INFO    :     删除第4个unit的1个位置上的block，block参数：cardinality:4，group_width:8，hasSENet:True
2021-04-27 21:16:54,402 INFO    : 个体off_spring_0515开始变异
2021-04-27 21:16:54,402 INFO    : 进行remove变异:
2021-04-27 21:16:54,402 INFO    :     删除第3个unit的3个位置上的block，block参数：cardinality:8，group_width:8，hasSENet:False
2021-04-27 21:16:54,402 INFO    : 个体off_spring_0526开始变异
2021-04-27 21:16:54,402 INFO    : 进行remove变异:
2021-04-27 21:16:54,402 INFO    :     删除第3个unit的4个位置上的block，block参数：cardinality:16，group_width:2，hasSENet:True
2021-04-27 21:16:54,402 INFO    :     删除最后一个位置，修改out_channel:512
2021-04-27 21:16:54,402 INFO    :     修改下一个unit的in_channel:512
2021-04-27 21:17:08,658 INFO    : 个体off_spring_0502的适应度NTK为：5.05
2021-04-27 21:17:22,170 INFO    : 个体off_spring_0515的适应度NTK为：21.585
2021-04-27 21:17:37,680 INFO    : 个体off_spring_0526的适应度NTK为：11.815
2021-04-27 21:17:37,682 INFO    : ******************************当前种群位于第6代进化******************************
2021-04-27 21:17:39,470 INFO    : 个体off_spring_0603开始变异
2021-04-27 21:17:39,470 INFO    : 进行remove变异:
2021-04-27 21:17:39,470 INFO    :     删除第4个unit的2个位置上的block，block参数：cardinality:16，group_width:4，hasSENet:False
2021-04-27 21:17:39,470 INFO    : 个体off_spring_0610开始变异
2021-04-27 21:17:39,470 INFO    : 进行remove变异:
2021-04-27 21:17:39,470 INFO    :     删除第3个unit的3个位置上的block，block参数：cardinality:16，group_width:8，hasSENet:False
2021-04-27 21:17:39,470 INFO    : 个体off_spring_0613开始变异
2021-04-27 21:17:39,471 INFO    : 进行remove变异:
2021-04-27 21:17:39,471 INFO    :     删除第3个unit的1个位置上的block，block参数：cardinality:16，group_width:2，hasSENet:False
2021-04-27 21:17:53,733 INFO    : 个体off_spring_0603的适应度NTK为：6.822
2021-04-27 21:18:04,141 INFO    : 个体off_spring_0610的适应度NTK为：11.097
2021-04-27 21:18:24,308 INFO    : 个体off_spring_0613的适应度NTK为：5.858
2021-04-27 21:18:24,310 INFO    : ******************************当前种群位于第7代进化******************************
2021-04-27 21:18:26,049 INFO    : 个体off_spring_0705开始变异
2021-04-27 21:18:26,049 INFO    : 进行alter变异:
2021-04-27 21:18:26,049 INFO    :     修改第4个unit的1个位置上的block，block参数：cardinality:8，group_width:8，hasSENet:True
2021-04-27 21:18:26,049 INFO    : 个体off_spring_0709开始变异
2021-04-27 21:18:26,050 INFO    : 进行add变异:
2021-04-27 21:18:26,050 INFO    :     在第2个unit的4个位置添加一个block，block参数：cardinality:16，group_width:2，hasSENet:False
2021-04-27 21:18:26,050 INFO    :     添加到最后一个位置，修改out_channel:64
2021-04-27 21:18:26,050 INFO    :     修改下一个unit的in_channel:64
2021-04-27 21:18:26,050 INFO    : 个体off_spring_0713开始变异
2021-04-27 21:18:26,050 INFO    : 进行alter变异:
2021-04-27 21:18:26,050 INFO    :     修改第2个unit的2个位置上的block，block参数：cardinality:16，group_width:4，hasSENet:True
2021-04-27 21:18:46,806 INFO    : 个体off_spring_0705的适应度NTK为：14.274
2021-04-27 21:18:59,757 INFO    : 个体off_spring_0709的适应度NTK为：10.471
2021-04-27 21:19:13,905 INFO    : 个体off_spring_0713的适应度NTK为：6.329
2021-04-27 21:19:13,908 INFO    : ******************************当前种群位于第8代进化******************************
2021-04-27 21:19:15,718 INFO    : 个体off_spring_0809开始变异
2021-04-27 21:19:15,718 INFO    : 进行alter变异:
2021-04-27 21:19:15,718 INFO    :     修改第2个unit的2个位置上的block，block参数：cardinality:8，group_width:64，hasSENet:True
2021-04-27 21:19:15,718 INFO    : 个体off_spring_0818开始变异
2021-04-27 21:19:15,718 INFO    : 进行add变异:
2021-04-27 21:19:15,719 INFO    :     在第4个unit的1个位置添加一个block，block参数：cardinality:16，group_width:8，hasSENet:True
2021-04-27 21:19:15,719 INFO    : 个体off_spring_0823开始变异
2021-04-27 21:19:15,719 INFO    : 进行remove变异:
2021-04-27 21:19:15,719 INFO    :     删除第3个unit的4个位置上的block，block参数：cardinality:4，group_width:8，hasSENet:True
2021-04-27 21:19:15,719 INFO    :     删除最后一个位置，修改out_channel:128
2021-04-27 21:19:46,364 INFO    : 个体off_spring_0809的适应度NTK为：7.922
2021-04-27 21:19:58,698 INFO    : 个体off_spring_0818的适应度NTK为：7.668
2021-04-27 21:20:08,794 INFO    : 个体off_spring_0823的适应度NTK为：8.204
2021-04-27 21:20:08,796 INFO    : ******************************当前种群位于第9代进化******************************
2021-04-27 21:20:10,607 INFO    : 个体off_spring_0901开始变异
2021-04-27 21:20:10,607 INFO    : 进行add变异:
2021-04-27 21:20:10,608 INFO    :     在第2个unit的4个位置添加一个block，block参数：cardinality:32，group_width:8，hasSENet:True
2021-04-27 21:20:10,608 INFO    :     添加到最后一个位置，修改out_channel:512
2021-04-27 21:20:10,608 INFO    :     修改下一个unit的in_channel:512
2021-04-27 21:20:10,608 INFO    : 个体off_spring_0909开始变异
2021-04-27 21:20:10,608 INFO    : 进行add变异:
2021-04-27 21:20:10,608 INFO    :     在第2个unit的1个位置添加一个block，block参数：cardinality:32，group_width:2，hasSENet:True
2021-04-27 21:20:10,608 INFO    : 个体off_spring_0926开始变异
2021-04-27 21:20:10,608 INFO    : 进行add变异:
2021-04-27 21:20:10,608 INFO    :     在第3个unit的4个位置添加一个block，block参数：cardinality:8，group_width:16，hasSENet:False
2021-04-27 21:20:10,608 INFO    :     添加到最后一个位置，修改out_channel:256
2021-04-27 21:20:10,608 INFO    :     修改下一个unit的in_channel:256
2021-04-27 21:20:28,421 INFO    : 个体off_spring_0901的适应度NTK为：10.496
2021-04-27 21:20:49,768 INFO    : 个体off_spring_0909的适应度NTK为：7.013
2021-04-27 21:21:03,048 INFO    : 个体off_spring_0926的适应度NTK为：11.103
2021-04-27 21:21:03,050 INFO    : ******************************当前种群位于第10代进化******************************
2021-04-27 21:21:04,815 INFO    : 个体off_spring_1004开始变异
2021-04-27 21:21:04,815 INFO    : 进行alter变异:
2021-04-27 21:21:04,815 INFO    :     修改第4个unit的2个位置上的block，block参数：cardinality:16，group_width:2，hasSENet:True
2021-04-27 21:21:04,815 INFO    : 个体off_spring_1008开始变异
2021-04-27 21:21:04,815 INFO    : 进行remove变异:
2021-04-27 21:21:04,815 INFO    :     删除第3个unit的2个位置上的block，block参数：cardinality:8，group_width:8，hasSENet:True
2021-04-27 21:21:04,815 INFO    : 个体off_spring_1009开始变异
2021-04-27 21:21:04,816 INFO    : 进行remove变异:
2021-04-27 21:21:04,816 INFO    :     删除第4个unit的1个位置上的block，block参数：cardinality:8，group_width:16，hasSENet:False
2021-04-27 21:21:06,104 INFO    : 个体0112开始训练
2021-04-27 21:21:17,720 INFO    : 个体off_spring_1004的适应度NTK为：6.348
2021-04-27 21:21:31,853 INFO    : 个体off_spring_1008的适应度NTK为：7.552
2021-04-27 21:21:50,564 INFO    : 个体off_spring_1009的适应度NTK为：7.293
2021-04-27 21:21:50,566 INFO    : ******************************当前种群位于第11代进化******************************
2021-04-27 21:21:52,395 INFO    : 个体off_spring_1103开始变异
2021-04-27 21:21:52,395 INFO    : 进行alter变异:
2021-04-27 21:21:52,396 INFO    :     修改第3个unit的2个位置上的block，block参数：cardinality:16，group_width:4，hasSENet:False
2021-04-27 21:21:52,396 INFO    : 个体off_spring_1118开始变异
2021-04-27 21:21:52,396 INFO    : 进行remove变异:
2021-04-27 21:21:52,396 INFO    :     删除第2个unit的3个位置上的block，block参数：cardinality:8，group_width:4，hasSENet:False
2021-04-27 21:21:52,396 INFO    : 个体off_spring_1124开始变异
2021-04-27 21:21:52,396 INFO    : 进行remove变异:
2021-04-27 21:21:52,396 INFO    :     删除第2个unit的4个位置上的block，block参数：cardinality:8，group_width:16，hasSENet:False
2021-04-27 21:21:52,396 INFO    :     删除最后一个位置，修改out_channel:512
2021-04-27 21:21:52,396 INFO    :     修改下一个unit的in_channel:512
2021-04-27 21:22:07,430 INFO    : 个体off_spring_1103的适应度NTK为：6.463
2021-04-27 21:22:26,773 INFO    : 个体off_spring_1118的适应度NTK为：5.712
2021-04-27 21:22:40,579 INFO    : 个体off_spring_1124的适应度NTK为：7.26
2021-04-27 21:22:40,581 INFO    : ******************************当前种群位于第12代进化******************************
2021-04-27 21:22:42,376 INFO    : 个体off_spring_1207开始变异
2021-04-27 21:22:42,377 INFO    : 进行add变异:
2021-04-27 21:22:42,377 INFO    :     在第5个unit的4个位置添加一个block，block参数：cardinality:2，group_width:32，hasSENet:True
2021-04-27 21:22:42,377 INFO    :     添加到最后一个位置，修改out_channel:128
2021-04-27 21:22:42,377 INFO    : 个体off_spring_1213开始变异
2021-04-27 21:22:42,377 INFO    : 进行alter变异:
2021-04-27 21:22:42,377 INFO    :     修改第3个unit的2个位置上的block，block参数：cardinality:8，group_width:8，hasSENet:False
2021-04-27 21:22:42,377 INFO    : 个体off_spring_1221开始变异
2021-04-27 21:22:42,377 INFO    : 进行add变异:
2021-04-27 21:22:42,377 INFO    :     在第3个unit的3个位置添加一个block，block参数：cardinality:32，group_width:32，hasSENet:True
2021-04-27 21:22:59,240 INFO    : 个体off_spring_1207的适应度NTK为：7.744
2021-04-27 21:23:11,448 INFO    : 个体off_spring_1213的适应度NTK为：7.174
2021-04-27 21:23:27,548 INFO    : 个体off_spring_1221的适应度NTK为：7.996
2021-04-27 21:23:27,550 INFO    : ******************************当前种群位于第13代进化******************************
2021-04-27 21:23:29,343 INFO    : 个体off_spring_1316开始变异
2021-04-27 21:23:29,343 INFO    : 进行alter变异:
2021-04-27 21:23:29,343 INFO    :     修改第2个unit的4个位置上的block，block参数：cardinality:4，group_width:32，hasSENet:False
2021-04-27 21:23:29,343 INFO    :     修改最后一个位置，修改out_channel:256
2021-04-27 21:23:29,343 INFO    :     修改下一个unit的in_channel:256
2021-04-27 21:23:29,343 INFO    : 个体off_spring_1326开始变异
2021-04-27 21:23:29,343 INFO    : 进行alter变异:
2021-04-27 21:23:29,343 INFO    :     修改第4个unit的3个位置上的block，block参数：cardinality:16，group_width:32，hasSENet:False
2021-04-27 21:23:29,343 INFO    :     修改最后一个位置，修改out_channel:1024
2021-04-27 21:23:29,344 INFO    : 个体off_spring_1328开始变异
2021-04-27 21:23:29,344 INFO    : 进行add变异:
2021-04-27 21:23:29,344 INFO    :     在第3个unit的4个位置添加一个block，block参数：cardinality:4，group_width:64，hasSENet:False
2021-04-27 21:23:29,344 INFO    :     添加到最后一个位置，修改out_channel:512
2021-04-27 21:23:29,344 INFO    :     修改下一个unit的in_channel:512
2021-04-27 21:23:40,665 INFO    : 个体off_spring_1316的适应度NTK为：4.979
2021-04-27 21:23:54,997 INFO    : 个体off_spring_1326的适应度NTK为：6.568
2021-04-27 21:24:09,480 INFO    : 个体off_spring_1328的适应度NTK为：6.028
2021-04-27 21:24:09,482 INFO    : ******************************当前种群位于第14代进化******************************
2021-04-27 21:24:11,312 INFO    : 个体off_spring_1406开始变异
2021-04-27 21:24:11,312 INFO    : 进行add变异:
2021-04-27 21:24:11,312 INFO    :     在第3个unit的4个位置添加一个block，block参数：cardinality:8，group_width:64，hasSENet:False
2021-04-27 21:24:11,313 INFO    :     添加到最后一个位置，修改out_channel:1024
2021-04-27 21:24:11,313 INFO    :     修改下一个unit的in_channel:1024
2021-04-27 21:24:11,313 INFO    : 个体off_spring_1411开始变异
2021-04-27 21:24:11,313 INFO    : 进行remove变异:
2021-04-27 21:24:11,313 INFO    :     删除第3个unit的2个位置上的block，block参数：cardinality:8，group_width:8，hasSENet:True
2021-04-27 21:24:11,313 INFO    : 个体off_spring_1415开始变异
2021-04-27 21:24:11,313 INFO    : 进行alter变异:
2021-04-27 21:24:11,313 INFO    :     修改第2个unit的4个位置上的block，block参数：cardinality:32，group_width:8，hasSENet:False
2021-04-27 21:24:11,313 INFO    :     修改最后一个位置，修改out_channel:512
2021-04-27 21:24:11,313 INFO    :     修改下一个unit的in_channel:512
2021-04-27 21:24:25,395 INFO    : 个体off_spring_1406的适应度NTK为：4.949
2021-04-27 21:24:39,779 INFO    : 个体off_spring_1411的适应度NTK为：5.205
2021-04-27 21:24:53,960 INFO    : 个体off_spring_1415的适应度NTK为：7.863
2021-04-27 21:24:53,962 INFO    : ******************************当前种群位于第15代进化******************************
2021-04-27 21:24:55,720 INFO    : 个体off_spring_1503开始变异
2021-04-27 21:24:55,720 INFO    : 进行alter变异:
2021-04-27 21:24:55,720 INFO    :     修改第4个unit的3个位置上的block，block参数：cardinality:8，group_width:32，hasSENet:False
2021-04-27 21:24:55,721 INFO    :     修改最后一个位置，修改out_channel:512
2021-04-27 21:24:55,721 INFO    : 个体off_spring_1504开始变异
2021-04-27 21:24:55,721 INFO    : 进行alter变异:
2021-04-27 21:24:55,721 INFO    :     修改第3个unit的1个位置上的block，block参数：cardinality:32，group_width:2，hasSENet:True
2021-04-27 21:24:55,721 INFO    : 个体off_spring_1510开始变异
2021-04-27 21:24:55,721 INFO    : 进行alter变异:
2021-04-27 21:24:55,721 INFO    :     修改第3个unit的1个位置上的block，block参数：cardinality:32，group_width:16，hasSENet:True
2021-04-27 21:25:10,282 INFO    : 个体off_spring_1503的适应度NTK为：17.25
2021-04-27 21:25:24,867 INFO    : 个体off_spring_1504的适应度NTK为：7.1
2021-04-27 21:25:40,969 INFO    : 个体off_spring_1510的适应度NTK为：8.853
2021-04-27 21:25:40,971 INFO    : ******************************当前种群位于第16代进化******************************
2021-04-27 21:25:42,798 INFO    : 个体off_spring_1604开始变异
2021-04-27 21:25:42,799 INFO    : 进行alter变异:
2021-04-27 21:25:42,799 INFO    :     修改第4个unit的4个位置上的block，block参数：cardinality:32，group_width:32，hasSENet:False
2021-04-27 21:25:42,799 INFO    :     修改最后一个位置，修改out_channel:2048
2021-04-27 21:25:42,799 INFO    : 个体off_spring_1605开始变异
2021-04-27 21:25:42,800 INFO    : 进行alter变异:
2021-04-27 21:25:42,800 INFO    :     修改第3个unit的2个位置上的block，block参数：cardinality:16，group_width:64，hasSENet:False
2021-04-27 21:25:58,413 INFO    : 个体off_spring_1604的适应度NTK为：11.224
2021-04-27 21:26:16,363 INFO    : 个体off_spring_1605的适应度NTK为：6.413
2021-04-27 21:26:16,365 INFO    : ******************************当前种群位于第17代进化******************************
2021-04-27 21:26:18,123 INFO    : 个体off_spring_1734开始变异
2021-04-27 21:26:18,123 INFO    : 进行remove变异:
2021-04-27 21:26:18,123 INFO    :     删除第4个unit的2个位置上的block，block参数：cardinality:8，group_width:16，hasSENet:True
2021-04-27 21:26:18,123 INFO    : 个体off_spring_1721开始变异
2021-04-27 21:26:18,123 INFO    : 进行remove变异:
2021-04-27 21:26:18,124 INFO    :     删除第3个unit的3个位置上的block，block参数：cardinality:8，group_width:16，hasSENet:True
2021-04-27 21:26:31,972 INFO    : 个体off_spring_1734的适应度NTK为：6.322
2021-04-27 21:26:45,124 INFO    : 个体off_spring_1721的适应度NTK为：13.057
2021-04-27 21:26:45,126 INFO    : ******************************当前种群位于第18代进化******************************
2021-04-27 21:26:46,978 INFO    : 个体off_spring_1813开始变异
2021-04-27 21:26:46,978 INFO    : 进行add变异:
2021-04-27 21:26:46,979 INFO    :     在第2个unit的2个位置添加一个block，block参数：cardinality:2，group_width:16，hasSENet:False
2021-04-27 21:26:46,979 INFO    : 个体off_spring_1809开始变异
2021-04-27 21:26:46,979 INFO    : 进行remove变异:
2021-04-27 21:26:46,979 INFO    :     删除第2个unit的1个位置上的block，block参数：cardinality:8，group_width:4，hasSENet:False
2021-04-27 21:27:06,790 INFO    : 个体off_spring_1813的适应度NTK为：7.811
2021-04-27 21:27:21,227 INFO    : 个体off_spring_1809的适应度NTK为：8.891
2021-04-27 21:27:21,230 INFO    : ******************************当前种群位于第19代进化******************************
2021-04-27 21:27:23,001 INFO    : 个体off_spring_1934开始变异
2021-04-27 21:27:23,001 INFO    : 进行alter变异:
2021-04-27 21:27:23,001 INFO    :     修改第2个unit的3个位置上的block，block参数：cardinality:4，group_width:64，hasSENet:False
2021-04-27 21:27:23,001 INFO    :     修改最后一个位置，修改out_channel:512
2021-04-27 21:27:23,001 INFO    :     修改下一个unit的in_channel:512
2021-04-27 21:27:23,001 INFO    : 个体off_spring_1918开始变异
2021-04-27 21:27:23,001 INFO    : 进行alter变异:
2021-04-27 21:27:23,001 INFO    :     修改第4个unit的4个位置上的block，block参数：cardinality:32，group_width:16，hasSENet:True
2021-04-27 21:27:23,001 INFO    :     修改最后一个位置，修改out_channel:1024
2021-04-27 21:27:40,587 INFO    : 个体off_spring_1934的适应度NTK为：7.237
2021-04-27 21:27:54,676 INFO    : 个体off_spring_1918的适应度NTK为：11.716
2021-04-27 21:27:54,678 INFO    : ******************************当前种群位于第20代进化******************************
2021-04-27 21:27:56,540 INFO    : 个体off_spring_2012开始变异
2021-04-27 21:27:56,540 INFO    : 进行alter变异:
2021-04-27 21:27:56,541 INFO    :     修改第3个unit的3个位置上的block，block参数：cardinality:16，group_width:8，hasSENet:True
2021-04-27 21:27:56,541 INFO    : 个体off_spring_2036开始变异
2021-04-27 21:27:56,541 INFO    : 进行remove变异:
2021-04-27 21:27:56,541 INFO    :     删除第4个unit的4个位置上的block，block参数：cardinality:8，group_width:8，hasSENet:True
2021-04-27 21:27:56,541 INFO    :     删除最后一个位置，修改out_channel:64
2021-04-27 21:28:08,118 INFO    : 个体off_spring_2012的适应度NTK为：11.218
2021-04-27 21:28:22,190 INFO    : 个体off_spring_2036的适应度NTK为：5.732
2021-04-27 21:28:22,193 INFO    : ******************************当前种群位于第21代进化******************************
2021-04-27 21:28:24,117 INFO    : 个体off_spring_2138开始变异
2021-04-27 21:28:24,117 INFO    : 进行add变异:
2021-04-27 21:28:24,117 INFO    :     在第2个unit的2个位置添加一个block，block参数：cardinality:4，group_width:32，hasSENet:False
2021-04-27 21:28:24,117 INFO    : 个体off_spring_2107开始变异
2021-04-27 21:28:24,117 INFO    : 进行add变异:
2021-04-27 21:28:24,117 INFO    :     在第3个unit的3个位置添加一个block，block参数：cardinality:8，group_width:32，hasSENet:False
2021-04-27 21:28:41,492 INFO    : 个体off_spring_2138的适应度NTK为：6.028
2021-04-27 21:28:55,931 INFO    : 个体off_spring_2107的适应度NTK为：6.783
2021-04-27 21:28:55,934 INFO    : ******************************当前种群位于第22代进化******************************
2021-04-27 21:28:57,713 INFO    : 个体off_spring_2239开始变异
2021-04-27 21:28:57,714 INFO    : 进行remove变异:
2021-04-27 21:28:57,714 INFO    :     删除第3个unit的2个位置上的block，block参数：cardinality:16，group_width:4，hasSENet:False
2021-04-27 21:28:57,714 INFO    : 个体off_spring_2217开始变异
2021-04-27 21:28:57,714 INFO    : 进行remove变异:
2021-04-27 21:28:57,714 INFO    :     删除第4个unit的4个位置上的block，block参数：cardinality:4，group_width:8，hasSENet:False
2021-04-27 21:28:57,714 INFO    :     删除最后一个位置，修改out_channel:64
2021-04-27 21:29:11,805 INFO    : 个体off_spring_2239的适应度NTK为：5.666
2021-04-27 21:29:26,188 INFO    : 个体off_spring_2217的适应度NTK为：11.806
2021-04-27 21:29:26,192 INFO    : ******************************当前种群位于第23代进化******************************
2021-04-27 21:29:27,996 INFO    : 个体off_spring_2316开始变异
2021-04-27 21:29:27,996 INFO    : 进行alter变异:
2021-04-27 21:29:27,996 INFO    :     修改第2个unit的4个位置上的block，block参数：cardinality:4，group_width:16，hasSENet:False
2021-04-27 21:29:27,996 INFO    :     修改最后一个位置，修改out_channel:128
2021-04-27 21:29:27,996 INFO    :     修改下一个unit的in_channel:128
2021-04-27 21:29:27,996 INFO    : 个体off_spring_2332开始变异
2021-04-27 21:29:27,996 INFO    : 进行alter变异:
2021-04-27 21:29:27,996 INFO    :     修改第2个unit的2个位置上的block，block参数：cardinality:2，group_width:32，hasSENet:False
2021-04-27 21:29:42,395 INFO    : 个体off_spring_2316的适应度NTK为：6.132
2021-04-27 21:30:02,495 INFO    : 个体off_spring_2332的适应度NTK为：6.781
2021-04-27 21:30:02,498 INFO    : ******************************当前种群位于第24代进化******************************
2021-04-27 21:30:04,458 INFO    : 个体off_spring_2420开始变异
2021-04-27 21:30:04,458 INFO    : 进行alter变异:
2021-04-27 21:30:04,459 INFO    :     修改第3个unit的3个位置上的block，block参数：cardinality:64，group_width:2，hasSENet:False
2021-04-27 21:30:04,459 INFO    : 个体off_spring_2413开始变异
2021-04-27 21:30:04,459 INFO    : 进行add变异:
2021-04-27 21:30:04,459 INFO    :     在第4个unit的3个位置添加一个block，block参数：cardinality:4，group_width:32，hasSENet:False
2021-04-27 21:30:16,321 INFO    : 个体off_spring_2420的适应度NTK为：5.727
2021-04-27 21:30:30,129 INFO    : 个体off_spring_2413的适应度NTK为：9.292
2021-04-27 21:30:30,131 INFO    : ******************************当前种群位于第25代进化******************************
2021-04-27 21:30:32,036 INFO    : 个体off_spring_2521开始变异
2021-04-27 21:30:32,036 INFO    : 进行alter变异:
2021-04-27 21:30:32,036 INFO    :     修改第4个unit的2个位置上的block，block参数：cardinality:16，group_width:16，hasSENet:True
2021-04-27 21:30:32,037 INFO    : 个体off_spring_2518开始变异
2021-04-27 21:30:32,037 INFO    : 进行alter变异:
2021-04-27 21:30:32,037 INFO    :     修改第3个unit的1个位置上的block，block参数：cardinality:4，group_width:32，hasSENet:True
2021-04-27 21:30:46,704 INFO    : 个体off_spring_2521的适应度NTK为：12.967
2021-04-27 21:31:04,682 INFO    : 个体off_spring_2518的适应度NTK为：5.345
2021-04-27 21:31:04,685 INFO    : ******************************当前种群位于第26代进化******************************
2021-04-27 21:31:06,584 INFO    : 个体off_spring_2623开始变异
2021-04-27 21:31:06,584 INFO    : 进行remove变异:
2021-04-27 21:31:06,584 INFO    :     删除第4个unit的1个位置上的block，block参数：cardinality:8，group_width:8，hasSENet:True
2021-04-27 21:31:06,584 INFO    : 个体off_spring_2602开始变异
2021-04-27 21:31:06,584 INFO    : 进行alter变异:
2021-04-27 21:31:06,585 INFO    :     修改第2个unit的3个位置上的block，block参数：cardinality:32，group_width:4，hasSENet:False
2021-04-27 21:31:20,208 INFO    : 个体off_spring_2623的适应度NTK为：7.799
2021-04-27 21:31:39,011 INFO    : 个体off_spring_2602的适应度NTK为：5.69
2021-04-27 21:31:39,013 INFO    : ******************************当前种群位于第27代进化******************************
2021-04-27 21:31:40,911 INFO    : 个体off_spring_2732开始变异
2021-04-27 21:31:40,911 INFO    : 进行alter变异:
2021-04-27 21:31:40,911 INFO    :     修改第2个unit的2个位置上的block，block参数：cardinality:16，group_width:16，hasSENet:True
2021-04-27 21:31:40,911 INFO    : 个体off_spring_2717开始变异
2021-04-27 21:31:40,911 INFO    : 进行remove变异:
2021-04-27 21:31:40,911 INFO    :     删除第5个unit的1个位置上的block，block参数：cardinality:4，group_width:8，hasSENet:False
2021-04-27 21:31:57,328 INFO    : 个体off_spring_2732的适应度NTK为：6.872
2021-04-27 21:32:15,689 INFO    : 个体off_spring_2717的适应度NTK为：6.274
2021-04-27 21:32:15,692 INFO    : ******************************当前种群位于第28代进化******************************
2021-04-27 21:32:17,630 INFO    : 个体off_spring_2807开始变异
2021-04-27 21:32:17,631 INFO    : 进行alter变异:
2021-04-27 21:32:17,631 INFO    :     修改第3个unit的3个位置上的block，block参数：cardinality:32，group_width:4，hasSENet:True
2021-04-27 21:32:17,631 INFO    : 个体off_spring_2814开始变异
2021-04-27 21:32:17,631 INFO    : 进行alter变异:
2021-04-27 21:32:17,631 INFO    :     修改第4个unit的2个位置上的block，block参数：cardinality:32，group_width:4，hasSENet:False
2021-04-27 21:32:29,729 INFO    : 个体off_spring_2807的适应度NTK为：9.017
2021-04-27 21:32:44,104 INFO    : 个体off_spring_2814的适应度NTK为：11.796
2021-04-27 21:32:44,107 INFO    : ******************************当前种群位于第29代进化******************************
2021-04-27 21:32:45,962 INFO    : 个体off_spring_2938开始变异
2021-04-27 21:32:45,962 INFO    : 进行alter变异:
2021-04-27 21:32:45,962 INFO    :     修改第2个unit的1个位置上的block，block参数：cardinality:4，group_width:64，hasSENet:True
2021-04-27 21:32:45,962 INFO    : 个体off_spring_2932开始变异
2021-04-27 21:32:45,962 INFO    : 进行add变异:
2021-04-27 21:32:45,962 INFO    :     在第4个unit的3个位置添加一个block，block参数：cardinality:4，group_width:32，hasSENet:True
2021-04-27 21:33:00,953 INFO    : 个体off_spring_2938的适应度NTK为：6.399
2021-04-27 21:33:15,798 INFO    : 个体off_spring_2932的适应度NTK为：7.892
2021-04-27 21:33:15,801 INFO    : ******************************当前种群位于第30代进化******************************
2021-04-27 21:33:17,709 INFO    : 个体off_spring_3032开始变异
2021-04-27 21:33:17,709 INFO    : 进行remove变异:
2021-04-27 21:33:17,712 INFO    :     删除第3个unit的4个位置上的block，block参数：cardinality:4，group_width:8，hasSENet:False
2021-04-27 21:33:17,712 INFO    :     删除最后一个位置，修改out_channel:256
2021-04-27 21:33:17,712 INFO    : 个体off_spring_3011开始变异
2021-04-27 21:33:17,712 INFO    : 进行alter变异:
2021-04-27 21:33:17,712 INFO    :     修改第2个unit的3个位置上的block，block参数：cardinality:16，group_width:8，hasSENet:False
2021-04-27 21:33:28,400 INFO    : 个体off_spring_3032的适应度NTK为：13.631
2021-04-27 21:33:40,587 INFO    : 个体off_spring_3011的适应度NTK为：7.706
2021-04-27 21:33:40,590 INFO    : ******************************当前种群位于第31代进化******************************
2021-04-27 21:33:42,381 INFO    : 个体off_spring_3133开始变异
2021-04-27 21:33:42,382 INFO    : 进行alter变异:
2021-04-27 21:33:42,382 INFO    :     修改第2个unit的3个位置上的block，block参数：cardinality:32，group_width:4，hasSENet:True
2021-04-27 21:33:42,382 INFO    : 个体off_spring_3119开始变异
2021-04-27 21:33:42,382 INFO    : 进行remove变异:
2021-04-27 21:33:42,382 INFO    :     删除第2个unit的2个位置上的block，block参数：cardinality:4，group_width:32，hasSENet:False
2021-04-27 21:33:42,382 INFO    : 个体off_spring_3104开始变异
2021-04-27 21:33:42,382 INFO    : 进行alter变异:
2021-04-27 21:33:42,382 INFO    :     修改第3个unit的2个位置上的block，block参数：cardinality:16，group_width:16，hasSENet:True
2021-04-27 21:33:56,093 INFO    : 个体off_spring_3133的适应度NTK为：8.124
2021-04-27 21:34:11,040 INFO    : 个体off_spring_3119的适应度NTK为：5.563
2021-04-27 21:34:26,019 INFO    : 个体off_spring_3104的适应度NTK为：6.895
2021-04-27 21:34:26,021 INFO    : ******************************当前种群位于第32代进化******************************
2021-04-27 21:34:27,782 INFO    : 个体off_spring_3204开始变异
2021-04-27 21:34:27,783 INFO    : 进行alter变异:
2021-04-27 21:34:27,783 INFO    :     修改第4个unit的2个位置上的block，block参数：cardinality:64，group_width:8，hasSENet:False
2021-04-27 21:34:27,783 INFO    : 个体off_spring_3207开始变异
2021-04-27 21:34:27,783 INFO    : 进行remove变异:
2021-04-27 21:34:27,783 INFO    :     删除第4个unit的2个位置上的block，block参数：cardinality:8，group_width:16，hasSENet:False
2021-04-27 21:34:27,783 INFO    : 个体off_spring_3220开始变异
2021-04-27 21:34:27,783 INFO    : 进行remove变异:
2021-04-27 21:34:27,783 INFO    :     删除第2个unit的1个位置上的block，block参数：cardinality:8，group_width:8，hasSENet:True
2021-04-27 21:34:47,027 INFO    : 个体off_spring_3204的适应度NTK为：6.788
2021-04-27 21:35:05,251 INFO    : 个体off_spring_3207的适应度NTK为：4.741
2021-04-27 21:35:22,172 INFO    : 个体off_spring_3220的适应度NTK为：8.228
2021-04-27 21:35:22,174 INFO    : ******************************当前种群位于第33代进化******************************
2021-04-27 21:35:24,167 INFO    : 个体off_spring_3301开始变异
2021-04-27 21:35:24,168 INFO    : 进行remove变异:
2021-04-27 21:35:24,168 INFO    :     删除第2个unit的1个位置上的block，block参数：cardinality:8，group_width:16，hasSENet:False
2021-04-27 21:35:24,168 INFO    : 个体off_spring_3307开始变异
2021-04-27 21:35:24,168 INFO    : 进行add变异:
2021-04-27 21:35:24,168 INFO    :     在第3个unit的2个位置添加一个block，block参数：cardinality:8，group_width:16，hasSENet:True
2021-04-27 21:35:24,168 INFO    : 个体off_spring_3308开始变异
2021-04-27 21:35:24,168 INFO    : 进行remove变异:
2021-04-27 21:35:24,168 INFO    :     删除第2个unit的3个位置上的block，block参数：cardinality:32，group_width:4，hasSENet:False
2021-04-27 21:35:42,227 INFO    : 个体off_spring_3301的适应度NTK为：8.923
2021-04-27 21:35:56,762 INFO    : 个体off_spring_3307的适应度NTK为：6.517
2021-04-27 21:36:14,869 INFO    : 个体off_spring_3308的适应度NTK为：5.193
2021-04-27 21:36:14,872 INFO    : ******************************当前种群位于第34代进化******************************
2021-04-27 21:36:16,701 INFO    : 个体off_spring_3407开始变异
2021-04-27 21:36:16,701 INFO    : 进行remove变异:
2021-04-27 21:36:16,701 INFO    :     删除第3个unit的1个位置上的block，block参数：cardinality:2，group_width:16，hasSENet:True
2021-04-27 21:36:16,701 INFO    : 个体off_spring_3411开始变异
2021-04-27 21:36:16,701 INFO    : 进行remove变异:
2021-04-27 21:36:16,701 INFO    :     删除第3个unit的4个位置上的block，block参数：cardinality:4，group_width:8，hasSENet:False
2021-04-27 21:36:16,701 INFO    :     删除最后一个位置，修改out_channel:256
2021-04-27 21:36:16,701 INFO    : 个体off_spring_3417开始变异
2021-04-27 21:36:16,701 INFO    : 进行alter变异:
2021-04-27 21:36:16,702 INFO    :     修改第3个unit的2个位置上的block，block参数：cardinality:16，group_width:2，hasSENet:False
2021-04-27 21:36:31,484 INFO    : 个体off_spring_3407的适应度NTK为：8.577
2021-04-27 21:36:42,616 INFO    : 个体off_spring_3411的适应度NTK为：21.419
2021-04-27 21:36:56,216 INFO    : 个体off_spring_3417的适应度NTK为：11.036
2021-04-27 21:36:56,221 INFO    : ******************************当前种群位于第35代进化******************************
2021-04-27 21:36:58,030 INFO    : 个体off_spring_3507开始变异
2021-04-27 21:36:58,030 INFO    : 进行remove变异:
2021-04-27 21:36:58,030 INFO    :     删除第4个unit的3个位置上的block，block参数：cardinality:8，group_width:4，hasSENet:True
2021-04-27 21:36:58,030 INFO    : 个体off_spring_3510开始变异
2021-04-27 21:36:58,031 INFO    : 进行remove变异:
2021-04-27 21:36:58,031 INFO    :     删除第4个unit的1个位置上的block，block参数：cardinality:8，group_width:16，hasSENet:False
2021-04-27 21:36:58,031 INFO    : 个体off_spring_3511开始变异
2021-04-27 21:36:58,031 INFO    : 进行alter变异:
2021-04-27 21:36:58,031 INFO    :     修改第2个unit的3个位置上的block，block参数：cardinality:4，group_width:8，hasSENet:True
2021-04-27 21:37:12,321 INFO    : 个体off_spring_3507的适应度NTK为：10.722
2021-04-27 21:37:31,408 INFO    : 个体off_spring_3510的适应度NTK为：5.311
2021-04-27 21:37:44,019 INFO    : 个体off_spring_3511的适应度NTK为：5.43
2021-04-27 21:37:44,021 INFO    : ******************************当前种群位于第36代进化******************************
2021-04-27 21:37:45,910 INFO    : 个体off_spring_3603开始变异
2021-04-27 21:37:45,910 INFO    : 进行alter变异:
2021-04-27 21:37:45,910 INFO    :     修改第3个unit的3个位置上的block，block参数：cardinality:16，group_width:64，hasSENet:True
2021-04-27 21:37:45,911 INFO    : 个体off_spring_3613开始变异
2021-04-27 21:37:45,911 INFO    : 进行remove变异:
2021-04-27 21:37:45,911 INFO    :     删除第3个unit的2个位置上的block，block参数：cardinality:8，group_width:4，hasSENet:True
2021-04-27 21:37:45,911 INFO    : 个体off_spring_3619开始变异
2021-04-27 21:37:45,911 INFO    : 进行alter变异:
2021-04-27 21:37:45,911 INFO    :     修改第4个unit的1个位置上的block，block参数：cardinality:16，group_width:16，hasSENet:True
2021-04-27 21:37:59,611 INFO    : 个体off_spring_3603的适应度NTK为：11.812
2021-04-27 21:38:10,711 INFO    : 个体off_spring_3613的适应度NTK为：6.473
2021-04-27 21:38:25,069 INFO    : 个体off_spring_3619的适应度NTK为：13.107
2021-04-27 21:38:25,071 INFO    : ******************************当前种群位于第37代进化******************************
2021-04-27 21:38:27,083 INFO    : 个体off_spring_3709开始变异
2021-04-27 21:38:27,083 INFO    : 进行remove变异:
2021-04-27 21:38:27,083 INFO    :     删除第4个unit的4个位置上的block，block参数：cardinality:8，group_width:8，hasSENet:True
2021-04-27 21:38:27,083 INFO    :     删除最后一个位置，修改out_channel:64
2021-04-27 21:38:27,083 INFO    : 个体off_spring_3720开始变异
2021-04-27 21:38:27,083 INFO    : 进行add变异:
2021-04-27 21:38:27,083 INFO    :     在第3个unit的3个位置添加一个block，block参数：cardinality:64，group_width:4，hasSENet:False
2021-04-27 21:38:27,084 INFO    : 个体off_spring_3722开始变异
2021-04-27 21:38:27,084 INFO    : 进行add变异:
2021-04-27 21:38:27,084 INFO    :     在第2个unit的1个位置添加一个block，block参数：cardinality:32，group_width:2，hasSENet:True
2021-04-27 21:38:41,403 INFO    : 个体off_spring_3709的适应度NTK为：5.744
2021-04-27 21:38:57,829 INFO    : 个体off_spring_3720的适应度NTK为：6.913
2021-04-27 21:39:14,410 INFO    : 个体off_spring_3722的适应度NTK为：7.662
2021-04-27 21:39:14,413 INFO    : ******************************当前种群位于第38代进化******************************
2021-04-27 21:39:16,309 INFO    : 个体off_spring_3803开始变异
2021-04-27 21:39:16,309 INFO    : 进行alter变异:
2021-04-27 21:39:16,309 INFO    :     修改第3个unit的4个位置上的block，block参数：cardinality:8，group_width:4，hasSENet:False
2021-04-27 21:39:16,309 INFO    :     修改最后一个位置，修改out_channel:64
2021-04-27 21:39:16,309 INFO    : 个体off_spring_3824开始变异
2021-04-27 21:39:16,309 INFO    : 进行add变异:
2021-04-27 21:39:16,309 INFO    :     在第3个unit的4个位置添加一个block，block参数：cardinality:32，group_width:2，hasSENet:False
2021-04-27 21:39:16,309 INFO    :     添加到最后一个位置，修改out_channel:128
2021-04-27 21:39:16,309 INFO    : 个体off_spring_3825开始变异
2021-04-27 21:39:16,309 INFO    : 进行alter变异:
2021-04-27 21:39:16,309 INFO    :     修改第2个unit的2个位置上的block，block参数：cardinality:64，group_width:2，hasSENet:True
2021-04-27 21:39:28,532 INFO    : 个体off_spring_3803的适应度NTK为：3.409
2021-04-27 21:39:40,718 INFO    : 个体off_spring_3824的适应度NTK为：8.454
2021-04-27 21:39:56,406 INFO    : 个体off_spring_3825的适应度NTK为：6.592
2021-04-27 21:39:56,408 INFO    : ******************************当前种群位于第39代进化******************************
2021-04-27 21:39:58,212 INFO    : 个体off_spring_3903开始变异
2021-04-27 21:39:58,212 INFO    : 进行remove变异:
2021-04-27 21:39:58,212 INFO    :     删除第2个unit的4个位置上的block，block参数：cardinality:16，group_width:4，hasSENet:False
2021-04-27 21:39:58,212 INFO    :     删除最后一个位置，修改out_channel:128
2021-04-27 21:39:58,212 INFO    :     修改下一个unit的in_channel:128
2021-04-27 21:39:58,212 INFO    : 个体off_spring_3910开始变异
2021-04-27 21:39:58,212 INFO    : 进行remove变异:
2021-04-27 21:39:58,213 INFO    :     删除第3个unit的1个位置上的block，block参数：cardinality:2，group_width:16，hasSENet:True
2021-04-27 21:39:58,213 INFO    : 个体off_spring_3923开始变异
2021-04-27 21:39:58,213 INFO    : 进行alter变异:
2021-04-27 21:39:58,213 INFO    :     修改第3个unit的4个位置上的block，block参数：cardinality:64，group_width:2，hasSENet:True
2021-04-27 21:39:58,213 INFO    :     修改最后一个位置，修改out_channel:256
2021-04-27 21:39:58,213 INFO    :     修改下一个unit的in_channel:256
2021-04-27 21:40:12,827 INFO    : 个体off_spring_3903的适应度NTK为：6.625
2021-04-27 21:40:28,257 INFO    : 个体off_spring_3910的适应度NTK为：8.904
2021-04-27 21:40:47,366 INFO    : 个体off_spring_3923的适应度NTK为：7.158
2021-04-27 21:40:47,368 INFO    : ******************************当前种群位于第40代进化******************************
2021-04-27 21:40:49,183 INFO    : 个体off_spring_4012开始变异
2021-04-27 21:40:49,184 INFO    : 进行alter变异:
2021-04-27 21:40:49,184 INFO    :     修改第3个unit的1个位置上的block，block参数：cardinality:4，group_width:8，hasSENet:True
2021-04-27 21:40:49,184 INFO    : 个体off_spring_4019开始变异
2021-04-27 21:40:49,184 INFO    : 进行alter变异:
2021-04-27 21:40:49,184 INFO    :     修改第4个unit的4个位置上的block，block参数：cardinality:4，group_width:32，hasSENet:False
2021-04-27 21:40:49,184 INFO    :     修改最后一个位置，修改out_channel:256
2021-04-27 21:40:49,184 INFO    : 个体off_spring_4029开始变异
2021-04-27 21:40:49,184 INFO    : 进行add变异:
2021-04-27 21:40:49,184 INFO    :     在第2个unit的1个位置添加一个block，block参数：cardinality:8，group_width:64，hasSENet:False
2021-04-27 21:41:08,470 INFO    : 个体off_spring_4012的适应度NTK为：5.435
2021-04-27 21:41:23,095 INFO    : 个体off_spring_4019的适应度NTK为：6.333
2021-04-27 21:41:43,551 INFO    : 个体off_spring_4029的适应度NTK为：8.497
2021-04-27 21:41:43,553 INFO    : ******************************当前种群位于第41代进化******************************
2021-04-27 21:41:45,310 INFO    : 个体off_spring_4102开始变异
2021-04-27 21:41:45,310 INFO    : 进行add变异:
2021-04-27 21:41:45,310 INFO    :     在第4个unit的1个位置添加一个block，block参数：cardinality:64，group_width:4，hasSENet:True
2021-04-27 21:41:45,311 INFO    : 个体off_spring_4107开始变异
2021-04-27 21:41:45,311 INFO    : 进行alter变异:
2021-04-27 21:41:45,311 INFO    :     修改第4个unit的1个位置上的block，block参数：cardinality:2，group_width:64，hasSENet:True
2021-04-27 21:41:45,311 INFO    : 个体off_spring_4128开始变异
2021-04-27 21:41:45,311 INFO    : 进行alter变异:
2021-04-27 21:41:45,311 INFO    :     修改第2个unit的3个位置上的block，block参数：cardinality:64，group_width:2，hasSENet:False
2021-04-27 21:42:05,395 INFO    : 个体off_spring_4102的适应度NTK为：6.583
2021-04-27 21:42:23,497 INFO    : 个体off_spring_4107的适应度NTK为：5.155
2021-04-27 21:42:39,054 INFO    : 个体off_spring_4128的适应度NTK为：7.06
2021-04-27 21:42:39,056 INFO    : ******************************当前种群位于第42代进化******************************
2021-04-27 21:42:40,946 INFO    : 个体off_spring_4208开始变异
2021-04-27 21:42:40,946 INFO    : 进行add变异:
2021-04-27 21:42:40,947 INFO    :     在第4个unit的3个位置添加一个block，block参数：cardinality:32，group_width:32，hasSENet:True
2021-04-27 21:42:40,947 INFO    : 个体off_spring_4223开始变异
2021-04-27 21:42:40,947 INFO    : 进行alter变异:
2021-04-27 21:42:40,947 INFO    :     修改第5个unit的3个位置上的block，block参数：cardinality:4，group_width:32，hasSENet:True
2021-04-27 21:42:40,947 INFO    :     修改最后一个位置，修改out_channel:256
2021-04-27 21:42:40,947 INFO    : 个体off_spring_4226开始变异
2021-04-27 21:42:40,947 INFO    : 进行alter变异:
2021-04-27 21:42:40,947 INFO    :     修改第4个unit的2个位置上的block，block参数：cardinality:32，group_width:2，hasSENet:False
2021-04-27 21:43:03,534 INFO    : 个体off_spring_4208的适应度NTK为：7.316
2021-04-27 21:43:18,097 INFO    : 个体off_spring_4223的适应度NTK为：8.995
2021-04-27 21:43:36,656 INFO    : 个体off_spring_4226的适应度NTK为：4.234
2021-04-27 21:43:36,659 INFO    : ******************************当前种群位于第43代进化******************************
2021-04-27 21:43:38,425 INFO    : 个体off_spring_4313开始变异
2021-04-27 21:43:38,426 INFO    : 进行add变异:
2021-04-27 21:43:38,426 INFO    :     在第2个unit的2个位置添加一个block，block参数：cardinality:2，group_width:16，hasSENet:False
2021-04-27 21:43:38,426 INFO    : 个体off_spring_4314开始变异
2021-04-27 21:43:38,426 INFO    : 进行add变异:
2021-04-27 21:43:38,426 INFO    :     在第3个unit的4个位置添加一个block，block参数：cardinality:2，group_width:16，hasSENet:True
2021-04-27 21:43:38,426 INFO    :     添加到最后一个位置，修改out_channel:64
2021-04-27 21:43:38,426 INFO    :     修改下一个unit的in_channel:64
2021-04-27 21:43:38,426 INFO    : 个体off_spring_4322开始变异
2021-04-27 21:43:38,426 INFO    : 进行alter变异:
2021-04-27 21:43:38,426 INFO    :     修改第2个unit的4个位置上的block，block参数：cardinality:16，group_width:4，hasSENet:True
2021-04-27 21:43:38,426 INFO    :     修改最后一个位置，修改out_channel:128
2021-04-27 21:43:38,426 INFO    :     修改下一个unit的in_channel:128
2021-04-27 21:43:54,794 INFO    : 个体off_spring_4313的适应度NTK为：5.56
2021-04-27 21:44:09,996 INFO    : 个体off_spring_4314的适应度NTK为：7.043
2021-04-27 21:44:25,088 INFO    : 个体off_spring_4322的适应度NTK为：8.563
2021-04-27 21:44:25,090 INFO    : ******************************当前种群位于第44代进化******************************
2021-04-27 21:44:26,852 INFO    : 个体off_spring_4401开始变异
2021-04-27 21:44:26,852 INFO    : 进行remove变异:
2021-04-27 21:44:26,852 INFO    :     删除第2个unit的3个位置上的block，block参数：cardinality:8，group_width:16，hasSENet:False
2021-04-27 21:44:26,852 INFO    : 个体off_spring_4404开始变异
2021-04-27 21:44:26,852 INFO    : 进行remove变异:
2021-04-27 21:44:26,852 INFO    :     删除第3个unit的2个位置上的block，block参数：cardinality:8，group_width:8，hasSENet:True
2021-04-27 21:44:26,852 INFO    : 个体off_spring_4407开始变异
2021-04-27 21:44:26,852 INFO    : 进行add变异:
2021-04-27 21:44:26,852 INFO    :     在第2个unit的2个位置添加一个block，block参数：cardinality:16，group_width:16，hasSENet:False
2021-04-27 21:44:39,041 INFO    : 个体off_spring_4401的适应度NTK为：11.061
2021-04-27 21:44:53,569 INFO    : 个体off_spring_4404的适应度NTK为：5.379
2021-04-27 21:45:14,108 INFO    : 个体off_spring_4407的适应度NTK为：5.709
2021-04-27 21:45:14,110 INFO    : ******************************当前种群位于第45代进化******************************
2021-04-27 21:45:16,089 INFO    : 个体off_spring_4517开始变异
2021-04-27 21:45:16,089 INFO    : 进行alter变异:
2021-04-27 21:45:16,089 INFO    :     修改第2个unit的2个位置上的block，block参数：cardinality:16，group_width:32，hasSENet:True
2021-04-27 21:45:16,089 INFO    : 个体off_spring_4520开始变异
2021-04-27 21:45:16,089 INFO    : 进行alter变异:
2021-04-27 21:45:16,089 INFO    :     修改第3个unit的4个位置上的block，block参数：cardinality:2，group_width:32，hasSENet:False
2021-04-27 21:45:16,089 INFO    :     修改最后一个位置，修改out_channel:128
2021-04-27 21:45:16,089 INFO    : 个体off_spring_4524开始变异
2021-04-27 21:45:16,089 INFO    : 进行remove变异:
2021-04-27 21:45:16,089 INFO    :     删除第2个unit的3个位置上的block，block参数：cardinality:16，group_width:16，hasSENet:False
2021-04-27 21:45:37,103 INFO    : 个体off_spring_4517的适应度NTK为：6.245
2021-04-27 21:45:49,696 INFO    : 个体off_spring_4520的适应度NTK为：6.581
2021-04-27 21:46:04,015 INFO    : 个体off_spring_4524的适应度NTK为：5.301
2021-04-27 21:46:04,018 INFO    : ******************************当前种群位于第46代进化******************************
2021-04-27 21:46:05,788 INFO    : 个体off_spring_4605开始变异
2021-04-27 21:46:05,789 INFO    : 进行alter变异:
2021-04-27 21:46:05,791 INFO    :     修改第3个unit的3个位置上的block，block参数：cardinality:16，group_width:64，hasSENet:False
2021-04-27 21:46:05,791 INFO    : 个体off_spring_4611开始变异
2021-04-27 21:46:05,792 INFO    : 进行alter变异:
2021-04-27 21:46:05,792 INFO    :     修改第4个unit的3个位置上的block，block参数：cardinality:64，group_width:16，hasSENet:True
2021-04-27 21:46:05,792 INFO    : 个体off_spring_4620开始变异
2021-04-27 21:46:05,792 INFO    : 进行alter变异:
2021-04-27 21:46:05,793 INFO    :     修改第4个unit的2个位置上的block，block参数：cardinality:2，group_width:32，hasSENet:True
2021-04-27 21:46:19,245 INFO    : 个体off_spring_4605的适应度NTK为：6.707
2021-04-27 21:46:40,467 INFO    : 个体off_spring_4611的适应度NTK为：4.84
2021-04-27 21:47:00,541 INFO    : 个体off_spring_4620的适应度NTK为：7.267
2021-04-27 21:47:00,543 INFO    : ******************************当前种群位于第47代进化******************************
2021-04-27 21:47:02,294 INFO    : 个体off_spring_4706开始变异
2021-04-27 21:47:02,294 INFO    : 进行alter变异:
2021-04-27 21:47:02,294 INFO    :     修改第3个unit的2个位置上的block，block参数：cardinality:8，group_width:8，hasSENet:False
2021-04-27 21:47:02,294 INFO    : 个体off_spring_4708开始变异
2021-04-27 21:47:02,294 INFO    : 进行alter变异:
2021-04-27 21:47:02,294 INFO    :     修改第4个unit的1个位置上的block，block参数：cardinality:64，group_width:4，hasSENet:True
2021-04-27 21:47:02,294 INFO    : 个体off_spring_4713开始变异
2021-04-27 21:47:02,294 INFO    : 进行add变异:
2021-04-27 21:47:02,294 INFO    :     在第3个unit的2个位置添加一个block，block参数：cardinality:32，group_width:4，hasSENet:True
2021-04-27 21:47:14,937 INFO    : 个体off_spring_4706的适应度NTK为：8.714
2021-04-27 21:47:34,590 INFO    : 个体off_spring_4708的适应度NTK为：7.801
2021-04-27 21:47:50,121 INFO    : 个体off_spring_4713的适应度NTK为：6.228
2021-04-27 21:47:50,123 INFO    : ******************************当前种群位于第48代进化******************************
2021-04-27 21:47:51,896 INFO    : 个体off_spring_4803开始变异
2021-04-27 21:47:51,896 INFO    : 进行add变异:
2021-04-27 21:47:51,896 INFO    :     在第4个unit的3个位置添加一个block，block参数：cardinality:16，group_width:4，hasSENet:True
2021-04-27 21:47:51,896 INFO    : 个体off_spring_4814开始变异
2021-04-27 21:47:51,896 INFO    : 进行alter变异:
2021-04-27 21:47:51,897 INFO    :     修改第3个unit的2个位置上的block，block参数：cardinality:16，group_width:16，hasSENet:True
2021-04-27 21:47:51,897 INFO    : 个体off_spring_4815开始变异
2021-04-27 21:47:51,897 INFO    : 进行alter变异:
2021-04-27 21:47:51,897 INFO    :     修改第3个unit的4个位置上的block，block参数：cardinality:4，group_width:16，hasSENet:True
2021-04-27 21:47:51,897 INFO    :     修改最后一个位置，修改out_channel:128
2021-04-27 21:47:51,897 INFO    :     修改下一个unit的in_channel:128
2021-04-27 21:48:11,674 INFO    : 个体off_spring_4803的适应度NTK为：7.227
2021-04-27 21:48:25,128 INFO    : 个体off_spring_4814的适应度NTK为：6.16
2021-04-27 21:48:43,682 INFO    : 个体off_spring_4815的适应度NTK为：4.5
2021-04-27 21:48:43,685 INFO    : ******************************当前种群位于第49代进化******************************
2021-04-27 21:48:45,442 INFO    : 个体off_spring_4901开始变异
2021-04-27 21:48:45,443 INFO    : 进行remove变异:
2021-04-27 21:48:45,445 INFO    :     删除第3个unit的3个位置上的block，block参数：cardinality:16，group_width:8，hasSENet:False
2021-04-27 21:48:45,445 INFO    : 个体off_spring_4909开始变异
2021-04-27 21:48:45,446 INFO    : 进行remove变异:
2021-04-27 21:48:45,446 INFO    :     删除第3个unit的3个位置上的block，block参数：cardinality:4，group_width:8，hasSENet:True
2021-04-27 21:48:45,446 INFO    : 个体off_spring_4914开始变异
2021-04-27 21:48:45,446 INFO    : 进行alter变异:
2021-04-27 21:48:45,446 INFO    :     修改第4个unit的4个位置上的block，block参数：cardinality:32，group_width:8，hasSENet:True
2021-04-27 21:48:45,446 INFO    :     修改最后一个位置，修改out_channel:512
2021-04-27 21:48:57,019 INFO    : 个体off_spring_4901的适应度NTK为：8.186
2021-04-27 21:49:15,803 INFO    : 个体off_spring_4909的适应度NTK为：4.288
2021-04-27 21:49:30,643 INFO    : 个体off_spring_4914的适应度NTK为：6.39
2021-04-27 21:49:30,646 INFO    : ******************************当前种群位于第50代进化******************************
2021-04-27 21:49:32,470 INFO    : 个体off_spring_5005开始变异
2021-04-27 21:49:32,470 INFO    : 进行add变异:
2021-04-27 21:49:32,474 INFO    :     在第4个unit的3个位置添加一个block，block参数：cardinality:2，group_width:64，hasSENet:True
2021-04-27 21:49:32,475 INFO    : 个体off_spring_5013开始变异
2021-04-27 21:49:32,475 INFO    : 进行remove变异:
2021-04-27 21:49:32,475 INFO    :     删除第5个unit的2个位置上的block，block参数：cardinality:4，group_width:16，hasSENet:True
2021-04-27 21:49:32,475 INFO    : 个体off_spring_5016开始变异
2021-04-27 21:49:32,475 INFO    : 进行remove变异:
2021-04-27 21:49:32,475 INFO    :     删除第2个unit的1个位置上的block，block参数：cardinality:8，group_width:16，hasSENet:False
2021-04-27 21:49:52,067 INFO    : 个体off_spring_5005的适应度NTK为：5.802
2021-04-27 21:50:09,895 INFO    : 个体off_spring_5013的适应度NTK为：5.149
2021-04-27 21:50:22,512 INFO    : 个体off_spring_5016的适应度NTK为：5.584
2021-04-27 21:50:22,514 INFO    : --------------------------------------------------[种群进化结束]--------------------------------------------------

2021-04-27 21:50:22,514 INFO    : 最后一代个体：
2021-04-27 21:50:22,514 INFO    : [id:5001,unit_amount:3,conv_length:25,senet_amount:3,spantime:12,ntk:3.409,acc:-1.0,params:635438.0,FLOPs:118228708.0]
2021-04-27 21:50:22,514 INFO    : [id:5002,unit_amount:4,conv_length:37,senet_amount:5,spantime:8,ntk:4.234,acc:-1.0,params:3499186.0,FLOPs:882801576.0]
2021-04-27 21:50:22,514 INFO    : [id:5003,unit_amount:4,conv_length:31,senet_amount:5,spantime:1,ntk:4.288,acc:-1.0,params:4859774.0,FLOPs:1210645108.0]
2021-04-27 21:50:22,515 INFO    : [id:5004,unit_amount:4,conv_length:37,senet_amount:6,spantime:2,ntk:4.5,acc:-1.0,params:3613806.0,FLOPs:896714084.0]
2021-04-27 21:50:22,515 INFO    : [id:5005,unit_amount:4,conv_length:34,senet_amount:6,spantime:18,ntk:4.741,acc:-1.0,params:4256834.0,FLOPs:1078066360.0]
2021-04-27 21:50:22,515 INFO    : [id:5006,unit_amount:4,conv_length:37,senet_amount:6,spantime:4,ntk:4.84,acc:-1.0,params:8184762.0,FLOPs:1281752240.0]
2021-04-27 21:50:22,515 INFO    : [id:5007,unit_amount:4,conv_length:37,senet_amount:4,spantime:36,ntk:4.949,acc:-1.0,params:1655270.0,FLOPs:191991388.0]
2021-04-27 21:50:22,515 INFO    : [id:5008,unit_amount:3,conv_length:25,senet_amount:3,spantime:37,ntk:4.979,acc:-1.0,params:636590.0,FLOPs:118302436.0]
2021-04-27 21:50:22,515 INFO    : [id:5042,unit_amount:5,conv_length:40,senet_amount:7,spantime:0,ntk:5.149,acc:-1.0,params:919222.0,FLOPs:357049644.0]
2021-04-27 21:50:22,515 INFO    : [id:5009,unit_amount:5,conv_length:43,senet_amount:9,spantime:9,ntk:5.155,acc:-1.0,params:1171598.0,FLOPs:377286340.0]
2021-04-27 21:50:22,515 INFO    : [id:5010,unit_amount:4,conv_length:34,senet_amount:6,spantime:17,ntk:5.193,acc:-1.0,params:4299842.0,FLOPs:1067154616.0]
2021-04-27 21:50:22,515 INFO    : [id:5011,unit_amount:4,conv_length:34,senet_amount:6,spantime:36,ntk:5.205,acc:-1.0,params:1172122.0,FLOPs:182863824.0]
2021-04-27 21:50:22,515 INFO    : [id:5012,unit_amount:4,conv_length:34,senet_amount:6,spantime:5,ntk:5.301,acc:-1.0,params:1167002.0,FLOPs:102516688.0]
2021-04-27 21:50:22,515 INFO    : [id:5013,unit_amount:5,conv_length:43,senet_amount:8,spantime:15,ntk:5.311,acc:-1.0,params:947518.0,FLOPs:358722996.0]
2021-04-27 21:50:22,515 INFO    : [id:5014,unit_amount:4,conv_length:37,senet_amount:6,spantime:25,ntk:5.345,acc:-1.0,params:4294594.0,FLOPs:1065811128.0]
2021-04-27 21:50:22,515 INFO    : [id:5015,unit_amount:4,conv_length:34,senet_amount:3,spantime:6,ntk:5.379,acc:-1.0,params:1631582.0,FLOPs:190612948.0]
2021-04-27 21:50:22,515 INFO    : [id:5016,unit_amount:3,conv_length:25,senet_amount:4,spantime:15,ntk:5.43,acc:-1.0,params:566898.0,FLOPs:101640488.0]
2021-04-27 21:50:22,515 INFO    : [id:5017,unit_amount:4,conv_length:37,senet_amount:6,spantime:10,ntk:5.435,acc:-1.0,params:3670006.0,FLOPs:907927020.0]
2021-04-27 21:50:22,515 INFO    : [id:5018,unit_amount:4,conv_length:37,senet_amount:10,spantime:7,ntk:5.56,acc:-1.0,params:360466.0,FLOPs:114963912.0]
2021-04-27 21:50:22,515 INFO    : [id:5019,unit_amount:4,conv_length:34,senet_amount:10,spantime:19,ntk:5.563,acc:-1.0,params:351506.0,FLOPs:105788872.0]
2021-04-27 21:50:22,515 INFO    : [id:5043,unit_amount:3,conv_length:22,senet_amount:4,spantime:0,ntk:5.584,acc:-1.0,params:481906.0,FLOPs:79882536.0]
2021-04-27 21:50:22,515 INFO    : [id:5020,unit_amount:4,conv_length:34,senet_amount:5,spantime:28,ntk:5.666,acc:-1.0,params:504754.0,FLOPs:97770408.0]
2021-04-27 21:50:22,515 INFO    : [id:5021,unit_amount:4,conv_length:37,senet_amount:6,spantime:24,ntk:5.69,acc:-1.0,params:4371010.0,FLOPs:1085373624.0]
2021-04-27 21:50:22,515 INFO    : [id:5022,unit_amount:4,conv_length:37,senet_amount:6,spantime:6,ntk:5.709,acc:-1.0,params:4831810.0,FLOPs:1203338424.0]
2021-04-27 21:50:22,515 INFO    : [id:5023,unit_amount:5,conv_length:46,senet_amount:8,spantime:39,ntk:5.712,acc:-1.0,params:1098558.0,FLOPs:373145012.0]
2021-04-27 21:50:22,516 INFO    : [id:5024,unit_amount:3,conv_length:25,senet_amount:3,spantime:26,ntk:5.727,acc:-1.0,params:629678.0,FLOPs:117860068.0]
2021-04-27 21:50:22,516 INFO    : [id:5025,unit_amount:4,conv_length:31,senet_amount:9,spantime:30,ntk:5.732,acc:-1.0,params:322826.0,FLOPs:104131264.0]
2021-04-27 21:50:22,516 INFO    : [id:5026,unit_amount:4,conv_length:31,senet_amount:9,spantime:13,ntk:5.744,acc:-1.0,params:322826.0,FLOPs:104131264.0]
2021-04-27 21:50:22,516 INFO    : [id:5041,unit_amount:4,conv_length:37,senet_amount:7,spantime:0,ntk:5.802,acc:-1.0,params:4463698.0,FLOPs:1090772424.0]
2021-04-27 21:50:22,516 INFO    : [id:5027,unit_amount:4,conv_length:37,senet_amount:10,spantime:29,ntk:6.028,acc:-1.0,params:484114.0,FLOPs:241579464.0]
2021-04-27 21:50:22,516 INFO    : [id:5028,unit_amount:4,conv_length:37,senet_amount:6,spantime:37,ntk:6.028,acc:-1.0,params:1583770.0,FLOPs:209209296.0]
2021-04-27 21:50:22,516 INFO    : [id:5029,unit_amount:4,conv_length:37,senet_amount:4,spantime:27,ntk:6.132,acc:-1.0,params:1662182.0,FLOPs:193760860.0]
2021-04-27 21:50:22,516 INFO    : [id:5030,unit_amount:3,conv_length:25,senet_amount:4,spantime:2,ntk:6.16,acc:-1.0,params:1111118.0,FLOPs:134408452.0]
2021-04-27 21:50:22,516 INFO    : [id:5031,unit_amount:4,conv_length:37,senet_amount:4,spantime:3,ntk:6.228,acc:-1.0,params:1769326.0,FLOPs:198895332.0]
2021-04-27 21:50:22,516 INFO    : [id:5032,unit_amount:4,conv_length:37,senet_amount:7,spantime:5,ntk:6.245,acc:-1.0,params:5859458.0,FLOPs:1432715512.0]
2021-04-27 21:50:22,516 INFO    : [id:5033,unit_amount:5,conv_length:46,senet_amount:8,spantime:23,ntk:6.274,acc:-1.0,params:1100862.0,FLOPs:381894068.0]
2021-04-27 21:50:22,516 INFO    : [id:5034,unit_amount:5,conv_length:37,senet_amount:5,spantime:33,ntk:6.322,acc:-1.0,params:506370.0,FLOPs:42945080.0]
2021-04-27 21:50:22,516 INFO    : [id:5035,unit_amount:4,conv_length:37,senet_amount:4,spantime:10,ntk:6.333,acc:-1.0,params:1754918.0,FLOPs:199575004.0]
2021-04-27 21:50:22,516 INFO    : [id:5036,unit_amount:4,conv_length:34,senet_amount:4,spantime:1,ntk:6.39,acc:-1.0,params:1866174.0,FLOPs:203245940.0]
2021-04-27 21:50:22,516 INFO    : [id:5037,unit_amount:4,conv_length:34,senet_amount:4,spantime:21,ntk:6.399,acc:-1.0,params:916798.0,FLOPs:217577460.0]
2021-04-27 21:50:22,519 INFO    : --------------------------------------------------[训练前10个体]--------------------------------------------------

2021-04-27 21:50:23,536 INFO    : 个体5001开始训练
2021-04-27 23:14:47,764 INFO    : Early Stopping with best_acc:94.12 and val_acc for this epoch:259
2021-04-27 23:14:47,765 INFO    : 个体5001的适应度为acc：94.120%
2021-04-27 23:14:47,769 INFO    : [id:5001,unit_amount:3,conv_length:25,senet_amount:3,spantime:12,ntk:3.409,acc:94.12,params:635438.0,FLOPs:118228708.0]
2021-04-27 23:14:48,852 INFO    : 个体5002开始训练
2021-04-28 02:56:09,383 INFO    : Early Stopping with best_acc:94.34 and val_acc for this epoch:255
2021-04-28 02:56:09,384 INFO    : 个体5002的适应度为acc：94.340%
2021-04-28 02:56:09,390 INFO    : [id:5002,unit_amount:4,conv_length:37,senet_amount:5,spantime:8,ntk:4.234,acc:94.34,params:3499186.0,FLOPs:882801576.0]
2021-04-28 02:56:10,517 INFO    : 个体5003开始训练
2021-04-28 07:13:57,541 INFO    : Early Stopping with best_acc:94.88 and val_acc for this epoch:255
2021-04-28 07:13:57,541 INFO    : 个体5003的适应度为acc：94.880%
2021-04-28 07:13:57,547 INFO    : [id:5003,unit_amount:4,conv_length:31,senet_amount:5,spantime:1,ntk:4.288,acc:94.88,params:4859774.0,FLOPs:1210645108.0]
2021-04-28 07:13:58,594 INFO    : 个体5004开始训练
2021-04-28 10:58:33,423 INFO    : Early Stopping with best_acc:94.47 and val_acc for this epoch:255
2021-04-28 10:58:33,423 INFO    : 个体5004的适应度为acc：94.470%
2021-04-28 10:58:33,426 INFO    : [id:5004,unit_amount:4,conv_length:37,senet_amount:6,spantime:2,ntk:4.5,acc:94.47,params:3613806.0,FLOPs:896714084.0]
2021-04-28 10:58:34,474 INFO    : 个体5005开始训练
2021-04-28 15:06:12,736 INFO    : Early Stopping with best_acc:94.54 and val_acc for this epoch:255
2021-04-28 15:06:12,737 INFO    : 个体5005的适应度为acc：94.540%
2021-04-28 15:06:12,742 INFO    : [id:5005,unit_amount:4,conv_length:34,senet_amount:6,spantime:18,ntk:4.741,acc:94.54,params:4256834.0,FLOPs:1078066360.0]
2021-04-28 15:06:13,945 INFO    : 个体5006开始训练
2021-04-28 19:51:04,817 INFO    : Early Stopping with best_acc:94.97 and val_acc for this epoch:255
2021-04-28 19:51:04,818 INFO    : 个体5006的适应度为acc：94.970%
2021-04-28 19:51:04,824 INFO    : [id:5006,unit_amount:4,conv_length:37,senet_amount:6,spantime:4,ntk:4.84,acc:94.97,params:8184762.0,FLOPs:1281752240.0]
2021-04-28 19:51:05,815 INFO    : 个体5007开始训练
2021-04-28 21:23:10,368 INFO    : Early Stopping with best_acc:94.45 and val_acc for this epoch:255
2021-04-28 21:23:10,369 INFO    : 个体5007的适应度为acc：94.450%
2021-04-28 21:23:10,374 INFO    : [id:5007,unit_amount:4,conv_length:37,senet_amount:4,spantime:36,ntk:4.949,acc:94.45,params:1655270.0,FLOPs:191991388.0]
2021-04-28 21:23:11,406 INFO    : 个体5008开始训练
2021-04-28 22:50:58,547 INFO    : Early Stopping with best_acc:93.93 and val_acc for this epoch:271
2021-04-28 22:50:58,548 INFO    : 个体5008的适应度为acc：93.930%
2021-04-28 22:50:58,552 INFO    : [id:5008,unit_amount:3,conv_length:25,senet_amount:3,spantime:37,ntk:4.979,acc:93.93,params:636590.0,FLOPs:118302436.0]
2021-04-28 22:50:59,611 INFO    : 个体5042开始训练
2021-04-29 03:58:24,374 INFO    : Early Stopping with best_acc:94.21 and val_acc for this epoch:271
2021-04-29 03:58:24,374 INFO    : 个体5042的适应度为acc：94.210%
2021-04-29 03:58:24,380 INFO    : [id:5042,unit_amount:5,conv_length:40,senet_amount:7,spantime:0,ntk:5.149,acc:94.21,params:919222.0,FLOPs:357049644.0]
2021-04-29 03:58:25,699 INFO    : 个体5009开始训练
2021-04-29 10:07:54,862 INFO    : Early Stopping with best_acc:94.75 and val_acc for this epoch:255
2021-04-29 10:07:54,862 INFO    : 个体5009的适应度为acc：94.750%
2021-04-29 10:07:54,868 INFO    : [id:5009,unit_amount:5,conv_length:43,senet_amount:9,spantime:9,ntk:5.155,acc:94.75,params:1171598.0,FLOPs:377286340.0]
2021-04-29 10:07:54,869 INFO    : --------------------------------------------------[个体训练结束]--------------------------------------------------
